#
# There is insufficient memory for the Java Runtime Environment to continue.
# Native memory allocation (malloc) failed to allocate 1096496 bytes. Error detail: Chunk::new
# Possible reasons:
#   The system is out of physical RAM or swap space
#   This process is running with CompressedOops enabled, and the Java Heap may be blocking the growth of the native heap
# Possible solutions:
#   Reduce memory load on the system
#   Increase physical memory or swap space
#   Check if swap backing store is full
#   Decrease Java heap size (-Xmx/-Xms)
#   Decrease number of Java threads
#   Decrease Java thread stack sizes (-Xss)
#   Set larger code cache with -XX:ReservedCodeCacheSize=
#   JVM is running with Unscaled Compressed Oops mode in which the Java heap is
#     placed in the first 4GB address space. The Java Heap base address is the
#     maximum limit for the native heap growth. Please use -XX:HeapBaseMinAddress
#     to set the Java Heap base and to place the Java Heap above 4GB virtual address.
# This output file may be truncated or incomplete.
#
#  Out of Memory Error (arena.cpp:168), pid=29676, tid=17464
#
# JRE version: OpenJDK Runtime Environment Temurin-21.0.10+7 (21.0.10+7) (build 21.0.10+7-LTS)
# Java VM: OpenJDK 64-Bit Server VM Temurin-21.0.10+7 (21.0.10+7-LTS, mixed mode, sharing, tiered, compressed oops, compressed class ptrs, g1 gc, windows-amd64)
# No core dump will be written. Minidumps are not enabled by default on client versions of Windows
#

---------------  S U M M A R Y ------------

Command Line: -XX:MaxMetaspaceSize=512m --add-opens=java.base/java.util=ALL-UNNAMED --add-opens=java.base/java.lang=ALL-UNNAMED --add-opens=java.base/java.lang.invoke=ALL-UNNAMED --add-opens=java.prefs/java.util.prefs=ALL-UNNAMED --add-opens=java.base/java.nio.charset=ALL-UNNAMED --add-opens=java.base/java.net=ALL-UNNAMED --add-opens=java.base/java.util.concurrent.atomic=ALL-UNNAMED -Xmx2048m -Dfile.encoding=utf8 -Duser.country=IN -Duser.language=en -Duser.variant -javaagent:C:\Users\sande\.gradle\wrapper\dists\gradle-8.3-all\6en3ugtfdg5xnpx44z4qbwgas\gradle-8.3\lib\agents\gradle-instrumentation-agent-8.3.jar org.gradle.launcher.daemon.bootstrap.GradleDaemon 8.3

Host: Intel(R) Core(TM) i5-10500H CPU @ 2.50GHz, 12 cores, 7G,  Windows 11 , 64 bit Build 26100 (10.0.26100.7920)
Time: Mon Mar 30 21:03:30 2026 India Standard Time elapsed time: 25.341927 seconds (0d 0h 0m 25s)

---------------  T H R E A D  ---------------

Current thread (0x00000225e4c9ae70):  JavaThread "C2 CompilerThread0" daemon [_thread_in_native, id=17464, stack(0x0000005863600000,0x0000005863700000) (1024K)]


Current CompileTask:
C2:25341 7410   !   4       org.gradle.internal.service.DefaultServiceRegistry$ManagedObjectServiceProvider::getInstance (47 bytes)

Stack: [0x0000005863600000,0x0000005863700000]
Native frames: (J=compiled Java code, j=interpreted, Vv=VM code, C=native code)
V  [jvm.dll+0x6d7a39]
V  [jvm.dll+0x8b4b26]
V  [jvm.dll+0x8b70de]
V  [jvm.dll+0x8b77c3]
V  [jvm.dll+0x284346]
V  [jvm.dll+0xc66ed]
V  [jvm.dll+0xc6c31]
V  [jvm.dll+0x3bec3b]
V  [jvm.dll+0x38b162]
V  [jvm.dll+0x38a5aa]
V  [jvm.dll+0x24c560]
V  [jvm.dll+0x24bb40]
V  [jvm.dll+0x1cb34e]
V  [jvm.dll+0x25b85d]
V  [jvm.dll+0x259dea]
V  [jvm.dll+0x3f857e]
V  [jvm.dll+0x85f59d]
V  [jvm.dll+0x6d626d]
C  [ucrtbase.dll+0x37b0]
C  [KERNEL32.DLL+0x2e8d7]
C  [ntdll.dll+0x8c48c]


---------------  P R O C E S S  ---------------

Threads class SMR info:
_java_thread_list=0x00000225a0fff5a0, length=63, elements={
0x00000225cacfa900, 0x00000225e4c769b0, 0x00000225e4c7a090, 0x00000225e4c83060,
0x00000225e4c83ac0, 0x00000225e4c8c940, 0x00000225e4c96fd0, 0x00000225e4c9ae70,
0x00000225e4c9f540, 0x000002259f29c2e0, 0x000002259f201560, 0x00000225a096dda0,
0x00000225a08b6eb0, 0x00000225a1001370, 0x00000225a0b6abd0, 0x000002259fb3ea70,
0x00000225a0d7aad0, 0x00000225a0d7a440, 0x00000225a0d7b7f0, 0x00000225a0d7d230,
0x00000225a0d7be80, 0x00000225a0d7b160, 0x00000225a0d7cba0, 0x00000225a0d79db0,
0x00000225a0cee5f0, 0x00000225a0ced8d0, 0x00000225a0ced240, 0x00000225a0cedf60,
0x00000225a0cecbb0, 0x00000225a0cef9a0, 0x00000225a0cef310, 0x00000225a0cf0030,
0x00000225a0cf0d50, 0x00000225a0cf1a70, 0x00000225a0ceec80, 0x00000225a0cf3b40,
0x00000225a3d8f010, 0x00000225a0cf2790, 0x00000225a0cf41d0, 0x00000225a00a20d0,
0x00000225a00a2df0, 0x00000225a00a4ec0, 0x00000225a00a3480, 0x00000225a00a2760,
0x00000225a00a6270, 0x00000225a00a3b10, 0x00000225a00a5550, 0x00000225a00a5be0,
0x00000225a00a6900, 0x00000225a00a7620, 0x00000225a00a7cb0, 0x00000225a00a8340,
0x00000225a00a96f0, 0x00000225a00a89d0, 0x00000225a00a9060, 0x00000225a1951440,
0x00000225a1953510, 0x00000225a1950090, 0x00000225a1952160, 0x00000225a19527f0,
0x00000225a1952e80, 0x00000225a1950db0, 0x00000225a19555e0
}

Java Threads: ( => current thread )
  0x00000225cacfa900 JavaThread "main"                              [_thread_blocked, id=16924, stack(0x0000005862800000,0x0000005862900000) (1024K)]
  0x00000225e4c769b0 JavaThread "Reference Handler"          daemon [_thread_blocked, id=20908, stack(0x0000005863000000,0x0000005863100000) (1024K)]
  0x00000225e4c7a090 JavaThread "Finalizer"                  daemon [_thread_blocked, id=30484, stack(0x0000005863100000,0x0000005863200000) (1024K)]
  0x00000225e4c83060 JavaThread "Signal Dispatcher"          daemon [_thread_blocked, id=15612, stack(0x0000005863200000,0x0000005863300000) (1024K)]
  0x00000225e4c83ac0 JavaThread "Attach Listener"            daemon [_thread_blocked, id=19716, stack(0x0000005863300000,0x0000005863400000) (1024K)]
  0x00000225e4c8c940 JavaThread "Service Thread"             daemon [_thread_blocked, id=1612, stack(0x0000005863400000,0x0000005863500000) (1024K)]
  0x00000225e4c96fd0 JavaThread "Monitor Deflation Thread"   daemon [_thread_blocked, id=29988, stack(0x0000005863500000,0x0000005863600000) (1024K)]
=>0x00000225e4c9ae70 JavaThread "C2 CompilerThread0"         daemon [_thread_in_native, id=17464, stack(0x0000005863600000,0x0000005863700000) (1024K)]
  0x00000225e4c9f540 JavaThread "C1 CompilerThread0"         daemon [_thread_blocked, id=13812, stack(0x0000005863700000,0x0000005863800000) (1024K)]
  0x000002259f29c2e0 JavaThread "Common-Cleaner"             daemon [_thread_blocked, id=16608, stack(0x0000005863800000,0x0000005863900000) (1024K)]
  0x000002259f201560 JavaThread "Notification Thread"        daemon [_thread_blocked, id=29848, stack(0x0000005863900000,0x0000005863a00000) (1024K)]
  0x00000225a096dda0 JavaThread "Daemon health stats"               [_thread_blocked, id=2220, stack(0x0000005863f00000,0x0000005864000000) (1024K)]
  0x00000225a08b6eb0 JavaThread "Incoming local TCP Connector on port 63540"        [_thread_in_native, id=27892, stack(0x0000005864000000,0x0000005864100000) (1024K)]
  0x00000225a1001370 JavaThread "Daemon periodic checks"            [_thread_blocked, id=7148, stack(0x0000005864100000,0x0000005864200000) (1024K)]
  0x00000225a0b6abd0 JavaThread "Daemon"                            [_thread_blocked, id=12120, stack(0x0000005864200000,0x0000005864300000) (1024K)]
  0x000002259fb3ea70 JavaThread "Handler for socket connection from /127.0.0.1:63540 to /127.0.0.1:63541"        [_thread_in_native, id=7980, stack(0x0000005864300000,0x0000005864400000) (1024K)]
  0x00000225a0d7aad0 JavaThread "Cancel handler"                    [_thread_blocked, id=28468, stack(0x0000005864400000,0x0000005864500000) (1024K)]
  0x00000225a0d7a440 JavaThread "Daemon worker"                     [_thread_in_native, id=15692, stack(0x0000005864500000,0x0000005864600000) (1024K)]
  0x00000225a0d7b7f0 JavaThread "Asynchronous log dispatcher for DefaultDaemonConnection: socket connection from /127.0.0.1:63540 to /127.0.0.1:63541"        [_thread_blocked, id=27948, stack(0x0000005864600000,0x0000005864700000) (1024K)]
  0x00000225a0d7d230 JavaThread "Stdin handler"                     [_thread_blocked, id=2892, stack(0x0000005864700000,0x0000005864800000) (1024K)]
  0x00000225a0d7be80 JavaThread "Daemon client event forwarder"        [_thread_blocked, id=11424, stack(0x0000005864800000,0x0000005864900000) (1024K)]
  0x00000225a0d7b160 JavaThread "Cache worker for journal cache (C:\Users\sande\.gradle\caches\journal-1)"        [_thread_blocked, id=29280, stack(0x0000005864900000,0x0000005864a00000) (1024K)]
  0x00000225a0d7cba0 JavaThread "File lock request listener"        [_thread_in_native, id=16700, stack(0x0000005864a00000,0x0000005864b00000) (1024K)]
  0x00000225a0d79db0 JavaThread "Cache worker for file hash cache (C:\Users\sande\.gradle\caches\8.3\fileHashes)"        [_thread_blocked, id=21520, stack(0x0000005864b00000,0x0000005864c00000) (1024K)]
  0x00000225a0cee5f0 JavaThread "File watcher server"        daemon [_thread_in_native, id=19708, stack(0x0000005865100000,0x0000005865200000) (1024K)]
  0x00000225a0ced8d0 JavaThread "File watcher consumer"      daemon [_thread_blocked, id=28132, stack(0x0000005865200000,0x0000005865300000) (1024K)]
  0x00000225a0ced240 JavaThread "Cache worker for checksums cache (C:\Users\sande\Desktop\Captain App\zipto_rider\android\.gradle\8.3\checksums)"        [_thread_blocked, id=30284, stack(0x0000005865500000,0x0000005865600000) (1024K)]
  0x00000225a0cedf60 JavaThread "Cache worker for file hash cache (C:\Users\sande\Desktop\Captain App\zipto_rider\android\.gradle\8.3\fileHashes)"        [_thread_blocked, id=16092, stack(0x0000005865600000,0x0000005865700000) (1024K)]
  0x00000225a0cecbb0 JavaThread "Cache worker for cache directory md-supplier (C:\Users\sande\.gradle\caches\8.3\md-supplier)"        [_thread_blocked, id=7920, stack(0x0000005865700000,0x0000005865800000) (1024K)]
  0x00000225a0cef9a0 JavaThread "Cache worker for file content cache (C:\Users\sande\.gradle\caches\8.3\fileContent)"        [_thread_blocked, id=26384, stack(0x0000005865800000,0x0000005865900000) (1024K)]
  0x00000225a0cef310 JavaThread "Cache worker for cache directory md-rule (C:\Users\sande\.gradle\caches\8.3\md-rule)"        [_thread_blocked, id=21904, stack(0x0000005865900000,0x0000005865a00000) (1024K)]
  0x00000225a0cf0030 JavaThread "Cache worker for execution history cache (C:\Users\sande\.gradle\caches\8.3\executionHistory)"        [_thread_blocked, id=14116, stack(0x0000005865a00000,0x0000005865b00000) (1024K)]
  0x00000225a0cf0d50 JavaThread "jar transforms"                    [_thread_blocked, id=3332, stack(0x0000005865c00000,0x0000005865d00000) (1024K)]
  0x00000225a0cf1a70 JavaThread "jar transforms Thread 2"           [_thread_blocked, id=29644, stack(0x0000005865d00000,0x0000005865e00000) (1024K)]
  0x00000225a0ceec80 JavaThread "jar transforms Thread 3"           [_thread_blocked, id=6272, stack(0x0000005865e00000,0x0000005865f00000) (1024K)]
  0x00000225a0cf3b40 JavaThread "jar transforms Thread 4"           [_thread_blocked, id=28268, stack(0x0000005865f00000,0x0000005866000000) (1024K)]
  0x00000225a3d8f010 JavaThread "C2 CompilerThread1"         daemon [_thread_in_native, id=3152, stack(0x0000005863a00000,0x0000005863b00000) (1024K)]
  0x00000225a0cf2790 JavaThread "Cache worker for kotlin-dsl (C:\Users\sande\.gradle\caches\8.3\kotlin-dsl)"        [_thread_blocked, id=30672, stack(0x0000005865b00000,0x0000005865c00000) (1024K)]
  0x00000225a0cf41d0 JavaThread "jar transforms Thread 5"           [_thread_blocked, id=6924, stack(0x0000005866000000,0x0000005866100000) (1024K)]
  0x00000225a00a20d0 JavaThread "jar transforms Thread 6"           [_thread_blocked, id=19248, stack(0x0000005866100000,0x0000005866200000) (1024K)]
  0x00000225a00a2df0 JavaThread "Unconstrained build operations"        [_thread_blocked, id=3024, stack(0x0000005866200000,0x0000005866300000) (1024K)]
  0x00000225a00a4ec0 JavaThread "Unconstrained build operations Thread 2"        [_thread_blocked, id=30524, stack(0x0000005866300000,0x0000005866400000) (1024K)]
  0x00000225a00a3480 JavaThread "jar transforms Thread 7"           [_thread_blocked, id=13304, stack(0x0000005866400000,0x0000005866500000) (1024K)]
  0x00000225a00a2760 JavaThread "jar transforms Thread 8"           [_thread_blocked, id=27160, stack(0x0000005866500000,0x0000005866600000) (1024K)]
  0x00000225a00a6270 JavaThread "jar transforms Thread 9"           [_thread_blocked, id=27784, stack(0x0000005866600000,0x0000005866700000) (1024K)]
  0x00000225a00a3b10 JavaThread "jar transforms Thread 10"          [_thread_blocked, id=27896, stack(0x0000005866700000,0x0000005866800000) (1024K)]
  0x00000225a00a5550 JavaThread "jar transforms Thread 11"          [_thread_blocked, id=16656, stack(0x0000005866800000,0x0000005866900000) (1024K)]
  0x00000225a00a5be0 JavaThread "jar transforms Thread 12"          [_thread_blocked, id=25360, stack(0x0000005866900000,0x0000005866a00000) (1024K)]
  0x00000225a00a6900 JavaThread "Cache worker for dependencies-accessors (C:\Users\sande\Desktop\Captain App\zipto_rider\android\.gradle\8.3\dependencies-accessors)"        [_thread_blocked, id=2872, stack(0x0000005866a00000,0x0000005866b00000) (1024K)]
  0x00000225a00a7620 JavaThread "Cache worker for Build Output Cleanup Cache (C:\Users\sande\Desktop\Captain App\zipto_rider\node_modules\@react-native\gradle-plugin\.gradle\buildOutputCleanup)"        [_thread_blocked, id=24952, stack(0x0000005866b00000,0x0000005866c00000) (1024K)]
  0x00000225a00a7cb0 JavaThread "Unconstrained build operations Thread 3"        [_thread_blocked, id=17500, stack(0x0000005866c00000,0x0000005866d00000) (1024K)]
  0x00000225a00a8340 JavaThread "Unconstrained build operations Thread 4"        [_thread_blocked, id=30468, stack(0x0000005866d00000,0x0000005866e00000) (1024K)]
  0x00000225a00a96f0 JavaThread "Unconstrained build operations Thread 5"        [_thread_blocked, id=19308, stack(0x0000005866e00000,0x0000005866f00000) (1024K)]
  0x00000225a00a89d0 JavaThread "Unconstrained build operations Thread 6"        [_thread_blocked, id=9400, stack(0x0000005866f00000,0x0000005867000000) (1024K)]
  0x00000225a00a9060 JavaThread "Unconstrained build operations Thread 7"        [_thread_blocked, id=29672, stack(0x0000005867000000,0x0000005867100000) (1024K)]
  0x00000225a1951440 JavaThread "Unconstrained build operations Thread 8"        [_thread_blocked, id=28124, stack(0x0000005867100000,0x0000005867200000) (1024K)]
  0x00000225a1953510 JavaThread "Unconstrained build operations Thread 9"        [_thread_blocked, id=2620, stack(0x0000005867200000,0x0000005867300000) (1024K)]
  0x00000225a1950090 JavaThread "Unconstrained build operations Thread 10"        [_thread_blocked, id=19648, stack(0x0000005867300000,0x0000005867400000) (1024K)]
  0x00000225a1952160 JavaThread "Unconstrained build operations Thread 11"        [_thread_blocked, id=5260, stack(0x0000005867400000,0x0000005867500000) (1024K)]
  0x00000225a19527f0 JavaThread "Unconstrained build operations Thread 12"        [_thread_blocked, id=19620, stack(0x0000005867500000,0x0000005867600000) (1024K)]
  0x00000225a1952e80 JavaThread "Unconstrained build operations Thread 13"        [_thread_blocked, id=11360, stack(0x0000005867600000,0x0000005867700000) (1024K)]
  0x00000225a1950db0 JavaThread "Memory manager"                    [_thread_blocked, id=30472, stack(0x0000005867700000,0x0000005867800000) (1024K)]
  0x00000225a19555e0 JavaThread "Cache worker for Build Output Cleanup Cache (C:\Users\sande\Desktop\Captain App\zipto_rider\android\.gradle\buildOutputCleanup)"        [_thread_blocked, id=11892, stack(0x0000005867900000,0x0000005867a00000) (1024K)]
Total: 63

Other Threads:
  0x00000225e4c56140 VMThread "VM Thread"                           [id=9756, stack(0x0000005862f00000,0x0000005863000000) (1024K)]
  0x00000225e4c45fd0 WatcherThread "VM Periodic Task Thread"        [id=10628, stack(0x0000005862e00000,0x0000005862f00000) (1024K)]
  0x00000225cd119cf0 WorkerThread "GC Thread#0"                     [id=1912, stack(0x0000005862900000,0x0000005862a00000) (1024K)]
  0x000002259fd89f50 WorkerThread "GC Thread#1"                     [id=12168, stack(0x0000005863b00000,0x0000005863c00000) (1024K)]
  0x000002259fd8a300 WorkerThread "GC Thread#2"                     [id=22056, stack(0x0000005863c00000,0x0000005863d00000) (1024K)]
  0x000002259f8962b0 WorkerThread "GC Thread#3"                     [id=22780, stack(0x0000005863d00000,0x0000005863e00000) (1024K)]
  0x000002259fb55fe0 WorkerThread "GC Thread#4"                     [id=3168, stack(0x0000005863e00000,0x0000005863f00000) (1024K)]
  0x000002259fd03a70 WorkerThread "GC Thread#5"                     [id=6068, stack(0x0000005864c00000,0x0000005864d00000) (1024K)]
  0x000002259fd03310 WorkerThread "GC Thread#6"                     [id=27700, stack(0x0000005864d00000,0x0000005864e00000) (1024K)]
  0x000002259fd036c0 WorkerThread "GC Thread#7"                     [id=24628, stack(0x0000005864e00000,0x0000005864f00000) (1024K)]
  0x00000225a1ab43c0 WorkerThread "GC Thread#8"                     [id=2464, stack(0x0000005864f00000,0x0000005865000000) (1024K)]
  0x00000225a1ab3150 WorkerThread "GC Thread#9"                     [id=30016, stack(0x0000005865000000,0x0000005865100000) (1024K)]
  0x00000225cd12ca80 ConcurrentGCThread "G1 Main Marker"            [id=30508, stack(0x0000005862a00000,0x0000005862b00000) (1024K)]
  0x00000225cd12dc40 WorkerThread "G1 Conc#0"                       [id=13688, stack(0x0000005862b00000,0x0000005862c00000) (1024K)]
  0x00000225a1ab59e0 WorkerThread "G1 Conc#1"                       [id=24284, stack(0x0000005865300000,0x0000005865400000) (1024K)]
  0x00000225a1ab2da0 WorkerThread "G1 Conc#2"                       [id=18428, stack(0x0000005865400000,0x0000005865500000) (1024K)]
  0x00000225e4b165b0 ConcurrentGCThread "G1 Refine#0"               [id=5992, stack(0x0000005862c00000,0x0000005862d00000) (1024K)]
  0x00000225e4b18f50 ConcurrentGCThread "G1 Service"                [id=12604, stack(0x0000005862d00000,0x0000005862e00000) (1024K)]
Total: 18

Threads with active compile tasks:
C2 CompilerThread0  27394 7410   !   4       org.gradle.internal.service.DefaultServiceRegistry$ManagedObjectServiceProvider::getInstance (47 bytes)
C2 CompilerThread1  27394 7409       4       org.gradle.internal.service.DefaultServiceRegistry$SingletonService::get (5 bytes)
Total: 2

VM state: not at safepoint (normal execution)

VM Mutex/Monitor currently owned by a thread: None

Heap address: 0x0000000080000000, size: 2048 MB, Compressed Oops mode: 32-bit

CDS archive(s) mapped at: [0x0000022580000000-0x0000022580ba0000-0x0000022580ba0000), size 12189696, SharedBaseAddress: 0x0000022580000000, ArchiveRelocationMode: 1.
Compressed class space mapped at: 0x0000022581000000-0x000002259b000000, reserved size: 436207616
Narrow klass base: 0x0000022580000000, Narrow klass shift: 0, Narrow klass range: 0x100000000

GC Precious Log:
 CardTable entry size: 512
 Card Set container configuration: InlinePtr #cards 5 size 8 Array Of Cards #cards 12 size 40 Howl #buckets 4 coarsen threshold 1843 Howl Bitmap #cards 512 size 80 coarsen threshold 460 Card regions per heap region 1 cards per card region 2048
 CPUs: 12 total, 12 available
 Memory: 8059M
 Large Page Support: Disabled
 NUMA Support: Disabled
 Compressed Oops: Enabled (32-bit)
 Heap Region Size: 1M
 Heap Min Capacity: 8M
 Heap Initial Capacity: 126M
 Heap Max Capacity: 2G
 Pre-touch: Disabled
 Parallel Workers: 10
 Concurrent Workers: 3
 Concurrent Refinement Workers: 10
 Periodic GC: Disabled

Heap:
 garbage-first heap   total 111616K, used 71015K [0x0000000080000000, 0x0000000100000000)
  region size 1024K, 6 young (6144K), 3 survivors (3072K)
 Metaspace       used 64577K, committed 66560K, reserved 491520K
  class space    used 9403K, committed 10368K, reserved 425984K

Heap Regions: E=young(eden), S=young(survivor), O=old, HS=humongous(starts), HC=humongous(continues), CS=collection set, F=free, TAMS=top-at-mark-start, PB=parsable bottom
|   0|0x0000000080000000, 0x0000000080100000, 0x0000000080100000|100%|HS|  |TAMS 0x0000000080000000| PB 0x0000000080000000| Complete 
|   1|0x0000000080100000, 0x0000000080200000, 0x0000000080200000|100%|HC|  |TAMS 0x0000000080100000| PB 0x0000000080100000| Complete 
|   2|0x0000000080200000, 0x0000000080300000, 0x0000000080300000|100%|HC|  |TAMS 0x0000000080200000| PB 0x0000000080200000| Complete 
|   3|0x0000000080300000, 0x0000000080400000, 0x0000000080400000|100%|HC|  |TAMS 0x0000000080300000| PB 0x0000000080300000| Complete 
|   4|0x0000000080400000, 0x0000000080500000, 0x0000000080500000|100%| O|  |TAMS 0x0000000080400000| PB 0x0000000080400000| Untracked 
|   5|0x0000000080500000, 0x0000000080600000, 0x0000000080600000|100%| O|  |TAMS 0x0000000080500000| PB 0x0000000080500000| Untracked 
|   6|0x0000000080600000, 0x0000000080700000, 0x0000000080700000|100%| O|  |TAMS 0x0000000080600000| PB 0x0000000080600000| Untracked 
|   7|0x0000000080700000, 0x0000000080800000, 0x0000000080800000|100%| O|  |TAMS 0x0000000080700000| PB 0x0000000080700000| Untracked 
|   8|0x0000000080800000, 0x0000000080900000, 0x0000000080900000|100%| O|  |TAMS 0x0000000080800000| PB 0x0000000080800000| Untracked 
|   9|0x0000000080900000, 0x0000000080a00000, 0x0000000080a00000|100%| O|  |TAMS 0x0000000080900000| PB 0x0000000080900000| Untracked 
|  10|0x0000000080a00000, 0x0000000080b00000, 0x0000000080b00000|100%| O|  |TAMS 0x0000000080a00000| PB 0x0000000080a00000| Untracked 
|  11|0x0000000080b00000, 0x0000000080c00000, 0x0000000080c00000|100%| O|  |TAMS 0x0000000080b00000| PB 0x0000000080b00000| Untracked 
|  12|0x0000000080c00000, 0x0000000080d00000, 0x0000000080d00000|100%| O|  |TAMS 0x0000000080c00000| PB 0x0000000080c00000| Untracked 
|  13|0x0000000080d00000, 0x0000000080e00000, 0x0000000080e00000|100%| O|  |TAMS 0x0000000080d00000| PB 0x0000000080d00000| Untracked 
|  14|0x0000000080e00000, 0x0000000080f00000, 0x0000000080f00000|100%| O|  |TAMS 0x0000000080e00000| PB 0x0000000080e00000| Untracked 
|  15|0x0000000080f00000, 0x0000000081000000, 0x0000000081000000|100%| O|  |TAMS 0x0000000080f00000| PB 0x0000000080f00000| Untracked 
|  16|0x0000000081000000, 0x0000000081100000, 0x0000000081100000|100%| O|  |TAMS 0x0000000081000000| PB 0x0000000081000000| Untracked 
|  17|0x0000000081100000, 0x0000000081200000, 0x0000000081200000|100%| O|  |TAMS 0x0000000081100000| PB 0x0000000081100000| Untracked 
|  18|0x0000000081200000, 0x0000000081300000, 0x0000000081300000|100%| O|  |TAMS 0x0000000081200000| PB 0x0000000081200000| Untracked 
|  19|0x0000000081300000, 0x0000000081400000, 0x0000000081400000|100%| O|  |TAMS 0x0000000081300000| PB 0x0000000081300000| Untracked 
|  20|0x0000000081400000, 0x0000000081500000, 0x0000000081500000|100%| O|  |TAMS 0x0000000081400000| PB 0x0000000081400000| Untracked 
|  21|0x0000000081500000, 0x0000000081600000, 0x0000000081600000|100%| O|  |TAMS 0x0000000081500000| PB 0x0000000081500000| Untracked 
|  22|0x0000000081600000, 0x0000000081700000, 0x0000000081700000|100%| O|  |TAMS 0x0000000081600000| PB 0x0000000081600000| Untracked 
|  23|0x0000000081700000, 0x0000000081800000, 0x0000000081800000|100%|HS|  |TAMS 0x0000000081700000| PB 0x0000000081700000| Complete 
|  24|0x0000000081800000, 0x0000000081900000, 0x0000000081900000|100%|HC|  |TAMS 0x0000000081800000| PB 0x0000000081800000| Complete 
|  25|0x0000000081900000, 0x0000000081a00000, 0x0000000081a00000|100%| O|  |TAMS 0x0000000081900000| PB 0x0000000081900000| Untracked 
|  26|0x0000000081a00000, 0x0000000081b00000, 0x0000000081b00000|100%| O|  |TAMS 0x0000000081a00000| PB 0x0000000081a00000| Untracked 
|  27|0x0000000081b00000, 0x0000000081c00000, 0x0000000081c00000|100%| O|  |TAMS 0x0000000081b00000| PB 0x0000000081b00000| Untracked 
|  28|0x0000000081c00000, 0x0000000081d00000, 0x0000000081d00000|100%| O|  |TAMS 0x0000000081c00000| PB 0x0000000081c00000| Untracked 
|  29|0x0000000081d00000, 0x0000000081e00000, 0x0000000081e00000|100%| O|  |TAMS 0x0000000081d00000| PB 0x0000000081d00000| Untracked 
|  30|0x0000000081e00000, 0x0000000081f00000, 0x0000000081f00000|100%| O|  |TAMS 0x0000000081e00000| PB 0x0000000081e00000| Untracked 
|  31|0x0000000081f00000, 0x0000000082000000, 0x0000000082000000|100%| O|  |TAMS 0x0000000081f00000| PB 0x0000000081f00000| Untracked 
|  32|0x0000000082000000, 0x0000000082100000, 0x0000000082100000|100%| O|Cm|TAMS 0x0000000082000000| PB 0x0000000082000000| Complete 
|  33|0x0000000082100000, 0x0000000082200000, 0x0000000082200000|100%|HS|  |TAMS 0x0000000082100000| PB 0x0000000082100000| Complete 
|  34|0x0000000082200000, 0x0000000082300000, 0x0000000082300000|100%|HC|  |TAMS 0x0000000082200000| PB 0x0000000082200000| Complete 
|  35|0x0000000082300000, 0x0000000082400000, 0x0000000082400000|100%| O|  |TAMS 0x0000000082300000| PB 0x0000000082300000| Untracked 
|  36|0x0000000082400000, 0x0000000082500000, 0x0000000082500000|100%| O|  |TAMS 0x0000000082400000| PB 0x0000000082400000| Untracked 
|  37|0x0000000082500000, 0x0000000082600000, 0x0000000082600000|100%| O|  |TAMS 0x0000000082500000| PB 0x0000000082500000| Untracked 
|  38|0x0000000082600000, 0x0000000082700000, 0x0000000082700000|100%| O|  |TAMS 0x0000000082600000| PB 0x0000000082600000| Untracked 
|  39|0x0000000082700000, 0x0000000082800000, 0x0000000082800000|100%| O|  |TAMS 0x0000000082700000| PB 0x0000000082700000| Untracked 
|  40|0x0000000082800000, 0x0000000082900000, 0x0000000082900000|100%| O|  |TAMS 0x0000000082800000| PB 0x0000000082800000| Untracked 
|  41|0x0000000082900000, 0x0000000082a00000, 0x0000000082a00000|100%| O|  |TAMS 0x0000000082900000| PB 0x0000000082900000| Untracked 
|  42|0x0000000082a00000, 0x0000000082b00000, 0x0000000082b00000|100%| O|  |TAMS 0x0000000082a00000| PB 0x0000000082a00000| Untracked 
|  43|0x0000000082b00000, 0x0000000082c00000, 0x0000000082c00000|100%| O|  |TAMS 0x0000000082b00000| PB 0x0000000082b00000| Untracked 
|  44|0x0000000082c00000, 0x0000000082d00000, 0x0000000082d00000|100%| O|  |TAMS 0x0000000082c00000| PB 0x0000000082c00000| Untracked 
|  45|0x0000000082d00000, 0x0000000082e00000, 0x0000000082e00000|100%| O|  |TAMS 0x0000000082d00000| PB 0x0000000082d00000| Untracked 
|  46|0x0000000082e00000, 0x0000000082f00000, 0x0000000082f00000|100%| O|  |TAMS 0x0000000082e00000| PB 0x0000000082e00000| Untracked 
|  47|0x0000000082f00000, 0x0000000083000000, 0x0000000083000000|100%| O|  |TAMS 0x0000000082f00000| PB 0x0000000082f00000| Untracked 
|  48|0x0000000083000000, 0x0000000083100000, 0x0000000083100000|100%| O|  |TAMS 0x0000000083000000| PB 0x0000000083000000| Untracked 
|  49|0x0000000083100000, 0x0000000083200000, 0x0000000083200000|100%| O|  |TAMS 0x0000000083100000| PB 0x0000000083100000| Untracked 
|  50|0x0000000083200000, 0x0000000083300000, 0x0000000083300000|100%| O|  |TAMS 0x0000000083200000| PB 0x0000000083200000| Untracked 
|  51|0x0000000083300000, 0x0000000083400000, 0x0000000083400000|100%|HS|  |TAMS 0x0000000083300000| PB 0x0000000083300000| Complete 
|  52|0x0000000083400000, 0x0000000083500000, 0x0000000083500000|100%|HC|  |TAMS 0x0000000083400000| PB 0x0000000083400000| Complete 
|  53|0x0000000083500000, 0x0000000083600000, 0x0000000083600000|100%|HC|  |TAMS 0x0000000083500000| PB 0x0000000083500000| Complete 
|  54|0x0000000083600000, 0x0000000083700000, 0x0000000083700000|100%|HC|  |TAMS 0x0000000083600000| PB 0x0000000083600000| Complete 
|  55|0x0000000083700000, 0x0000000083800000, 0x0000000083800000|100%|HS|  |TAMS 0x0000000083700000| PB 0x0000000083700000| Complete 
|  56|0x0000000083800000, 0x0000000083900000, 0x0000000083900000|100%|HC|  |TAMS 0x0000000083800000| PB 0x0000000083800000| Complete 
|  57|0x0000000083900000, 0x0000000083a00000, 0x0000000083a00000|100%|HC|  |TAMS 0x0000000083900000| PB 0x0000000083900000| Complete 
|  58|0x0000000083a00000, 0x0000000083b00000, 0x0000000083b00000|100%|HC|  |TAMS 0x0000000083a00000| PB 0x0000000083a00000| Complete 
|  59|0x0000000083b00000, 0x0000000083c00000, 0x0000000083c00000|100%| O|  |TAMS 0x0000000083b00000| PB 0x0000000083b00000| Untracked 
|  60|0x0000000083c00000, 0x0000000083d00000, 0x0000000083d00000|100%| O|  |TAMS 0x0000000083c00000| PB 0x0000000083c00000| Untracked 
|  61|0x0000000083d00000, 0x0000000083e00000, 0x0000000083e00000|100%| O|  |TAMS 0x0000000083d00000| PB 0x0000000083d00000| Untracked 
|  62|0x0000000083e00000, 0x0000000083ecc340, 0x0000000083f00000| 79%| O|  |TAMS 0x0000000083e00000| PB 0x0000000083e00000| Untracked 
|  63|0x0000000083f00000, 0x0000000083f00000, 0x0000000084000000|  0%| F|  |TAMS 0x0000000083f00000| PB 0x0000000083f00000| Untracked 
|  64|0x0000000084000000, 0x0000000084000000, 0x0000000084100000|  0%| F|  |TAMS 0x0000000084000000| PB 0x0000000084000000| Untracked 
|  65|0x0000000084100000, 0x0000000084100000, 0x0000000084200000|  0%| F|  |TAMS 0x0000000084100000| PB 0x0000000084100000| Untracked 
|  66|0x0000000084200000, 0x0000000084200000, 0x0000000084300000|  0%| F|  |TAMS 0x0000000084200000| PB 0x0000000084200000| Untracked 
|  67|0x0000000084300000, 0x0000000084300000, 0x0000000084400000|  0%| F|  |TAMS 0x0000000084300000| PB 0x0000000084300000| Untracked 
|  68|0x0000000084400000, 0x0000000084400000, 0x0000000084500000|  0%| F|  |TAMS 0x0000000084400000| PB 0x0000000084400000| Untracked 
|  69|0x0000000084500000, 0x0000000084500000, 0x0000000084600000|  0%| F|  |TAMS 0x0000000084500000| PB 0x0000000084500000| Untracked 
|  70|0x0000000084600000, 0x0000000084600000, 0x0000000084700000|  0%| F|  |TAMS 0x0000000084600000| PB 0x0000000084600000| Untracked 
|  71|0x0000000084700000, 0x0000000084700000, 0x0000000084800000|  0%| F|  |TAMS 0x0000000084700000| PB 0x0000000084700000| Untracked 
|  72|0x0000000084800000, 0x0000000084800000, 0x0000000084900000|  0%| F|  |TAMS 0x0000000084800000| PB 0x0000000084800000| Untracked 
|  73|0x0000000084900000, 0x0000000084900000, 0x0000000084a00000|  0%| F|  |TAMS 0x0000000084900000| PB 0x0000000084900000| Untracked 
|  74|0x0000000084a00000, 0x0000000084a00000, 0x0000000084b00000|  0%| F|  |TAMS 0x0000000084a00000| PB 0x0000000084a00000| Untracked 
|  75|0x0000000084b00000, 0x0000000084b00000, 0x0000000084c00000|  0%| F|  |TAMS 0x0000000084b00000| PB 0x0000000084b00000| Untracked 
|  76|0x0000000084c00000, 0x0000000084c00000, 0x0000000084d00000|  0%| F|  |TAMS 0x0000000084c00000| PB 0x0000000084c00000| Untracked 
|  77|0x0000000084d00000, 0x0000000084d00000, 0x0000000084e00000|  0%| F|  |TAMS 0x0000000084d00000| PB 0x0000000084d00000| Untracked 
|  78|0x0000000084e00000, 0x0000000084e8dc00, 0x0000000084f00000| 55%| S|CS|TAMS 0x0000000084e00000| PB 0x0000000084e00000| Complete 
|  79|0x0000000084f00000, 0x0000000085000000, 0x0000000085000000|100%| S|CS|TAMS 0x0000000084f00000| PB 0x0000000084f00000| Complete 
|  80|0x0000000085000000, 0x0000000085100000, 0x0000000085100000|100%| S|CS|TAMS 0x0000000085000000| PB 0x0000000085000000| Complete 
|  81|0x0000000085100000, 0x0000000085100000, 0x0000000085200000|  0%| F|  |TAMS 0x0000000085100000| PB 0x0000000085100000| Untracked 
|  82|0x0000000085200000, 0x0000000085200000, 0x0000000085300000|  0%| F|  |TAMS 0x0000000085200000| PB 0x0000000085200000| Untracked 
|  83|0x0000000085300000, 0x0000000085300000, 0x0000000085400000|  0%| F|  |TAMS 0x0000000085300000| PB 0x0000000085300000| Untracked 
|  84|0x0000000085400000, 0x0000000085400000, 0x0000000085500000|  0%| F|  |TAMS 0x0000000085400000| PB 0x0000000085400000| Untracked 
|  85|0x0000000085500000, 0x0000000085500000, 0x0000000085600000|  0%| F|  |TAMS 0x0000000085500000| PB 0x0000000085500000| Untracked 
|  86|0x0000000085600000, 0x0000000085600000, 0x0000000085700000|  0%| F|  |TAMS 0x0000000085600000| PB 0x0000000085600000| Untracked 
|  87|0x0000000085700000, 0x0000000085700000, 0x0000000085800000|  0%| F|  |TAMS 0x0000000085700000| PB 0x0000000085700000| Untracked 
|  88|0x0000000085800000, 0x0000000085800000, 0x0000000085900000|  0%| F|  |TAMS 0x0000000085800000| PB 0x0000000085800000| Untracked 
|  89|0x0000000085900000, 0x0000000085900000, 0x0000000085a00000|  0%| F|  |TAMS 0x0000000085900000| PB 0x0000000085900000| Untracked 
|  90|0x0000000085a00000, 0x0000000085a00000, 0x0000000085b00000|  0%| F|  |TAMS 0x0000000085a00000| PB 0x0000000085a00000| Untracked 
|  91|0x0000000085b00000, 0x0000000085b00000, 0x0000000085c00000|  0%| F|  |TAMS 0x0000000085b00000| PB 0x0000000085b00000| Untracked 
|  92|0x0000000085c00000, 0x0000000085c00000, 0x0000000085d00000|  0%| F|  |TAMS 0x0000000085c00000| PB 0x0000000085c00000| Untracked 
|  93|0x0000000085d00000, 0x0000000085d00000, 0x0000000085e00000|  0%| F|  |TAMS 0x0000000085d00000| PB 0x0000000085d00000| Untracked 
|  94|0x0000000085e00000, 0x0000000085e00000, 0x0000000085f00000|  0%| F|  |TAMS 0x0000000085e00000| PB 0x0000000085e00000| Untracked 
|  95|0x0000000085f00000, 0x0000000085f00000, 0x0000000086000000|  0%| F|  |TAMS 0x0000000085f00000| PB 0x0000000085f00000| Untracked 
|  96|0x0000000086000000, 0x0000000086000000, 0x0000000086100000|  0%| F|  |TAMS 0x0000000086000000| PB 0x0000000086000000| Untracked 
|  97|0x0000000086100000, 0x0000000086100000, 0x0000000086200000|  0%| F|  |TAMS 0x0000000086100000| PB 0x0000000086100000| Untracked 
|  98|0x0000000086200000, 0x0000000086200000, 0x0000000086300000|  0%| F|  |TAMS 0x0000000086200000| PB 0x0000000086200000| Untracked 
|  99|0x0000000086300000, 0x0000000086300000, 0x0000000086400000|  0%| F|  |TAMS 0x0000000086300000| PB 0x0000000086300000| Untracked 
| 100|0x0000000086400000, 0x0000000086400000, 0x0000000086500000|  0%| F|  |TAMS 0x0000000086400000| PB 0x0000000086400000| Untracked 
| 101|0x0000000086500000, 0x0000000086500000, 0x0000000086600000|  0%| F|  |TAMS 0x0000000086500000| PB 0x0000000086500000| Untracked 
| 102|0x0000000086600000, 0x0000000086600000, 0x0000000086700000|  0%| F|  |TAMS 0x0000000086600000| PB 0x0000000086600000| Untracked 
| 103|0x0000000086700000, 0x0000000086700000, 0x0000000086800000|  0%| F|  |TAMS 0x0000000086700000| PB 0x0000000086700000| Untracked 
| 104|0x0000000086800000, 0x0000000086900000, 0x0000000086900000|100%| E|  |TAMS 0x0000000086800000| PB 0x0000000086800000| Complete 
| 105|0x0000000086900000, 0x0000000086a00000, 0x0000000086a00000|100%| E|CS|TAMS 0x0000000086900000| PB 0x0000000086900000| Complete 
| 125|0x0000000087d00000, 0x0000000087e00000, 0x0000000087e00000|100%| E|CS|TAMS 0x0000000087d00000| PB 0x0000000087d00000| Complete 
|2046|0x00000000ffe00000, 0x00000000fff00000, 0x00000000fff00000|100%| O|  |TAMS 0x00000000ffe00000| PB 0x00000000ffe00000| Untracked 
|2047|0x00000000fff00000, 0x0000000100000000, 0x0000000100000000|100%| O|  |TAMS 0x00000000fff00000| PB 0x00000000fff00000| Untracked 

Card table byte_map: [0x00000225dfc10000,0x00000225e0010000] _byte_map_base: 0x00000225df810000

Marking Bits: (CMBitMap*) 0x00000225cd11b320
 Bits: [0x00000225e0010000, 0x00000225e2010000)

Polling page: 0x00000225cb090000

Metaspace:

Usage:
  Non-class:     53.90 MB used.
      Class:      9.19 MB used.
       Both:     63.09 MB used.

Virtual space:
  Non-class space:       64.00 MB reserved,      54.88 MB ( 86%) committed,  1 nodes.
      Class space:      416.00 MB reserved,      10.12 MB (  2%) committed,  1 nodes.
             Both:      480.00 MB reserved,      65.00 MB ( 14%) committed. 

Chunk freelists:
   Non-Class:  8.77 MB
       Class:  5.77 MB
        Both:  14.53 MB

MaxMetaspaceSize: 512.00 MB
CompressedClassSpaceSize: 416.00 MB
Initial GC threshold: 21.00 MB
Current GC threshold: 105.88 MB
CDS: on
 - commit_granule_bytes: 65536.
 - commit_granule_words: 8192.
 - virtual_space_node_default_size: 8388608.
 - enlarge_chunks_in_place: 1.
 - use_allocation_guard: 0.


Internal statistics:

num_allocs_failed_limit: 6.
num_arena_births: 3436.
num_arena_deaths: 0.
num_vsnodes_births: 2.
num_vsnodes_deaths: 0.
num_space_committed: 1040.
num_space_uncommitted: 0.
num_chunks_returned_to_freelist: 6.
num_chunks_taken_from_freelist: 6474.
num_chunk_merges: 6.
num_chunk_splits: 4197.
num_chunks_enlarged: 2550.
num_inconsistent_stats: 0.

CodeHeap 'non-profiled nmethods': size=120000Kb used=3602Kb max_used=3602Kb free=116397Kb
 bounds [0x00000225d7d90000, 0x00000225d8120000, 0x00000225df2c0000]
CodeHeap 'profiled nmethods': size=120000Kb used=11730Kb max_used=11730Kb free=108269Kb
 bounds [0x00000225d02c0000, 0x00000225d0e40000, 0x00000225d77f0000]
CodeHeap 'non-nmethods': size=5760Kb used=2650Kb max_used=2729Kb free=3110Kb
 bounds [0x00000225d77f0000, 0x00000225d7ab0000, 0x00000225d7d90000]
CodeCache: size=245760Kb, used=17982Kb, max_used=18061Kb, free=227776Kb
 total_blobs=7216, nmethods=6304, adapters=815, full_count=0
Compilation: enabled, stopped_count=0, restarted_count=0

Compilation events (20 events):
Event: 23.281 Thread 0x00000225e4c9f540 nmethod 7421 0x00000225d0566b90 code [0x00000225d0566d80, 0x00000225d0567518]
Event: 23.281 Thread 0x00000225e4c9f540 7422       3       com.google.common.collect.AbstractMapBasedMultimap$WrappedCollection::<init> (44 bytes)
Event: 23.282 Thread 0x00000225e4c9f540 nmethod 7422 0x00000225d05fae90 code [0x00000225d05fb060, 0x00000225d05fb4d8]
Event: 23.282 Thread 0x00000225e4c9f540 7423       3       org.gradle.internal.resolve.result.DefaultResourceAwareResolveResult::<init> (5 bytes)
Event: 23.282 Thread 0x00000225e4c9f540 nmethod 7423 0x00000225d086ca90 code [0x00000225d086cc40, 0x00000225d086cda8]
Event: 23.288 Thread 0x00000225e4c9f540 7424       3       org.gradle.internal.component.external.model.LazyVariantBackedConfigurationMetadata$RuleAwareVariant::getAttributes (40 bytes)
Event: 23.289 Thread 0x00000225e4c9f540 nmethod 7424 0x00000225d0b99510 code [0x00000225d0b99760, 0x00000225d0b9a180]
Event: 23.295 Thread 0x00000225e4c9f540 7425   !   3       java.io.RandomAccessFile::writeBytes (31 bytes)
Event: 23.295 Thread 0x00000225e4c9f540 nmethod 7425 0x00000225d0b98d10 code [0x00000225d0b98ee0, 0x00000225d0b99118]
Event: 23.302 Thread 0x00000225e4c9f540 7426       3       org.gradle.api.internal.attributes.DefaultImmutableAttributes::<init> (214 bytes)
Event: 23.303 Thread 0x00000225e4c9f540 nmethod 7426 0x00000225d04b8490 code [0x00000225d04b87e0, 0x00000225d04ba028]
Event: 23.311 Thread 0x00000225e4c9f540 7428       3       java.util.LinkedList::unlinkFirst (64 bytes)
Event: 23.312 Thread 0x00000225e4c9f540 nmethod 7428 0x00000225d05fa910 code [0x00000225d05faac0, 0x00000225d05fad58]
Event: 23.661 Thread 0x00000225e4c9f540 7429       3       javax.management.ObjectName::setCanonicalName (251 bytes)
Event: 23.662 Thread 0x00000225e4c9f540 nmethod 7429 0x00000225d09ea610 code [0x00000225d09ea8a0, 0x00000225d09eb848]
Event: 23.662 Thread 0x00000225e4c9f540 7431       3       java.util.stream.Collectors$$Lambda/0x00000225810753b0::accept (14 bytes)
Event: 23.662 Thread 0x00000225e4c9f540 nmethod 7431 0x00000225d08dd290 code [0x00000225d08dd480, 0x00000225d08dda88]
Event: 24.325 Thread 0x00000225e4c9f540 7432       1       sun.reflect.generics.tree.ClassSignature::getSuperInterfaces (5 bytes)
Event: 24.325 Thread 0x00000225e4c9f540 nmethod 7432 0x00000225d8000010 code [0x00000225d80001a0, 0x00000225d8000268]
Event: 24.672 Thread 0x00000225e4c9f540 7433       3       java.util.ComparableTimSort::reverseRange (32 bytes)

GC Heap History (20 events):
Event: 17.004 GC heap before
{Heap before GC invocations=10 (full 0):
 garbage-first heap   total 88064K, used 75639K [0x0000000080000000, 0x0000000100000000)
  region size 1024K, 43 young (44032K), 5 survivors (5120K)
 Metaspace       used 41864K, committed 43392K, reserved 491520K
  class space    used 6036K, committed 6784K, reserved 425984K
}
Event: 17.010 GC heap after
{Heap after GC invocations=11 (full 0):
 garbage-first heap   total 88064K, used 37747K [0x0000000080000000, 0x0000000100000000)
  region size 1024K, 3 young (3072K), 3 survivors (3072K)
 Metaspace       used 41864K, committed 43392K, reserved 491520K
  class space    used 6036K, committed 6784K, reserved 425984K
}
Event: 17.743 GC heap before
{Heap before GC invocations=11 (full 0):
 garbage-first heap   total 88064K, used 75635K [0x0000000080000000, 0x0000000100000000)
  region size 1024K, 40 young (40960K), 3 survivors (3072K)
 Metaspace       used 46323K, committed 47872K, reserved 491520K
  class space    used 6733K, committed 7488K, reserved 425984K
}
Event: 17.748 GC heap after
{Heap after GC invocations=12 (full 0):
 garbage-first heap   total 88064K, used 40204K [0x0000000080000000, 0x0000000100000000)
  region size 1024K, 5 young (5120K), 5 survivors (5120K)
 Metaspace       used 46323K, committed 47872K, reserved 491520K
  class space    used 6733K, committed 7488K, reserved 425984K
}
Event: 18.687 GC heap before
{Heap before GC invocations=12 (full 0):
 garbage-first heap   total 88064K, used 81164K [0x0000000080000000, 0x0000000100000000)
  region size 1024K, 41 young (41984K), 5 survivors (5120K)
 Metaspace       used 49894K, committed 51712K, reserved 491520K
  class space    used 7311K, committed 8192K, reserved 425984K
}
Event: 18.694 GC heap after
{Heap after GC invocations=13 (full 0):
 garbage-first heap   total 91136K, used 48325K [0x0000000080000000, 0x0000000100000000)
  region size 1024K, 6 young (6144K), 6 survivors (6144K)
 Metaspace       used 49894K, committed 51712K, reserved 491520K
  class space    used 7311K, committed 8192K, reserved 425984K
}
Event: 18.707 GC heap before
{Heap before GC invocations=13 (full 0):
 garbage-first heap   total 91136K, used 48325K [0x0000000080000000, 0x0000000100000000)
  region size 1024K, 7 young (7168K), 6 survivors (6144K)
 Metaspace       used 49895K, committed 51712K, reserved 491520K
  class space    used 7311K, committed 8192K, reserved 425984K
}
Event: 18.712 GC heap after
{Heap after GC invocations=14 (full 0):
 garbage-first heap   total 91136K, used 50204K [0x0000000080000000, 0x0000000100000000)
  region size 1024K, 2 young (2048K), 2 survivors (2048K)
 Metaspace       used 49895K, committed 51712K, reserved 491520K
  class space    used 7311K, committed 8192K, reserved 425984K
}
Event: 19.188 GC heap before
{Heap before GC invocations=15 (full 0):
 garbage-first heap   total 92160K, used 78876K [0x0000000080000000, 0x0000000100000000)
  region size 1024K, 26 young (26624K), 2 survivors (2048K)
 Metaspace       used 52946K, committed 54784K, reserved 491520K
  class space    used 7697K, committed 8576K, reserved 425984K
}
Event: 19.191 GC heap after
{Heap after GC invocations=16 (full 0):
 garbage-first heap   total 92160K, used 55964K [0x0000000080000000, 0x0000000100000000)
  region size 1024K, 3 young (3072K), 3 survivors (3072K)
 Metaspace       used 52946K, committed 54784K, reserved 491520K
  class space    used 7697K, committed 8576K, reserved 425984K
}
Event: 19.561 GC heap before
{Heap before GC invocations=16 (full 0):
 garbage-first heap   total 92160K, used 77468K [0x0000000080000000, 0x0000000100000000)
  region size 1024K, 25 young (25600K), 3 survivors (3072K)
 Metaspace       used 55165K, committed 57088K, reserved 491520K
  class space    used 8075K, committed 9024K, reserved 425984K
}
Event: 19.566 GC heap after
{Heap after GC invocations=17 (full 0):
 garbage-first heap   total 92160K, used 56742K [0x0000000080000000, 0x0000000100000000)
  region size 1024K, 2 young (2048K), 2 survivors (2048K)
 Metaspace       used 55165K, committed 57088K, reserved 491520K
  class space    used 8075K, committed 9024K, reserved 425984K
}
Event: 19.701 GC heap before
{Heap before GC invocations=17 (full 0):
 garbage-first heap   total 92160K, used 63910K [0x0000000080000000, 0x0000000100000000)
  region size 1024K, 10 young (10240K), 2 survivors (2048K)
 Metaspace       used 55938K, committed 57856K, reserved 491520K
  class space    used 8215K, committed 9152K, reserved 425984K
}
Event: 19.704 GC heap after
{Heap after GC invocations=18 (full 0):
 garbage-first heap   total 92160K, used 57142K [0x0000000080000000, 0x0000000100000000)
  region size 1024K, 2 young (2048K), 2 survivors (2048K)
 Metaspace       used 55938K, committed 57856K, reserved 491520K
  class space    used 8215K, committed 9152K, reserved 425984K
}
Event: 20.034 GC heap before
{Heap before GC invocations=19 (full 0):
 garbage-first heap   total 104448K, used 83766K [0x0000000080000000, 0x0000000100000000)
  region size 1024K, 25 young (25600K), 2 survivors (2048K)
 Metaspace       used 57718K, committed 59712K, reserved 491520K
  class space    used 8448K, committed 9408K, reserved 425984K
}
Event: 20.037 GC heap after
{Heap after GC invocations=20 (full 0):
 garbage-first heap   total 104448K, used 62228K [0x0000000080000000, 0x0000000100000000)
  region size 1024K, 3 young (3072K), 3 survivors (3072K)
 Metaspace       used 57718K, committed 59712K, reserved 491520K
  class space    used 8448K, committed 9408K, reserved 425984K
}
Event: 20.377 GC heap before
{Heap before GC invocations=20 (full 0):
 garbage-first heap   total 104448K, used 89876K [0x0000000080000000, 0x0000000100000000)
  region size 1024K, 30 young (30720K), 3 survivors (3072K)
 Metaspace       used 60595K, committed 62528K, reserved 491520K
  class space    used 8851K, committed 9792K, reserved 425984K
}
Event: 20.381 GC heap after
{Heap after GC invocations=21 (full 0):
 garbage-first heap   total 104448K, used 62954K [0x0000000080000000, 0x0000000100000000)
  region size 1024K, 3 young (3072K), 3 survivors (3072K)
 Metaspace       used 60595K, committed 62528K, reserved 491520K
  class space    used 8851K, committed 9792K, reserved 425984K
}
Event: 20.851 GC heap before
{Heap before GC invocations=21 (full 0):
 garbage-first heap   total 104448K, used 91626K [0x0000000080000000, 0x0000000100000000)
  region size 1024K, 31 young (31744K), 3 survivors (3072K)
 Metaspace       used 62935K, committed 64896K, reserved 491520K
  class space    used 9140K, committed 10112K, reserved 425984K
}
Event: 20.857 GC heap after
{Heap after GC invocations=22 (full 0):
 garbage-first heap   total 104448K, used 66290K [0x0000000080000000, 0x0000000100000000)
  region size 1024K, 4 young (4096K), 4 survivors (4096K)
 Metaspace       used 62935K, committed 64896K, reserved 491520K
  class space    used 9140K, committed 10112K, reserved 425984K
}

Dll operation events (14 events):
Event: 0.011 Loaded shared library C:\Users\sande\.vscode\extensions\redhat.java-1.53.0-win32-x64\jre\21.0.10-win32-x86_64\bin\java.dll
Event: 0.073 Loaded shared library C:\Users\sande\.vscode\extensions\redhat.java-1.53.0-win32-x64\jre\21.0.10-win32-x86_64\bin\zip.dll
Event: 0.094 Loaded shared library C:\Users\sande\.vscode\extensions\redhat.java-1.53.0-win32-x64\jre\21.0.10-win32-x86_64\bin\instrument.dll
Event: 0.100 Loaded shared library C:\Users\sande\.vscode\extensions\redhat.java-1.53.0-win32-x64\jre\21.0.10-win32-x86_64\bin\net.dll
Event: 0.102 Loaded shared library C:\Users\sande\.vscode\extensions\redhat.java-1.53.0-win32-x64\jre\21.0.10-win32-x86_64\bin\nio.dll
Event: 0.107 Loaded shared library C:\Users\sande\.vscode\extensions\redhat.java-1.53.0-win32-x64\jre\21.0.10-win32-x86_64\bin\zip.dll
Event: 0.394 Loaded shared library C:\Users\sande\.vscode\extensions\redhat.java-1.53.0-win32-x64\jre\21.0.10-win32-x86_64\bin\jimage.dll
Event: 0.469 Loaded shared library C:\Users\sande\.vscode\extensions\redhat.java-1.53.0-win32-x64\jre\21.0.10-win32-x86_64\bin\verify.dll
Event: 0.690 Loaded shared library C:\Users\sande\.gradle\native\68d5fa5c4cc2d200863cafc0d521ce42e7d3e7ee720ec0a83991735586a16f82\windows-amd64\native-platform.dll
Event: 0.707 Loaded shared library C:\Users\sande\.gradle\native\e376f236ea51e6404a007f0833ffe2c6e607c4080706a723a18a27aeea778392\windows-amd64\native-platform-file-events.dll
Event: 1.619 Loaded shared library C:\Users\sande\.vscode\extensions\redhat.java-1.53.0-win32-x64\jre\21.0.10-win32-x86_64\bin\management.dll
Event: 1.623 Loaded shared library C:\Users\sande\.vscode\extensions\redhat.java-1.53.0-win32-x64\jre\21.0.10-win32-x86_64\bin\management_ext.dll
Event: 1.842 Loaded shared library C:\Users\sande\.vscode\extensions\redhat.java-1.53.0-win32-x64\jre\21.0.10-win32-x86_64\bin\extnet.dll
Event: 1.965 Loaded shared library C:\Users\sande\.vscode\extensions\redhat.java-1.53.0-win32-x64\jre\21.0.10-win32-x86_64\bin\sunmscapi.dll

Deoptimization events (20 events):
Event: 20.638 Thread 0x00000225a0d79db0 DEOPT PACKING pc=0x00000225d0b57a79 sp=0x0000005864bfe6a0
Event: 20.638 Thread 0x00000225a0d79db0 DEOPT UNPACKING pc=0x00000225d7844bc2 sp=0x0000005864bfdb40 mode 0
Event: 20.660 Thread 0x00000225a0d79db0 DEOPT PACKING pc=0x00000225d0b57a79 sp=0x0000005864bfe6c0
Event: 20.660 Thread 0x00000225a0d79db0 DEOPT UNPACKING pc=0x00000225d7844bc2 sp=0x0000005864bfdb60 mode 0
Event: 20.671 Thread 0x00000225a0d79db0 DEOPT PACKING pc=0x00000225d0b57a79 sp=0x0000005864bfe6c0
Event: 20.671 Thread 0x00000225a0d79db0 DEOPT UNPACKING pc=0x00000225d7844bc2 sp=0x0000005864bfdb60 mode 0
Event: 20.683 Thread 0x00000225a0d79db0 DEOPT PACKING pc=0x00000225d0c1857e sp=0x0000005864bfe200
Event: 20.683 Thread 0x00000225a0d79db0 DEOPT UNPACKING pc=0x00000225d7844bc2 sp=0x0000005864bfd770 mode 0
Event: 20.998 Thread 0x00000225a0d7a440 Uncommon trap: trap_request=0xffffff6e fr.pc=0x00000225d7db1654 relative=0x00000000000001b4
Event: 20.998 Thread 0x00000225a0d7a440 Uncommon trap: reason=loop_limit_check action=maybe_recompile pc=0x00000225d7db1654 method=java.lang.StringLatin1.lastIndexOf([BII)I @ 19 c2
Event: 20.998 Thread 0x00000225a0d7a440 DEOPT PACKING pc=0x00000225d7db1654 sp=0x00000058645f6c10
Event: 20.998 Thread 0x00000225a0d7a440 DEOPT UNPACKING pc=0x00000225d7844422 sp=0x00000058645f6b90 mode 2
Event: 23.294 Thread 0x00000225a0d7a440 Uncommon trap: trap_request=0xffffffde fr.pc=0x00000225d80c2f44 relative=0x0000000000001024
Event: 23.294 Thread 0x00000225a0d7a440 Uncommon trap: reason=class_check action=maybe_recompile pc=0x00000225d80c2f44 method=java.util.concurrent.ConcurrentHashMap.putVal(Ljava/lang/Object;Ljava/lang/Object;Z)Ljava/lang/Object; @ 242 c2
Event: 23.294 Thread 0x00000225a0d7a440 DEOPT PACKING pc=0x00000225d80c2f44 sp=0x00000058645f7670
Event: 23.294 Thread 0x00000225a0d7a440 DEOPT UNPACKING pc=0x00000225d7844422 sp=0x00000058645f75f0 mode 2
Event: 23.296 Thread 0x00000225a0d7a440 Uncommon trap: trap_request=0xffffffde fr.pc=0x00000225d80c2f44 relative=0x0000000000001024
Event: 23.296 Thread 0x00000225a0d7a440 Uncommon trap: reason=class_check action=maybe_recompile pc=0x00000225d80c2f44 method=java.util.concurrent.ConcurrentHashMap.putVal(Ljava/lang/Object;Ljava/lang/Object;Z)Ljava/lang/Object; @ 242 c2
Event: 23.296 Thread 0x00000225a0d7a440 DEOPT PACKING pc=0x00000225d80c2f44 sp=0x00000058645f7670
Event: 23.296 Thread 0x00000225a0d7a440 DEOPT UNPACKING pc=0x00000225d7844422 sp=0x00000058645f75f0 mode 2

Classes loaded (20 events):
Event: 19.430 Loading class javax/management/ReflectionException
Event: 19.431 Loading class javax/management/ReflectionException done
Event: 19.431 Loading class javax/management/MalformedObjectNameException
Event: 19.431 Loading class javax/management/MalformedObjectNameException done
Event: 19.431 Loading class javax/management/MBeanException
Event: 19.431 Loading class javax/management/MBeanException done
Event: 19.431 Loading class javax/management/AttributeNotFoundException
Event: 19.431 Loading class javax/management/AttributeNotFoundException done
Event: 19.431 Loading class sun/reflect/misc/MethodUtil
Event: 19.431 Loading class sun/reflect/misc/MethodUtil done
Event: 19.431 Loading class sun/reflect/misc/MethodUtil$1
Event: 19.431 Loading class sun/reflect/misc/MethodUtil$1 done
Event: 19.444 Loading class java/lang/Byte$ByteCache
Event: 19.444 Loading class java/lang/Byte$ByteCache done
Event: 20.464 Loading class java/lang/Override
Event: 20.464 Loading class java/lang/Override done
Event: 21.037 Loading class java/lang/AbstractMethodError
Event: 21.037 Loading class java/lang/AbstractMethodError done
Event: 21.090 Loading class sun/nio/ch/ChannelOutputStream
Event: 21.090 Loading class sun/nio/ch/ChannelOutputStream done

Classes unloaded (0 events):
No events

Classes redefined (0 events):
No events

Internal exceptions (20 events):
Event: 21.122 Thread 0x00000225a0d7a440 Exception <a 'java/lang/ClassNotFoundException'{0x0000000085e8fbd8}: org/gradle/internal/metaobject/ConfigureDelegateBeanInfo> (0x0000000085e8fbd8) 
thrown [s\src\hotspot\share\classfile\systemDictionary.cpp, line 312]
Event: 21.122 Thread 0x00000225a0d7a440 Exception <a 'java/lang/ClassNotFoundException'{0x0000000085e9e628}: org/gradle/internal/metaobject/ConfigureDelegateCustomizer> (0x0000000085e9e628) 
thrown [s\src\hotspot\share\classfile\systemDictionary.cpp, line 312]
Event: 21.126 Thread 0x00000225a0d7a440 Exception <a 'java/lang/ClassNotFoundException'{0x0000000085eddd00}: org/gradle/api/internal/initialization/DefaultScriptHandlerBeanInfo> (0x0000000085eddd00) 
thrown [s\src\hotspot\share\classfile\systemDictionary.cpp, line 312]
Event: 21.126 Thread 0x00000225a0d7a440 Exception <a 'java/lang/ClassNotFoundException'{0x0000000085eec908}: org/gradle/api/internal/initialization/DefaultScriptHandlerCustomizer> (0x0000000085eec908) 
thrown [s\src\hotspot\share\classfile\systemDictionary.cpp, line 312]
Event: 21.139 Thread 0x00000225a0d7a440 Exception <a 'java/lang/ClassNotFoundException'{0x0000000085950a48}: org/gradle/api/internal/artifacts/dsl/DefaultRepositoryHandler_DecoratedBeanInfo> (0x0000000085950a48) 
thrown [s\src\hotspot\share\classfile\systemDictionary.cpp, line 312]
Event: 21.139 Thread 0x00000225a0d7a440 Exception <a 'java/lang/ClassNotFoundException'{0x0000000085963980}: org/gradle/api/internal/artifacts/dsl/DefaultRepositoryHandlerBeanInfo> (0x0000000085963980) 
thrown [s\src\hotspot\share\classfile\systemDictionary.cpp, line 312]
Event: 21.140 Thread 0x00000225a0d7a440 Exception <a 'java/lang/ClassNotFoundException'{0x0000000085977538}: org/gradle/api/internal/artifacts/DefaultArtifactRepositoryContainerBeanInfo> (0x0000000085977538) 
thrown [s\src\hotspot\share\classfile\systemDictionary.cpp, line 312]
Event: 21.140 Thread 0x00000225a0d7a440 Exception <a 'java/lang/ClassNotFoundException'{0x0000000085989800}: org/gradle/api/internal/DefaultNamedDomainObjectListBeanInfo> (0x0000000085989800) 
thrown [s\src\hotspot\share\classfile\systemDictionary.cpp, line 312]
Event: 21.141 Thread 0x00000225a0d7a440 Exception <a 'java/lang/ClassNotFoundException'{0x000000008599bc58}: org/gradle/api/internal/DefaultNamedDomainObjectCollectionBeanInfo> (0x000000008599bc58) 
thrown [s\src\hotspot\share\classfile\systemDictionary.cpp, line 312]
Event: 21.141 Thread 0x00000225a0d7a440 Exception <a 'java/lang/ClassNotFoundException'{0x00000000859ae218}: org/gradle/api/internal/DefaultDomainObjectCollectionBeanInfo> (0x00000000859ae218) 
thrown [s\src\hotspot\share\classfile\systemDictionary.cpp, line 312]
Event: 21.142 Thread 0x00000225a0d7a440 Exception <a 'java/lang/ClassNotFoundException'{0x00000000859c08a8}: org/gradle/api/internal/DefaultDomainObjectCollectionCustomizer> (0x00000000859c08a8) 
thrown [s\src\hotspot\share\classfile\systemDictionary.cpp, line 312]
Event: 21.146 Thread 0x00000225a0d7a440 Exception <a 'java/lang/ClassNotFoundException'{0x00000000858047f0}: org/gradle/api/internal/DefaultNamedDomainObjectCollectionCustomizer> (0x00000000858047f0) 
thrown [s\src\hotspot\share\classfile\systemDictionary.cpp, line 312]
Event: 21.151 Thread 0x00000225a0d7a440 Exception <a 'java/lang/ClassNotFoundException'{0x00000000858571c0}: org/gradle/api/internal/DefaultNamedDomainObjectListCustomizer> (0x00000000858571c0) 
thrown [s\src\hotspot\share\classfile\systemDictionary.cpp, line 312]
Event: 21.155 Thread 0x00000225a0d7a440 Exception <a 'java/lang/ClassNotFoundException'{0x00000000858e0280}: org/gradle/api/internal/artifacts/DefaultArtifactRepositoryContainerCustomizer> (0x00000000858e0280) 
thrown [s\src\hotspot\share\classfile\systemDictionary.cpp, line 312]
Event: 21.160 Thread 0x00000225a0d7a440 Exception <a 'java/lang/ClassNotFoundException'{0x000000008577b0f8}: org/gradle/api/internal/artifacts/dsl/DefaultRepositoryHandlerCustomizer> (0x000000008577b0f8) 
thrown [s\src\hotspot\share\classfile\systemDictionary.cpp, line 312]
Event: 21.168 Thread 0x00000225a0d7a440 Exception <a 'java/lang/ClassNotFoundException'{0x0000000085643f40}: org/gradle/api/internal/artifacts/dsl/DefaultRepositoryHandler_DecoratedCustomizer> (0x0000000085643f40) 
thrown [s\src\hotspot\share\classfile\systemDictionary.cpp, line 312]
Event: 21.179 Thread 0x00000225a0d7a440 Exception <a 'java/lang/ClassNotFoundException'{0x00000000856e52a0}: org/gradle/api/internal/artifacts/dsl/dependencies/DefaultDependencyHandler_DecoratedBeanInfo> (0x00000000856e52a0) 
thrown [s\src\hotspot\share\classfile\systemDictionary.cpp, line 312]
Event: 21.180 Thread 0x00000225a0d7a440 Exception <a 'java/lang/ClassNotFoundException'{0x00000000856f82c8}: org/gradle/api/internal/artifacts/dsl/dependencies/DefaultDependencyHandlerBeanInfo> (0x00000000856f82c8) 
thrown [s\src\hotspot\share\classfile\systemDictionary.cpp, line 312]
Event: 21.181 Thread 0x00000225a0d7a440 Exception <a 'java/lang/ClassNotFoundException'{0x000000008550b2f0}: org/gradle/api/internal/artifacts/dsl/dependencies/DefaultDependencyHandlerCustomizer> (0x000000008550b2f0) 
thrown [s\src\hotspot\share\classfile\systemDictionary.cpp, line 312]
Event: 21.183 Thread 0x00000225a0d7a440 Exception <a 'java/lang/ClassNotFoundException'{0x00000000855509d8}: org/gradle/api/internal/artifacts/dsl/dependencies/DefaultDependencyHandler_DecoratedCustomizer> (0x00000000855509d8) 
thrown [s\src\hotspot\share\classfile\systemDictionary.cpp, line 312]

ZGC Phase Switch (0 events):
No events

VM Operations (20 events):
Event: 20.034 Executing safepoint VM operation: G1CollectForAllocation (G1 Evacuation Pause)
Event: 20.037 Executing safepoint VM operation: G1CollectForAllocation (G1 Evacuation Pause) done
Event: 20.377 Executing safepoint VM operation: G1CollectForAllocation (G1 Evacuation Pause)
Event: 20.381 Executing safepoint VM operation: G1CollectForAllocation (G1 Evacuation Pause) done
Event: 20.851 Executing safepoint VM operation: G1CollectForAllocation (G1 Evacuation Pause)
Event: 20.857 Executing safepoint VM operation: G1CollectForAllocation (G1 Evacuation Pause) done
Event: 20.894 Executing safepoint VM operation: G1PauseRemark
Event: 20.900 Executing safepoint VM operation: G1PauseRemark done
Event: 20.922 Executing safepoint VM operation: G1PauseCleanup
Event: 20.923 Executing safepoint VM operation: G1PauseCleanup done
Event: 20.997 Executing non-safepoint VM operation: HandshakeAllThreads (Deoptimize)
Event: 20.997 Executing non-safepoint VM operation: HandshakeAllThreads (Deoptimize) done
Event: 22.000 Executing safepoint VM operation: Cleanup
Event: 22.202 Executing safepoint VM operation: Cleanup done
Event: 23.211 Executing safepoint VM operation: Cleanup
Event: 23.211 Executing safepoint VM operation: Cleanup done
Event: 23.298 Executing non-safepoint VM operation: HandshakeAllThreads (Deoptimize)
Event: 23.298 Executing non-safepoint VM operation: HandshakeAllThreads (Deoptimize) done
Event: 24.299 Executing safepoint VM operation: Cleanup
Event: 24.299 Executing safepoint VM operation: Cleanup done

Memory protections (0 events):
No events

Nmethod flushes (20 events):
Event: 20.899 Thread 0x00000225e4c56140 flushing  nmethod 0x00000225d0990690
Event: 20.899 Thread 0x00000225e4c56140 flushing  nmethod 0x00000225d0993590
Event: 20.899 Thread 0x00000225e4c56140 flushing  nmethod 0x00000225d0994910
Event: 20.899 Thread 0x00000225e4c56140 flushing  nmethod 0x00000225d0b65a90
Event: 20.899 Thread 0x00000225e4c56140 flushing  nmethod 0x00000225d0d57b10
Event: 20.899 Thread 0x00000225e4c56140 flushing  nmethod 0x00000225d7ea3690
Event: 20.899 Thread 0x00000225e4c56140 flushing  nmethod 0x00000225d0795890
Event: 20.899 Thread 0x00000225e4c56140 flushing  nmethod 0x00000225d08bc390
Event: 20.899 Thread 0x00000225e4c56140 flushing  nmethod 0x00000225d09cc190
Event: 20.899 Thread 0x00000225e4c56140 flushing  nmethod 0x00000225d09cd090
Event: 20.899 Thread 0x00000225e4c56140 flushing  nmethod 0x00000225d8060c10
Event: 20.899 Thread 0x00000225e4c56140 flushing  nmethod 0x00000225d0410990
Event: 20.899 Thread 0x00000225e4c56140 flushing  nmethod 0x00000225d05fa010
Event: 20.899 Thread 0x00000225e4c56140 flushing  nmethod 0x00000225d06da790
Event: 20.899 Thread 0x00000225e4c56140 flushing  nmethod 0x00000225d078e190
Event: 20.899 Thread 0x00000225e4c56140 flushing  nmethod 0x00000225d078e810
Event: 20.899 Thread 0x00000225e4c56140 flushing  nmethod 0x00000225d09fbb90
Event: 20.899 Thread 0x00000225e4c56140 flushing  nmethod 0x00000225d0a86490
Event: 20.899 Thread 0x00000225e4c56140 flushing  nmethod 0x00000225d0b98d10
Event: 20.899 Thread 0x00000225e4c56140 flushing  nmethod 0x00000225d0b99210

Events (20 events):
Event: 17.330 Thread 0x00000225a0d7a440 Thread added: 0x00000225a00a3b10
Event: 17.426 Thread 0x00000225a0d7a440 Thread added: 0x00000225a00a5550
Event: 17.426 Thread 0x00000225a0d7a440 Thread added: 0x00000225a00a5be0
Event: 17.445 Thread 0x00000225a0d7a440 Thread added: 0x00000225a00a6900
Event: 18.209 Thread 0x00000225a0d7a440 Thread added: 0x00000225a00a7620
Event: 18.602 Thread 0x00000225a0d7a440 Thread added: 0x00000225a00a7cb0
Event: 18.602 Thread 0x00000225a0d7a440 Thread added: 0x00000225a00a8340
Event: 18.602 Thread 0x00000225a0d7a440 Thread added: 0x00000225a00a96f0
Event: 18.603 Thread 0x00000225a0d7a440 Thread added: 0x00000225a00a89d0
Event: 18.603 Thread 0x00000225a0d7a440 Thread added: 0x00000225a00a9060
Event: 18.603 Thread 0x00000225a0d7a440 Thread added: 0x00000225a1951440
Event: 18.603 Thread 0x00000225a0d7a440 Thread added: 0x00000225a1953510
Event: 18.603 Thread 0x00000225a0d7a440 Thread added: 0x00000225a1950090
Event: 18.603 Thread 0x00000225a0d7a440 Thread added: 0x00000225a1952160
Event: 18.603 Thread 0x00000225a0d7a440 Thread added: 0x00000225a19527f0
Event: 18.604 Thread 0x00000225a0d7a440 Thread added: 0x00000225a1952e80
Event: 19.439 Thread 0x00000225a0d7a440 Thread added: 0x00000225a1950db0
Event: 21.079 Thread 0x00000225e4c9f540 Thread added: 0x000002259fea58a0
Event: 21.195 Thread 0x00000225a0d7a440 Thread added: 0x00000225a19555e0
Event: 22.202 Thread 0x000002259fea58a0 Thread exited: 0x000002259fea58a0


Dynamic libraries:
0x00007ff753670000 - 0x00007ff75367e000 	C:\Users\sande\.vscode\extensions\redhat.java-1.53.0-win32-x64\jre\21.0.10-win32-x86_64\bin\java.exe
0x00007ffa4c5c0000 - 0x00007ffa4c827000 	C:\WINDOWS\SYSTEM32\ntdll.dll
0x00007ffa4ad60000 - 0x00007ffa4ae29000 	C:\WINDOWS\System32\KERNEL32.DLL
0x00007ffa48f50000 - 0x00007ffa49341000 	C:\WINDOWS\System32\KERNELBASE.dll
0x00007ffa49640000 - 0x00007ffa4978b000 	C:\WINDOWS\System32\ucrtbase.dll
0x00007ffa08f50000 - 0x00007ffa08f6e000 	C:\Users\sande\.vscode\extensions\redhat.java-1.53.0-win32-x64\jre\21.0.10-win32-x86_64\bin\VCRUNTIME140.dll
0x00007ffa287f0000 - 0x00007ffa28808000 	C:\Users\sande\.vscode\extensions\redhat.java-1.53.0-win32-x64\jre\21.0.10-win32-x86_64\bin\jli.dll
0x00007ffa4a4c0000 - 0x00007ffa4a685000 	C:\WINDOWS\System32\USER32.dll
0x00007ffa49790000 - 0x00007ffa497b7000 	C:\WINDOWS\System32\win32u.dll
0x00007ffa34a80000 - 0x00007ffa34d13000 	C:\WINDOWS\WinSxS\amd64_microsoft.windows.common-controls_6595b64144ccf1df_6.0.26100.8037_none_3e092faae333b53b\COMCTL32.dll
0x00007ffa4aea0000 - 0x00007ffa4aecb000 	C:\WINDOWS\System32\GDI32.dll
0x00007ffa4b510000 - 0x00007ffa4b5b9000 	C:\WINDOWS\System32\msvcrt.dll
0x00007ffa499c0000 - 0x00007ffa49aeb000 	C:\WINDOWS\System32\gdi32full.dll
0x00007ffa48ea0000 - 0x00007ffa48f43000 	C:\WINDOWS\System32\msvcp_win.dll
0x00007ffa4ae30000 - 0x00007ffa4ae61000 	C:\WINDOWS\System32\IMM32.DLL
0x00007ffa23190000 - 0x00007ffa2319c000 	C:\Users\sande\.vscode\extensions\redhat.java-1.53.0-win32-x64\jre\21.0.10-win32-x86_64\bin\vcruntime140_1.dll
0x00007ff996890000 - 0x00007ff99691d000 	C:\Users\sande\.vscode\extensions\redhat.java-1.53.0-win32-x64\jre\21.0.10-win32-x86_64\bin\msvcp140.dll
0x00007ff9867f0000 - 0x00007ff987591000 	C:\Users\sande\.vscode\extensions\redhat.java-1.53.0-win32-x64\jre\21.0.10-win32-x86_64\bin\server\jvm.dll
0x00007ffa4c270000 - 0x00007ffa4c32b000 	C:\WINDOWS\System32\ADVAPI32.dll
0x00007ffa4b5c0000 - 0x00007ffa4b667000 	C:\WINDOWS\System32\sechost.dll
0x00007ffa4af60000 - 0x00007ffa4b078000 	C:\WINDOWS\System32\RPCRT4.dll
0x00007ffa4aee0000 - 0x00007ffa4af54000 	C:\WINDOWS\System32\WS2_32.dll
0x00007ffa48d20000 - 0x00007ffa48d7e000 	C:\WINDOWS\SYSTEM32\POWRPROF.dll
0x00007ffa35a10000 - 0x00007ffa35a45000 	C:\WINDOWS\SYSTEM32\WINMM.dll
0x00007ffa42070000 - 0x00007ffa4207b000 	C:\WINDOWS\SYSTEM32\VERSION.dll
0x00007ffa48d00000 - 0x00007ffa48d14000 	C:\WINDOWS\SYSTEM32\UMPDC.dll
0x00007ffa47c30000 - 0x00007ffa47c4b000 	C:\WINDOWS\SYSTEM32\kernel.appcore.dll
0x00007ffa1e0f0000 - 0x00007ffa1e0fa000 	C:\Users\sande\.vscode\extensions\redhat.java-1.53.0-win32-x64\jre\21.0.10-win32-x86_64\bin\jimage.dll
0x00007ffa46ad0000 - 0x00007ffa46d12000 	C:\WINDOWS\SYSTEM32\DBGHELP.DLL
0x00007ffa4b180000 - 0x00007ffa4b502000 	C:\WINDOWS\System32\combase.dll
0x00007ffa4a720000 - 0x00007ffa4a7f7000 	C:\WINDOWS\System32\OLEAUT32.dll
0x00007ffa2f900000 - 0x00007ffa2f93b000 	C:\WINDOWS\SYSTEM32\dbgcore.DLL
0x00007ffa49350000 - 0x00007ffa493f5000 	C:\WINDOWS\System32\bcryptPrimitives.dll
0x00007ffa32fb0000 - 0x00007ffa32fbf000 	C:\Users\sande\.vscode\extensions\redhat.java-1.53.0-win32-x64\jre\21.0.10-win32-x86_64\bin\instrument.dll
0x00007ff9df770000 - 0x00007ff9df790000 	C:\Users\sande\.vscode\extensions\redhat.java-1.53.0-win32-x64\jre\21.0.10-win32-x86_64\bin\java.dll
0x00007ffa4bb00000 - 0x00007ffa4c25f000 	C:\WINDOWS\System32\SHELL32.dll
0x00007ffa497c0000 - 0x00007ffa4992a000 	C:\WINDOWS\System32\wintypes.dll
0x00007ffa49af0000 - 0x00007ffa4a354000 	C:\WINDOWS\System32\windows.storage.dll
0x00007ffa4b080000 - 0x00007ffa4b177000 	C:\WINDOWS\System32\SHCORE.dll
0x00007ffa4c330000 - 0x00007ffa4c397000 	C:\WINDOWS\System32\shlwapi.dll
0x00007ffa48dc0000 - 0x00007ffa48de9000 	C:\WINDOWS\SYSTEM32\profapi.dll
0x00007ffa1e0d0000 - 0x00007ffa1e0e8000 	C:\Users\sande\.vscode\extensions\redhat.java-1.53.0-win32-x64\jre\21.0.10-win32-x86_64\bin\zip.dll
0x00007ff9fe520000 - 0x00007ff9fe530000 	C:\Users\sande\.vscode\extensions\redhat.java-1.53.0-win32-x64\jre\21.0.10-win32-x86_64\bin\net.dll
0x00007ffa41f00000 - 0x00007ffa42027000 	C:\WINDOWS\SYSTEM32\WINHTTP.dll
0x00007ffa481a0000 - 0x00007ffa4820b000 	C:\WINDOWS\system32\mswsock.dll
0x00007ff99ded0000 - 0x00007ff99dee6000 	C:\Users\sande\.vscode\extensions\redhat.java-1.53.0-win32-x64\jre\21.0.10-win32-x86_64\bin\nio.dll
0x00007ff9fc950000 - 0x00007ff9fc960000 	C:\Users\sande\.vscode\extensions\redhat.java-1.53.0-win32-x64\jre\21.0.10-win32-x86_64\bin\verify.dll
0x00007ff9db090000 - 0x00007ff9db0b7000 	C:\Users\sande\.gradle\native\68d5fa5c4cc2d200863cafc0d521ce42e7d3e7ee720ec0a83991735586a16f82\windows-amd64\native-platform.dll
0x00007ff98ad40000 - 0x00007ff98ae84000 	C:\Users\sande\.gradle\native\e376f236ea51e6404a007f0833ffe2c6e607c4080706a723a18a27aeea778392\windows-amd64\native-platform-file-events.dll
0x00007ff9a07e0000 - 0x00007ff9a07ea000 	C:\Users\sande\.vscode\extensions\redhat.java-1.53.0-win32-x64\jre\21.0.10-win32-x86_64\bin\management.dll
0x00007ff99df40000 - 0x00007ff99df4c000 	C:\Users\sande\.vscode\extensions\redhat.java-1.53.0-win32-x64\jre\21.0.10-win32-x86_64\bin\management_ext.dll
0x00007ffa4aed0000 - 0x00007ffa4aed8000 	C:\WINDOWS\System32\PSAPI.DLL
0x00007ffa48490000 - 0x00007ffa484ab000 	C:\WINDOWS\SYSTEM32\CRYPTSP.dll
0x00007ffa47b90000 - 0x00007ffa47bc9000 	C:\WINDOWS\system32\rsaenh.dll
0x00007ffa48250000 - 0x00007ffa48282000 	C:\WINDOWS\SYSTEM32\USERENV.dll
0x00007ffa48d90000 - 0x00007ffa48dba000 	C:\WINDOWS\SYSTEM32\bcrypt.dll
0x00007ffa48480000 - 0x00007ffa4848c000 	C:\WINDOWS\SYSTEM32\CRYPTBASE.dll
0x00007ffa476b0000 - 0x00007ffa476e3000 	C:\WINDOWS\SYSTEM32\IPHLPAPI.DLL
0x00007ffa4a860000 - 0x00007ffa4a86a000 	C:\WINDOWS\System32\NSI.dll
0x00007ff99df20000 - 0x00007ff99df29000 	C:\Users\sande\.vscode\extensions\redhat.java-1.53.0-win32-x64\jre\21.0.10-win32-x86_64\bin\extnet.dll
0x00007ff99df30000 - 0x00007ff99df3e000 	C:\Users\sande\.vscode\extensions\redhat.java-1.53.0-win32-x64\jre\21.0.10-win32-x86_64\bin\sunmscapi.dll
0x00007ffa494c0000 - 0x00007ffa49637000 	C:\WINDOWS\System32\CRYPT32.dll
0x00007ffa486a0000 - 0x00007ffa486d0000 	C:\WINDOWS\SYSTEM32\ncrypt.dll
0x00007ffa48650000 - 0x00007ffa4868f000 	C:\WINDOWS\SYSTEM32\NTASN1.dll
0x00007ff9cc650000 - 0x00007ff9cc658000 	C:\WINDOWS\system32\wshunix.dll

JVMTI agents:
C:\Users\sande\.gradle\wrapper\dists\gradle-8.3-all\6en3ugtfdg5xnpx44z4qbwgas\gradle-8.3\lib\agents\gradle-instrumentation-agent-8.3.jar path:C:\Users\sande\.vscode\extensions\redhat.java-1.53.0-win32-x64\jre\21.0.10-win32-x86_64\bin\instrument.dll, loaded, initialized, instrumentlib options:none

dbghelp: loaded successfully - version: 4.0.5 - missing functions: none
symbol engine: initialized successfully - sym options: 0x614 - pdb path: .;C:\Users\sande\.vscode\extensions\redhat.java-1.53.0-win32-x64\jre\21.0.10-win32-x86_64\bin;C:\WINDOWS\SYSTEM32;C:\WINDOWS\WinSxS\amd64_microsoft.windows.common-controls_6595b64144ccf1df_6.0.26100.8037_none_3e092faae333b53b;C:\Users\sande\.vscode\extensions\redhat.java-1.53.0-win32-x64\jre\21.0.10-win32-x86_64\bin\server;C:\Users\sande\.gradle\native\68d5fa5c4cc2d200863cafc0d521ce42e7d3e7ee720ec0a83991735586a16f82\windows-amd64;C:\Users\sande\.gradle\native\e376f236ea51e6404a007f0833ffe2c6e607c4080706a723a18a27aeea778392\windows-amd64

VM Arguments:
jvm_args: -XX:MaxMetaspaceSize=512m --add-opens=java.base/java.util=ALL-UNNAMED --add-opens=java.base/java.lang=ALL-UNNAMED --add-opens=java.base/java.lang.invoke=ALL-UNNAMED --add-opens=java.prefs/java.util.prefs=ALL-UNNAMED --add-opens=java.base/java.nio.charset=ALL-UNNAMED --add-opens=java.base/java.net=ALL-UNNAMED --add-opens=java.base/java.util.concurrent.atomic=ALL-UNNAMED -Xmx2048m -Dfile.encoding=utf8 -Duser.country=IN -Duser.language=en -Duser.variant -javaagent:C:\Users\sande\.gradle\wrapper\dists\gradle-8.3-all\6en3ugtfdg5xnpx44z4qbwgas\gradle-8.3\lib\agents\gradle-instrumentation-agent-8.3.jar 
java_command: org.gradle.launcher.daemon.bootstrap.GradleDaemon 8.3
java_class_path (initial): C:\Users\sande\.gradle\wrapper\dists\gradle-8.3-all\6en3ugtfdg5xnpx44z4qbwgas\gradle-8.3\lib\gradle-launcher-8.3.jar
Launcher Type: SUN_STANDARD

[Global flags]
     intx CICompilerCount                          = 4                                         {product} {ergonomic}
   size_t CompressedClassSpaceSize                 = 436207616                                 {product} {ergonomic}
     uint ConcGCThreads                            = 3                                         {product} {ergonomic}
     uint G1ConcRefinementThreads                  = 10                                        {product} {ergonomic}
   size_t G1HeapRegionSize                         = 1048576                                   {product} {ergonomic}
    uintx GCDrainStackTargetSize                   = 64                                        {product} {ergonomic}
   size_t InitialHeapSize                          = 132120576                                 {product} {ergonomic}
   size_t MarkStackSize                            = 4194304                                   {product} {ergonomic}
   size_t MaxHeapSize                              = 2147483648                                {product} {command line}
   size_t MaxMetaspaceSize                         = 536870912                                 {product} {command line}
   size_t MaxNewSize                               = 1287651328                                {product} {ergonomic}
   size_t MinHeapDeltaBytes                        = 1048576                                   {product} {ergonomic}
   size_t MinHeapSize                              = 8388608                                   {product} {ergonomic}
    uintx NonNMethodCodeHeapSize                   = 5839372                                {pd product} {ergonomic}
    uintx NonProfiledCodeHeapSize                  = 122909434                              {pd product} {ergonomic}
    uintx ProfiledCodeHeapSize                     = 122909434                              {pd product} {ergonomic}
    uintx ReservedCodeCacheSize                    = 251658240                              {pd product} {ergonomic}
     bool SegmentedCodeCache                       = true                                      {product} {ergonomic}
   size_t SoftMaxHeapSize                          = 2147483648                             {manageable} {ergonomic}
     bool UseCompressedOops                        = true                           {product lp64_product} {ergonomic}
     bool UseG1GC                                  = true                                      {product} {ergonomic}
     bool UseLargePagesIndividualAllocation        = false                                  {pd product} {ergonomic}

Logging:
Log output configuration:
 #0: stdout all=warning uptime,level,tags foldmultilines=false
 #1: stderr all=off uptime,level,tags foldmultilines=false

Release file:
JAVA_VERSION="21.0.10" 
MODULES="java.base java.compiler java.datatransfer java.xml java.prefs java.desktop java.instrument java.logging java.management java.security.sasl java.naming java.rmi java.management.rmi java.net.http java.scripting java.security.jgss java.transaction.xa java.sql java.sql.rowset java.xml.crypto java.se java.smartcardio jdk.accessibility jdk.internal.jvmstat jdk.attach jdk.charsets jdk.internal.opt jdk.zipfs jdk.compiler jdk.crypto.ec jdk.crypto.cryptoki jdk.crypto.mscapi jdk.dynalink jdk.internal.ed jdk.editpad jdk.hotspot.agent jdk.httpserver jdk.internal.le jdk.internal.vm.ci jdk.internal.vm.compiler jdk.internal.vm.compiler.management jdk.jartool jdk.javadoc jdk.jcmd jdk.management jdk.management.agent jdk.jconsole jdk.jdeps jdk.jdwp.agent jdk.jdi jdk.jfr jdk.jshell jdk.jsobject jdk.jstatd jdk.localedata jdk.management.jfr jdk.naming.dns jdk.naming.rmi jdk.net jdk.nio.mapmode jdk.random jdk.sctp jdk.security.auth jdk.security.jgss jdk.unsupported jdk.unsupported.desktop jdk.xml.dom" 

Environment Variables:
PATH=C:\Program Files\Common Files\Oracle\Java\javapath;C:\Python313\Scripts\;C:\Python313\;C:\Program Files\Python312\Scripts\;C:\Program Files\Python312\;C:\Windows\system32;C:\Windows;C:\Windows\System32\Wbem;C:\Windows\System32\WindowsPowerShell\v1.0\;C:\Windows\System32\OpenSSH\;C:\Program Files (x86)\NVIDIA Corporation\PhysX\Common;C:\WINDOWS\system32;C:\WINDOWS;C:\WINDOWS\System32\Wbem;C:\WINDOWS\System32\WindowsPowerShell\v1.0\;C:\WINDOWS\System32\OpenSSH\;C:\Program Files\Git\bin;C:\Program Files\NVIDIA Corporation\NVIDIA NvDLISR;C:\Program Files\GTK3-Runtime Win64\bin;C:\Users\sande\Downloads\kotlin-compiler-1.9.22\kotlinc\bin;C:\Program Files\Azure Data Studio\bin;C:\Program Files\MySQL\MySQL Server 8.0\bin;C:\Users\sande\AppData\Local\Android\Sdk;C:\Users\sande\AppData\Local\Android\Sdk\platform-tools;C:\WINDOWS\system32;C:\WINDOWS;C:\WINDOWS\System32\Wbem;C:\WINDOWS\System32\WindowsPowerShell\v1.0\;C:\WINDOWS\System32\OpenSSH\;C:\ProgramData\chocolatey\bin;C:\Program Files\nodejs;C:\Users\sande\AppData\Local\nvm;C:\nvm4w\nodejs;C:\MinGW\bin;C:\Program Files\Go\bin;C:\Users\sande\Downloads\apache-maven-3.9.9\bin;C:\Program Files\PuTTY\;C:\Program Files\Docker\Docker\resources\bin;C:\Program Files\Java\jdk-17\bin;C:\Users\sande\AppData\Local\Android\Sdk\tools;C:\Program Files\MySQL\MySQL Shell 8.0\bin\;C:\Users\sande\AppData\Local\Microsoft\WindowsApps;C:\Program Files\JetBrains\IntelliJ IDEA Community Edition 2023.1.2\bin;;C:\Users\sande\AppData\Local\Programs\Microsoft VS Code\bin;C:\Users\sande\dart-sdk\bin;C:\Users\sande\Desktop\flutter_windows_3.16.5-stable\flutter\bin;C:\Program Files\Azure Data Studio\bin;C:\ProgramData\Microsoft\Windows\Start Menu\Programs\Python 3.12\Python 3.12 (64-bit).lnk;C:\Program Files\Python312\Scripts;C:\Mongosh\;C:\Users\sande\AppData\Local\nvm;C:\nvm4w\nodejs;C:\Users\sande\go\bin;C:\Program Files\JetBrains\IntelliJ IDEA 2024.3.5\bin;;C:\Program Files\Java\jdk-17\bin;C:\Program Files\Java\jdk-17\;C:\Users\sande\AppData\Local\Programs\Antigravity\bin
USERNAME=sande
OS=Windows_NT
PROCESSOR_IDENTIFIER=Intel64 Family 6 Model 165 Stepping 2, GenuineIntel
TMP=C:\Users\sande\AppData\Local\Temp
TEMP=C:\Users\sande\AppData\Local\Temp




Periodic native trim disabled

---------------  S Y S T E M  ---------------

OS:
 Windows 11 , 64 bit Build 26100 (10.0.26100.7920)
OS uptime: 0 days 2:16 hours
Hyper-V role detected

CPU: total 12 (initial active 12) (6 cores per cpu, 2 threads per core) family 6 model 165 stepping 2 microcode 0xf6, cx8, cmov, fxsr, ht, mmx, 3dnowpref, sse, sse2, sse3, ssse3, sse4.1, sse4.2, popcnt, lzcnt, tsc, tscinvbit, avx, avx2, aes, erms, clmul, bmi1, bmi2, adx, fma, vzeroupper, clflush, clflushopt, hv, rdtscp, f16c
Processor Information for the first 12 processors :
  Max Mhz: 2496, Current Mhz: 2496, Mhz Limit: 2496

Memory: 4k page, system-wide physical 8059M (616M free)
TotalPageFile size 32635M (AvailPageFile size 736M)
current process WorkingSet (physical memory assigned to process): 319M, peak: 319M
current process commit charge ("private bytes"): 357M, peak: 357M

vm_info: OpenJDK 64-Bit Server VM (21.0.10+7-LTS) for windows-amd64 JRE (21.0.10+7-LTS), built on 2026-01-20T00:00:00Z by "admin" with MS VC++ 17.12 (VS2022)

END.
