#
# There is insufficient memory for the Java Runtime Environment to continue.
# Native memory allocation (malloc) failed to allocate 1860512 bytes for Chunk::new
# Possible reasons:
#   The system is out of physical RAM or swap space
#   The process is running with CompressedOops enabled, and the Java Heap may be blocking the growth of the native heap
# Possible solutions:
#   Reduce memory load on the system
#   Increase physical memory or swap space
#   Check if swap backing store is full
#   Decrease Java heap size (-Xmx/-Xms)
#   Decrease number of Java threads
#   Decrease Java thread stack sizes (-Xss)
#   Set larger code cache with -XX:ReservedCodeCacheSize=
#   JVM is running with Unscaled Compressed Oops mode in which the Java heap is
#     placed in the first 4GB address space. The Java Heap base address is the
#     maximum limit for the native heap growth. Please use -XX:HeapBaseMinAddress
#     to set the Java Heap base and to place the Java Heap above 4GB virtual address.
# This output file may be truncated or incomplete.
#
#  Out of Memory Error (arena.cpp:189), pid=24380, tid=6692
#
# JRE version: Java(TM) SE Runtime Environment (17.0.12+8) (build 17.0.12+8-LTS-286)
# Java VM: Java HotSpot(TM) 64-Bit Server VM (17.0.12+8-LTS-286, mixed mode, sharing, tiered, compressed oops, compressed class ptrs, g1 gc, windows-amd64)
# No core dump will be written. Minidumps are not enabled by default on client versions of Windows
#

---------------  S U M M A R Y ------------

Command Line: -XX:MaxMetaspaceSize=512m --add-opens=java.base/java.util=ALL-UNNAMED --add-opens=java.base/java.lang=ALL-UNNAMED --add-opens=java.base/java.lang.invoke=ALL-UNNAMED --add-opens=java.prefs/java.util.prefs=ALL-UNNAMED --add-opens=java.base/java.nio.charset=ALL-UNNAMED --add-opens=java.base/java.net=ALL-UNNAMED --add-opens=java.base/java.util.concurrent.atomic=ALL-UNNAMED -Xmx2048m -Dfile.encoding=utf8 -Duser.country=IN -Duser.language=en -Duser.variant -javaagent:C:\Users\sande\.gradle\wrapper\dists\gradle-8.3-all\6en3ugtfdg5xnpx44z4qbwgas\gradle-8.3\lib\agents\gradle-instrumentation-agent-8.3.jar org.gradle.launcher.daemon.bootstrap.GradleDaemon 8.3

Host: Intel(R) Core(TM) i5-10500H CPU @ 2.50GHz, 12 cores, 7G,  Windows 11 , 64 bit Build 26100 (10.0.26100.7920)
Time: Wed Apr  1 02:51:35 2026 India Standard Time elapsed time: 4.770566 seconds (0d 0h 0m 4s)

---------------  T H R E A D  ---------------

Current thread (0x00000190d84e3d50):  JavaThread "C2 CompilerThread0" daemon [_thread_in_native, id=6692, stack(0x00000039a9f00000,0x00000039aa000000)]


Current CompileTask:
C2:   4770 2218   !   4       java.lang.ClassLoader::loadClass (121 bytes)

Stack: [0x00000039a9f00000,0x00000039aa000000]
Native frames: (J=compiled Java code, j=interpreted, Vv=VM code, C=native code)
V  [jvm.dll+0x67a04a]
V  [jvm.dll+0x7da4ed]
V  [jvm.dll+0x7dbe33]
V  [jvm.dll+0x7dc4a3]
V  [jvm.dll+0x24508f]
V  [jvm.dll+0xab773]
V  [jvm.dll+0xabd3c]
V  [jvm.dll+0x361bee]
V  [jvm.dll+0x1ba45a]
V  [jvm.dll+0x216997]
V  [jvm.dll+0x215c6f]
V  [jvm.dll+0x1a2960]
V  [jvm.dll+0x22610b]
V  [jvm.dll+0x2242ab]
V  [jvm.dll+0x79075c]
V  [jvm.dll+0x78abea]
V  [jvm.dll+0x678f35]
C  [ucrtbase.dll+0x37b0]
C  [KERNEL32.DLL+0x2e8d7]
C  [ntdll.dll+0x8c48c]


---------------  P R O C E S S  ---------------

Threads class SMR info:
_java_thread_list=0x00000190fb013ac0, length=26, elements={
0x00000190b9e674f0, 0x00000190d84c2560, 0x00000190d84c3030, 0x00000190d84d9060,
0x00000190d84db940, 0x00000190d84dc820, 0x00000190d84dd890, 0x00000190d84e3d50,
0x00000190d84f51c0, 0x00000190d84feb20, 0x00000190d870e620, 0x00000190d87c9020,
0x00000190f9af3280, 0x00000190d893fb60, 0x00000190d88cbc70, 0x00000190f8cbdcd0,
0x00000190fa6c87f0, 0x00000190f961e210, 0x00000190f8d7b3a0, 0x00000190f8d7c2d0,
0x00000190f8d7ccf0, 0x00000190f8d7b8b0, 0x00000190f8d79f60, 0x00000190f8d7d200,
0x00000190f8d7a470, 0x00000190f8d7ae90
}

Java Threads: ( => current thread )
  0x00000190b9e674f0 JavaThread "main" [_thread_blocked, id=13812, stack(0x00000039a9200000,0x00000039a9300000)]
  0x00000190d84c2560 JavaThread "Reference Handler" daemon [_thread_blocked, id=2684, stack(0x00000039a9900000,0x00000039a9a00000)]
  0x00000190d84c3030 JavaThread "Finalizer" daemon [_thread_blocked, id=2688, stack(0x00000039a9a00000,0x00000039a9b00000)]
  0x00000190d84d9060 JavaThread "Signal Dispatcher" daemon [_thread_blocked, id=25492, stack(0x00000039a9b00000,0x00000039a9c00000)]
  0x00000190d84db940 JavaThread "Attach Listener" daemon [_thread_blocked, id=23572, stack(0x00000039a9c00000,0x00000039a9d00000)]
  0x00000190d84dc820 JavaThread "Service Thread" daemon [_thread_blocked, id=6696, stack(0x00000039a9d00000,0x00000039a9e00000)]
  0x00000190d84dd890 JavaThread "Monitor Deflation Thread" daemon [_thread_blocked, id=8424, stack(0x00000039a9e00000,0x00000039a9f00000)]
=>0x00000190d84e3d50 JavaThread "C2 CompilerThread0" daemon [_thread_in_native, id=6692, stack(0x00000039a9f00000,0x00000039aa000000)]
  0x00000190d84f51c0 JavaThread "C1 CompilerThread0" daemon [_thread_blocked, id=23776, stack(0x00000039aa000000,0x00000039aa100000)]
  0x00000190d84feb20 JavaThread "Sweeper thread" daemon [_thread_blocked, id=21668, stack(0x00000039aa100000,0x00000039aa200000)]
  0x00000190d870e620 JavaThread "Common-Cleaner" daemon [_thread_blocked, id=7180, stack(0x00000039aa200000,0x00000039aa300000)]
  0x00000190d87c9020 JavaThread "Notification Thread" daemon [_thread_blocked, id=24536, stack(0x00000039aa300000,0x00000039aa400000)]
  0x00000190f9af3280 JavaThread "Daemon health stats" [_thread_blocked, id=10408, stack(0x00000039aaa00000,0x00000039aab00000)]
  0x00000190d893fb60 JavaThread "Incoming local TCP Connector on port 59878" [_thread_in_native, id=9260, stack(0x00000039aa500000,0x00000039aa600000)]
  0x00000190d88cbc70 JavaThread "C2 CompilerThread1" daemon [_thread_in_native, id=25276, stack(0x00000039aab00000,0x00000039aac00000)]
  0x00000190f8cbdcd0 JavaThread "Daemon periodic checks" [_thread_blocked, id=10988, stack(0x00000039aac00000,0x00000039aad00000)]
  0x00000190fa6c87f0 JavaThread "Daemon" [_thread_blocked, id=22536, stack(0x00000039aad00000,0x00000039aae00000)]
  0x00000190f961e210 JavaThread "Handler for socket connection from /127.0.0.1:59878 to /127.0.0.1:59879" [_thread_in_native, id=6020, stack(0x00000039aae00000,0x00000039aaf00000)]
  0x00000190f8d7b3a0 JavaThread "Cancel handler" [_thread_blocked, id=25408, stack(0x00000039aaf00000,0x00000039ab000000)]
  0x00000190f8d7c2d0 JavaThread "Daemon worker" [_thread_in_native, id=10556, stack(0x00000039ab000000,0x00000039ab100000)]
  0x00000190f8d7ccf0 JavaThread "Asynchronous log dispatcher for DefaultDaemonConnection: socket connection from /127.0.0.1:59878 to /127.0.0.1:59879" [_thread_blocked, id=5796, stack(0x00000039ab100000,0x00000039ab200000)]
  0x00000190f8d7b8b0 JavaThread "Stdin handler" [_thread_blocked, id=10844, stack(0x00000039ab200000,0x00000039ab300000)]
  0x00000190f8d79f60 JavaThread "Daemon client event forwarder" [_thread_blocked, id=20056, stack(0x00000039ab300000,0x00000039ab400000)]
  0x00000190f8d7d200 JavaThread "Cache worker for journal cache (C:\Users\sande\.gradle\caches\journal-1)" [_thread_blocked, id=23188, stack(0x00000039ab400000,0x00000039ab500000)]
  0x00000190f8d7a470 JavaThread "File lock request listener" [_thread_in_native, id=7704, stack(0x00000039ab500000,0x00000039ab600000)]
  0x00000190f8d7ae90 JavaThread "Cache worker for file hash cache (C:\Users\sande\.gradle\caches\8.3\fileHashes)" [_thread_blocked, id=24492, stack(0x00000039ab600000,0x00000039ab700000)]

Other Threads:
  0x00000190d84bf770 VMThread "VM Thread" [stack: 0x00000039a9800000,0x00000039a9900000] [id=5596]
  0x00000190d87fdcc0 WatcherThread [stack: 0x00000039aa400000,0x00000039aa500000] [id=8900]
  0x00000190b9ec5ea0 GCTaskThread "GC Thread#0" [stack: 0x00000039a9300000,0x00000039a9400000] [id=3164]
  0x00000190f8780030 GCTaskThread "GC Thread#1" [stack: 0x00000039aa600000,0x00000039aa700000] [id=17300]
  0x00000190f853ab10 GCTaskThread "GC Thread#2" [stack: 0x00000039aa700000,0x00000039aa800000] [id=8480]
  0x00000190f88bdd30 GCTaskThread "GC Thread#3" [stack: 0x00000039aa800000,0x00000039aa900000] [id=24516]
  0x00000190f8644890 GCTaskThread "GC Thread#4" [stack: 0x00000039aa900000,0x00000039aaa00000] [id=14744]
  0x00000190b9f15010 ConcurrentGCThread "G1 Main Marker" [stack: 0x00000039a9400000,0x00000039a9500000] [id=24400]
  0x00000190b9f160d0 ConcurrentGCThread "G1 Conc#0" [stack: 0x00000039a9500000,0x00000039a9600000] [id=8220]
  0x00000190b9f2e750 ConcurrentGCThread "G1 Refine#0" [stack: 0x00000039a9600000,0x00000039a9700000] [id=8512]
  0x00000190d8378560 ConcurrentGCThread "G1 Service" [stack: 0x00000039a9700000,0x00000039a9800000] [id=19872]

Threads with active compile tasks:
C2 CompilerThread0     4813 2218   !   4       java.lang.ClassLoader::loadClass (121 bytes)
C2 CompilerThread1     4813 2278   !   4       java.net.URLClassLoader::findClass (47 bytes)

VM state: not at safepoint (normal execution)

VM Mutex/Monitor currently owned by a thread: None

Heap address: 0x0000000080000000, size: 2048 MB, Compressed Oops mode: 32-bit

CDS archive(s) mapped at: [0x00000190d9000000-0x00000190d9bd0000-0x00000190d9bd0000), size 12386304, SharedBaseAddress: 0x00000190d9000000, ArchiveRelocationMode: 1.
Compressed class space mapped at: 0x00000190da000000-0x00000190f4000000, reserved size: 436207616
Narrow klass base: 0x00000190d9000000, Narrow klass shift: 0, Narrow klass range: 0x100000000

GC Precious Log:
 CPUs: 12 total, 12 available
 Memory: 8059M
 Large Page Support: Disabled
 NUMA Support: Disabled
 Compressed Oops: Enabled (32-bit)
 Heap Region Size: 1M
 Heap Min Capacity: 8M
 Heap Initial Capacity: 126M
 Heap Max Capacity: 2G
 Pre-touch: Disabled
 Parallel Workers: 10
 Concurrent Workers: 3
 Concurrent Refinement Workers: 10
 Periodic GC: Disabled

Heap:
 garbage-first heap   total 129024K, used 86183K [0x0000000080000000, 0x0000000100000000)
  region size 1024K, 74 young (75776K), 2 survivors (2048K)
 Metaspace       used 15975K, committed 16256K, reserved 491520K
  class space    used 2300K, committed 2432K, reserved 425984K

Heap Regions: E=young(eden), S=young(survivor), O=old, HS=humongous(starts), HC=humongous(continues), CS=collection set, F=free, OA=open archive, CA=closed archive, TAMS=top-at-mark-start (previous, next)
|   0|0x0000000080000000, 0x0000000080100000, 0x0000000080100000|100%|HS|  |TAMS 0x0000000080000000, 0x0000000080000000| Complete 
|   1|0x0000000080100000, 0x0000000080200000, 0x0000000080200000|100%|HC|  |TAMS 0x0000000080100000, 0x0000000080100000| Complete 
|   2|0x0000000080200000, 0x0000000080300000, 0x0000000080300000|100%|HC|  |TAMS 0x0000000080200000, 0x0000000080200000| Complete 
|   3|0x0000000080300000, 0x0000000080400000, 0x0000000080400000|100%|HC|  |TAMS 0x0000000080300000, 0x0000000080300000| Complete 
|   4|0x0000000080400000, 0x0000000080500000, 0x0000000080500000|100%| O|  |TAMS 0x0000000080400000, 0x0000000080400000| Untracked 
|   5|0x0000000080500000, 0x0000000080600000, 0x0000000080600000|100%| O|  |TAMS 0x0000000080500000, 0x0000000080500000| Untracked 
|   6|0x0000000080600000, 0x0000000080700000, 0x0000000080700000|100%| O|  |TAMS 0x0000000080600000, 0x0000000080600000| Untracked 
|   7|0x0000000080700000, 0x0000000080800000, 0x0000000080800000|100%| O|  |TAMS 0x0000000080700000, 0x0000000080700000| Untracked 
|   8|0x0000000080800000, 0x0000000080900000, 0x0000000080900000|100%| O|  |TAMS 0x0000000080800000, 0x0000000080800000| Untracked 
|   9|0x0000000080900000, 0x0000000080a00000, 0x0000000080a00000|100%| O|  |TAMS 0x0000000080900000, 0x0000000080900000| Untracked 
|  10|0x0000000080a00000, 0x0000000080a2a400, 0x0000000080b00000| 16%| O|  |TAMS 0x0000000080a00000, 0x0000000080a00000| Untracked 
|  11|0x0000000080b00000, 0x0000000080c00000, 0x0000000080c00000|100%|HS|  |TAMS 0x0000000080b00000, 0x0000000080b00000| Complete 
|  12|0x0000000080c00000, 0x0000000080c00000, 0x0000000080d00000|  0%| F|  |TAMS 0x0000000080c00000, 0x0000000080c00000| Untracked 
|  13|0x0000000080d00000, 0x0000000080d00000, 0x0000000080e00000|  0%| F|  |TAMS 0x0000000080d00000, 0x0000000080d00000| Untracked 
|  14|0x0000000080e00000, 0x0000000080e00000, 0x0000000080f00000|  0%| F|  |TAMS 0x0000000080e00000, 0x0000000080e00000| Untracked 
|  15|0x0000000080f00000, 0x0000000080f00000, 0x0000000081000000|  0%| F|  |TAMS 0x0000000080f00000, 0x0000000080f00000| Untracked 
|  16|0x0000000081000000, 0x0000000081000000, 0x0000000081100000|  0%| F|  |TAMS 0x0000000081000000, 0x0000000081000000| Untracked 
|  17|0x0000000081100000, 0x0000000081100000, 0x0000000081200000|  0%| F|  |TAMS 0x0000000081100000, 0x0000000081100000| Untracked 
|  18|0x0000000081200000, 0x0000000081200000, 0x0000000081300000|  0%| F|  |TAMS 0x0000000081200000, 0x0000000081200000| Untracked 
|  19|0x0000000081300000, 0x0000000081300000, 0x0000000081400000|  0%| F|  |TAMS 0x0000000081300000, 0x0000000081300000| Untracked 
|  20|0x0000000081400000, 0x0000000081400000, 0x0000000081500000|  0%| F|  |TAMS 0x0000000081400000, 0x0000000081400000| Untracked 
|  21|0x0000000081500000, 0x0000000081500000, 0x0000000081600000|  0%| F|  |TAMS 0x0000000081500000, 0x0000000081500000| Untracked 
|  22|0x0000000081600000, 0x0000000081600000, 0x0000000081700000|  0%| F|  |TAMS 0x0000000081600000, 0x0000000081600000| Untracked 
|  23|0x0000000081700000, 0x0000000081700000, 0x0000000081800000|  0%| F|  |TAMS 0x0000000081700000, 0x0000000081700000| Untracked 
|  24|0x0000000081800000, 0x0000000081800000, 0x0000000081900000|  0%| F|  |TAMS 0x0000000081800000, 0x0000000081800000| Untracked 
|  25|0x0000000081900000, 0x0000000081900000, 0x0000000081a00000|  0%| F|  |TAMS 0x0000000081900000, 0x0000000081900000| Untracked 
|  26|0x0000000081a00000, 0x0000000081a00000, 0x0000000081b00000|  0%| F|  |TAMS 0x0000000081a00000, 0x0000000081a00000| Untracked 
|  27|0x0000000081b00000, 0x0000000081b00000, 0x0000000081c00000|  0%| F|  |TAMS 0x0000000081b00000, 0x0000000081b00000| Untracked 
|  28|0x0000000081c00000, 0x0000000081c00000, 0x0000000081d00000|  0%| F|  |TAMS 0x0000000081c00000, 0x0000000081c00000| Untracked 
|  29|0x0000000081d00000, 0x0000000081d00000, 0x0000000081e00000|  0%| F|  |TAMS 0x0000000081d00000, 0x0000000081d00000| Untracked 
|  30|0x0000000081e00000, 0x0000000081e00000, 0x0000000081f00000|  0%| F|  |TAMS 0x0000000081e00000, 0x0000000081e00000| Untracked 
|  31|0x0000000081f00000, 0x0000000081f00000, 0x0000000082000000|  0%| F|  |TAMS 0x0000000081f00000, 0x0000000081f00000| Untracked 
|  32|0x0000000082000000, 0x0000000082000000, 0x0000000082100000|  0%| F|  |TAMS 0x0000000082000000, 0x0000000082000000| Untracked 
|  33|0x0000000082100000, 0x0000000082100000, 0x0000000082200000|  0%| F|  |TAMS 0x0000000082100000, 0x0000000082100000| Untracked 
|  34|0x0000000082200000, 0x0000000082200000, 0x0000000082300000|  0%| F|  |TAMS 0x0000000082200000, 0x0000000082200000| Untracked 
|  35|0x0000000082300000, 0x0000000082300000, 0x0000000082400000|  0%| F|  |TAMS 0x0000000082300000, 0x0000000082300000| Untracked 
|  36|0x0000000082400000, 0x0000000082400000, 0x0000000082500000|  0%| F|  |TAMS 0x0000000082400000, 0x0000000082400000| Untracked 
|  37|0x0000000082500000, 0x0000000082500000, 0x0000000082600000|  0%| F|  |TAMS 0x0000000082500000, 0x0000000082500000| Untracked 
|  38|0x0000000082600000, 0x0000000082600000, 0x0000000082700000|  0%| F|  |TAMS 0x0000000082600000, 0x0000000082600000| Untracked 
|  39|0x0000000082700000, 0x0000000082700000, 0x0000000082800000|  0%| F|  |TAMS 0x0000000082700000, 0x0000000082700000| Untracked 
|  40|0x0000000082800000, 0x0000000082800000, 0x0000000082900000|  0%| F|  |TAMS 0x0000000082800000, 0x0000000082800000| Untracked 
|  41|0x0000000082900000, 0x0000000082900000, 0x0000000082a00000|  0%| F|  |TAMS 0x0000000082900000, 0x0000000082900000| Untracked 
|  42|0x0000000082a00000, 0x0000000082a00000, 0x0000000082b00000|  0%| F|  |TAMS 0x0000000082a00000, 0x0000000082a00000| Untracked 
|  43|0x0000000082b00000, 0x0000000082b00000, 0x0000000082c00000|  0%| F|  |TAMS 0x0000000082b00000, 0x0000000082b00000| Untracked 
|  44|0x0000000082c00000, 0x0000000082c00000, 0x0000000082d00000|  0%| F|  |TAMS 0x0000000082c00000, 0x0000000082c00000| Untracked 
|  45|0x0000000082d00000, 0x0000000082d00000, 0x0000000082e00000|  0%| F|  |TAMS 0x0000000082d00000, 0x0000000082d00000| Untracked 
|  46|0x0000000082e00000, 0x0000000082e00000, 0x0000000082f00000|  0%| F|  |TAMS 0x0000000082e00000, 0x0000000082e00000| Untracked 
|  47|0x0000000082f00000, 0x0000000082f00000, 0x0000000083000000|  0%| F|  |TAMS 0x0000000082f00000, 0x0000000082f00000| Untracked 
|  48|0x0000000083000000, 0x0000000083000000, 0x0000000083100000|  0%| F|  |TAMS 0x0000000083000000, 0x0000000083000000| Untracked 
|  49|0x0000000083100000, 0x0000000083100000, 0x0000000083200000|  0%| F|  |TAMS 0x0000000083100000, 0x0000000083100000| Untracked 
|  50|0x0000000083200000, 0x0000000083200000, 0x0000000083300000|  0%| F|  |TAMS 0x0000000083200000, 0x0000000083200000| Untracked 
|  51|0x0000000083300000, 0x0000000083300000, 0x0000000083400000|  0%| F|  |TAMS 0x0000000083300000, 0x0000000083300000| Untracked 
|  52|0x0000000083400000, 0x0000000083500000, 0x0000000083500000|100%| E|  |TAMS 0x0000000083400000, 0x0000000083400000| Complete 
|  53|0x0000000083500000, 0x0000000083600000, 0x0000000083600000|100%| E|CS|TAMS 0x0000000083500000, 0x0000000083500000| Complete 
|  54|0x0000000083600000, 0x0000000083700000, 0x0000000083700000|100%| E|CS|TAMS 0x0000000083600000, 0x0000000083600000| Complete 
|  55|0x0000000083700000, 0x0000000083800000, 0x0000000083800000|100%| E|CS|TAMS 0x0000000083700000, 0x0000000083700000| Complete 
|  56|0x0000000083800000, 0x0000000083900000, 0x0000000083900000|100%| E|CS|TAMS 0x0000000083800000, 0x0000000083800000| Complete 
|  57|0x0000000083900000, 0x0000000083a00000, 0x0000000083a00000|100%| E|CS|TAMS 0x0000000083900000, 0x0000000083900000| Complete 
|  58|0x0000000083a00000, 0x0000000083b00000, 0x0000000083b00000|100%| E|CS|TAMS 0x0000000083a00000, 0x0000000083a00000| Complete 
|  59|0x0000000083b00000, 0x0000000083c00000, 0x0000000083c00000|100%| E|CS|TAMS 0x0000000083b00000, 0x0000000083b00000| Complete 
|  60|0x0000000083c00000, 0x0000000083d00000, 0x0000000083d00000|100%| E|CS|TAMS 0x0000000083c00000, 0x0000000083c00000| Complete 
|  61|0x0000000083d00000, 0x0000000083e00000, 0x0000000083e00000|100%| E|CS|TAMS 0x0000000083d00000, 0x0000000083d00000| Complete 
|  62|0x0000000083e00000, 0x0000000083f00000, 0x0000000083f00000|100%| E|CS|TAMS 0x0000000083e00000, 0x0000000083e00000| Complete 
|  63|0x0000000083f00000, 0x0000000084000000, 0x0000000084000000|100%| E|CS|TAMS 0x0000000083f00000, 0x0000000083f00000| Complete 
|  64|0x0000000084000000, 0x0000000084100000, 0x0000000084100000|100%| E|CS|TAMS 0x0000000084000000, 0x0000000084000000| Complete 
|  65|0x0000000084100000, 0x0000000084200000, 0x0000000084200000|100%| E|CS|TAMS 0x0000000084100000, 0x0000000084100000| Complete 
|  66|0x0000000084200000, 0x0000000084300000, 0x0000000084300000|100%| E|CS|TAMS 0x0000000084200000, 0x0000000084200000| Complete 
|  67|0x0000000084300000, 0x0000000084400000, 0x0000000084400000|100%| E|CS|TAMS 0x0000000084300000, 0x0000000084300000| Complete 
|  68|0x0000000084400000, 0x0000000084500000, 0x0000000084500000|100%| E|CS|TAMS 0x0000000084400000, 0x0000000084400000| Complete 
|  69|0x0000000084500000, 0x0000000084600000, 0x0000000084600000|100%| E|CS|TAMS 0x0000000084500000, 0x0000000084500000| Complete 
|  70|0x0000000084600000, 0x0000000084700000, 0x0000000084700000|100%| E|CS|TAMS 0x0000000084600000, 0x0000000084600000| Complete 
|  71|0x0000000084700000, 0x0000000084800000, 0x0000000084800000|100%| E|CS|TAMS 0x0000000084700000, 0x0000000084700000| Complete 
|  72|0x0000000084800000, 0x0000000084900000, 0x0000000084900000|100%| E|CS|TAMS 0x0000000084800000, 0x0000000084800000| Complete 
|  73|0x0000000084900000, 0x0000000084a00000, 0x0000000084a00000|100%| E|CS|TAMS 0x0000000084900000, 0x0000000084900000| Complete 
|  74|0x0000000084a00000, 0x0000000084b00000, 0x0000000084b00000|100%| E|CS|TAMS 0x0000000084a00000, 0x0000000084a00000| Complete 
|  75|0x0000000084b00000, 0x0000000084c00000, 0x0000000084c00000|100%| E|CS|TAMS 0x0000000084b00000, 0x0000000084b00000| Complete 
|  76|0x0000000084c00000, 0x0000000084d00000, 0x0000000084d00000|100%| E|CS|TAMS 0x0000000084c00000, 0x0000000084c00000| Complete 
|  77|0x0000000084d00000, 0x0000000084e00000, 0x0000000084e00000|100%| E|CS|TAMS 0x0000000084d00000, 0x0000000084d00000| Complete 
|  78|0x0000000084e00000, 0x0000000084f00000, 0x0000000084f00000|100%| E|CS|TAMS 0x0000000084e00000, 0x0000000084e00000| Complete 
|  79|0x0000000084f00000, 0x0000000085000000, 0x0000000085000000|100%| E|CS|TAMS 0x0000000084f00000, 0x0000000084f00000| Complete 
|  80|0x0000000085000000, 0x0000000085100000, 0x0000000085100000|100%| E|CS|TAMS 0x0000000085000000, 0x0000000085000000| Complete 
|  81|0x0000000085100000, 0x0000000085200000, 0x0000000085200000|100%| E|CS|TAMS 0x0000000085100000, 0x0000000085100000| Complete 
|  82|0x0000000085200000, 0x0000000085300000, 0x0000000085300000|100%| E|CS|TAMS 0x0000000085200000, 0x0000000085200000| Complete 
|  83|0x0000000085300000, 0x0000000085400000, 0x0000000085400000|100%| E|CS|TAMS 0x0000000085300000, 0x0000000085300000| Complete 
|  84|0x0000000085400000, 0x0000000085500000, 0x0000000085500000|100%| E|CS|TAMS 0x0000000085400000, 0x0000000085400000| Complete 
|  85|0x0000000085500000, 0x0000000085600000, 0x0000000085600000|100%| E|CS|TAMS 0x0000000085500000, 0x0000000085500000| Complete 
|  86|0x0000000085600000, 0x0000000085700000, 0x0000000085700000|100%| E|CS|TAMS 0x0000000085600000, 0x0000000085600000| Complete 
|  87|0x0000000085700000, 0x0000000085800000, 0x0000000085800000|100%| E|CS|TAMS 0x0000000085700000, 0x0000000085700000| Complete 
|  88|0x0000000085800000, 0x0000000085900000, 0x0000000085900000|100%| E|CS|TAMS 0x0000000085800000, 0x0000000085800000| Complete 
|  89|0x0000000085900000, 0x0000000085a00000, 0x0000000085a00000|100%| E|CS|TAMS 0x0000000085900000, 0x0000000085900000| Complete 
|  90|0x0000000085a00000, 0x0000000085b00000, 0x0000000085b00000|100%| E|CS|TAMS 0x0000000085a00000, 0x0000000085a00000| Complete 
|  91|0x0000000085b00000, 0x0000000085c00000, 0x0000000085c00000|100%| E|CS|TAMS 0x0000000085b00000, 0x0000000085b00000| Complete 
|  92|0x0000000085c00000, 0x0000000085d00000, 0x0000000085d00000|100%| E|CS|TAMS 0x0000000085c00000, 0x0000000085c00000| Complete 
|  93|0x0000000085d00000, 0x0000000085e00000, 0x0000000085e00000|100%| E|CS|TAMS 0x0000000085d00000, 0x0000000085d00000| Complete 
|  94|0x0000000085e00000, 0x0000000085effb00, 0x0000000085f00000| 99%| S|CS|TAMS 0x0000000085e00000, 0x0000000085e00000| Complete 
|  95|0x0000000085f00000, 0x0000000086000000, 0x0000000086000000|100%| S|CS|TAMS 0x0000000085f00000, 0x0000000085f00000| Complete 
|  96|0x0000000086000000, 0x0000000086100000, 0x0000000086100000|100%| E|CS|TAMS 0x0000000086000000, 0x0000000086000000| Complete 
|  97|0x0000000086100000, 0x0000000086200000, 0x0000000086200000|100%| E|CS|TAMS 0x0000000086100000, 0x0000000086100000| Complete 
|  98|0x0000000086200000, 0x0000000086300000, 0x0000000086300000|100%| E|CS|TAMS 0x0000000086200000, 0x0000000086200000| Complete 
|  99|0x0000000086300000, 0x0000000086400000, 0x0000000086400000|100%| E|CS|TAMS 0x0000000086300000, 0x0000000086300000| Complete 
| 100|0x0000000086400000, 0x0000000086500000, 0x0000000086500000|100%| E|CS|TAMS 0x0000000086400000, 0x0000000086400000| Complete 
| 101|0x0000000086500000, 0x0000000086600000, 0x0000000086600000|100%| E|CS|TAMS 0x0000000086500000, 0x0000000086500000| Complete 
| 102|0x0000000086600000, 0x0000000086700000, 0x0000000086700000|100%| E|CS|TAMS 0x0000000086600000, 0x0000000086600000| Complete 
| 103|0x0000000086700000, 0x0000000086800000, 0x0000000086800000|100%| E|CS|TAMS 0x0000000086700000, 0x0000000086700000| Complete 
| 104|0x0000000086800000, 0x0000000086900000, 0x0000000086900000|100%| E|CS|TAMS 0x0000000086800000, 0x0000000086800000| Complete 
| 105|0x0000000086900000, 0x0000000086a00000, 0x0000000086a00000|100%| E|CS|TAMS 0x0000000086900000, 0x0000000086900000| Complete 
| 106|0x0000000086a00000, 0x0000000086b00000, 0x0000000086b00000|100%| E|CS|TAMS 0x0000000086a00000, 0x0000000086a00000| Complete 
| 107|0x0000000086b00000, 0x0000000086c00000, 0x0000000086c00000|100%| E|CS|TAMS 0x0000000086b00000, 0x0000000086b00000| Complete 
| 108|0x0000000086c00000, 0x0000000086d00000, 0x0000000086d00000|100%| E|CS|TAMS 0x0000000086c00000, 0x0000000086c00000| Complete 
| 109|0x0000000086d00000, 0x0000000086e00000, 0x0000000086e00000|100%| E|CS|TAMS 0x0000000086d00000, 0x0000000086d00000| Complete 
| 110|0x0000000086e00000, 0x0000000086f00000, 0x0000000086f00000|100%| E|CS|TAMS 0x0000000086e00000, 0x0000000086e00000| Complete 
| 111|0x0000000086f00000, 0x0000000087000000, 0x0000000087000000|100%| E|CS|TAMS 0x0000000086f00000, 0x0000000086f00000| Complete 
| 112|0x0000000087000000, 0x0000000087100000, 0x0000000087100000|100%| E|CS|TAMS 0x0000000087000000, 0x0000000087000000| Complete 
| 113|0x0000000087100000, 0x0000000087200000, 0x0000000087200000|100%| E|CS|TAMS 0x0000000087100000, 0x0000000087100000| Complete 
| 114|0x0000000087200000, 0x0000000087300000, 0x0000000087300000|100%| E|CS|TAMS 0x0000000087200000, 0x0000000087200000| Complete 
| 115|0x0000000087300000, 0x0000000087400000, 0x0000000087400000|100%| E|CS|TAMS 0x0000000087300000, 0x0000000087300000| Complete 
| 116|0x0000000087400000, 0x0000000087500000, 0x0000000087500000|100%| E|CS|TAMS 0x0000000087400000, 0x0000000087400000| Complete 
| 117|0x0000000087500000, 0x0000000087600000, 0x0000000087600000|100%| E|CS|TAMS 0x0000000087500000, 0x0000000087500000| Complete 
| 118|0x0000000087600000, 0x0000000087700000, 0x0000000087700000|100%| E|CS|TAMS 0x0000000087600000, 0x0000000087600000| Complete 
| 119|0x0000000087700000, 0x0000000087800000, 0x0000000087800000|100%| E|CS|TAMS 0x0000000087700000, 0x0000000087700000| Complete 
| 120|0x0000000087800000, 0x0000000087900000, 0x0000000087900000|100%| E|CS|TAMS 0x0000000087800000, 0x0000000087800000| Complete 
| 121|0x0000000087900000, 0x0000000087a00000, 0x0000000087a00000|100%| E|CS|TAMS 0x0000000087900000, 0x0000000087900000| Complete 
| 122|0x0000000087a00000, 0x0000000087b00000, 0x0000000087b00000|100%| E|CS|TAMS 0x0000000087a00000, 0x0000000087a00000| Complete 
| 123|0x0000000087b00000, 0x0000000087c00000, 0x0000000087c00000|100%| E|CS|TAMS 0x0000000087b00000, 0x0000000087b00000| Complete 
| 124|0x0000000087c00000, 0x0000000087d00000, 0x0000000087d00000|100%| E|CS|TAMS 0x0000000087c00000, 0x0000000087c00000| Complete 
| 125|0x0000000087d00000, 0x0000000087e00000, 0x0000000087e00000|100%| E|CS|TAMS 0x0000000087d00000, 0x0000000087d00000| Complete 

Card table byte_map: [0x00000190d1080000,0x00000190d1480000] _byte_map_base: 0x00000190d0c80000

Marking Bits (Prev, Next): (CMBitMap*) 0x00000190b9ec63d0, (CMBitMap*) 0x00000190b9ec6410
 Prev Bits: [0x00000190d1880000, 0x00000190d3880000)
 Next Bits: [0x00000190d3880000, 0x00000190d5880000)

Polling page: 0x00000190b8200000

Metaspace:

Usage:
  Non-class:     13.42 MB used.
      Class:      2.26 MB used.
       Both:     15.68 MB used.

Virtual space:
  Non-class space:       64.00 MB reserved,      13.56 MB ( 21%) committed,  1 nodes.
      Class space:      416.00 MB reserved,       2.38 MB ( <1%) committed,  1 nodes.
             Both:      480.00 MB reserved,      15.94 MB (  3%) committed. 

Chunk freelists:
   Non-Class:  1.95 MB
       Class:  13.61 MB
        Both:  15.56 MB

MaxMetaspaceSize: 512.00 MB
CompressedClassSpaceSize: 416.00 MB
Initial GC threshold: 21.00 MB
Current GC threshold: 21.00 MB
CDS: on
MetaspaceReclaimPolicy: balanced
 - commit_granule_bytes: 65536.
 - commit_granule_words: 8192.
 - virtual_space_node_default_size: 8388608.
 - enlarge_chunks_in_place: 1.
 - new_chunks_are_fully_committed: 0.
 - uncommit_free_chunks: 1.
 - use_allocation_guard: 0.
 - handle_deallocations: 1.


Internal statistics:

num_allocs_failed_limit: 0.
num_arena_births: 212.
num_arena_deaths: 0.
num_vsnodes_births: 2.
num_vsnodes_deaths: 0.
num_space_committed: 256.
num_space_uncommitted: 0.
num_chunks_returned_to_freelist: 0.
num_chunks_taken_from_freelist: 722.
num_chunk_merges: 0.
num_chunk_splits: 491.
num_chunks_enlarged: 362.
num_inconsistent_stats: 0.

CodeHeap 'non-profiled nmethods': size=120000Kb used=1190Kb max_used=1190Kb free=118809Kb
 bounds [0x00000190c91f0000, 0x00000190c9460000, 0x00000190d0720000]
CodeHeap 'profiled nmethods': size=120000Kb used=4753Kb max_used=4753Kb free=115246Kb
 bounds [0x00000190c1720000, 0x00000190c1bd0000, 0x00000190c8c50000]
CodeHeap 'non-nmethods': size=5760Kb used=1231Kb max_used=1287Kb free=4528Kb
 bounds [0x00000190c8c50000, 0x00000190c8ec0000, 0x00000190c91f0000]
 total_blobs=2843 nmethods=2308 adapters=447
 compilation: enabled
              stopped_count=0, restarted_count=0
 full_count=0

Compilation events (20 events):
Event: 3.695 Thread 0x00000190d84f51c0 nmethod 2286 0x00000190c1bb0b10 code [0x00000190c1bb0ca0, 0x00000190c1bb0dd8]
Event: 3.733 Thread 0x00000190d84f51c0 2288       3       jdk.internal.org.objectweb.asm.ClassWriter::visit (160 bytes)
Event: 3.734 Thread 0x00000190d84f51c0 nmethod 2288 0x00000190c1bb0e90 code [0x00000190c1bb10c0, 0x00000190c1bb18f8]
Event: 3.734 Thread 0x00000190d84f51c0 2290       3       jdk.internal.org.objectweb.asm.FieldVisitor::<init> (88 bytes)
Event: 3.735 Thread 0x00000190d84f51c0 nmethod 2290 0x00000190c1bb1d10 code [0x00000190c1bb1f60, 0x00000190c1bb2848]
Event: 3.735 Thread 0x00000190d84f51c0 2289       3       jdk.internal.org.objectweb.asm.SymbolTable::setMajorVersionAndClassName (19 bytes)
Event: 3.735 Thread 0x00000190d84f51c0 nmethod 2289 0x00000190c1bb2b10 code [0x00000190c1bb2cc0, 0x00000190c1bb2ec8]
Event: 3.735 Thread 0x00000190d84f51c0 2291       3       com.google.common.collect.Hashing::smear (19 bytes)
Event: 3.735 Thread 0x00000190d84f51c0 nmethod 2291 0x00000190c1bb3010 code [0x00000190c1bb31a0, 0x00000190c1bb3318]
Event: 3.735 Thread 0x00000190d84f51c0 2292       3       java.lang.Integer::rotateLeft (9 bytes)
Event: 3.736 Thread 0x00000190d84f51c0 nmethod 2292 0x00000190c1bb3410 code [0x00000190c1bb35a0, 0x00000190c1bb3698]
Event: 3.736 Thread 0x00000190d84f51c0 2293       3       jdk.internal.misc.VM::isSystemDomainLoader (17 bytes)
Event: 3.736 Thread 0x00000190d84f51c0 nmethod 2293 0x00000190c1bb3710 code [0x00000190c1bb3960, 0x00000190c1bb4418]
Event: 3.736 Thread 0x00000190d84f51c0 2295       3       java.lang.invoke.InvokerBytecodeGenerator::emitStaticInvoke (258 bytes)
Event: 3.739 Thread 0x00000190d84f51c0 nmethod 2295 0x00000190c1bb4790 code [0x00000190c1bb4aa0, 0x00000190c1bb5a28]
Event: 3.739 Thread 0x00000190d84f51c0 2296       3       java.lang.invoke.InvokerBytecodeGenerator::refKindOpcode (112 bytes)
Event: 3.739 Thread 0x00000190d84f51c0 nmethod 2296 0x00000190c1bb6010 code [0x00000190c1bb6260, 0x00000190c1bb6b18]
Event: 3.739 Thread 0x00000190d84f51c0 2297       3       java.lang.invoke.TypeConvertingMethodAdapter::convertType (299 bytes)
Event: 3.742 Thread 0x00000190d84f51c0 nmethod 2297 0x00000190c1bb6d90 code [0x00000190c1bb73c0, 0x00000190c1bba9a8]
Event: 4.116 Thread 0x00000190d84f51c0 2298       3       java.util.stream.AbstractPipeline::isParallel (8 bytes)

GC Heap History (4 events):
Event: 1.131 GC heap before
{Heap before GC invocations=0 (full 0):
 garbage-first heap   total 129024K, used 26624K [0x0000000080000000, 0x0000000100000000)
  region size 1024K, 23 young (23552K), 0 survivors (0K)
 Metaspace       used 3066K, committed 3200K, reserved 491520K
  class space    used 393K, committed 448K, reserved 425984K
}
Event: 1.138 GC heap after
{Heap after GC invocations=1 (full 0):
 garbage-first heap   total 129024K, used 10347K [0x0000000080000000, 0x0000000100000000)
  region size 1024K, 3 young (3072K), 3 survivors (3072K)
 Metaspace       used 3066K, committed 3200K, reserved 491520K
  class space    used 393K, committed 448K, reserved 425984K
}
Event: 1.698 GC heap before
{Heap before GC invocations=1 (full 0):
 garbage-first heap   total 129024K, used 37995K [0x0000000080000000, 0x0000000100000000)
  region size 1024K, 30 young (30720K), 3 survivors (3072K)
 Metaspace       used 4009K, committed 4160K, reserved 491520K
  class space    used 490K, committed 576K, reserved 425984K
}
Event: 1.705 GC heap after
{Heap after GC invocations=2 (full 0):
 garbage-first heap   total 129024K, used 12455K [0x0000000080000000, 0x0000000100000000)
  region size 1024K, 2 young (2048K), 2 survivors (2048K)
 Metaspace       used 4009K, committed 4160K, reserved 491520K
  class space    used 490K, committed 576K, reserved 425984K
}

Deoptimization events (20 events):
Event: 3.352 Thread 0x00000190f8d7c2d0 Uncommon trap: trap_request=0xffffff45 fr.pc=0x00000190c927347c relative=0x000000000000075c
Event: 3.352 Thread 0x00000190f8d7c2d0 Uncommon trap: reason=unstable_if action=reinterpret pc=0x00000190c927347c method=java.util.ArrayList.grow(I)[Ljava/lang/Object; @ 17 c2
Event: 3.352 Thread 0x00000190f8d7c2d0 DEOPT PACKING pc=0x00000190c927347c sp=0x00000039ab0fd070
Event: 3.352 Thread 0x00000190f8d7c2d0 DEOPT UNPACKING pc=0x00000190c8ca23a3 sp=0x00000039ab0fcf08 mode 2
Event: 3.387 Thread 0x00000190f8d7c2d0 Uncommon trap: trap_request=0xffffff45 fr.pc=0x00000190c9211004 relative=0x0000000000000b04
Event: 3.387 Thread 0x00000190f8d7c2d0 Uncommon trap: reason=unstable_if action=reinterpret pc=0x00000190c9211004 method=java.io.WinNTFileSystem.resolve(Ljava/lang/String;Ljava/lang/String;)Ljava/lang/String; @ 19 c2
Event: 3.387 Thread 0x00000190f8d7c2d0 DEOPT PACKING pc=0x00000190c9211004 sp=0x00000039ab0fcf50
Event: 3.388 Thread 0x00000190f8d7c2d0 DEOPT UNPACKING pc=0x00000190c8ca23a3 sp=0x00000039ab0fcef8 mode 2
Event: 3.389 Thread 0x00000190f8d7c2d0 Uncommon trap: trap_request=0xffffff45 fr.pc=0x00000190c9262478 relative=0x0000000000000638
Event: 3.389 Thread 0x00000190f8d7c2d0 Uncommon trap: reason=unstable_if action=reinterpret pc=0x00000190c9262478 method=java.io.File.getName()Ljava/lang/String; @ 16 c2
Event: 3.389 Thread 0x00000190f8d7c2d0 DEOPT PACKING pc=0x00000190c9262478 sp=0x00000039ab0fcef0
Event: 3.389 Thread 0x00000190f8d7c2d0 DEOPT UNPACKING pc=0x00000190c8ca23a3 sp=0x00000039ab0fcec0 mode 2
Event: 3.465 Thread 0x00000190f8d7c2d0 DEOPT PACKING pc=0x00000190c1add3ea sp=0x00000039ab0f9fc0
Event: 3.466 Thread 0x00000190f8d7c2d0 DEOPT UNPACKING pc=0x00000190c8ca2b43 sp=0x00000039ab0f94d0 mode 0
Event: 3.507 Thread 0x00000190f8d79f60 DEOPT PACKING pc=0x00000190c1a498ca sp=0x00000039ab3fe930
Event: 3.507 Thread 0x00000190f8d79f60 DEOPT UNPACKING pc=0x00000190c8ca2b43 sp=0x00000039ab3fdda8 mode 0
Event: 3.702 Thread 0x00000190f8d7c2d0 Uncommon trap: trap_request=0xffffff45 fr.pc=0x00000190c92c39f4 relative=0x0000000000000074
Event: 3.702 Thread 0x00000190f8d7c2d0 Uncommon trap: reason=unstable_if action=reinterpret pc=0x00000190c92c39f4 method=jdk.internal.misc.Unsafe.convEndian(ZI)I @ 4 c2
Event: 3.702 Thread 0x00000190f8d7c2d0 DEOPT PACKING pc=0x00000190c92c39f4 sp=0x00000039ab0fab60
Event: 3.702 Thread 0x00000190f8d7c2d0 DEOPT UNPACKING pc=0x00000190c8ca23a3 sp=0x00000039ab0faa68 mode 2

Classes unloaded (0 events):
No events

Classes redefined (0 events):
No events

Internal exceptions (20 events):
Event: 3.004 Thread 0x00000190f8d7c2d0 Exception <a 'java/lang/NoSuchMethodError'{0x0000000085333e70}: 'java.lang.Object java.lang.invoke.DirectMethodHandle$Holder.newInvokeSpecial(java.lang.Object, java.lang.Object, java.lang.Object, java.lang.Object, java.lang.Object)'> (0x0000000085333e70) 
thrown [s\open\src\hotspot\share\interpreter\linkResolver.cpp, line 759]
Event: 3.046 Thread 0x00000190f8d7c2d0 Exception <a 'java/lang/NoSuchMethodError'{0x0000000085159c70}: 'void java.lang.invoke.DirectMethodHandle$Holder.invokeSpecial(java.lang.Object, java.lang.Object, java.lang.Object)'> (0x0000000085159c70) 
thrown [s\open\src\hotspot\share\interpreter\linkResolver.cpp, line 759]
Event: 3.062 Thread 0x00000190f8d7c2d0 Exception <a 'java/lang/NoSuchMethodError'{0x0000000085006818}: 'java.lang.Object java.lang.invoke.DirectMethodHandle$Holder.newInvokeSpecial(java.lang.Object, java.lang.Object, java.lang.Object, java.lang.Object, java.lang.Object, java.lang.Object)'> (0x0000000085006818) 
thrown [s\open\src\hotspot\share\interpreter\linkResolver.cpp, line 759]
Event: 3.063 Thread 0x00000190f8d7c2d0 Exception <a 'java/lang/NoSuchMethodError'{0x000000008501e320}: 'void java.lang.invoke.DirectMethodHandle$Holder.invokeSpecial(java.lang.Object, java.lang.Object, java.lang.Object, java.lang.Object, java.lang.Object)'> (0x000000008501e320) 
thrown [s\open\src\hotspot\share\interpreter\linkResolver.cpp, line 759]
Event: 3.065 Thread 0x00000190f8d7c2d0 Exception <a 'java/lang/NoSuchMethodError'{0x0000000085032140}: 'void java.lang.invoke.DirectMethodHandle$Holder.invokeStaticInit(java.lang.Object, java.lang.Object)'> (0x0000000085032140) 
thrown [s\open\src\hotspot\share\interpreter\linkResolver.cpp, line 759]
Event: 3.125 Thread 0x00000190f8d7c2d0 Exception <a 'java/lang/NoSuchMethodError'{0x0000000084efc3a0}: 'void java.lang.invoke.DelegatingMethodHandle$Holder.reinvoke_L(java.lang.Object, java.lang.Object, java.lang.Object, java.lang.Object, java.lang.Object, java.lang.Object, java.lang.Object, java.lang.Object, java.lang.Object, java.lang.Object)'> (0x0000000084efc3a0) 
thrown [s\open\src\hotspot\share\interpreter\linkResolver.cpp, line 759]
Event: 3.125 Thread 0x00000190f8d7c2d0 Exception <a 'java/lang/NoSuchMethodError'{0x0000000084d04d18}: 'java.lang.Object java.lang.invoke.DirectMethodHandle$Holder.invokeSpecial(java.lang.Object, java.lang.Object, java.lang.Object, java.lang.Object, java.lang.Object, java.lang.Object, java.lang.Object, java.lang.Object, java.lang.Object, java.lang.Object)'> (0x0000000084d04d18) 
thrown [s\open\src\hotspot\share\interpreter\linkResolver.cpp, line 759]
Event: 3.126 Thread 0x00000190f8d7c2d0 Exception <a 'java/lang/NoSuchMethodError'{0x0000000084d095e8}: 'java.lang.Object java.lang.invoke.Invokers$Holder.invoker(java.lang.Object, java.lang.Object, java.lang.Object, java.lang.Object, java.lang.Object, java.lang.Object, java.lang.Object, java.lang.Object, java.lang.Object, java.lang.Object)'> (0x0000000084d095e8) 
thrown [s\open\src\hotspot\share\interpreter\linkResolver.cpp, line 759]
Event: 3.126 Thread 0x00000190f8d7c2d0 Exception <a 'java/lang/NoSuchMethodError'{0x0000000084d0f170}: 'java.lang.Object java.lang.invoke.DirectMethodHandle$Holder.invokeSpecial(java.lang.Object, java.lang.Object, java.lang.Object, java.lang.Object, java.lang.Object, java.lang.Object, java.lang.Object, java.lang.Object, java.lang.Object, java.lang.Object, java.lang.Object)'> (0x0000000084d0f170) 
thrown [s\open\src\hotspot\share\interpreter\linkResolver.cpp, line 759]
Event: 3.289 Thread 0x00000190f8d7c2d0 Exception <a 'java/lang/NoSuchMethodError'{0x00000000848d9b98}: 'void java.lang.invoke.DirectMethodHandle$Holder.invokeStaticInit(java.lang.Object)'> (0x00000000848d9b98) 
thrown [s\open\src\hotspot\share\interpreter\linkResolver.cpp, line 759]
Event: 3.309 Thread 0x00000190f8d7c2d0 Exception <a 'java/lang/NoSuchMethodError'{0x000000008478ab80}: 'java.lang.Object java.lang.invoke.DirectMethodHandle$Holder.newInvokeSpecial(java.lang.Object, java.lang.Object, java.lang.Object, int)'> (0x000000008478ab80) 
thrown [s\open\src\hotspot\share\interpreter\linkResolver.cpp, line 759]
Event: 3.310 Thread 0x00000190f8d7c2d0 Exception <a 'java/lang/NoSuchMethodError'{0x000000008478f4b0}: 'java.lang.Object java.lang.invoke.DirectMethodHandle$Holder.invokeSpecial(java.lang.Object, java.lang.Object, java.lang.Object, java.lang.Object, int)'> (0x000000008478f4b0) 
thrown [s\open\src\hotspot\share\interpreter\linkResolver.cpp, line 759]
Event: 3.310 Thread 0x00000190f8d7c2d0 Exception <a 'java/lang/NoSuchMethodError'{0x00000000847935c8}: 'java.lang.Object java.lang.invoke.Invokers$Holder.linkToTargetMethod(java.lang.Object, java.lang.Object, int, java.lang.Object)'> (0x00000000847935c8) 
thrown [s\open\src\hotspot\share\interpreter\linkResolver.cpp, line 759]
Event: 3.506 Thread 0x00000190f8d79f60 Exception <a 'java/lang/NoSuchMethodError'{0x0000000083fbac90}: static Lorg/gradle/internal/build/event/types/DefaultOperationStartedProgressEvent;.<clinit>()V> (0x0000000083fbac90) 
thrown [s\open\src\hotspot\share\prims\jni.cpp, line 1112]
Event: 3.507 Thread 0x00000190f8d79f60 Exception <a 'java/lang/NoSuchMethodError'{0x0000000083fbcd58}: static Lorg/gradle/internal/build/event/types/AbstractProgressEvent;.<clinit>()V> (0x0000000083fbcd58) 
thrown [s\open\src\hotspot\share\prims\jni.cpp, line 1112]
Event: 3.508 Thread 0x00000190f8d79f60 Exception <a 'java/lang/NoSuchMethodError'{0x0000000083fc5e08}: static Lorg/gradle/internal/build/event/types/DefaultOperationDescriptor;.<clinit>()V> (0x0000000083fc5e08) 
thrown [s\open\src\hotspot\share\prims\jni.cpp, line 1112]
Event: 3.511 Thread 0x00000190f8d79f60 Exception <a 'java/lang/NoSuchMethodError'{0x0000000083fdc8c8}: static Lorg/gradle/internal/operations/OperationIdentifier;.<clinit>()V> (0x0000000083fdc8c8) 
thrown [s\open\src\hotspot\share\prims\jni.cpp, line 1112]
Event: 3.733 Thread 0x00000190f8d7c2d0 Exception <a 'java/lang/NoSuchMethodError'{0x0000000083655590}: 'int java.lang.invoke.DirectMethodHandle$Holder.invokeSpecialIFC(java.lang.Object, java.lang.Object, java.lang.Object, java.lang.Object)'> (0x0000000083655590) 
thrown [s\open\src\hotspot\share\interpreter\linkResolver.cpp, line 759]
Event: 3.736 Thread 0x00000190f8d7c2d0 Exception <a 'java/lang/NoSuchMethodError'{0x0000000083664568}: 'java.lang.Object java.lang.invoke.DirectMethodHandle$Holder.invokeInterface(java.lang.Object, java.lang.Object, java.lang.Object)'> (0x0000000083664568) 
thrown [s\open\src\hotspot\share\interpreter\linkResolver.cpp, line 759]
Event: 3.737 Thread 0x00000190f8d7c2d0 Exception <a 'java/lang/IncompatibleClassChangeError'{0x0000000083668180}: Found class java.lang.Object, but interface was expected> (0x0000000083668180) 
thrown [s\open\src\hotspot\share\interpreter\linkResolver.cpp, line 826]

VM Operations (20 events):
Event: 2.088 Executing VM operation: HandshakeAllThreads done
Event: 2.164 Executing VM operation: HandshakeAllThreads
Event: 2.164 Executing VM operation: HandshakeAllThreads done
Event: 2.232 Executing VM operation: HandshakeAllThreads
Event: 2.232 Executing VM operation: HandshakeAllThreads done
Event: 2.315 Executing VM operation: HandshakeAllThreads
Event: 2.315 Executing VM operation: HandshakeAllThreads done
Event: 2.630 Executing VM operation: HandshakeAllThreads
Event: 2.630 Executing VM operation: HandshakeAllThreads done
Event: 2.718 Executing VM operation: HandshakeAllThreads
Event: 2.718 Executing VM operation: HandshakeAllThreads done
Event: 2.718 Executing VM operation: Cleanup
Event: 2.719 Executing VM operation: Cleanup done
Event: 3.098 Executing VM operation: HandshakeAllThreads
Event: 3.098 Executing VM operation: HandshakeAllThreads done
Event: 3.432 Executing VM operation: HandshakeAllThreads
Event: 3.432 Executing VM operation: HandshakeAllThreads done
Event: 3.433 Executing VM operation: HandshakeAllThreads
Event: 3.433 Executing VM operation: HandshakeAllThreads done
Event: 4.433 Executing VM operation: Cleanup

Events (20 events):
Event: 3.597 loading class java/security/KeyException
Event: 3.597 loading class java/security/KeyException done
Event: 3.597 loading class java/security/InvalidKeyException done
Event: 3.699 loading class sun/security/provider/MD5
Event: 3.699 loading class sun/security/provider/MD5 done
Event: 3.699 loading class sun/security/provider/SHA5$SHA512
Event: 3.699 loading class sun/security/provider/SHA5
Event: 3.700 loading class sun/security/provider/SHA5 done
Event: 3.700 loading class sun/security/provider/SHA5$SHA512 done
Event: 3.701 loading class sun/security/provider/ByteArrayAccess$LE
Event: 3.701 loading class sun/security/provider/ByteArrayAccess$LE done
Event: 3.718 Thread 0x00000190f8d7ae90 Thread added: 0x00000190f8d7ae90
Event: 3.728 loading class java/util/concurrent/Semaphore
Event: 3.728 loading class java/util/concurrent/Semaphore done
Event: 3.731 loading class java/nio/file/FileVisitOption
Event: 3.731 loading class java/nio/file/FileVisitOption done
Event: 3.738 loading class java/util/stream/ReduceOps$1
Event: 3.738 loading class java/util/stream/ReduceOps$1 done
Event: 3.738 loading class java/util/stream/ReduceOps$1ReducingSink
Event: 3.738 loading class java/util/stream/ReduceOps$1ReducingSink done


Dynamic libraries:
0x00007ff6a5090000 - 0x00007ff6a50a0000 	C:\Program Files\Java\jdk-17\bin\java.exe
0x00007ffccb0c0000 - 0x00007ffccb327000 	C:\WINDOWS\SYSTEM32\ntdll.dll
0x00007ffcc8f60000 - 0x00007ffcc9029000 	C:\WINDOWS\System32\KERNEL32.DLL
0x00007ffcc85a0000 - 0x00007ffcc8991000 	C:\WINDOWS\System32\KERNELBASE.dll
0x00007ffcc79a0000 - 0x00007ffcc7aeb000 	C:\WINDOWS\System32\ucrtbase.dll
0x00007ffcc0930000 - 0x00007ffcc094b000 	C:\Program Files\Java\jdk-17\bin\VCRUNTIME140.dll
0x00007ffcc0870000 - 0x00007ffcc0889000 	C:\Program Files\Java\jdk-17\bin\jli.dll
0x00007ffccad40000 - 0x00007ffccadfb000 	C:\WINDOWS\System32\ADVAPI32.dll
0x00007ffccafb0000 - 0x00007ffccb059000 	C:\WINDOWS\System32\msvcrt.dll
0x00007ffcc8e60000 - 0x00007ffcc8f07000 	C:\WINDOWS\System32\sechost.dll
0x00007ffcc90b0000 - 0x00007ffcc91c8000 	C:\WINDOWS\System32\RPCRT4.dll
0x00007ffcc91d0000 - 0x00007ffcc9395000 	C:\WINDOWS\System32\USER32.dll
0x00007ffcc83f0000 - 0x00007ffcc8417000 	C:\WINDOWS\System32\win32u.dll
0x00007ffcc6c30000 - 0x00007ffcc6ec3000 	C:\WINDOWS\WinSxS\amd64_microsoft.windows.common-controls_6595b64144ccf1df_6.0.26100.8037_none_3e092faae333b53b\COMCTL32.dll
0x00007ffcc9da0000 - 0x00007ffcc9dcb000 	C:\WINDOWS\System32\GDI32.dll
0x00007ffcc8a60000 - 0x00007ffcc8b8b000 	C:\WINDOWS\System32\gdi32full.dll
0x00007ffcc8d00000 - 0x00007ffcc8da3000 	C:\WINDOWS\System32\msvcp_win.dll
0x00007ffcc0920000 - 0x00007ffcc092b000 	C:\WINDOWS\SYSTEM32\VERSION.dll
0x00007ffcc8f10000 - 0x00007ffcc8f41000 	C:\WINDOWS\System32\IMM32.DLL
0x00007ffcc1ec0000 - 0x00007ffcc1ecc000 	C:\Program Files\Java\jdk-17\bin\vcruntime140_1.dll
0x00007ffcb30e0000 - 0x00007ffcb316e000 	C:\Program Files\Java\jdk-17\bin\msvcp140.dll
0x00007ffc4ebf0000 - 0x00007ffc4f7d0000 	C:\Program Files\Java\jdk-17\bin\server\jvm.dll
0x00007ffccaf70000 - 0x00007ffccaf78000 	C:\WINDOWS\System32\PSAPI.DLL
0x00007ffc9b520000 - 0x00007ffc9b52a000 	C:\WINDOWS\SYSTEM32\WSOCK32.dll
0x00007ffcb3ea0000 - 0x00007ffcb3ed5000 	C:\WINDOWS\SYSTEM32\WINMM.dll
0x00007ffcc9030000 - 0x00007ffcc90a4000 	C:\WINDOWS\System32\WS2_32.dll
0x00007ffcc60a0000 - 0x00007ffcc60bb000 	C:\WINDOWS\SYSTEM32\kernel.appcore.dll
0x00007ffcc1e70000 - 0x00007ffcc1e7a000 	C:\Program Files\Java\jdk-17\bin\jimage.dll
0x00007ffcc7270000 - 0x00007ffcc74b2000 	C:\WINDOWS\SYSTEM32\DBGHELP.DLL
0x00007ffcc96b0000 - 0x00007ffcc9a32000 	C:\WINDOWS\System32\combase.dll
0x00007ffcc9bc0000 - 0x00007ffcc9c97000 	C:\WINDOWS\System32\OLEAUT32.dll
0x00007ffcc70f0000 - 0x00007ffcc712b000 	C:\WINDOWS\SYSTEM32\dbgcore.DLL
0x00007ffcc8db0000 - 0x00007ffcc8e55000 	C:\WINDOWS\System32\bcryptPrimitives.dll
0x00007ffcc1e10000 - 0x00007ffcc1e1e000 	C:\Program Files\Java\jdk-17\bin\instrument.dll
0x00007ffcb48f0000 - 0x00007ffcb4915000 	C:\Program Files\Java\jdk-17\bin\java.dll
0x00007ffcb2ef0000 - 0x00007ffcb2fc7000 	C:\Program Files\Java\jdk-17\bin\jsvml.dll
0x00007ffcca260000 - 0x00007ffcca9bf000 	C:\WINDOWS\System32\SHELL32.dll
0x00007ffcc8b90000 - 0x00007ffcc8cfa000 	C:\WINDOWS\System32\wintypes.dll
0x00007ffcc7af0000 - 0x00007ffcc8354000 	C:\WINDOWS\System32\windows.storage.dll
0x00007ffcc9ca0000 - 0x00007ffcc9d97000 	C:\WINDOWS\System32\SHCORE.dll
0x00007ffccae00000 - 0x00007ffccae67000 	C:\WINDOWS\System32\shlwapi.dll
0x00007ffcc78c0000 - 0x00007ffcc78e9000 	C:\WINDOWS\SYSTEM32\profapi.dll
0x00007ffcb48d0000 - 0x00007ffcb48e8000 	C:\Program Files\Java\jdk-17\bin\zip.dll
0x00007ffcb48b0000 - 0x00007ffcb48c9000 	C:\Program Files\Java\jdk-17\bin\net.dll
0x00007ffcc0160000 - 0x00007ffcc0287000 	C:\WINDOWS\SYSTEM32\WINHTTP.dll
0x00007ffcc65d0000 - 0x00007ffcc663b000 	C:\WINDOWS\system32\mswsock.dll
0x00007ffcb32f0000 - 0x00007ffcb3306000 	C:\Program Files\Java\jdk-17\bin\nio.dll
0x00007ffcc0860000 - 0x00007ffcc0870000 	C:\Program Files\Java\jdk-17\bin\verify.dll
0x00007ffcc1e20000 - 0x00007ffcc1e47000 	C:\Users\sande\.gradle\native\68d5fa5c4cc2d200863cafc0d521ce42e7d3e7ee720ec0a83991735586a16f82\windows-amd64\native-platform.dll
0x00007ffc97ac0000 - 0x00007ffc97c04000 	C:\Users\sande\.gradle\native\e376f236ea51e6404a007f0833ffe2c6e607c4080706a723a18a27aeea778392\windows-amd64\native-platform-file-events.dll
0x00007ffcb48a0000 - 0x00007ffcb48aa000 	C:\Program Files\Java\jdk-17\bin\management.dll
0x00007ffcb32e0000 - 0x00007ffcb32eb000 	C:\Program Files\Java\jdk-17\bin\management_ext.dll
0x00007ffcc75e0000 - 0x00007ffcc75fb000 	C:\WINDOWS\SYSTEM32\CRYPTSP.dll
0x00007ffcc5fe0000 - 0x00007ffcc6019000 	C:\WINDOWS\system32\rsaenh.dll
0x00007ffcc6680000 - 0x00007ffcc66b2000 	C:\WINDOWS\SYSTEM32\USERENV.dll
0x00007ffcc7890000 - 0x00007ffcc78ba000 	C:\WINDOWS\SYSTEM32\bcrypt.dll
0x00007ffcc68b0000 - 0x00007ffcc68bc000 	C:\WINDOWS\SYSTEM32\CRYPTBASE.dll
0x00007ffcc58d0000 - 0x00007ffcc5903000 	C:\WINDOWS\SYSTEM32\IPHLPAPI.DLL
0x00007ffcc8f50000 - 0x00007ffcc8f5a000 	C:\WINDOWS\System32\NSI.dll
0x00007ffcc0330000 - 0x00007ffcc034d000 	C:\WINDOWS\SYSTEM32\dhcpcsvc6.DLL
0x00007ffcc0300000 - 0x00007ffcc0323000 	C:\WINDOWS\SYSTEM32\dhcpcsvc.DLL
0x00007ffcc5970000 - 0x00007ffcc5a9a000 	C:\WINDOWS\SYSTEM32\DNSAPI.dll
0x00007ffcb32d0000 - 0x00007ffcb32de000 	C:\Program Files\Java\jdk-17\bin\sunmscapi.dll
0x00007ffcc8420000 - 0x00007ffcc8597000 	C:\WINDOWS\System32\CRYPT32.dll
0x00007ffcc6af0000 - 0x00007ffcc6b20000 	C:\WINDOWS\SYSTEM32\ncrypt.dll
0x00007ffcc69e0000 - 0x00007ffcc6a1f000 	C:\WINDOWS\SYSTEM32\NTASN1.dll
0x00007ffcc1210000 - 0x00007ffcc1218000 	C:\WINDOWS\system32\wshunix.dll

dbghelp: loaded successfully - version: 4.0.5 - missing functions: none
symbol engine: initialized successfully - sym options: 0x614 - pdb path: .;C:\Program Files\Java\jdk-17\bin;C:\WINDOWS\SYSTEM32;C:\WINDOWS\WinSxS\amd64_microsoft.windows.common-controls_6595b64144ccf1df_6.0.26100.8037_none_3e092faae333b53b;C:\Program Files\Java\jdk-17\bin\server;C:\Users\sande\.gradle\native\68d5fa5c4cc2d200863cafc0d521ce42e7d3e7ee720ec0a83991735586a16f82\windows-amd64;C:\Users\sande\.gradle\native\e376f236ea51e6404a007f0833ffe2c6e607c4080706a723a18a27aeea778392\windows-amd64

VM Arguments:
jvm_args: -XX:MaxMetaspaceSize=512m --add-opens=java.base/java.util=ALL-UNNAMED --add-opens=java.base/java.lang=ALL-UNNAMED --add-opens=java.base/java.lang.invoke=ALL-UNNAMED --add-opens=java.prefs/java.util.prefs=ALL-UNNAMED --add-opens=java.base/java.nio.charset=ALL-UNNAMED --add-opens=java.base/java.net=ALL-UNNAMED --add-opens=java.base/java.util.concurrent.atomic=ALL-UNNAMED -Xmx2048m -Dfile.encoding=utf8 -Duser.country=IN -Duser.language=en -Duser.variant -javaagent:C:\Users\sande\.gradle\wrapper\dists\gradle-8.3-all\6en3ugtfdg5xnpx44z4qbwgas\gradle-8.3\lib\agents\gradle-instrumentation-agent-8.3.jar 
java_command: org.gradle.launcher.daemon.bootstrap.GradleDaemon 8.3
java_class_path (initial): C:\Users\sande\.gradle\wrapper\dists\gradle-8.3-all\6en3ugtfdg5xnpx44z4qbwgas\gradle-8.3\lib\gradle-launcher-8.3.jar
Launcher Type: SUN_STANDARD

[Global flags]
     intx CICompilerCount                          = 4                                         {product} {ergonomic}
   size_t CompressedClassSpaceSize                 = 436207616                                 {product} {ergonomic}
     uint ConcGCThreads                            = 3                                         {product} {ergonomic}
     uint G1ConcRefinementThreads                  = 10                                        {product} {ergonomic}
   size_t G1HeapRegionSize                         = 1048576                                   {product} {ergonomic}
    uintx GCDrainStackTargetSize                   = 64                                        {product} {ergonomic}
   size_t InitialHeapSize                          = 132120576                                 {product} {ergonomic}
   size_t MarkStackSize                            = 4194304                                   {product} {ergonomic}
   size_t MaxHeapSize                              = 2147483648                                {product} {command line}
   size_t MaxMetaspaceSize                         = 536870912                                 {product} {command line}
   size_t MaxNewSize                               = 1287651328                                {product} {ergonomic}
   size_t MinHeapDeltaBytes                        = 1048576                                   {product} {ergonomic}
   size_t MinHeapSize                              = 8388608                                   {product} {ergonomic}
    uintx NonNMethodCodeHeapSize                   = 5839372                                {pd product} {ergonomic}
    uintx NonProfiledCodeHeapSize                  = 122909434                              {pd product} {ergonomic}
    uintx ProfiledCodeHeapSize                     = 122909434                              {pd product} {ergonomic}
    uintx ReservedCodeCacheSize                    = 251658240                              {pd product} {ergonomic}
     bool SegmentedCodeCache                       = true                                      {product} {ergonomic}
   size_t SoftMaxHeapSize                          = 2147483648                             {manageable} {ergonomic}
     bool UseCompressedClassPointers               = true                           {product lp64_product} {ergonomic}
     bool UseCompressedOops                        = true                           {product lp64_product} {ergonomic}
     bool UseG1GC                                  = true                                      {product} {ergonomic}
     bool UseLargePagesIndividualAllocation        = false                                  {pd product} {ergonomic}

Logging:
Log output configuration:
 #0: stdout all=warning uptime,level,tags
 #1: stderr all=off uptime,level,tags

Environment Variables:
PATH=C:\Program Files\Common Files\Oracle\Java\javapath;C:\Python313\Scripts\;C:\Python313\;C:\Program Files\Python312\Scripts\;C:\Program Files\Python312\;C:\Windows\system32;C:\Windows;C:\Windows\System32\Wbem;C:\Windows\System32\WindowsPowerShell\v1.0\;C:\Windows\System32\OpenSSH\;C:\Program Files (x86)\NVIDIA Corporation\PhysX\Common;C:\WINDOWS\system32;C:\WINDOWS;C:\WINDOWS\System32\Wbem;C:\WINDOWS\System32\WindowsPowerShell\v1.0\;C:\WINDOWS\System32\OpenSSH\;C:\Program Files\Git\bin;C:\Program Files\NVIDIA Corporation\NVIDIA NvDLISR;C:\Program Files\GTK3-Runtime Win64\bin;C:\Users\sande\Downloads\kotlin-compiler-1.9.22\kotlinc\bin;C:\Program Files\Azure Data Studio\bin;C:\Program Files\MySQL\MySQL Server 8.0\bin;C:\Users\sande\AppData\Local\Android\Sdk;C:\Users\sande\AppData\Local\Android\Sdk\platform-tools;C:\WINDOWS\system32;C:\WINDOWS;C:\WINDOWS\System32\Wbem;C:\WINDOWS\System32\WindowsPowerShell\v1.0\;C:\WINDOWS\System32\OpenSSH\;C:\ProgramData\chocolatey\bin;C:\Program Files\nodejs;C:\Users\sande\AppData\Local\nvm;C:\nvm4w\nodejs;C:\MinGW\bin;C:\Program Files\Go\bin;C:\Users\sande\Downloads\apache-maven-3.9.9\bin;C:\Program Files\PuTTY\;C:\Program Files\Docker\Docker\resources\bin;C:\Program Files\Java\jdk-17\bin;C:\Users\sande\AppData\Local\Android\Sdk\tools;C:\Program Files\MySQL\MySQL Shell 8.0\bin\;C:\Users\sande\AppData\Local\Microsoft\WindowsApps;C:\Program Files\JetBrains\IntelliJ IDEA Community Edition 2023.1.2\bin;;C:\Users\sande\AppData\Local\Programs\Microsoft VS Code\bin;C:\Users\sande\dart-sdk\bin;C:\Users\sande\Desktop\flutter_windows_3.16.5-stable\flutter\bin;C:\Program Files\Azure Data Studio\bin;C:\ProgramData\Microsoft\Windows\Start Menu\Programs\Python 3.12\Python 3.12 (64-bit).lnk;C:\Program Files\Python312\Scripts;C:\Mongosh\;C:\Users\sande\AppData\Local\nvm;C:\nvm4w\nodejs;C:\Users\sande\go\bin;C:\Program Files\JetBrains\IntelliJ IDEA 2024.3.5\bin;;C:\Program Files\Java\jdk-17\bin;C:\Program Files\Java\jdk-17\;C:\Users\sande\AppData\Loc
USERNAME=sande
OS=Windows_NT
PROCESSOR_IDENTIFIER=Intel64 Family 6 Model 165 Stepping 2, GenuineIntel



---------------  S Y S T E M  ---------------

OS:
 Windows 11 , 64 bit Build 26100 (10.0.26100.7920)
OS uptime: 0 days 2:30 hours
Hyper-V role detected

CPU: total 12 (initial active 12) (6 cores per cpu, 2 threads per core) family 6 model 165 stepping 2 microcode 0xf6, cx8, cmov, fxsr, ht, mmx, 3dnowpref, sse, sse2, sse3, ssse3, sse4.1, sse4.2, popcnt, lzcnt, tsc, tscinvbit, avx, avx2, aes, erms, clmul, bmi1, bmi2, adx, fma, vzeroupper, clflush, clflushopt, hv

Memory: 4k page, system-wide physical 8059M (488M free)
TotalPageFile size 32635M (AvailPageFile size 8M)
current process WorkingSet (physical memory assigned to process): 195M, peak: 196M
current process commit charge ("private bytes"): 286M, peak: 287M

vm_info: Java HotSpot(TM) 64-Bit Server VM (17.0.12+8-LTS-286) for windows-amd64 JRE (17.0.12+8-LTS-286), built on Jun  5 2024 06:46:59 by "mach5one" with MS VC++ 17.6 (VS2022)

END.
