#
# There is insufficient memory for the Java Runtime Environment to continue.
# Native memory allocation (malloc) failed to allocate 1168480 bytes. Error detail: Chunk::new
# Possible reasons:
#   The system is out of physical RAM or swap space
#   This process is running with CompressedOops enabled, and the Java Heap may be blocking the growth of the native heap
# Possible solutions:
#   Reduce memory load on the system
#   Increase physical memory or swap space
#   Check if swap backing store is full
#   Decrease Java heap size (-Xmx/-Xms)
#   Decrease number of Java threads
#   Decrease Java thread stack sizes (-Xss)
#   Set larger code cache with -XX:ReservedCodeCacheSize=
#   JVM is running with Unscaled Compressed Oops mode in which the Java heap is
#     placed in the first 4GB address space. The Java Heap base address is the
#     maximum limit for the native heap growth. Please use -XX:HeapBaseMinAddress
#     to set the Java Heap base and to place the Java Heap above 4GB virtual address.
# This output file may be truncated or incomplete.
#
#  Out of Memory Error (arena.cpp:168), pid=19696, tid=14296
#
# JRE version: OpenJDK Runtime Environment Temurin-21.0.9+10 (21.0.9+10) (build 21.0.9+10-LTS)
# Java VM: OpenJDK 64-Bit Server VM Temurin-21.0.9+10 (21.0.9+10-LTS, mixed mode, sharing, tiered, compressed oops, compressed class ptrs, parallel gc, windows-amd64)
# No core dump will be written. Minidumps are not enabled by default on client versions of Windows
#

---------------  S U M M A R Y ------------

Command Line: --add-modules=ALL-SYSTEM --add-opens=java.base/java.util=ALL-UNNAMED --add-opens=java.base/java.lang=ALL-UNNAMED --add-opens=java.base/sun.nio.fs=ALL-UNNAMED -Declipse.application=org.eclipse.jdt.ls.core.id1 -Dosgi.bundles.defaultStartLevel=4 -Declipse.product=org.eclipse.jdt.ls.core.product -Djava.import.generatesMetadataFilesAtProjectRoot=false -DDetectVMInstallationsJob.disabled=true -Dfile.encoding=utf8 -XX:+UseParallelGC -XX:GCTimeRatio=4 -XX:AdaptiveSizePolicyWeight=90 -Dsun.zip.disableMemoryMapping=true -Xmx2G -Xms100m -Xlog:disable -javaagent:c:\Users\sande\.vscode\extensions\redhat.java-1.52.0-win32-x64\lombok\lombok-1.18.39-4050.jar -XX:+HeapDumpOnOutOfMemoryError -XX:HeapDumpPath=c:\Users\sande\AppData\Roaming\Code\User\workspaceStorage\be7ba368ab9cfb1cb7631f5b97bea9cb\redhat.java -Daether.dependencyCollector.impl=bf c:\Users\sande\.vscode\extensions\redhat.java-1.52.0-win32-x64\server\plugins\org.eclipse.equinox.launcher_1.7.100.v20251111-0406.jar -configuration c:\Users\sande\AppData\Roaming\Code\User\globalStorage\redhat.java\1.52.0\config_win -data c:\Users\sande\AppData\Roaming\Code\User\workspaceStorage\be7ba368ab9cfb1cb7631f5b97bea9cb\redhat.java\jdt_ws --pipe=\\.\pipe\lsp-208a18dd2f1fb60b843163e4dd7f12e4-sock

Host: Intel(R) Core(TM) i5-10500H CPU @ 2.50GHz, 12 cores, 7G,  Windows 11 , 64 bit Build 26100 (10.0.26100.7705)
Time: Mon Feb  9 21:27:48 2026 India Standard Time elapsed time: 44.186726 seconds (0d 0h 0m 44s)

---------------  T H R E A D  ---------------

Current thread (0x000001e1dcda7640):  JavaThread "C2 CompilerThread1" daemon [_thread_in_native, id=14296, stack(0x00000027e5100000,0x00000027e5200000) (1024K)]


Current CompileTask:
C2:44186 10930       4       org.eclipse.jdt.internal.core.search.indexing.BinaryIndexer::extractReferenceFromConstantPool (358 bytes)

Stack: [0x00000027e5100000,0x00000027e5200000]
Native frames: (J=compiled Java code, j=interpreted, Vv=VM code, C=native code)
V  [jvm.dll+0x6d6e29]
V  [jvm.dll+0x8b4b76]
V  [jvm.dll+0x8b712e]
V  [jvm.dll+0x8b7813]
V  [jvm.dll+0x283d86]
V  [jvm.dll+0xc66ed]
V  [jvm.dll+0xc6c31]
V  [jvm.dll+0x3be53b]
V  [jvm.dll+0x1e3d59]
V  [jvm.dll+0x24c0f3]
V  [jvm.dll+0x24b580]
V  [jvm.dll+0x1cb13e]
V  [jvm.dll+0x25b29d]
V  [jvm.dll+0x25982a]
V  [jvm.dll+0x3f7ea6]
V  [jvm.dll+0x85e9ad]
V  [jvm.dll+0x6d565d]
C  [ucrtbase.dll+0x37b0]
C  [KERNEL32.DLL+0x2e8d7]
C  [ntdll.dll+0x8c40c]


---------------  P R O C E S S  ---------------

Threads class SMR info:
_java_thread_list=0x000001e1e6f63a40, length=66, elements={
0x000001e1fc234e90, 0x000001e1fc2d43d0, 0x000001e1fc1de6a0, 0x000001e1fc2d79c0,
0x000001e1fc2daa40, 0x000001e1fc2df850, 0x000001e1fc2e5940, 0x000001e1d502a060,
0x000001e1fc2ed210, 0x000001e1d521d600, 0x000001e1d5365890, 0x000001e1da967f50,
0x000001e1da9b7680, 0x000001e1da7ab800, 0x000001e1da7ac640, 0x000001e1dac5b850,
0x000001e1db11e430, 0x000001e1dad1b9e0, 0x000001e1dad1c070, 0x000001e1dad18bf0,
0x000001e1dad19910, 0x000001e1dad19280, 0x000001e1dad1a630, 0x000001e1dad1acc0,
0x000001e1dd2de270, 0x000001e1dd2dcec0, 0x000001e1dd2de900, 0x000001e1dd2def90,
0x000001e1dd2df620, 0x000001e1dd2ddbe0, 0x000001e1dd2dc1a0, 0x000001e1dd2dc830,
0x000001e1dd2dd550, 0x000001e1dd162ff0, 0x000001e1dd164a30, 0x000001e1dd163680,
0x000001e1dd163d10, 0x000001e1dd1643a0, 0x000001e1dd1650c0, 0x000001e1dd165750,
0x000001e1dd1622d0, 0x000001e1dd165de0, 0x000001e1dd162960, 0x000001e1dd168bd0,
0x000001e1dd167190, 0x000001e1dd1698f0, 0x000001e1dd166470, 0x000001e1dd166b00,
0x000001e1e5a30e10, 0x000001e1e5a314a0, 0x000001e1e5a32850, 0x000001e1e5a34290,
0x000001e1e5a31b30, 0x000001e1e5a30780, 0x000001e1e5a32ee0, 0x000001e1e5a33570,
0x000001e1e5a33c00, 0x000001e1e5a34920, 0x000001e1e5a321c0, 0x000001e1dcda7640,
0x000001e1e5a369f0, 0x000001e1e74cd230, 0x000001e1e74cdf50, 0x000001e1e74ce5e0,
0x000001e1e74ccba0, 0x000001e1dcda8ab0
}

Java Threads: ( => current thread )
  0x000001e1fc234e90 JavaThread "main"                              [_thread_blocked, id=6068, stack(0x00000027e5200000,0x00000027e5300000) (1024K)]
  0x000001e1fc2d43d0 JavaThread "Reference Handler"          daemon [_thread_blocked, id=21136, stack(0x00000027e5600000,0x00000027e5700000) (1024K)]
  0x000001e1fc1de6a0 JavaThread "Finalizer"                  daemon [_thread_blocked, id=22516, stack(0x00000027e5700000,0x00000027e5800000) (1024K)]
  0x000001e1fc2d79c0 JavaThread "Signal Dispatcher"          daemon [_thread_blocked, id=17700, stack(0x00000027e5800000,0x00000027e5900000) (1024K)]
  0x000001e1fc2daa40 JavaThread "Attach Listener"            daemon [_thread_blocked, id=12240, stack(0x00000027e5900000,0x00000027e5a00000) (1024K)]
  0x000001e1fc2df850 JavaThread "Service Thread"             daemon [_thread_blocked, id=24004, stack(0x00000027e5a00000,0x00000027e5b00000) (1024K)]
  0x000001e1fc2e5940 JavaThread "Monitor Deflation Thread"   daemon [_thread_blocked, id=24312, stack(0x00000027e5b00000,0x00000027e5c00000) (1024K)]
  0x000001e1d502a060 JavaThread "C2 CompilerThread0"         daemon [_thread_in_native, id=13580, stack(0x00000027e5c00000,0x00000027e5d00000) (1024K)]
  0x000001e1fc2ed210 JavaThread "C1 CompilerThread0"         daemon [_thread_blocked, id=20748, stack(0x00000027e5d00000,0x00000027e5e00000) (1024K)]
  0x000001e1d521d600 JavaThread "Common-Cleaner"             daemon [_thread_blocked, id=14604, stack(0x00000027e5e00000,0x00000027e5f00000) (1024K)]
  0x000001e1d5365890 JavaThread "Notification Thread"        daemon [_thread_blocked, id=16692, stack(0x00000027e6000000,0x00000027e6100000) (1024K)]
  0x000001e1da967f50 JavaThread "Active Thread: Equinox Container: 1f94805d-93a0-4ef9-9c4b-c2333bbb01ae"        [_thread_blocked, id=12084, stack(0x00000027e6800000,0x00000027e6900000) (1024K)]
  0x000001e1da9b7680 JavaThread "Refresh Thread: Equinox Container: 1f94805d-93a0-4ef9-9c4b-c2333bbb01ae" daemon [_thread_blocked, id=5696, stack(0x00000027e6a00000,0x00000027e6b00000) (1024K)]
  0x000001e1da7ab800 JavaThread "Framework Event Dispatcher: Equinox Container: 1f94805d-93a0-4ef9-9c4b-c2333bbb01ae" daemon [_thread_blocked, id=20768, stack(0x00000027e6b00000,0x00000027e6c00000) (1024K)]
  0x000001e1da7ac640 JavaThread "Start Level: Equinox Container: 1f94805d-93a0-4ef9-9c4b-c2333bbb01ae" daemon [_thread_blocked, id=7748, stack(0x00000027e6c00000,0x00000027e6d00000) (1024K)]
  0x000001e1dac5b850 JavaThread "Bundle File Closer"         daemon [_thread_blocked, id=14796, stack(0x00000027e6f00000,0x00000027e7000000) (1024K)]
  0x000001e1db11e430 JavaThread "SCR Component Actor"        daemon [_thread_blocked, id=24540, stack(0x00000027e7000000,0x00000027e7100000) (1024K)]
  0x000001e1dad1b9e0 JavaThread "Worker-JM"                         [_thread_blocked, id=26376, stack(0x00000027e7100000,0x00000027e7200000) (1024K)]
  0x000001e1dad1c070 JavaThread "JNA Cleaner"                daemon [_thread_blocked, id=5832, stack(0x00000027e6100000,0x00000027e6200000) (1024K)]
  0x000001e1dad18bf0 JavaThread "Worker-0: Java indexing... "        [_thread_blocked, id=6868, stack(0x00000027e7200000,0x00000027e7300000) (1024K)]
  0x000001e1dad19910 JavaThread "Worker-1: Refreshing workspace"        [_thread_blocked, id=2540, stack(0x00000027e7300000,0x00000027e7400000) (1024K)]
  0x000001e1dad19280 JavaThread "Worker-2"                          [_thread_blocked, id=26400, stack(0x00000027e7400000,0x00000027e7500000) (1024K)]
  0x000001e1dad1a630 JavaThread "Java indexing"              daemon [_thread_in_Java, id=4896, stack(0x00000027e7600000,0x00000027e7700000) (1024K)]
  0x000001e1dad1acc0 JavaThread "Worker-3"                          [_thread_blocked, id=16088, stack(0x00000027e7700000,0x00000027e7800000) (1024K)]
  0x000001e1dd2de270 JavaThread "Worker-4: Initialize Workspace"        [_thread_blocked, id=25060, stack(0x00000027e7a00000,0x00000027e7b00000) (1024K)]
  0x000001e1dd2dcec0 JavaThread "Worker-5"                          [_thread_blocked, id=26824, stack(0x00000027e7b00000,0x00000027e7c00000) (1024K)]
  0x000001e1dd2de900 JavaThread "Worker-6: Synchronize Gradle projects with workspace"        [_thread_blocked, id=26808, stack(0x00000027e7c00000,0x00000027e7d00000) (1024K)]
  0x000001e1dd2def90 JavaThread "Thread-1"                   daemon [_thread_in_native, id=256, stack(0x00000027e7d00000,0x00000027e7e00000) (1024K)]
  0x000001e1dd2df620 JavaThread "Thread-2"                   daemon [_thread_in_native, id=18564, stack(0x00000027e7e00000,0x00000027e7f00000) (1024K)]
  0x000001e1dd2ddbe0 JavaThread "Thread-3"                   daemon [_thread_in_native, id=25120, stack(0x00000027e7f00000,0x00000027e8000000) (1024K)]
  0x000001e1dd2dc1a0 JavaThread "Thread-4"                   daemon [_thread_in_native, id=27404, stack(0x00000027e8000000,0x00000027e8100000) (1024K)]
  0x000001e1dd2dc830 JavaThread "Thread-5"                   daemon [_thread_in_native, id=27596, stack(0x00000027e8100000,0x00000027e8200000) (1024K)]
  0x000001e1dd2dd550 JavaThread "Thread-6"                   daemon [_thread_in_native, id=27940, stack(0x00000027e8200000,0x00000027e8300000) (1024K)]
  0x000001e1dd162ff0 JavaThread "Thread-7"                   daemon [_thread_in_native, id=27408, stack(0x00000027e8300000,0x00000027e8400000) (1024K)]
  0x000001e1dd164a30 JavaThread "Thread-8"                   daemon [_thread_in_native, id=27896, stack(0x00000027e8400000,0x00000027e8500000) (1024K)]
  0x000001e1dd163680 JavaThread "Thread-9"                   daemon [_thread_in_native, id=27924, stack(0x00000027e8500000,0x00000027e8600000) (1024K)]
  0x000001e1dd163d10 JavaThread "Thread-10"                  daemon [_thread_in_native, id=26124, stack(0x00000027e8600000,0x00000027e8700000) (1024K)]
  0x000001e1dd1643a0 JavaThread "Thread-11"                  daemon [_thread_in_native, id=26668, stack(0x00000027e8700000,0x00000027e8800000) (1024K)]
  0x000001e1dd1650c0 JavaThread "Thread-12"                  daemon [_thread_in_native, id=18376, stack(0x00000027e8800000,0x00000027e8900000) (1024K)]
  0x000001e1dd165750 JavaThread "Thread-13"                  daemon [_thread_in_native, id=23656, stack(0x00000027e8900000,0x00000027e8a00000) (1024K)]
  0x000001e1dd1622d0 JavaThread "pool-2-thread-1"                   [_thread_blocked, id=26024, stack(0x00000027e8a00000,0x00000027e8b00000) (1024K)]
  0x000001e1dd165de0 JavaThread "Timer-0"                           [_thread_blocked, id=23732, stack(0x00000027e8b00000,0x00000027e8c00000) (1024K)]
  0x000001e1dd162960 JavaThread "Timer-1"                           [_thread_blocked, id=26044, stack(0x00000027e8c00000,0x00000027e8d00000) (1024K)]
  0x000001e1dd168bd0 JavaThread "WorkspaceEventsHandler"            [_thread_blocked, id=26080, stack(0x00000027e8d00000,0x00000027e8e00000) (1024K)]
  0x000001e1dd167190 JavaThread "pool-1-thread-1"                   [_thread_blocked, id=26812, stack(0x00000027e8e00000,0x00000027e8f00000) (1024K)]
  0x000001e1dd1698f0 JavaThread "ForkJoinPool.commonPool-worker-1" daemon [_thread_blocked, id=23864, stack(0x00000027e9000000,0x00000027e9100000) (1024K)]
  0x000001e1dd166470 JavaThread "ForkJoinPool.commonPool-worker-2" daemon [_thread_blocked, id=26288, stack(0x00000027e9100000,0x00000027e9200000) (1024K)]
  0x000001e1dd166b00 JavaThread "ForkJoinPool.commonPool-worker-3" daemon [_thread_blocked, id=25464, stack(0x00000027e9200000,0x00000027e9300000) (1024K)]
  0x000001e1e5a30e10 JavaThread "Timer-2"                           [_thread_blocked, id=9804, stack(0x00000027e9300000,0x00000027e9400000) (1024K)]
  0x000001e1e5a314a0 JavaThread "Exec process"                      [_thread_blocked, id=9052, stack(0x00000027e9500000,0x00000027e9600000) (1024K)]
  0x000001e1e5a32850 JavaThread "Exec process Thread 2"             [_thread_blocked, id=25692, stack(0x00000027e9600000,0x00000027e9700000) (1024K)]
  0x000001e1e5a34290 JavaThread "Exec process Thread 3"             [_thread_blocked, id=5552, stack(0x00000027e9700000,0x00000027e9800000) (1024K)]
  0x000001e1e5a31b30 JavaThread "Timer-3"                           [_thread_blocked, id=4788, stack(0x00000027e5f00000,0x00000027e6000000) (1024K)]
  0x000001e1e5a30780 JavaThread "Timer-4"                           [_thread_blocked, id=16576, stack(0x00000027e9400000,0x00000027e9500000) (1024K)]
  0x000001e1e5a32ee0 JavaThread "Timer-5"                           [_thread_blocked, id=376, stack(0x00000027e8f00000,0x00000027e9000000) (1024K)]
  0x000001e1e5a33570 JavaThread "Timer-6"                           [_thread_blocked, id=26820, stack(0x00000027e9900000,0x00000027e9a00000) (1024K)]
  0x000001e1e5a33c00 JavaThread "Timer-7"                           [_thread_blocked, id=27252, stack(0x00000027e9a00000,0x00000027e9b00000) (1024K)]
  0x000001e1e5a34920 JavaThread "Timer-8"                           [_thread_blocked, id=16872, stack(0x00000027e7500000,0x00000027e7600000) (1024K)]
  0x000001e1e5a321c0 JavaThread "Timer-9"                           [_thread_blocked, id=25968, stack(0x00000027e9800000,0x00000027e9900000) (1024K)]
=>0x000001e1dcda7640 JavaThread "C2 CompilerThread1"         daemon [_thread_in_native, id=14296, stack(0x00000027e5100000,0x00000027e5200000) (1024K)]
  0x000001e1e5a369f0 JavaThread "Worker-7"                          [_thread_blocked, id=24192, stack(0x00000027e9b00000,0x00000027e9c00000) (1024K)]
  0x000001e1e74cd230 JavaThread "Timer-10"                          [_thread_blocked, id=16516, stack(0x00000027e9c00000,0x00000027e9d00000) (1024K)]
  0x000001e1e74cdf50 JavaThread "Connection worker"                 [_thread_in_native, id=7576, stack(0x00000027e9e00000,0x00000027e9f00000) (1024K)]
  0x000001e1e74ce5e0 JavaThread "pool-4-thread-1"                   [_thread_blocked, id=23120, stack(0x00000027e9f00000,0x00000027ea000000) (1024K)]
  0x000001e1e74ccba0 JavaThread "Forward input"                     [_thread_blocked, id=20184, stack(0x00000027ea100000,0x00000027ea200000) (1024K)]
  0x000001e1dcda8ab0 JavaThread "C2 CompilerThread2"         daemon [_thread_in_native, id=24520, stack(0x00000027ea000000,0x00000027ea100000) (1024K)]
Total: 66

Other Threads:
  0x000001e1fc1c40b0 VMThread "VM Thread"                           [id=25836, stack(0x00000027e5500000,0x00000027e5600000) (1024K)]
  0x000001e1fc0bca00 WatcherThread "VM Periodic Task Thread"        [id=23664, stack(0x00000027e5400000,0x00000027e5500000) (1024K)]
  0x000001e1fc253a30 WorkerThread "GC Thread#0"                     [id=4176, stack(0x00000027e5300000,0x00000027e5400000) (1024K)]
  0x000001e1da48dd60 WorkerThread "GC Thread#1"                     [id=27688, stack(0x00000027e6200000,0x00000027e6300000) (1024K)]
  0x000001e1da20cc40 WorkerThread "GC Thread#2"                     [id=25056, stack(0x00000027e6300000,0x00000027e6400000) (1024K)]
  0x000001e1da69f820 WorkerThread "GC Thread#3"                     [id=10400, stack(0x00000027e6400000,0x00000027e6500000) (1024K)]
  0x000001e1da493920 WorkerThread "GC Thread#4"                     [id=13636, stack(0x00000027e6500000,0x00000027e6600000) (1024K)]
  0x000001e1da46a740 WorkerThread "GC Thread#5"                     [id=26428, stack(0x00000027e6600000,0x00000027e6700000) (1024K)]
  0x000001e1da46aae0 WorkerThread "GC Thread#6"                     [id=26552, stack(0x00000027e6700000,0x00000027e6800000) (1024K)]
  0x000001e1da5b6d80 WorkerThread "GC Thread#7"                     [id=25820, stack(0x00000027e6900000,0x00000027e6a00000) (1024K)]
  0x000001e1dae77c10 WorkerThread "GC Thread#8"                     [id=26448, stack(0x00000027e6d00000,0x00000027e6e00000) (1024K)]
  0x000001e1daac2020 WorkerThread "GC Thread#9"                     [id=18840, stack(0x00000027e6e00000,0x00000027e6f00000) (1024K)]
Total: 12

Threads with active compile tasks:
C2 CompilerThread0  44238 10925   !   4       org.eclipse.jdt.internal.core.search.indexing.BinaryIndexer::indexDocument (1172 bytes)
C2 CompilerThread1  44238 10930       4       org.eclipse.jdt.internal.core.search.indexing.BinaryIndexer::extractReferenceFromConstantPool (358 bytes)
C2 CompilerThread2  44238 10927 % !   4       org.eclipse.jdt.internal.compiler.classfmt.ClassFileReader::<init> @ 699 (1968 bytes)
Total: 3

VM state: not at safepoint (normal execution)

VM Mutex/Monitor currently owned by a thread: None

Heap address: 0x0000000080000000, size: 2048 MB, Compressed Oops mode: 32-bit

CDS archive(s) mapped at: [0x000001e193000000-0x000001e193ba0000-0x000001e193ba0000), size 12189696, SharedBaseAddress: 0x000001e193000000, ArchiveRelocationMode: 1.
Compressed class space mapped at: 0x000001e194000000-0x000001e1d4000000, reserved size: 1073741824
Narrow klass base: 0x000001e193000000, Narrow klass shift: 0, Narrow klass range: 0x100000000

GC Precious Log:
 CardTable entry size: 512
 CPUs: 12 total, 12 available
 Memory: 8059M
 Large Page Support: Disabled
 NUMA Support: Disabled
 Compressed Oops: Enabled (32-bit)
 Alignments: Space 512K, Generation 512K, Heap 2M
 Heap Min Capacity: 100M
 Heap Initial Capacity: 100M
 Heap Max Capacity: 2G
 Pre-touch: Disabled
 Parallel Workers: 10

Heap:
 PSYoungGen      total 2560K, used 1966K [0x00000000d5580000, 0x00000000d5b80000, 0x0000000100000000)
  eden space 2048K, 80% used [0x00000000d5580000,0x00000000d571bbe8,0x00000000d5780000)
  from space 512K, 62% used [0x00000000d5a80000,0x00000000d5ad0000,0x00000000d5b00000)
  to   space 512K, 0% used [0x00000000d5b00000,0x00000000d5b00000,0x00000000d5b80000)
 ParOldGen       total 166912K, used 166479K [0x0000000080000000, 0x000000008a300000, 0x00000000d5580000)
  object space 166912K, 99% used [0x0000000080000000,0x000000008a293e90,0x000000008a300000)
 Metaspace       used 72007K, committed 73344K, reserved 1114112K
  class space    used 8892K, committed 9536K, reserved 1048576K

Card table byte_map: [0x000001e1fbbd0000,0x000001e1fbfe0000] _byte_map_base: 0x000001e1fb7d0000

Marking Bits: (ParMarkBitMap*) 0x00007ffb31132460
 Begin Bits: [0x000001e18f000000, 0x000001e191000000)
 End Bits:   [0x000001e191000000, 0x000001e193000000)

Polling page: 0x000001e1fa0a0000

Metaspace:

Usage:
  Non-class:     61.64 MB used.
      Class:      8.68 MB used.
       Both:     70.32 MB used.

Virtual space:
  Non-class space:       64.00 MB reserved,      62.31 MB ( 97%) committed,  1 nodes.
      Class space:        1.00 GB reserved,       9.31 MB ( <1%) committed,  1 nodes.
             Both:        1.06 GB reserved,      71.62 MB (  7%) committed. 

Chunk freelists:
   Non-Class:  960.00 KB
       Class:  6.72 MB
        Both:  7.66 MB

MaxMetaspaceSize: unlimited
CompressedClassSpaceSize: 1.00 GB
Initial GC threshold: 21.00 MB
Current GC threshold: 97.31 MB
CDS: on
 - commit_granule_bytes: 65536.
 - commit_granule_words: 8192.
 - virtual_space_node_default_size: 8388608.
 - enlarge_chunks_in_place: 1.
 - use_allocation_guard: 0.


Internal statistics:

num_allocs_failed_limit: 9.
num_arena_births: 1282.
num_arena_deaths: 44.
num_vsnodes_births: 2.
num_vsnodes_deaths: 0.
num_space_committed: 1146.
num_space_uncommitted: 0.
num_chunks_returned_to_freelist: 67.
num_chunks_taken_from_freelist: 4530.
num_chunk_merges: 16.
num_chunk_splits: 2721.
num_chunks_enlarged: 1498.
num_inconsistent_stats: 0.

CodeHeap 'non-profiled nmethods': size=120000Kb used=8487Kb max_used=8487Kb free=111513Kb
 bounds [0x000001e187ad0000, 0x000001e188320000, 0x000001e18f000000]
CodeHeap 'profiled nmethods': size=120000Kb used=20682Kb max_used=20682Kb free=99317Kb
 bounds [0x000001e180000000, 0x000001e181440000, 0x000001e187530000]
CodeHeap 'non-nmethods': size=5760Kb used=1441Kb max_used=1535Kb free=4318Kb
 bounds [0x000001e187530000, 0x000001e1877a0000, 0x000001e187ad0000]
CodeCache: size=245760Kb, used=30610Kb, max_used=30704Kb, free=215148Kb
 total_blobs=10797, nmethods=10048, adapters=655, full_count=0
Compilation: enabled, stopped_count=0, restarted_count=0

Compilation events (20 events):
Event: 43.594 Thread 0x000001e1dcda8ab0 nmethod 9891 0x000001e188300690 code [0x000001e188300800, 0x000001e188300940]
Event: 43.594 Thread 0x000001e1dcda8ab0 9914       4       org.eclipse.jdt.internal.core.index.MemoryIndex::addIndexEntry (118 bytes)
Event: 43.616 Thread 0x000001e1dcda8ab0 nmethod 9914 0x000001e188300990 code [0x000001e188300cc0, 0x000001e1883025d8]
Event: 43.617 Thread 0x000001e1dcda8ab0 9944       4       org.eclipse.jdt.core.search.SearchDocument::getContainerRelativePath (27 bytes)
Event: 43.618 Thread 0x000001e1dcda8ab0 nmethod 9944 0x000001e188302f90 code [0x000001e188303120, 0x000001e188303230]
Event: 43.618 Thread 0x000001e1dcda8ab0 9955       4       org.eclipse.jdt.internal.core.search.indexing.AbstractIndexer::addIndexEntry (10 bytes)
Event: 43.620 Thread 0x000001e1dcda8ab0 nmethod 9955 0x000001e188303310 code [0x000001e1883034c0, 0x000001e188303670]
Event: 43.621 Thread 0x000001e1dcda8ab0 10555       4       sun.security.util.math.intpoly.IntegerPolynomialP256::carryReduce0 (451 bytes)
Event: 43.623 Thread 0x000001e1dcda8ab0 nmethod 10555 0x000001e188303890 code [0x000001e188303a20, 0x000001e188303d10]
Event: 43.623 Thread 0x000001e1dcda8ab0 10580       4       sun.security.util.math.intpoly.IntegerPolynomialP256::carryReduce (454 bytes)
Event: 43.625 Thread 0x000001e1dcda8ab0 nmethod 10580 0x000001e188303e90 code [0x000001e188304020, 0x000001e188304308]
Event: 43.625 Thread 0x000001e1dcda8ab0 10245       4       com.google.gson.stream.JsonReader::peek (144 bytes)
Event: 43.626 Thread 0x000001e1dcda8ab0 nmethod 10245 0x000001e188304410 code [0x000001e1883045a0, 0x000001e1883046c0]
Event: 43.626 Thread 0x000001e1dcda8ab0 10260       4       com.google.gson.internal.bind.TypeAdapterRuntimeTypeWrapper::read (9 bytes)
Event: 43.631 Thread 0x000001e1dcda8ab0 nmethod 10260 0x000001e188304790 code [0x000001e188304980, 0x000001e188304c80]
Event: 43.631 Thread 0x000001e1dcda8ab0 10927 % !   4       org.eclipse.jdt.internal.compiler.classfmt.ClassFileReader::<init> @ 699 (1968 bytes)
Event: 43.792 Thread 0x000001e1dcda7640 nmethod 10905% 0x000001e188305010 code [0x000001e188305c60, 0x000001e188312978]
Event: 43.797 Thread 0x000001e1dcda7640 10928       4       org.eclipse.jdt.internal.core.search.indexing.AbstractIndexer::addFieldDeclaration (17 bytes)
Event: 43.812 Thread 0x000001e1dcda7640 nmethod 10928 0x000001e188318990 code [0x000001e188318ba0, 0x000001e1883195d8]
Event: 43.813 Thread 0x000001e1dcda7640 10930       4       org.eclipse.jdt.internal.core.search.indexing.BinaryIndexer::extractReferenceFromConstantPool (358 bytes)

GC Heap History (20 events):
Event: 43.737 GC heap before
{Heap before GC invocations=234 (full 3):
 PSYoungGen      total 2560K, used 2400K [0x00000000d5580000, 0x00000000d5b80000, 0x0000000100000000)
  eden space 2048K, 100% used [0x00000000d5580000,0x00000000d5780000,0x00000000d5780000)
  from space 512K, 68% used [0x00000000d5b00000,0x00000000d5b58000,0x00000000d5b80000)
  to   space 512K, 0% used [0x00000000d5a80000,0x00000000d5a80000,0x00000000d5b00000)
 ParOldGen       total 164352K, used 164167K [0x0000000080000000, 0x000000008a080000, 0x00000000d5580000)
  object space 164352K, 99% used [0x0000000080000000,0x000000008a051e90,0x000000008a080000)
 Metaspace       used 72007K, committed 73344K, reserved 1114112K
  class space    used 8892K, committed 9536K, reserved 1048576K
}
Event: 43.739 GC heap after
{Heap after GC invocations=234 (full 3):
 PSYoungGen      total 2560K, used 352K [0x00000000d5580000, 0x00000000d5b80000, 0x0000000100000000)
  eden space 2048K, 0% used [0x00000000d5580000,0x00000000d5580000,0x00000000d5780000)
  from space 512K, 68% used [0x00000000d5a80000,0x00000000d5ad8000,0x00000000d5b00000)
  to   space 512K, 0% used [0x00000000d5b00000,0x00000000d5b00000,0x00000000d5b80000)
 ParOldGen       total 164864K, used 164383K [0x0000000080000000, 0x000000008a100000, 0x00000000d5580000)
  object space 164864K, 99% used [0x0000000080000000,0x000000008a087e90,0x000000008a100000)
 Metaspace       used 72007K, committed 73344K, reserved 1114112K
  class space    used 8892K, committed 9536K, reserved 1048576K
}
Event: 43.764 GC heap before
{Heap before GC invocations=235 (full 3):
 PSYoungGen      total 2560K, used 2399K [0x00000000d5580000, 0x00000000d5b80000, 0x0000000100000000)
  eden space 2048K, 99% used [0x00000000d5580000,0x00000000d577fff8,0x00000000d5780000)
  from space 512K, 68% used [0x00000000d5a80000,0x00000000d5ad8000,0x00000000d5b00000)
  to   space 512K, 0% used [0x00000000d5b00000,0x00000000d5b00000,0x00000000d5b80000)
 ParOldGen       total 164864K, used 164383K [0x0000000080000000, 0x000000008a100000, 0x00000000d5580000)
  object space 164864K, 99% used [0x0000000080000000,0x000000008a087e90,0x000000008a100000)
 Metaspace       used 72007K, committed 73344K, reserved 1114112K
  class space    used 8892K, committed 9536K, reserved 1048576K
}
Event: 43.765 GC heap after
{Heap after GC invocations=235 (full 3):
 PSYoungGen      total 2560K, used 320K [0x00000000d5580000, 0x00000000d5b80000, 0x0000000100000000)
  eden space 2048K, 0% used [0x00000000d5580000,0x00000000d5580000,0x00000000d5780000)
  from space 512K, 62% used [0x00000000d5b00000,0x00000000d5b50000,0x00000000d5b80000)
  to   space 512K, 0% used [0x00000000d5a80000,0x00000000d5a80000,0x00000000d5b00000)
 ParOldGen       total 164864K, used 164591K [0x0000000080000000, 0x000000008a100000, 0x00000000d5580000)
  object space 164864K, 99% used [0x0000000080000000,0x000000008a0bbe90,0x000000008a100000)
 Metaspace       used 72007K, committed 73344K, reserved 1114112K
  class space    used 8892K, committed 9536K, reserved 1048576K
}
Event: 43.792 GC heap before
{Heap before GC invocations=236 (full 3):
 PSYoungGen      total 2560K, used 2368K [0x00000000d5580000, 0x00000000d5b80000, 0x0000000100000000)
  eden space 2048K, 100% used [0x00000000d5580000,0x00000000d5780000,0x00000000d5780000)
  from space 512K, 62% used [0x00000000d5b00000,0x00000000d5b50000,0x00000000d5b80000)
  to   space 512K, 0% used [0x00000000d5a80000,0x00000000d5a80000,0x00000000d5b00000)
 ParOldGen       total 164864K, used 164591K [0x0000000080000000, 0x000000008a100000, 0x00000000d5580000)
  object space 164864K, 99% used [0x0000000080000000,0x000000008a0bbe90,0x000000008a100000)
 Metaspace       used 72007K, committed 73344K, reserved 1114112K
  class space    used 8892K, committed 9536K, reserved 1048576K
}
Event: 43.794 GC heap after
{Heap after GC invocations=236 (full 3):
 PSYoungGen      total 2560K, used 320K [0x00000000d5580000, 0x00000000d5b80000, 0x0000000100000000)
  eden space 2048K, 0% used [0x00000000d5580000,0x00000000d5580000,0x00000000d5780000)
  from space 512K, 62% used [0x00000000d5a80000,0x00000000d5ad0000,0x00000000d5b00000)
  to   space 512K, 0% used [0x00000000d5b00000,0x00000000d5b00000,0x00000000d5b80000)
 ParOldGen       total 164864K, used 164791K [0x0000000080000000, 0x000000008a100000, 0x00000000d5580000)
  object space 164864K, 99% used [0x0000000080000000,0x000000008a0ede90,0x000000008a100000)
 Metaspace       used 72007K, committed 73344K, reserved 1114112K
  class space    used 8892K, committed 9536K, reserved 1048576K
}
Event: 43.821 GC heap before
{Heap before GC invocations=237 (full 3):
 PSYoungGen      total 2560K, used 2368K [0x00000000d5580000, 0x00000000d5b80000, 0x0000000100000000)
  eden space 2048K, 100% used [0x00000000d5580000,0x00000000d5780000,0x00000000d5780000)
  from space 512K, 62% used [0x00000000d5a80000,0x00000000d5ad0000,0x00000000d5b00000)
  to   space 512K, 0% used [0x00000000d5b00000,0x00000000d5b00000,0x00000000d5b80000)
 ParOldGen       total 164864K, used 164791K [0x0000000080000000, 0x000000008a100000, 0x00000000d5580000)
  object space 164864K, 99% used [0x0000000080000000,0x000000008a0ede90,0x000000008a100000)
 Metaspace       used 72007K, committed 73344K, reserved 1114112K
  class space    used 8892K, committed 9536K, reserved 1048576K
}
Event: 43.822 GC heap after
{Heap after GC invocations=237 (full 3):
 PSYoungGen      total 2560K, used 352K [0x00000000d5580000, 0x00000000d5b80000, 0x0000000100000000)
  eden space 2048K, 0% used [0x00000000d5580000,0x00000000d5580000,0x00000000d5780000)
  from space 512K, 68% used [0x00000000d5b00000,0x00000000d5b58000,0x00000000d5b80000)
  to   space 512K, 0% used [0x00000000d5a80000,0x00000000d5a80000,0x00000000d5b00000)
 ParOldGen       total 165376K, used 165007K [0x0000000080000000, 0x000000008a180000, 0x00000000d5580000)
  object space 165376K, 99% used [0x0000000080000000,0x000000008a123e90,0x000000008a180000)
 Metaspace       used 72007K, committed 73344K, reserved 1114112K
  class space    used 8892K, committed 9536K, reserved 1048576K
}
Event: 43.851 GC heap before
{Heap before GC invocations=238 (full 3):
 PSYoungGen      total 2560K, used 2400K [0x00000000d5580000, 0x00000000d5b80000, 0x0000000100000000)
  eden space 2048K, 100% used [0x00000000d5580000,0x00000000d5780000,0x00000000d5780000)
  from space 512K, 68% used [0x00000000d5b00000,0x00000000d5b58000,0x00000000d5b80000)
  to   space 512K, 0% used [0x00000000d5a80000,0x00000000d5a80000,0x00000000d5b00000)
 ParOldGen       total 165376K, used 165007K [0x0000000080000000, 0x000000008a180000, 0x00000000d5580000)
  object space 165376K, 99% used [0x0000000080000000,0x000000008a123e90,0x000000008a180000)
 Metaspace       used 72007K, committed 73344K, reserved 1114112K
  class space    used 8892K, committed 9536K, reserved 1048576K
}
Event: 43.852 GC heap after
{Heap after GC invocations=238 (full 3):
 PSYoungGen      total 2560K, used 288K [0x00000000d5580000, 0x00000000d5b80000, 0x0000000100000000)
  eden space 2048K, 0% used [0x00000000d5580000,0x00000000d5580000,0x00000000d5780000)
  from space 512K, 56% used [0x00000000d5a80000,0x00000000d5ac8000,0x00000000d5b00000)
  to   space 512K, 0% used [0x00000000d5b00000,0x00000000d5b00000,0x00000000d5b80000)
 ParOldGen       total 165376K, used 165223K [0x0000000080000000, 0x000000008a180000, 0x00000000d5580000)
  object space 165376K, 99% used [0x0000000080000000,0x000000008a159e90,0x000000008a180000)
 Metaspace       used 72007K, committed 73344K, reserved 1114112K
  class space    used 8892K, committed 9536K, reserved 1048576K
}
Event: 43.882 GC heap before
{Heap before GC invocations=239 (full 3):
 PSYoungGen      total 2560K, used 2336K [0x00000000d5580000, 0x00000000d5b80000, 0x0000000100000000)
  eden space 2048K, 100% used [0x00000000d5580000,0x00000000d5780000,0x00000000d5780000)
  from space 512K, 56% used [0x00000000d5a80000,0x00000000d5ac8000,0x00000000d5b00000)
  to   space 512K, 0% used [0x00000000d5b00000,0x00000000d5b00000,0x00000000d5b80000)
 ParOldGen       total 165376K, used 165223K [0x0000000080000000, 0x000000008a180000, 0x00000000d5580000)
  object space 165376K, 99% used [0x0000000080000000,0x000000008a159e90,0x000000008a180000)
 Metaspace       used 72007K, committed 73344K, reserved 1114112K
  class space    used 8892K, committed 9536K, reserved 1048576K
}
Event: 43.883 GC heap after
{Heap after GC invocations=239 (full 3):
 PSYoungGen      total 2560K, used 384K [0x00000000d5580000, 0x00000000d5b80000, 0x0000000100000000)
  eden space 2048K, 0% used [0x00000000d5580000,0x00000000d5580000,0x00000000d5780000)
  from space 512K, 75% used [0x00000000d5b00000,0x00000000d5b60000,0x00000000d5b80000)
  to   space 512K, 0% used [0x00000000d5a80000,0x00000000d5a80000,0x00000000d5b00000)
 ParOldGen       total 165888K, used 165439K [0x0000000080000000, 0x000000008a200000, 0x00000000d5580000)
  object space 165888K, 99% used [0x0000000080000000,0x000000008a18fe90,0x000000008a200000)
 Metaspace       used 72007K, committed 73344K, reserved 1114112K
  class space    used 8892K, committed 9536K, reserved 1048576K
}
Event: 43.906 GC heap before
{Heap before GC invocations=240 (full 3):
 PSYoungGen      total 2560K, used 2432K [0x00000000d5580000, 0x00000000d5b80000, 0x0000000100000000)
  eden space 2048K, 100% used [0x00000000d5580000,0x00000000d5780000,0x00000000d5780000)
  from space 512K, 75% used [0x00000000d5b00000,0x00000000d5b60000,0x00000000d5b80000)
  to   space 512K, 0% used [0x00000000d5a80000,0x00000000d5a80000,0x00000000d5b00000)
 ParOldGen       total 165888K, used 165439K [0x0000000080000000, 0x000000008a200000, 0x00000000d5580000)
  object space 165888K, 99% used [0x0000000080000000,0x000000008a18fe90,0x000000008a200000)
 Metaspace       used 72007K, committed 73344K, reserved 1114112K
  class space    used 8892K, committed 9536K, reserved 1048576K
}
Event: 43.907 GC heap after
{Heap after GC invocations=240 (full 3):
 PSYoungGen      total 2560K, used 288K [0x00000000d5580000, 0x00000000d5b80000, 0x0000000100000000)
  eden space 2048K, 0% used [0x00000000d5580000,0x00000000d5580000,0x00000000d5780000)
  from space 512K, 56% used [0x00000000d5a80000,0x00000000d5ac8000,0x00000000d5b00000)
  to   space 512K, 0% used [0x00000000d5b00000,0x00000000d5b00000,0x00000000d5b80000)
 ParOldGen       total 165888K, used 165647K [0x0000000080000000, 0x000000008a200000, 0x00000000d5580000)
  object space 165888K, 99% used [0x0000000080000000,0x000000008a1c3e90,0x000000008a200000)
 Metaspace       used 72007K, committed 73344K, reserved 1114112K
  class space    used 8892K, committed 9536K, reserved 1048576K
}
Event: 43.929 GC heap before
{Heap before GC invocations=241 (full 3):
 PSYoungGen      total 2560K, used 2335K [0x00000000d5580000, 0x00000000d5b80000, 0x0000000100000000)
  eden space 2048K, 99% used [0x00000000d5580000,0x00000000d577fff8,0x00000000d5780000)
  from space 512K, 56% used [0x00000000d5a80000,0x00000000d5ac8000,0x00000000d5b00000)
  to   space 512K, 0% used [0x00000000d5b00000,0x00000000d5b00000,0x00000000d5b80000)
 ParOldGen       total 165888K, used 165647K [0x0000000080000000, 0x000000008a200000, 0x00000000d5580000)
  object space 165888K, 99% used [0x0000000080000000,0x000000008a1c3e90,0x000000008a200000)
 Metaspace       used 72007K, committed 73344K, reserved 1114112K
  class space    used 8892K, committed 9536K, reserved 1048576K
}
Event: 43.930 GC heap after
{Heap after GC invocations=241 (full 3):
 PSYoungGen      total 2560K, used 384K [0x00000000d5580000, 0x00000000d5b80000, 0x0000000100000000)
  eden space 2048K, 0% used [0x00000000d5580000,0x00000000d5580000,0x00000000d5780000)
  from space 512K, 75% used [0x00000000d5b00000,0x00000000d5b60000,0x00000000d5b80000)
  to   space 512K, 0% used [0x00000000d5a80000,0x00000000d5a80000,0x00000000d5b00000)
 ParOldGen       total 165888K, used 165871K [0x0000000080000000, 0x000000008a200000, 0x00000000d5580000)
  object space 165888K, 99% used [0x0000000080000000,0x000000008a1fbe90,0x000000008a200000)
 Metaspace       used 72007K, committed 73344K, reserved 1114112K
  class space    used 8892K, committed 9536K, reserved 1048576K
}
Event: 43.957 GC heap before
{Heap before GC invocations=242 (full 3):
 PSYoungGen      total 2560K, used 2432K [0x00000000d5580000, 0x00000000d5b80000, 0x0000000100000000)
  eden space 2048K, 100% used [0x00000000d5580000,0x00000000d5780000,0x00000000d5780000)
  from space 512K, 75% used [0x00000000d5b00000,0x00000000d5b60000,0x00000000d5b80000)
  to   space 512K, 0% used [0x00000000d5a80000,0x00000000d5a80000,0x00000000d5b00000)
 ParOldGen       total 165888K, used 165871K [0x0000000080000000, 0x000000008a200000, 0x00000000d5580000)
  object space 165888K, 99% used [0x0000000080000000,0x000000008a1fbe90,0x000000008a200000)
 Metaspace       used 72007K, committed 73344K, reserved 1114112K
  class space    used 8892K, committed 9536K, reserved 1048576K
}
Event: 43.959 GC heap after
{Heap after GC invocations=242 (full 3):
 PSYoungGen      total 2560K, used 352K [0x00000000d5580000, 0x00000000d5b80000, 0x0000000100000000)
  eden space 2048K, 0% used [0x00000000d5580000,0x00000000d5580000,0x00000000d5780000)
  from space 512K, 68% used [0x00000000d5a80000,0x00000000d5ad8000,0x00000000d5b00000)
  to   space 512K, 0% used [0x00000000d5b00000,0x00000000d5b00000,0x00000000d5b80000)
 ParOldGen       total 166400K, used 166079K [0x0000000080000000, 0x000000008a280000, 0x00000000d5580000)
  object space 166400K, 99% used [0x0000000080000000,0x000000008a22fe90,0x000000008a280000)
 Metaspace       used 72007K, committed 73344K, reserved 1114112K
  class space    used 8892K, committed 9536K, reserved 1048576K
}
Event: 43.987 GC heap before
{Heap before GC invocations=243 (full 3):
 PSYoungGen      total 2560K, used 2400K [0x00000000d5580000, 0x00000000d5b80000, 0x0000000100000000)
  eden space 2048K, 100% used [0x00000000d5580000,0x00000000d5780000,0x00000000d5780000)
  from space 512K, 68% used [0x00000000d5a80000,0x00000000d5ad8000,0x00000000d5b00000)
  to   space 512K, 0% used [0x00000000d5b00000,0x00000000d5b00000,0x00000000d5b80000)
 ParOldGen       total 166400K, used 166079K [0x0000000080000000, 0x000000008a280000, 0x00000000d5580000)
  object space 166400K, 99% used [0x0000000080000000,0x000000008a22fe90,0x000000008a280000)
 Metaspace       used 72007K, committed 73344K, reserved 1114112K
  class space    used 8892K, committed 9536K, reserved 1048576K
}
Event: 43.989 GC heap after
{Heap after GC invocations=243 (full 3):
 PSYoungGen      total 2560K, used 320K [0x00000000d5580000, 0x00000000d5b80000, 0x0000000100000000)
  eden space 2048K, 0% used [0x00000000d5580000,0x00000000d5580000,0x00000000d5780000)
  from space 512K, 62% used [0x00000000d5b00000,0x00000000d5b50000,0x00000000d5b80000)
  to   space 512K, 0% used [0x00000000d5a80000,0x00000000d5a80000,0x00000000d5b00000)
 ParOldGen       total 166400K, used 166279K [0x0000000080000000, 0x000000008a280000, 0x00000000d5580000)
  object space 166400K, 99% used [0x0000000080000000,0x000000008a261e90,0x000000008a280000)
 Metaspace       used 72007K, committed 73344K, reserved 1114112K
  class space    used 8892K, committed 9536K, reserved 1048576K
}

Dll operation events (15 events):
Event: 0.016 Loaded shared library c:\Users\sande\.vscode\extensions\redhat.java-1.52.0-win32-x64\jre\21.0.9-win32-x86_64\bin\java.dll
Event: 0.123 Loaded shared library c:\Users\sande\.vscode\extensions\redhat.java-1.52.0-win32-x64\jre\21.0.9-win32-x86_64\bin\zip.dll
Event: 0.149 Loaded shared library C:\Users\sande\.vscode\extensions\redhat.java-1.52.0-win32-x64\jre\21.0.9-win32-x86_64\bin\instrument.dll
Event: 0.154 Loaded shared library C:\Users\sande\.vscode\extensions\redhat.java-1.52.0-win32-x64\jre\21.0.9-win32-x86_64\bin\net.dll
Event: 0.158 Loaded shared library C:\Users\sande\.vscode\extensions\redhat.java-1.52.0-win32-x64\jre\21.0.9-win32-x86_64\bin\nio.dll
Event: 0.162 Loaded shared library C:\Users\sande\.vscode\extensions\redhat.java-1.52.0-win32-x64\jre\21.0.9-win32-x86_64\bin\zip.dll
Event: 0.191 Loaded shared library C:\Users\sande\.vscode\extensions\redhat.java-1.52.0-win32-x64\jre\21.0.9-win32-x86_64\bin\jimage.dll
Event: 0.278 Loaded shared library c:\Users\sande\.vscode\extensions\redhat.java-1.52.0-win32-x64\jre\21.0.9-win32-x86_64\bin\verify.dll
Event: 1.687 Loaded shared library C:\Users\sande\AppData\Roaming\Code\User\globalStorage\redhat.java\1.52.0\config_win\org.eclipse.equinox.launcher\org.eclipse.equinox.launcher.win32.win32.x86_64_1.2.1500.v20260121-1430\eclipse_11919.dll
Event: 3.420 Loaded shared library C:\Users\sande\AppData\Local\Temp\jna-109203553\jna698521847283021772.dll
Event: 7.358 Loaded shared library C:\Users\sande\.gradle\native\68d5fa5c4cc2d200863cafc0d521ce42e7d3e7ee720ec0a83991735586a16f82\windows-amd64\native-platform.dll
Event: 8.704 Loaded shared library C:\Users\sande\.vscode\extensions\redhat.java-1.52.0-win32-x64\jre\21.0.9-win32-x86_64\bin\management.dll
Event: 8.707 Loaded shared library C:\Users\sande\.vscode\extensions\redhat.java-1.52.0-win32-x64\jre\21.0.9-win32-x86_64\bin\management_ext.dll
Event: 11.669 Loaded shared library C:\Users\sande\.vscode\extensions\redhat.java-1.52.0-win32-x64\jre\21.0.9-win32-x86_64\bin\extnet.dll
Event: 11.715 Loaded shared library C:\Users\sande\.vscode\extensions\redhat.java-1.52.0-win32-x64\jre\21.0.9-win32-x86_64\bin\sunmscapi.dll

Deoptimization events (20 events):
Event: 43.848 Thread 0x000001e1dad1a630 DEOPT PACKING pc=0x000001e18142b422 sp=0x00000027e76feaf0
Event: 43.848 Thread 0x000001e1dad1a630 DEOPT UNPACKING pc=0x000001e187584242 sp=0x00000027e76fe068 mode 0
Event: 43.864 Thread 0x000001e1dad1a630 DEOPT PACKING pc=0x000001e18122c4d3 sp=0x00000027e76feb80
Event: 43.864 Thread 0x000001e1dad1a630 DEOPT UNPACKING pc=0x000001e187584242 sp=0x00000027e76fe100 mode 0
Event: 43.894 Thread 0x000001e1dad1a630 DEOPT PACKING pc=0x000001e18142b422 sp=0x00000027e76feaf0
Event: 43.894 Thread 0x000001e1dad1a630 DEOPT UNPACKING pc=0x000001e187584242 sp=0x00000027e76fe068 mode 0
Event: 43.902 Thread 0x000001e1dad1a630 DEOPT PACKING pc=0x000001e18122c553 sp=0x00000027e76feb80
Event: 43.902 Thread 0x000001e1dad1a630 DEOPT UNPACKING pc=0x000001e187584242 sp=0x00000027e76fe100 mode 0
Event: 43.920 Thread 0x000001e1dad1a630 DEOPT PACKING pc=0x000001e18122c4d3 sp=0x00000027e76feb80
Event: 43.920 Thread 0x000001e1dad1a630 DEOPT UNPACKING pc=0x000001e187584242 sp=0x00000027e76fe100 mode 0
Event: 43.926 Thread 0x000001e1dad1a630 DEOPT PACKING pc=0x000001e18142b422 sp=0x00000027e76feaf0
Event: 43.926 Thread 0x000001e1dad1a630 DEOPT UNPACKING pc=0x000001e187584242 sp=0x00000027e76fe068 mode 0
Event: 43.939 Thread 0x000001e1dad1a630 DEOPT PACKING pc=0x000001e18122c4d3 sp=0x00000027e76feb80
Event: 43.939 Thread 0x000001e1dad1a630 DEOPT UNPACKING pc=0x000001e187584242 sp=0x00000027e76fe100 mode 0
Event: 43.960 Thread 0x000001e1dad1a630 DEOPT PACKING pc=0x000001e18122c553 sp=0x00000027e76feb80
Event: 43.960 Thread 0x000001e1dad1a630 DEOPT UNPACKING pc=0x000001e187584242 sp=0x00000027e76fe100 mode 0
Event: 43.969 Thread 0x000001e1dad1a630 DEOPT PACKING pc=0x000001e18142b422 sp=0x00000027e76feaf0
Event: 43.969 Thread 0x000001e1dad1a630 DEOPT UNPACKING pc=0x000001e187584242 sp=0x00000027e76fe068 mode 0
Event: 43.979 Thread 0x000001e1dad1a630 DEOPT PACKING pc=0x000001e18122c553 sp=0x00000027e76feb80
Event: 43.979 Thread 0x000001e1dad1a630 DEOPT UNPACKING pc=0x000001e187584242 sp=0x00000027e76fe100 mode 0

Classes loaded (20 events):
Event: 41.452 Loading class sun/net/www/http/KeepAliveStreamCleaner$1
Event: 41.453 Loading class sun/net/www/http/KeepAliveStreamCleaner$1 done
Event: 41.453 Loading class sun/net/www/http/KeepAliveStreamCleaner$2
Event: 41.453 Loading class sun/net/www/http/KeepAliveStreamCleaner$2 done
Event: 41.453 Loading class sun/security/ssl/Alert
Event: 41.454 Loading class sun/security/ssl/Alert done
Event: 41.454 Loading class sun/security/ssl/Alert$AlertConsumer
Event: 41.454 Loading class sun/security/ssl/Alert$AlertConsumer done
Event: 41.454 Loading class sun/security/ssl/Alert$Level
Event: 41.455 Loading class sun/security/ssl/Alert$Level done
Event: 41.688 Loading class sun/net/www/http/ChunkedInputStream
Event: 41.688 Loading class sun/net/www/http/ChunkedInputStream done
Event: 41.688 Loading class sun/net/www/protocol/http/HttpURLConnection$HttpInputStream
Event: 41.689 Loading class sun/net/www/protocol/http/HttpURLConnection$HttpInputStream done
Event: 41.691 Loading class java/lang/Throwable$WrappedPrintWriter
Event: 41.691 Loading class java/lang/Throwable$PrintStreamOrWriter
Event: 41.691 Loading class java/lang/Throwable$PrintStreamOrWriter done
Event: 41.692 Loading class java/lang/Throwable$WrappedPrintWriter done
Event: 41.954 Loading class java/security/DigestInputStream
Event: 41.955 Loading class java/security/DigestInputStream done

Classes unloaded (20 events):
Event: 3.906 Thread 0x000001e1fc1c40b0 Unloading class 0x000001e1941a2000 'java/lang/invoke/LambdaForm$MH+0x000001e1941a2000'
Event: 3.906 Thread 0x000001e1fc1c40b0 Unloading class 0x000001e1941a1c00 'java/lang/invoke/LambdaForm$MH+0x000001e1941a1c00'
Event: 3.906 Thread 0x000001e1fc1c40b0 Unloading class 0x000001e1941a1800 'java/lang/invoke/LambdaForm$BMH+0x000001e1941a1800'
Event: 3.906 Thread 0x000001e1fc1c40b0 Unloading class 0x000001e1941a1400 'java/lang/invoke/LambdaForm$DMH+0x000001e1941a1400'
Event: 3.906 Thread 0x000001e1fc1c40b0 Unloading class 0x000001e1941a0000 'java/lang/invoke/LambdaForm$DMH+0x000001e1941a0000'
Event: 5.309 Thread 0x000001e1fc1c40b0 Unloading class 0x000001e194334800 'java/lang/invoke/LambdaForm$MH+0x000001e194334800'
Event: 5.309 Thread 0x000001e1fc1c40b0 Unloading class 0x000001e194333c00 'java/lang/invoke/LambdaForm$MH+0x000001e194333c00'
Event: 5.309 Thread 0x000001e1fc1c40b0 Unloading class 0x000001e194333400 'java/lang/invoke/LambdaForm$MH+0x000001e194333400'
Event: 5.309 Thread 0x000001e1fc1c40b0 Unloading class 0x000001e194332400 'java/lang/invoke/LambdaForm$MH+0x000001e194332400'
Event: 5.309 Thread 0x000001e1fc1c40b0 Unloading class 0x000001e194332000 'java/lang/invoke/LambdaForm$DMH+0x000001e194332000'
Event: 5.309 Thread 0x000001e1fc1c40b0 Unloading class 0x000001e194331400 'java/lang/invoke/LambdaForm$MH+0x000001e194331400'
Event: 5.309 Thread 0x000001e1fc1c40b0 Unloading class 0x000001e19432bc00 'java/lang/invoke/LambdaForm$MH+0x000001e19432bc00'
Event: 5.309 Thread 0x000001e1fc1c40b0 Unloading class 0x000001e19432b400 'java/lang/invoke/LambdaForm$MH+0x000001e19432b400'
Event: 5.309 Thread 0x000001e1fc1c40b0 Unloading class 0x000001e19432ac00 'java/lang/invoke/LambdaForm$MH+0x000001e19432ac00'
Event: 5.309 Thread 0x000001e1fc1c40b0 Unloading class 0x000001e19432a400 'java/lang/invoke/LambdaForm$MH+0x000001e19432a400'
Event: 5.309 Thread 0x000001e1fc1c40b0 Unloading class 0x000001e194329c00 'java/lang/invoke/LambdaForm$MH+0x000001e194329c00'
Event: 5.309 Thread 0x000001e1fc1c40b0 Unloading class 0x000001e194329400 'java/lang/invoke/LambdaForm$MH+0x000001e194329400'
Event: 5.309 Thread 0x000001e1fc1c40b0 Unloading class 0x000001e194328c00 'java/lang/invoke/LambdaForm$MH+0x000001e194328c00'
Event: 5.309 Thread 0x000001e1fc1c40b0 Unloading class 0x000001e194328400 'java/lang/invoke/LambdaForm$MH+0x000001e194328400'
Event: 5.309 Thread 0x000001e1fc1c40b0 Unloading class 0x000001e194328000 'java/lang/invoke/LambdaForm$DMH+0x000001e194328000'

Classes redefined (0 events):
No events

Internal exceptions (20 events):
Event: 40.848 Thread 0x000001e1dad19280 Exception <a 'sun/nio/fs/WindowsException'{0x00000000d5d51f88}> (0x00000000d5d51f88) 
thrown [s\src\hotspot\share\prims\jni.cpp, line 520]
Event: 40.849 Thread 0x000001e1dad19280 Exception <a 'sun/nio/fs/WindowsException'{0x00000000d5d8ce58}> (0x00000000d5d8ce58) 
thrown [s\src\hotspot\share\prims\jni.cpp, line 520]
Event: 40.849 Thread 0x000001e1dad19280 Exception <a 'sun/nio/fs/WindowsException'{0x00000000d5d8d738}> (0x00000000d5d8d738) 
thrown [s\src\hotspot\share\prims\jni.cpp, line 520]
Event: 40.849 Thread 0x000001e1dad19280 Exception <a 'sun/nio/fs/WindowsException'{0x00000000d5db8268}> (0x00000000d5db8268) 
thrown [s\src\hotspot\share\prims\jni.cpp, line 520]
Event: 40.849 Thread 0x000001e1dad19280 Exception <a 'sun/nio/fs/WindowsException'{0x00000000d5db8b48}> (0x00000000d5db8b48) 
thrown [s\src\hotspot\share\prims\jni.cpp, line 520]
Event: 40.850 Thread 0x000001e1dad19280 Exception <a 'sun/nio/fs/WindowsException'{0x00000000d5dca860}> (0x00000000d5dca860) 
thrown [s\src\hotspot\share\prims\jni.cpp, line 520]
Event: 40.850 Thread 0x000001e1dad19280 Exception <a 'sun/nio/fs/WindowsException'{0x00000000d5ddc848}> (0x00000000d5ddc848) 
thrown [s\src\hotspot\share\prims\jni.cpp, line 520]
Event: 40.883 Thread 0x000001e1dd2dcec0 Implicit null exception at 0x000001e1880f1484 to 0x000001e1880f1f6c
Event: 40.883 Thread 0x000001e1dd2dcec0 Implicit null exception at 0x000001e187cf0e2b to 0x000001e187cf1ba0
Event: 41.129 Thread 0x000001e1dad1a630 Exception <a 'sun/nio/fs/WindowsException'{0x00000000d5dabf88}> (0x00000000d5dabf88) 
thrown [s\src\hotspot\share\prims\jni.cpp, line 520]
Event: 41.796 Thread 0x000001e1dad1a630 Exception <a 'sun/nio/fs/WindowsException'{0x00000000d55d76d8}> (0x00000000d55d76d8) 
thrown [s\src\hotspot\share\prims\jni.cpp, line 520]
Event: 41.855 Thread 0x000001e1dad1a630 Exception <a 'sun/nio/fs/WindowsException'{0x00000000d594ca28}> (0x00000000d594ca28) 
thrown [s\src\hotspot\share\prims\jni.cpp, line 520]
Event: 41.878 Thread 0x000001e1dad1a630 Exception <a 'sun/nio/fs/WindowsException'{0x00000000d595ced8}> (0x00000000d595ced8) 
thrown [s\src\hotspot\share\prims\jni.cpp, line 520]
Event: 42.237 Thread 0x000001e1dad1a630 Exception <a 'sun/nio/fs/WindowsException'{0x00000000d55901e8}> (0x00000000d55901e8) 
thrown [s\src\hotspot\share\prims\jni.cpp, line 520]
Event: 42.279 Thread 0x000001e1dad1a630 Exception <a 'sun/nio/fs/WindowsException'{0x00000000d563e550}> (0x00000000d563e550) 
thrown [s\src\hotspot\share\prims\jni.cpp, line 520]
Event: 42.384 Thread 0x000001e1dad1a630 Exception <a 'sun/nio/fs/WindowsException'{0x00000000d56b88d0}> (0x00000000d56b88d0) 
thrown [s\src\hotspot\share\prims\jni.cpp, line 520]
Event: 42.463 Thread 0x000001e1dad1a630 Exception <a 'sun/nio/fs/WindowsException'{0x00000000d56fb838}> (0x00000000d56fb838) 
thrown [s\src\hotspot\share\prims\jni.cpp, line 520]
Event: 42.514 Thread 0x000001e1dad1a630 Exception <a 'sun/nio/fs/WindowsException'{0x00000000d56a18a0}> (0x00000000d56a18a0) 
thrown [s\src\hotspot\share\prims\jni.cpp, line 520]
Event: 42.996 Thread 0x000001e1dad1a630 Implicit null exception at 0x000001e188252c20 to 0x000001e18825a39c
Event: 43.476 Thread 0x000001e1dad1a630 Implicit null exception at 0x000001e1882e4e8b to 0x000001e1882e9024

ZGC Phase Switch (0 events):
No events

VM Operations (20 events):
Event: 43.737 Executing VM operation: ParallelGCFailedAllocation (Allocation Failure)
Event: 43.739 Executing VM operation: ParallelGCFailedAllocation (Allocation Failure) done
Event: 43.764 Executing VM operation: ParallelGCFailedAllocation (Allocation Failure)
Event: 43.765 Executing VM operation: ParallelGCFailedAllocation (Allocation Failure) done
Event: 43.792 Executing VM operation: ParallelGCFailedAllocation (Allocation Failure)
Event: 43.794 Executing VM operation: ParallelGCFailedAllocation (Allocation Failure) done
Event: 43.821 Executing VM operation: ParallelGCFailedAllocation (Allocation Failure)
Event: 43.822 Executing VM operation: ParallelGCFailedAllocation (Allocation Failure) done
Event: 43.851 Executing VM operation: ParallelGCFailedAllocation (Allocation Failure)
Event: 43.852 Executing VM operation: ParallelGCFailedAllocation (Allocation Failure) done
Event: 43.882 Executing VM operation: ParallelGCFailedAllocation (Allocation Failure)
Event: 43.883 Executing VM operation: ParallelGCFailedAllocation (Allocation Failure) done
Event: 43.906 Executing VM operation: ParallelGCFailedAllocation (Allocation Failure)
Event: 43.907 Executing VM operation: ParallelGCFailedAllocation (Allocation Failure) done
Event: 43.929 Executing VM operation: ParallelGCFailedAllocation (Allocation Failure)
Event: 43.930 Executing VM operation: ParallelGCFailedAllocation (Allocation Failure) done
Event: 43.957 Executing VM operation: ParallelGCFailedAllocation (Allocation Failure)
Event: 43.959 Executing VM operation: ParallelGCFailedAllocation (Allocation Failure) done
Event: 43.987 Executing VM operation: ParallelGCFailedAllocation (Allocation Failure)
Event: 43.989 Executing VM operation: ParallelGCFailedAllocation (Allocation Failure) done

Memory protections (0 events):
No events

Nmethod flushes (20 events):
Event: 9.901 Thread 0x000001e1fc1c40b0 flushing  nmethod 0x000001e180995510
Event: 9.901 Thread 0x000001e1fc1c40b0 flushing  nmethod 0x000001e180998610
Event: 9.901 Thread 0x000001e1fc1c40b0 flushing  nmethod 0x000001e18099bb10
Event: 9.901 Thread 0x000001e1fc1c40b0 flushing  nmethod 0x000001e18099e210
Event: 9.901 Thread 0x000001e1fc1c40b0 flushing  nmethod 0x000001e1809a0690
Event: 9.901 Thread 0x000001e1fc1c40b0 flushing  nmethod 0x000001e1809a2490
Event: 9.901 Thread 0x000001e1fc1c40b0 flushing  nmethod 0x000001e1809c5510
Event: 9.901 Thread 0x000001e1fc1c40b0 flushing  nmethod 0x000001e1809c5b10
Event: 9.901 Thread 0x000001e1fc1c40b0 flushing  nmethod 0x000001e1809c6390
Event: 9.901 Thread 0x000001e1fc1c40b0 flushing  nmethod 0x000001e1809c6a90
Event: 9.901 Thread 0x000001e1fc1c40b0 flushing  nmethod 0x000001e1809c8990
Event: 9.901 Thread 0x000001e1fc1c40b0 flushing  nmethod 0x000001e1809d2c90
Event: 9.901 Thread 0x000001e1fc1c40b0 flushing  nmethod 0x000001e1809d9d10
Event: 9.901 Thread 0x000001e1fc1c40b0 flushing  nmethod 0x000001e1809e3190
Event: 9.901 Thread 0x000001e1fc1c40b0 flushing  nmethod 0x000001e180a06210
Event: 9.901 Thread 0x000001e1fc1c40b0 flushing  nmethod 0x000001e180a58a10
Event: 9.901 Thread 0x000001e1fc1c40b0 flushing  nmethod 0x000001e180a5ab10
Event: 9.901 Thread 0x000001e1fc1c40b0 flushing  nmethod 0x000001e180a76110
Event: 9.901 Thread 0x000001e1fc1c40b0 flushing  nmethod 0x000001e180a77c10
Event: 9.901 Thread 0x000001e1fc1c40b0 flushing  nmethod 0x000001e180a84890

Events (20 events):
Event: 37.745 Thread 0x000001e1dd2de270 Thread added: 0x000001e1e5a369f0
Event: 37.765 Thread 0x000001e1e5a369f0 Thread exited: 0x000001e1e5a369f0
Event: 38.939 Thread 0x000001e1dcda7640 Thread exited: 0x000001e1dcda7640
Event: 39.189 Thread 0x000001e1fc2ed210 Thread added: 0x000001e1dcda7640
Event: 39.228 Thread 0x000001e1dad1acc0 Thread added: 0x000001e1e5a369f0
Event: 40.733 Thread 0x000001e1dd2de270 Thread added: 0x000001e1e74cd230
Event: 40.735 Thread 0x000001e1dd2de270 Thread added: 0x000001e1e74cdf50
Event: 40.756 Thread 0x000001e1e74cdf50 Thread added: 0x000001e1e74ce5e0
Event: 40.785 Thread 0x000001e1e74cdf50 Thread added: 0x000001e1e74cb160
Event: 40.786 Thread 0x000001e1e74cdf50 Thread added: 0x000001e1e74ccba0
Event: 40.786 Thread 0x000001e1e74cb160 Thread exited: 0x000001e1e74cb160
Event: 41.402 Thread 0x000001e1dd2dcec0 Thread added: 0x000001e1e74cec70
Event: 41.402 Thread 0x000001e1e74cec70 Thread exited: 0x000001e1e74cec70
Event: 41.563 Thread 0x000001e1dd2dcec0 Thread added: 0x000001e1e74cb7f0
Event: 41.564 Thread 0x000001e1e74cb7f0 Thread exited: 0x000001e1e74cb7f0
Event: 41.761 Thread 0x000001e1dd2dcec0 Thread added: 0x000001e1e74cb7f0
Event: 41.761 Thread 0x000001e1e74cb7f0 Thread exited: 0x000001e1e74cb7f0
Event: 41.875 Thread 0x000001e1dd2dcec0 Thread added: 0x000001e1e74cec70
Event: 41.875 Thread 0x000001e1e74cec70 Thread exited: 0x000001e1e74cec70
Event: 42.393 Thread 0x000001e1fc2ed210 Thread added: 0x000001e1dcda8ab0


Dynamic libraries:
0x00007ff71a3b0000 - 0x00007ff71a3be000 	c:\Users\sande\.vscode\extensions\redhat.java-1.52.0-win32-x64\jre\21.0.9-win32-x86_64\bin\java.exe
0x00007ffbf35a0000 - 0x00007ffbf3808000 	C:\WINDOWS\SYSTEM32\ntdll.dll
0x00007ffbf21f0000 - 0x00007ffbf22b9000 	C:\WINDOWS\System32\KERNEL32.DLL
0x00007ffbf02a0000 - 0x00007ffbf0691000 	C:\WINDOWS\System32\KERNELBASE.dll
0x00007ffbefe80000 - 0x00007ffbeffcb000 	C:\WINDOWS\System32\ucrtbase.dll
0x00007ffb74aa0000 - 0x00007ffb74abe000 	c:\Users\sande\.vscode\extensions\redhat.java-1.52.0-win32-x64\jre\21.0.9-win32-x86_64\bin\VCRUNTIME140.dll
0x00007ffb73280000 - 0x00007ffb73298000 	c:\Users\sande\.vscode\extensions\redhat.java-1.52.0-win32-x64\jre\21.0.9-win32-x86_64\bin\jli.dll
0x00007ffbf3350000 - 0x00007ffbf3516000 	C:\WINDOWS\System32\USER32.dll
0x00007ffbd88b0000 - 0x00007ffbd8b43000 	C:\WINDOWS\WinSxS\amd64_microsoft.windows.common-controls_6595b64144ccf1df_6.0.26100.7705_none_3e06597ae3363b04\COMCTL32.dll
0x00007ffbf0100000 - 0x00007ffbf0127000 	C:\WINDOWS\System32\win32u.dll
0x00007ffbf26e0000 - 0x00007ffbf2789000 	C:\WINDOWS\System32\msvcrt.dll
0x00007ffbf1ff0000 - 0x00007ffbf201b000 	C:\WINDOWS\System32\GDI32.dll
0x00007ffbeffd0000 - 0x00007ffbf00fb000 	C:\WINDOWS\System32\gdi32full.dll
0x00007ffbf0130000 - 0x00007ffbf01d3000 	C:\WINDOWS\System32\msvcp_win.dll
0x00007ffbf3520000 - 0x00007ffbf3551000 	C:\WINDOWS\System32\IMM32.DLL
0x00007ffb86570000 - 0x00007ffb8657c000 	c:\Users\sande\.vscode\extensions\redhat.java-1.52.0-win32-x64\jre\21.0.9-win32-x86_64\bin\vcruntime140_1.dll
0x00007ffb31210000 - 0x00007ffb3129d000 	c:\Users\sande\.vscode\extensions\redhat.java-1.52.0-win32-x64\jre\21.0.9-win32-x86_64\bin\msvcp140.dll
0x00007ffb30470000 - 0x00007ffb31210000 	c:\Users\sande\.vscode\extensions\redhat.java-1.52.0-win32-x64\jre\21.0.9-win32-x86_64\bin\server\jvm.dll
0x00007ffbf2ee0000 - 0x00007ffbf2f94000 	C:\WINDOWS\System32\ADVAPI32.dll
0x00007ffbf1aa0000 - 0x00007ffbf1b46000 	C:\WINDOWS\System32\sechost.dll
0x00007ffbf31b0000 - 0x00007ffbf32c8000 	C:\WINDOWS\System32\RPCRT4.dll
0x00007ffbf2020000 - 0x00007ffbf2094000 	C:\WINDOWS\System32\WS2_32.dll
0x00007ffbeea80000 - 0x00007ffbeeade000 	C:\WINDOWS\SYSTEM32\POWRPROF.dll
0x00007ffbda4a0000 - 0x00007ffbda4d5000 	C:\WINDOWS\SYSTEM32\WINMM.dll
0x00007ffbe7f90000 - 0x00007ffbe7f9b000 	C:\WINDOWS\SYSTEM32\VERSION.dll
0x00007ffbeea60000 - 0x00007ffbeea74000 	C:\WINDOWS\SYSTEM32\UMPDC.dll
0x00007ffbeed50000 - 0x00007ffbeed6b000 	C:\WINDOWS\SYSTEM32\kernel.appcore.dll
0x00007ffb85de0000 - 0x00007ffb85dea000 	c:\Users\sande\.vscode\extensions\redhat.java-1.52.0-win32-x64\jre\21.0.9-win32-x86_64\bin\jimage.dll
0x00007ffbedc50000 - 0x00007ffbede92000 	C:\WINDOWS\SYSTEM32\DBGHELP.DLL
0x00007ffbf22d0000 - 0x00007ffbf2656000 	C:\WINDOWS\System32\combase.dll
0x00007ffbf2a10000 - 0x00007ffbf2ae7000 	C:\WINDOWS\System32\OLEAUT32.dll
0x00007ffbd6960000 - 0x00007ffbd699b000 	C:\WINDOWS\SYSTEM32\dbgcore.DLL
0x00007ffbf06a0000 - 0x00007ffbf0745000 	C:\WINDOWS\System32\bcryptPrimitives.dll
0x00007ffbea0a0000 - 0x00007ffbea0af000 	c:\Users\sande\.vscode\extensions\redhat.java-1.52.0-win32-x64\jre\21.0.9-win32-x86_64\bin\instrument.dll
0x00007ffb6fc00000 - 0x00007ffb6fc20000 	c:\Users\sande\.vscode\extensions\redhat.java-1.52.0-win32-x64\jre\21.0.9-win32-x86_64\bin\java.dll
0x00007ffbf1340000 - 0x00007ffbf1a91000 	C:\WINDOWS\System32\SHELL32.dll
0x00007ffbf11d0000 - 0x00007ffbf133a000 	C:\WINDOWS\System32\wintypes.dll
0x00007ffbf07e0000 - 0x00007ffbf1042000 	C:\WINDOWS\System32\windows.storage.dll
0x00007ffbf20f0000 - 0x00007ffbf21e6000 	C:\WINDOWS\System32\SHCORE.dll
0x00007ffbf2fa0000 - 0x00007ffbf3007000 	C:\WINDOWS\System32\shlwapi.dll
0x00007ffbefda0000 - 0x00007ffbefdc9000 	C:\WINDOWS\SYSTEM32\profapi.dll
0x00007ffb588d0000 - 0x00007ffb588e8000 	c:\Users\sande\.vscode\extensions\redhat.java-1.52.0-win32-x64\jre\21.0.9-win32-x86_64\bin\zip.dll
0x00007ffb701c0000 - 0x00007ffb701d0000 	C:\Users\sande\.vscode\extensions\redhat.java-1.52.0-win32-x64\jre\21.0.9-win32-x86_64\bin\net.dll
0x00007ffbe88d0000 - 0x00007ffbe89f7000 	C:\WINDOWS\SYSTEM32\WINHTTP.dll
0x00007ffbef2c0000 - 0x00007ffbef32b000 	C:\WINDOWS\system32\mswsock.dll
0x00007ffb357a0000 - 0x00007ffb357b6000 	C:\Users\sande\.vscode\extensions\redhat.java-1.52.0-win32-x64\jre\21.0.9-win32-x86_64\bin\nio.dll
0x00007ffbea090000 - 0x00007ffbea0a0000 	c:\Users\sande\.vscode\extensions\redhat.java-1.52.0-win32-x64\jre\21.0.9-win32-x86_64\bin\verify.dll
0x00007ffbc35c0000 - 0x00007ffbc3605000 	C:\Users\sande\AppData\Roaming\Code\User\globalStorage\redhat.java\1.52.0\config_win\org.eclipse.equinox.launcher\org.eclipse.equinox.launcher.win32.win32.x86_64_1.2.1500.v20260121-1430\eclipse_11919.dll
0x00007ffbf2c40000 - 0x00007ffbf2dd7000 	C:\WINDOWS\System32\ole32.dll
0x00007ffbef580000 - 0x00007ffbef59b000 	C:\WINDOWS\SYSTEM32\CRYPTSP.dll
0x00007ffbeecb0000 - 0x00007ffbeece9000 	C:\WINDOWS\system32\rsaenh.dll
0x00007ffbef370000 - 0x00007ffbef39b000 	C:\WINDOWS\SYSTEM32\USERENV.dll
0x00007ffbefd70000 - 0x00007ffbefd9a000 	C:\WINDOWS\SYSTEM32\bcrypt.dll
0x00007ffbef5a0000 - 0x00007ffbef5ac000 	C:\WINDOWS\SYSTEM32\CRYPTBASE.dll
0x00007ffbee740000 - 0x00007ffbee774000 	C:\WINDOWS\SYSTEM32\IPHLPAPI.DLL
0x00007ffbf2820000 - 0x00007ffbf282a000 	C:\WINDOWS\System32\NSI.dll
0x00007ffbac9c0000 - 0x00007ffbaca09000 	C:\Users\sande\AppData\Local\Temp\jna-109203553\jna698521847283021772.dll
0x00007ffbf1b50000 - 0x00007ffbf1b58000 	C:\WINDOWS\System32\PSAPI.DLL
0x00007ffbe8b80000 - 0x00007ffbe8b9e000 	C:\WINDOWS\SYSTEM32\dhcpcsvc6.DLL
0x00007ffbe8860000 - 0x00007ffbe8883000 	C:\WINDOWS\SYSTEM32\dhcpcsvc.DLL
0x00007ffbbdf50000 - 0x00007ffbbdf77000 	C:\Users\sande\.gradle\native\68d5fa5c4cc2d200863cafc0d521ce42e7d3e7ee720ec0a83991735586a16f82\windows-amd64\native-platform.dll
0x00007ffb72800000 - 0x00007ffb7280a000 	C:\Users\sande\.vscode\extensions\redhat.java-1.52.0-win32-x64\jre\21.0.9-win32-x86_64\bin\management.dll
0x00007ffb727f0000 - 0x00007ffb727fc000 	C:\Users\sande\.vscode\extensions\redhat.java-1.52.0-win32-x64\jre\21.0.9-win32-x86_64\bin\management_ext.dll
0x00007ffb727d0000 - 0x00007ffb727d9000 	C:\Users\sande\.vscode\extensions\redhat.java-1.52.0-win32-x64\jre\21.0.9-win32-x86_64\bin\extnet.dll
0x00007ffb727e0000 - 0x00007ffb727ee000 	C:\Users\sande\.vscode\extensions\redhat.java-1.52.0-win32-x64\jre\21.0.9-win32-x86_64\bin\sunmscapi.dll
0x00007ffbf1050000 - 0x00007ffbf11c7000 	C:\WINDOWS\System32\CRYPT32.dll
0x00007ffbef7a0000 - 0x00007ffbef7d0000 	C:\WINDOWS\SYSTEM32\ncrypt.dll
0x00007ffbef750000 - 0x00007ffbef78f000 	C:\WINDOWS\SYSTEM32\NTASN1.dll
0x00007ffbcc3f0000 - 0x00007ffbcc3f8000 	C:\WINDOWS\system32\wshunix.dll
0x00007ffbee820000 - 0x00007ffbee94c000 	C:\WINDOWS\SYSTEM32\DNSAPI.dll
0x00007ffbe8030000 - 0x00007ffbe803b000 	C:\Windows\System32\rasadhlp.dll
0x00007ffbe8440000 - 0x00007ffbe84c6000 	C:\WINDOWS\System32\fwpuclnt.dll

JVMTI agents:
c:\Users\sande\.vscode\extensions\redhat.java-1.52.0-win32-x64\lombok\lombok-1.18.39-4050.jar path:c:\Users\sande\.vscode\extensions\redhat.java-1.52.0-win32-x64\jre\21.0.9-win32-x86_64\bin\instrument.dll, loaded, initialized, instrumentlib options:none

dbghelp: loaded successfully - version: 4.0.5 - missing functions: none
symbol engine: initialized successfully - sym options: 0x614 - pdb path: .;c:\Users\sande\.vscode\extensions\redhat.java-1.52.0-win32-x64\jre\21.0.9-win32-x86_64\bin;C:\WINDOWS\SYSTEM32;C:\WINDOWS\WinSxS\amd64_microsoft.windows.common-controls_6595b64144ccf1df_6.0.26100.7705_none_3e06597ae3363b04;c:\Users\sande\.vscode\extensions\redhat.java-1.52.0-win32-x64\jre\21.0.9-win32-x86_64\bin\server;C:\Users\sande\AppData\Roaming\Code\User\globalStorage\redhat.java\1.52.0\config_win\org.eclipse.equinox.launcher\org.eclipse.equinox.launcher.win32.win32.x86_64_1.2.1500.v20260121-1430;C:\Users\sande\AppData\Local\Temp\jna-109203553;C:\Users\sande\.gradle\native\68d5fa5c4cc2d200863cafc0d521ce42e7d3e7ee720ec0a83991735586a16f82\windows-amd64

VM Arguments:
jvm_args: --add-modules=ALL-SYSTEM --add-opens=java.base/java.util=ALL-UNNAMED --add-opens=java.base/java.lang=ALL-UNNAMED --add-opens=java.base/sun.nio.fs=ALL-UNNAMED -Declipse.application=org.eclipse.jdt.ls.core.id1 -Dosgi.bundles.defaultStartLevel=4 -Declipse.product=org.eclipse.jdt.ls.core.product -Djava.import.generatesMetadataFilesAtProjectRoot=false -DDetectVMInstallationsJob.disabled=true -Dfile.encoding=utf8 -XX:+UseParallelGC -XX:GCTimeRatio=4 -XX:AdaptiveSizePolicyWeight=90 -Dsun.zip.disableMemoryMapping=true -Xmx2G -Xms100m -Xlog:disable -javaagent:c:\Users\sande\.vscode\extensions\redhat.java-1.52.0-win32-x64\lombok\lombok-1.18.39-4050.jar -XX:+HeapDumpOnOutOfMemoryError -XX:HeapDumpPath=c:\Users\sande\AppData\Roaming\Code\User\workspaceStorage\be7ba368ab9cfb1cb7631f5b97bea9cb\redhat.java -Daether.dependencyCollector.impl=bf 
java_command: c:\Users\sande\.vscode\extensions\redhat.java-1.52.0-win32-x64\server\plugins\org.eclipse.equinox.launcher_1.7.100.v20251111-0406.jar -configuration c:\Users\sande\AppData\Roaming\Code\User\globalStorage\redhat.java\1.52.0\config_win -data c:\Users\sande\AppData\Roaming\Code\User\workspaceStorage\be7ba368ab9cfb1cb7631f5b97bea9cb\redhat.java\jdt_ws --pipe=\\.\pipe\lsp-208a18dd2f1fb60b843163e4dd7f12e4-sock
java_class_path (initial): c:\Users\sande\.vscode\extensions\redhat.java-1.52.0-win32-x64\server\plugins\org.eclipse.equinox.launcher_1.7.100.v20251111-0406.jar
Launcher Type: SUN_STANDARD

[Global flags]
    uintx AdaptiveSizePolicyWeight                 = 90                                        {product} {command line}
     intx CICompilerCount                          = 4                                         {product} {ergonomic}
    uintx GCTimeRatio                              = 4                                         {product} {command line}
     bool HeapDumpOnOutOfMemoryError               = true                                   {manageable} {command line}
    ccstr HeapDumpPath                             = c:\Users\sande\AppData\Roaming\Code\User\workspaceStorage\be7ba368ab9cfb1cb7631f5b97bea9cb\redhat.java         {manageable} {command line}
   size_t InitialHeapSize                          = 104857600                                 {product} {command line}
   size_t MaxHeapSize                              = 2147483648                                {product} {command line}
   size_t MaxNewSize                               = 715653120                                 {product} {ergonomic}
   size_t MinHeapDeltaBytes                        = 524288                                    {product} {ergonomic}
   size_t MinHeapSize                              = 104857600                                 {product} {command line}
   size_t NewSize                                  = 34603008                                  {product} {ergonomic}
    uintx NonNMethodCodeHeapSize                   = 5839372                                {pd product} {ergonomic}
    uintx NonProfiledCodeHeapSize                  = 122909434                              {pd product} {ergonomic}
   size_t OldSize                                  = 70254592                                  {product} {ergonomic}
    uintx ProfiledCodeHeapSize                     = 122909434                              {pd product} {ergonomic}
    uintx ReservedCodeCacheSize                    = 251658240                              {pd product} {ergonomic}
     bool SegmentedCodeCache                       = true                                      {product} {ergonomic}
   size_t SoftMaxHeapSize                          = 2147483648                             {manageable} {ergonomic}
     bool UseCompressedOops                        = true                           {product lp64_product} {ergonomic}
     bool UseLargePagesIndividualAllocation        = false                                  {pd product} {ergonomic}
     bool UseParallelGC                            = true                                      {product} {command line}

Logging:
Log output configuration:
 #0: stdout all=off uptime,level,tags foldmultilines=false
 #1: stderr all=off uptime,level,tags foldmultilines=false

Release file:
JAVA_VERSION="21.0.9" 
MODULES="java.base java.compiler java.datatransfer java.xml java.prefs java.desktop java.instrument java.logging java.management java.security.sasl java.naming java.rmi java.management.rmi java.net.http java.scripting java.security.jgss java.transaction.xa java.sql java.sql.rowset java.xml.crypto java.se java.smartcardio jdk.accessibility jdk.internal.jvmstat jdk.attach jdk.charsets jdk.internal.opt jdk.zipfs jdk.compiler jdk.crypto.ec jdk.crypto.cryptoki jdk.crypto.mscapi jdk.dynalink jdk.internal.ed jdk.editpad jdk.hotspot.agent jdk.httpserver jdk.internal.le jdk.internal.vm.ci jdk.internal.vm.compiler jdk.internal.vm.compiler.management jdk.jartool jdk.javadoc jdk.jcmd jdk.management jdk.management.agent jdk.jconsole jdk.jdeps jdk.jdwp.agent jdk.jdi jdk.jfr jdk.jshell jdk.jsobject jdk.jstatd jdk.localedata jdk.management.jfr jdk.naming.dns jdk.naming.rmi jdk.net jdk.nio.mapmode jdk.random jdk.sctp jdk.security.auth jdk.security.jgss jdk.unsupported jdk.unsupported.desktop jdk.xml.dom" 

Environment Variables:
PATH=C:\Program Files\Common Files\Oracle\Java\javapath;C:\Python313\Scripts\;C:\Python313\;C:\Program Files\Python312\Scripts\;C:\Program Files\Python312\;C:\Windows\system32;C:\Windows;C:\Windows\System32\Wbem;C:\Windows\System32\WindowsPowerShell\v1.0\;C:\Windows\System32\OpenSSH\;C:\Program Files (x86)\NVIDIA Corporation\PhysX\Common;C:\WINDOWS\system32;C:\WINDOWS;C:\WINDOWS\System32\Wbem;C:\WINDOWS\System32\WindowsPowerShell\v1.0\;C:\WINDOWS\System32\OpenSSH\;C:\Program Files\Git\bin;C:\Program Files\NVIDIA Corporation\NVIDIA NvDLISR;C:\Program Files\GTK3-Runtime Win64\bin;C:\Users\sande\Downloads\kotlin-compiler-1.9.22\kotlinc\bin;C:\Program Files\Azure Data Studio\bin;C:\Program Files\MySQL\MySQL Server 8.0\bin;C:\Users\sande\AppData\Local\Android\Sdk;C:\Users\sande\AppData\Local\Android\Sdk\platform-tools;C:\WINDOWS\system32;C:\WINDOWS;C:\WINDOWS\System32\Wbem;C:\WINDOWS\System32\WindowsPowerShell\v1.0\;C:\WINDOWS\System32\OpenSSH\;C:\ProgramData\chocolatey\bin;C:\Program Files\nodejs;C:\Users\sande\AppData\Local\nvm;C:\nvm4w\nodejs;C:\MinGW\bin;C:\Program Files\Go\bin;C:\Users\sande\Downloads\apache-maven-3.9.9\bin;C:\Program Files\PuTTY\;C:\Program Files\Docker\Docker\resources\bin;C:\Program Files\Java\jdk-17\bin;C:\Users\sande\AppData\Local\Android\Sdk\tools;C:\Program Files\MySQL\MySQL Shell 8.0\bin\;C:\Users\sande\AppData\Local\Microsoft\WindowsApps;C:\Program Files\JetBrains\IntelliJ IDEA Community Edition 2023.1.2\bin;;C:\Users\sande\AppData\Local\Programs\Microsoft VS Code\bin;C:\Users\sande\dart-sdk\bin;C:\Users\sande\Desktop\flutter_windows_3.16.5-stable\flutter\bin;C:\Program Files\Azure Data Studio\bin;C:\ProgramData\Microsoft\Windows\Start Menu\Programs\Python 3.12\Python 3.12 (64-bit).lnk;C:\Program Files\Python312\Scripts;C:\Mongosh\;C:\Users\sande\AppData\Local\nvm;C:\nvm4w\nodejs;C:\Users\sande\go\bin;C:\Program Files\JetBrains\IntelliJ IDEA 2024.3.5\bin;;C:\Program Files\Java\jdk-17\bin;C:\Program Files\Java\jdk-17\;C:\Users\sande\AppData\Local\Programs\Antigravity\bin
USERNAME=sande
OS=Windows_NT
PROCESSOR_IDENTIFIER=Intel64 Family 6 Model 165 Stepping 2, GenuineIntel
TMP=C:\Users\sande\AppData\Local\Temp
TEMP=C:\Users\sande\AppData\Local\Temp




Periodic native trim disabled

---------------  S Y S T E M  ---------------

OS:
 Windows 11 , 64 bit Build 26100 (10.0.26100.7705)
OS uptime: 0 days 1:44 hours
Hyper-V role detected

CPU: total 12 (initial active 12) (6 cores per cpu, 2 threads per core) family 6 model 165 stepping 2 microcode 0xf6, cx8, cmov, fxsr, ht, mmx, 3dnowpref, sse, sse2, sse3, ssse3, sse4.1, sse4.2, popcnt, lzcnt, tsc, tscinvbit, avx, avx2, aes, erms, clmul, bmi1, bmi2, adx, fma, vzeroupper, clflush, clflushopt, hv, rdtscp, f16c
Processor Information for the first 12 processors :
  Max Mhz: 2496, Current Mhz: 2496, Mhz Limit: 2496

Memory: 4k page, system-wide physical 8059M (703M free)
TotalPageFile size 32635M (AvailPageFile size 16M)
current process WorkingSet (physical memory assigned to process): 438M, peak: 438M
current process commit charge ("private bytes"): 534M, peak: 534M

vm_info: OpenJDK 64-Bit Server VM (21.0.9+10-LTS) for windows-amd64 JRE (21.0.9+10-LTS), built on 2025-10-21T00:00:00Z by "admin" with unknown MS VC++:1942

END.
