#
# There is insufficient memory for the Java Runtime Environment to continue.
# Native memory allocation (malloc) failed to allocate 1817568 bytes. Error detail: Chunk::new
# Possible reasons:
#   The system is out of physical RAM or swap space
#   This process is running with CompressedOops enabled, and the Java Heap may be blocking the growth of the native heap
# Possible solutions:
#   Reduce memory load on the system
#   Increase physical memory or swap space
#   Check if swap backing store is full
#   Decrease Java heap size (-Xmx/-Xms)
#   Decrease number of Java threads
#   Decrease Java thread stack sizes (-Xss)
#   Set larger code cache with -XX:ReservedCodeCacheSize=
#   JVM is running with Unscaled Compressed Oops mode in which the Java heap is
#     placed in the first 4GB address space. The Java Heap base address is the
#     maximum limit for the native heap growth. Please use -XX:HeapBaseMinAddress
#     to set the Java Heap base and to place the Java Heap above 4GB virtual address.
# This output file may be truncated or incomplete.
#
#  Out of Memory Error (arena.cpp:168), pid=27400, tid=26988
#
# JRE version: OpenJDK Runtime Environment Temurin-21.0.9+10 (21.0.9+10) (build 21.0.9+10-LTS)
# Java VM: OpenJDK 64-Bit Server VM Temurin-21.0.9+10 (21.0.9+10-LTS, mixed mode, sharing, tiered, compressed oops, compressed class ptrs, parallel gc, windows-amd64)
# No core dump will be written. Minidumps are not enabled by default on client versions of Windows
#

---------------  S U M M A R Y ------------

Command Line: --add-modules=ALL-SYSTEM --add-opens=java.base/java.util=ALL-UNNAMED --add-opens=java.base/java.lang=ALL-UNNAMED --add-opens=java.base/sun.nio.fs=ALL-UNNAMED -Declipse.application=org.eclipse.jdt.ls.core.id1 -Dosgi.bundles.defaultStartLevel=4 -Declipse.product=org.eclipse.jdt.ls.core.product -Djava.import.generatesMetadataFilesAtProjectRoot=false -DDetectVMInstallationsJob.disabled=true -Dfile.encoding=utf8 -XX:+UseParallelGC -XX:GCTimeRatio=4 -XX:AdaptiveSizePolicyWeight=90 -Dsun.zip.disableMemoryMapping=true -Xmx2G -Xms100m -Xlog:disable -javaagent:c:\Users\sande\.vscode\extensions\redhat.java-1.52.0-win32-x64\lombok\lombok-1.18.39-4050.jar -XX:+HeapDumpOnOutOfMemoryError -XX:HeapDumpPath=c:\Users\sande\AppData\Roaming\Code\User\workspaceStorage\be7ba368ab9cfb1cb7631f5b97bea9cb\redhat.java -Daether.dependencyCollector.impl=bf c:\Users\sande\.vscode\extensions\redhat.java-1.52.0-win32-x64\server\plugins\org.eclipse.equinox.launcher_1.7.100.v20251111-0406.jar -configuration c:\Users\sande\AppData\Roaming\Code\User\globalStorage\redhat.java\1.52.0\config_win -data c:\Users\sande\AppData\Roaming\Code\User\workspaceStorage\be7ba368ab9cfb1cb7631f5b97bea9cb\redhat.java\jdt_ws --pipe=\\.\pipe\lsp-0de6ee6a48de4d948696bbebc8c66a16-sock

Host: Intel(R) Core(TM) i5-10500H CPU @ 2.50GHz, 12 cores, 7G,  Windows 11 , 64 bit Build 26100 (10.0.26100.7705)
Time: Mon Feb  9 21:28:45 2026 India Standard Time elapsed time: 9.600984 seconds (0d 0h 0m 9s)

---------------  T H R E A D  ---------------

Current thread (0x000001feed5d40d0):  JavaThread "C2 CompilerThread1" daemon [_thread_in_native, id=26988, stack(0x000000f79f400000,0x000000f79f500000) (1024K)]


Current CompileTask:
C2:9601 7765   !   4       org.eclipse.osgi.internal.loader.BundleLoader::findClass0 (490 bytes)

Stack: [0x000000f79f400000,0x000000f79f500000]
Native frames: (J=compiled Java code, j=interpreted, Vv=VM code, C=native code)
V  [jvm.dll+0x6d6e29]
V  [jvm.dll+0x8b4b76]
V  [jvm.dll+0x8b712e]
V  [jvm.dll+0x8b7813]
V  [jvm.dll+0x283d86]
V  [jvm.dll+0xc66ed]
V  [jvm.dll+0xc6c31]
V  [jvm.dll+0x3be53b]
V  [jvm.dll+0x38ab92]
V  [jvm.dll+0x389fda]
V  [jvm.dll+0x24bfa0]
V  [jvm.dll+0x24b580]
V  [jvm.dll+0x1cb13e]
V  [jvm.dll+0x25b29d]
V  [jvm.dll+0x25982a]
V  [jvm.dll+0x3f7ea6]
V  [jvm.dll+0x85e9ad]
V  [jvm.dll+0x6d565d]
C  [ucrtbase.dll+0x37b0]
C  [KERNEL32.DLL+0x2e8d7]
C  [ntdll.dll+0x8c40c]


---------------  P R O C E S S  ---------------

Threads class SMR info:
_java_thread_list=0x000001fef93fc6f0, length=55, elements={
0x000001fe8ebdea50, 0x000001fe8ec87740, 0x000001fe8eb8d4e0, 0x000001fe8ec89510,
0x000001fe8ec8c000, 0x000001fe8ec8fb30, 0x000001fe8ec957a0, 0x000001fe8ec9e770,
0x000001fee79c4050, 0x000001fee7bddce0, 0x000001fee7cfad10, 0x000001feed5d40d0,
0x000001feed6dd3b0, 0x000001fee7d354e0, 0x000001feed0bb3f0, 0x000001feed72a460,
0x000001feede77200, 0x000001feedea45d0, 0x000001feedf140c0, 0x000001feedf14750,
0x000001feedf16190, 0x000001feedf13a30, 0x000001feedf14de0, 0x000001feef58fe70,
0x000001feef58dda0, 0x000001feef590500, 0x000001feef58d080, 0x000001feef58f150,
0x000001feef58d710, 0x000001feef58e430, 0x000001feef58eac0, 0x000001feef58f7e0,
0x000001feefb6f2d0, 0x000001feefb6fff0, 0x000001feefb6ec40, 0x000001feefb70680,
0x000001feefb70d10, 0x000001feefb6f960, 0x000001feefb6d890, 0x000001feefb713a0,
0x000001feefb6df20, 0x000001feefb6e5b0, 0x000001feefb73b00, 0x000001feefb74190,
0x000001feefb74820, 0x000001feefb74eb0, 0x000001feefb71a30, 0x000001feefb72750,
0x000001feefb73470, 0x000001fef8f51590, 0x000001fef8f51c20, 0x000001fef8f501e0,
0x000001fef8f4fb50, 0x000001fef8f50870, 0x000001fef8f4e7a0
}

Java Threads: ( => current thread )
  0x000001fe8ebdea50 JavaThread "main"                              [_thread_blocked, id=23672, stack(0x000000f79e800000,0x000000f79e900000) (1024K)]
  0x000001fe8ec87740 JavaThread "Reference Handler"          daemon [_thread_blocked, id=2292, stack(0x000000f79ec00000,0x000000f79ed00000) (1024K)]
  0x000001fe8eb8d4e0 JavaThread "Finalizer"                  daemon [_thread_blocked, id=2164, stack(0x000000f79ed00000,0x000000f79ee00000) (1024K)]
  0x000001fe8ec89510 JavaThread "Signal Dispatcher"          daemon [_thread_blocked, id=25784, stack(0x000000f79ee00000,0x000000f79ef00000) (1024K)]
  0x000001fe8ec8c000 JavaThread "Attach Listener"            daemon [_thread_blocked, id=12392, stack(0x000000f79ef00000,0x000000f79f000000) (1024K)]
  0x000001fe8ec8fb30 JavaThread "Service Thread"             daemon [_thread_blocked, id=25900, stack(0x000000f79f000000,0x000000f79f100000) (1024K)]
  0x000001fe8ec957a0 JavaThread "Monitor Deflation Thread"   daemon [_thread_blocked, id=7064, stack(0x000000f79f100000,0x000000f79f200000) (1024K)]
  0x000001fe8ec9e770 JavaThread "C2 CompilerThread0"         daemon [_thread_in_native, id=26132, stack(0x000000f79f200000,0x000000f79f300000) (1024K)]
  0x000001fee79c4050 JavaThread "C1 CompilerThread0"         daemon [_thread_blocked, id=10768, stack(0x000000f79f300000,0x000000f79f400000) (1024K)]
  0x000001fee7bddce0 JavaThread "Common-Cleaner"             daemon [_thread_blocked, id=3256, stack(0x000000f79f500000,0x000000f79f600000) (1024K)]
  0x000001fee7cfad10 JavaThread "Notification Thread"        daemon [_thread_blocked, id=13916, stack(0x000000f79f600000,0x000000f79f700000) (1024K)]
=>0x000001feed5d40d0 JavaThread "C2 CompilerThread1"         daemon [_thread_in_native, id=26988, stack(0x000000f79f400000,0x000000f79f500000) (1024K)]
  0x000001feed6dd3b0 JavaThread "Active Thread: Equinox Container: 2bf02547-09b9-4cce-bb5f-fad2f9860900"        [_thread_blocked, id=22828, stack(0x000000f79fe00000,0x000000f79ff00000) (1024K)]
  0x000001fee7d354e0 JavaThread "Refresh Thread: Equinox Container: 2bf02547-09b9-4cce-bb5f-fad2f9860900" daemon [_thread_blocked, id=27216, stack(0x000000f7a0000000,0x000000f7a0100000) (1024K)]
  0x000001feed0bb3f0 JavaThread "Framework Event Dispatcher: Equinox Container: 2bf02547-09b9-4cce-bb5f-fad2f9860900" daemon [_thread_blocked, id=28480, stack(0x000000f7a0100000,0x000000f7a0200000) (1024K)]
  0x000001feed72a460 JavaThread "Start Level: Equinox Container: 2bf02547-09b9-4cce-bb5f-fad2f9860900" daemon [_thread_blocked, id=9220, stack(0x000000f7a0200000,0x000000f7a0300000) (1024K)]
  0x000001feede77200 JavaThread "Bundle File Closer"         daemon [_thread_blocked, id=25348, stack(0x000000f7a0500000,0x000000f7a0600000) (1024K)]
  0x000001feedea45d0 JavaThread "SCR Component Actor"        daemon [_thread_blocked, id=9416, stack(0x000000f7a0600000,0x000000f7a0700000) (1024K)]
  0x000001feedf140c0 JavaThread "Worker-JM"                         [_thread_blocked, id=2264, stack(0x000000f7a0700000,0x000000f7a0800000) (1024K)]
  0x000001feedf14750 JavaThread "JNA Cleaner"                daemon [_thread_blocked, id=12356, stack(0x000000f79f700000,0x000000f79f800000) (1024K)]
  0x000001feedf16190 JavaThread "Worker-0"                          [_thread_blocked, id=27052, stack(0x000000f7a0800000,0x000000f7a0900000) (1024K)]
  0x000001feedf13a30 JavaThread "Worker-1: Refreshing workspace"        [_thread_blocked, id=25304, stack(0x000000f7a0900000,0x000000f7a0a00000) (1024K)]
  0x000001feedf14de0 JavaThread "Worker-2"                          [_thread_blocked, id=7868, stack(0x000000f7a0a00000,0x000000f7a0b00000) (1024K)]
  0x000001feef58fe70 JavaThread "Worker-3: Initialize Workspace"        [_thread_blocked, id=15288, stack(0x000000f7a0b00000,0x000000f7a0c00000) (1024K)]
  0x000001feef58dda0 JavaThread "Java indexing"              daemon [_thread_blocked, id=1496, stack(0x000000f7a0c00000,0x000000f7a0d00000) (1024K)]
  0x000001feef590500 JavaThread "Worker-4"                          [_thread_blocked, id=25604, stack(0x000000f7a0d00000,0x000000f7a0e00000) (1024K)]
  0x000001feef58d080 JavaThread "Worker-5"                          [_thread_blocked, id=25892, stack(0x000000f7a1000000,0x000000f7a1100000) (1024K)]
  0x000001feef58f150 JavaThread "Worker-6: Synchronize Gradle projects with workspace"        [_thread_blocked, id=25544, stack(0x000000f7a1100000,0x000000f7a1200000) (1024K)]
  0x000001feef58d710 JavaThread "Thread-1"                   daemon [_thread_in_native, id=20172, stack(0x000000f7a1200000,0x000000f7a1300000) (1024K)]
  0x000001feef58e430 JavaThread "Thread-2"                   daemon [_thread_in_native, id=22540, stack(0x000000f7a1300000,0x000000f7a1400000) (1024K)]
  0x000001feef58eac0 JavaThread "Thread-3"                   daemon [_thread_in_native, id=14104, stack(0x000000f7a1400000,0x000000f7a1500000) (1024K)]
  0x000001feef58f7e0 JavaThread "Thread-4"                   daemon [_thread_in_native, id=20676, stack(0x000000f7a1500000,0x000000f7a1600000) (1024K)]
  0x000001feefb6f2d0 JavaThread "Thread-5"                   daemon [_thread_in_native, id=22856, stack(0x000000f7a1600000,0x000000f7a1700000) (1024K)]
  0x000001feefb6fff0 JavaThread "Thread-6"                   daemon [_thread_in_native, id=19580, stack(0x000000f7a1700000,0x000000f7a1800000) (1024K)]
  0x000001feefb6ec40 JavaThread "Thread-7"                   daemon [_thread_in_native, id=28628, stack(0x000000f7a1800000,0x000000f7a1900000) (1024K)]
  0x000001feefb70680 JavaThread "Thread-8"                   daemon [_thread_in_native, id=10912, stack(0x000000f7a1900000,0x000000f7a1a00000) (1024K)]
  0x000001feefb70d10 JavaThread "Thread-9"                   daemon [_thread_in_native, id=27952, stack(0x000000f7a1a00000,0x000000f7a1b00000) (1024K)]
  0x000001feefb6f960 JavaThread "Thread-10"                  daemon [_thread_in_native, id=27456, stack(0x000000f7a1b00000,0x000000f7a1c00000) (1024K)]
  0x000001feefb6d890 JavaThread "Thread-11"                  daemon [_thread_in_native, id=2692, stack(0x000000f7a1c00000,0x000000f7a1d00000) (1024K)]
  0x000001feefb713a0 JavaThread "Thread-12"                  daemon [_thread_in_native, id=27928, stack(0x000000f7a1d00000,0x000000f7a1e00000) (1024K)]
  0x000001feefb6df20 JavaThread "Thread-13"                  daemon [_thread_in_native, id=25392, stack(0x000000f7a1e00000,0x000000f7a1f00000) (1024K)]
  0x000001feefb6e5b0 JavaThread "pool-2-thread-1"                   [_thread_blocked, id=25160, stack(0x000000f7a1f00000,0x000000f7a2000000) (1024K)]
  0x000001feefb73b00 JavaThread "Timer-0"                           [_thread_blocked, id=1172, stack(0x000000f7a2000000,0x000000f7a2100000) (1024K)]
  0x000001feefb74190 JavaThread "WorkspaceEventsHandler"            [_thread_blocked, id=24612, stack(0x000000f7a2100000,0x000000f7a2200000) (1024K)]
  0x000001feefb74820 JavaThread "pool-1-thread-1"                   [_thread_blocked, id=11152, stack(0x000000f7a2200000,0x000000f7a2300000) (1024K)]
  0x000001feefb74eb0 JavaThread "Timer-1"                           [_thread_blocked, id=7820, stack(0x000000f7a2300000,0x000000f7a2400000) (1024K)]
  0x000001feefb71a30 JavaThread "Connection worker"                 [_thread_blocked, id=18560, stack(0x000000f7a2400000,0x000000f7a2500000) (1024K)]
  0x000001feefb72750 JavaThread "ForkJoinPool.commonPool-worker-1" daemon [_thread_blocked, id=26852, stack(0x000000f7a2500000,0x000000f7a2600000) (1024K)]
  0x000001feefb73470 JavaThread "ForkJoinPool.commonPool-worker-2" daemon [_thread_blocked, id=24228, stack(0x000000f7a2600000,0x000000f7a2700000) (1024K)]
  0x000001fef8f51590 JavaThread "ForkJoinPool.commonPool-worker-3" daemon [_thread_blocked, id=23780, stack(0x000000f7a2700000,0x000000f7a2800000) (1024K)]
  0x000001fef8f51c20 JavaThread "Timer-2"                           [_thread_blocked, id=15776, stack(0x000000f7a2800000,0x000000f7a2900000) (1024K)]
  0x000001fef8f501e0 JavaThread "Connection worker"                 [_thread_in_native, id=27248, stack(0x000000f7a2900000,0x000000f7a2a00000) (1024K)]
  0x000001fef8f4fb50 JavaThread "Exec process"                      [_thread_blocked, id=23584, stack(0x000000f7a2a00000,0x000000f7a2b00000) (1024K)]
  0x000001fef8f50870 JavaThread "Exec process Thread 2"             [_thread_blocked, id=4324, stack(0x000000f7a2b00000,0x000000f7a2c00000) (1024K)]
  0x000001fef8f4e7a0 JavaThread "Exec process Thread 3"             [_thread_blocked, id=1540, stack(0x000000f7a2c00000,0x000000f7a2d00000) (1024K)]
Total: 55

Other Threads:
  0x000001fe8ec82730 VMThread "VM Thread"                           [id=3260, stack(0x000000f79eb00000,0x000000f79ec00000) (1024K)]
  0x000001fe8ea6ca00 WatcherThread "VM Periodic Task Thread"        [id=27784, stack(0x000000f79ea00000,0x000000f79eb00000) (1024K)]
  0x000001fe8ebff190 WorkerThread "GC Thread#0"                     [id=12788, stack(0x000000f79e900000,0x000000f79ea00000) (1024K)]
  0x000001fee7d090c0 WorkerThread "GC Thread#1"                     [id=4152, stack(0x000000f79f800000,0x000000f79f900000) (1024K)]
  0x000001fee7d09460 WorkerThread "GC Thread#2"                     [id=26636, stack(0x000000f79f900000,0x000000f79fa00000) (1024K)]
  0x000001fee7d0aa20 WorkerThread "GC Thread#3"                     [id=26688, stack(0x000000f79fa00000,0x000000f79fb00000) (1024K)]
  0x000001fee7d09f40 WorkerThread "GC Thread#4"                     [id=11560, stack(0x000000f79fb00000,0x000000f79fc00000) (1024K)]
  0x000001fee7d09800 WorkerThread "GC Thread#5"                     [id=26952, stack(0x000000f79fc00000,0x000000f79fd00000) (1024K)]
  0x000001fee7d0a2e0 WorkerThread "GC Thread#6"                     [id=10696, stack(0x000000f79fd00000,0x000000f79fe00000) (1024K)]
  0x000001feed9d3000 WorkerThread "GC Thread#7"                     [id=27344, stack(0x000000f79ff00000,0x000000f7a0000000) (1024K)]
  0x000001feed9d5440 WorkerThread "GC Thread#8"                     [id=18096, stack(0x000000f7a0300000,0x000000f7a0400000) (1024K)]
  0x000001feed9d2c60 WorkerThread "GC Thread#9"                     [id=4928, stack(0x000000f7a0400000,0x000000f7a0500000) (1024K)]
Total: 12

Threads with active compile tasks:
C2 CompilerThread0  9642 7727       4       java.lang.ClassLoader::postDefineClass (39 bytes)
C2 CompilerThread1  9642 7765   !   4       org.eclipse.osgi.internal.loader.BundleLoader::findClass0 (490 bytes)
Total: 2

VM state: not at safepoint (normal execution)

VM Mutex/Monitor currently owned by a thread: None

Heap address: 0x0000000080000000, size: 2048 MB, Compressed Oops mode: 32-bit

CDS archive(s) mapped at: [0x000001fea6000000-0x000001fea6ba0000-0x000001fea6ba0000), size 12189696, SharedBaseAddress: 0x000001fea6000000, ArchiveRelocationMode: 1.
Compressed class space mapped at: 0x000001fea7000000-0x000001fee7000000, reserved size: 1073741824
Narrow klass base: 0x000001fea6000000, Narrow klass shift: 0, Narrow klass range: 0x100000000

GC Precious Log:
 CardTable entry size: 512
 CPUs: 12 total, 12 available
 Memory: 8059M
 Large Page Support: Disabled
 NUMA Support: Disabled
 Compressed Oops: Enabled (32-bit)
 Alignments: Space 512K, Generation 512K, Heap 2M
 Heap Min Capacity: 100M
 Heap Initial Capacity: 100M
 Heap Max Capacity: 2G
 Pre-touch: Disabled
 Parallel Workers: 10

Heap:
 PSYoungGen      total 22016K, used 5433K [0x00000000d5580000, 0x00000000d7200000, 0x0000000100000000)
  eden space 19456K, 24% used [0x00000000d5580000,0x00000000d5a1e428,0x00000000d6880000)
  from space 2560K, 27% used [0x00000000d6d80000,0x00000000d6e30010,0x00000000d7000000)
  to   space 1024K, 0% used [0x00000000d7100000,0x00000000d7100000,0x00000000d7200000)
 ParOldGen       total 68608K, used 54588K [0x0000000080000000, 0x0000000084300000, 0x00000000d5580000)
  object space 68608K, 79% used [0x0000000080000000,0x000000008354f3e8,0x0000000084300000)
 Metaspace       used 56228K, committed 57600K, reserved 1114112K
  class space    used 6607K, committed 7168K, reserved 1048576K

Card table byte_map: [0x000001fe8e580000,0x000001fe8e990000] _byte_map_base: 0x000001fe8e180000

Marking Bits: (ParMarkBitMap*) 0x00007ffb31132460
 Begin Bits: [0x000001fea1090000, 0x000001fea3090000)
 End Bits:   [0x000001fea3090000, 0x000001fea5090000)

Polling page: 0x000001fe8cc60000

Metaspace:

Usage:
  Non-class:     48.46 MB used.
      Class:      6.45 MB used.
       Both:     54.91 MB used.

Virtual space:
  Non-class space:       64.00 MB reserved,      49.25 MB ( 77%) committed,  1 nodes.
      Class space:        1.00 GB reserved,       7.00 MB ( <1%) committed,  1 nodes.
             Both:        1.06 GB reserved,      56.25 MB (  5%) committed. 

Chunk freelists:
   Non-Class:  14.61 MB
       Class:  8.97 MB
        Both:  23.58 MB

MaxMetaspaceSize: unlimited
CompressedClassSpaceSize: 1.00 GB
Initial GC threshold: 21.00 MB
Current GC threshold: 58.88 MB
CDS: on
 - commit_granule_bytes: 65536.
 - commit_granule_words: 8192.
 - virtual_space_node_default_size: 8388608.
 - enlarge_chunks_in_place: 1.
 - use_allocation_guard: 0.


Internal statistics:

num_allocs_failed_limit: 10.
num_arena_births: 1018.
num_arena_deaths: 26.
num_vsnodes_births: 2.
num_vsnodes_deaths: 0.
num_space_committed: 900.
num_space_uncommitted: 0.
num_chunks_returned_to_freelist: 40.
num_chunks_taken_from_freelist: 3633.
num_chunk_merges: 16.
num_chunk_splits: 2243.
num_chunks_enlarged: 1252.
num_inconsistent_stats: 0.

CodeHeap 'non-profiled nmethods': size=120000Kb used=3733Kb max_used=3733Kb free=116266Kb
 bounds [0x000001fe998b0000, 0x000001fe99c60000, 0x000001fea0de0000]
CodeHeap 'profiled nmethods': size=120000Kb used=14278Kb max_used=14278Kb free=105721Kb
 bounds [0x000001fe91de0000, 0x000001fe92be0000, 0x000001fe99310000]
CodeHeap 'non-nmethods': size=5760Kb used=1386Kb max_used=1475Kb free=4373Kb
 bounds [0x000001fe99310000, 0x000001fe99580000, 0x000001fe998b0000]
CodeCache: size=245760Kb, used=19397Kb, max_used=19486Kb, free=226360Kb
 total_blobs=7864, nmethods=7182, adapters=587, full_count=0
Compilation: enabled, stopped_count=0, restarted_count=0

Compilation events (20 events):
Event: 8.441 Thread 0x000001fee79c4050 nmethod 7780 0x000001fe99c43f10 code [0x000001fe99c440a0, 0x000001fe99c44168]
Event: 8.441 Thread 0x000001fee79c4050 7781       1       java.security.DrbgParameters$NextBytes::getPredictionResistance (5 bytes)
Event: 8.441 Thread 0x000001fee79c4050 nmethod 7781 0x000001fe99c44210 code [0x000001fe99c443a0, 0x000001fe99c44470]
Event: 8.470 Thread 0x000001fee79c4050 7782       3       java.util.regex.Pattern::read (33 bytes)
Event: 8.471 Thread 0x000001fee79c4050 nmethod 7782 0x000001fe92bc6810 code [0x000001fe92bc69c0, 0x000001fe92bc6c20]
Event: 8.485 Thread 0x000001fee79c4050 7783       1       org.gradle.internal.service.DefaultServiceRegistry::access$400 (5 bytes)
Event: 8.485 Thread 0x000001fee79c4050 nmethod 7783 0x000001fe99c44510 code [0x000001fe99c446a0, 0x000001fe99c44750]
Event: 8.490 Thread 0x000001feed5d40d0 nmethod 7725 0x000001fe99c44810 code [0x000001fe99c44ce0, 0x000001fe99c47e10]
Event: 8.491 Thread 0x000001feed5d40d0 7765   !   4       org.eclipse.osgi.internal.loader.BundleLoader::findClass0 (490 bytes)
Event: 8.492 Thread 0x000001fee79c4050 7784       3       java.lang.ProcessEnvironment$EntryComparator::compare (13 bytes)
Event: 8.492 Thread 0x000001fee79c4050 nmethod 7784 0x000001fe92bc6d90 code [0x000001fe92bc6fa0, 0x000001fe92bc76f8]
Event: 8.492 Thread 0x000001fee79c4050 7785       3       java.lang.ProcessEnvironment$EntryComparator::compare (25 bytes)
Event: 8.492 Thread 0x000001fee79c4050 nmethod 7785 0x000001fe92bc7890 code [0x000001fe92bc7a80, 0x000001fe92bc7f60]
Event: 8.557 Thread 0x000001fe8ec9e770 nmethod 7758 0x000001fe99c4a210 code [0x000001fe99c4a840, 0x000001fe99c4fba0]
Event: 8.557 Thread 0x000001fe8ec9e770 7762   !   4       org.eclipse.osgi.internal.weaving.WovenClassImpl::notifyWovenClassListeners (54 bytes)
Event: 8.559 Thread 0x000001fe8ec9e770 nmethod 7762 0x000001fe99c52490 code [0x000001fe99c52640, 0x000001fe99c52798]
Event: 8.559 Thread 0x000001fe8ec9e770 7726       4       java.lang.ClassLoader::preDefineClass (118 bytes)
Event: 8.591 Thread 0x000001fe8ec9e770 nmethod 7726 0x000001fe99c52910 code [0x000001fe99c52c00, 0x000001fe99c54298]
Event: 8.591 Thread 0x000001fe8ec9e770 7727       4       java.lang.ClassLoader::postDefineClass (39 bytes)
Event: 8.688 Thread 0x000001fee79c4050 7789       3       org.eclipse.jdt.ls.core.internal.JobHelpers$InitializeJobMatcher::matches (7 bytes)

GC Heap History (20 events):
Event: 6.666 GC heap before
{Heap before GC invocations=30 (full 2):
 PSYoungGen      total 23040K, used 22592K [0x00000000d5580000, 0x00000000d6e80000, 0x0000000100000000)
  eden space 20480K, 100% used [0x00000000d5580000,0x00000000d6980000,0x00000000d6980000)
  from space 2560K, 82% used [0x00000000d6980000,0x00000000d6b90010,0x00000000d6c00000)
  to   space 2560K, 0% used [0x00000000d6c00000,0x00000000d6c00000,0x00000000d6e80000)
 ParOldGen       total 68608K, used 34891K [0x0000000080000000, 0x0000000084300000, 0x00000000d5580000)
  object space 68608K, 50% used [0x0000000080000000,0x0000000082212fc0,0x0000000084300000)
 Metaspace       used 44683K, committed 45824K, reserved 1114112K
  class space    used 4862K, committed 5376K, reserved 1048576K
}
Event: 6.669 GC heap after
{Heap after GC invocations=30 (full 2):
 PSYoungGen      total 23040K, used 2349K [0x00000000d5580000, 0x00000000d6e80000, 0x0000000100000000)
  eden space 20480K, 0% used [0x00000000d5580000,0x00000000d5580000,0x00000000d6980000)
  from space 2560K, 91% used [0x00000000d6c00000,0x00000000d6e4b510,0x00000000d6e80000)
  to   space 2560K, 0% used [0x00000000d6980000,0x00000000d6980000,0x00000000d6c00000)
 ParOldGen       total 68608K, used 36844K [0x0000000080000000, 0x0000000084300000, 0x00000000d5580000)
  object space 68608K, 53% used [0x0000000080000000,0x00000000823fb1d0,0x0000000084300000)
 Metaspace       used 44683K, committed 45824K, reserved 1114112K
  class space    used 4862K, committed 5376K, reserved 1048576K
}
Event: 6.822 GC heap before
{Heap before GC invocations=31 (full 2):
 PSYoungGen      total 23040K, used 22829K [0x00000000d5580000, 0x00000000d6e80000, 0x0000000100000000)
  eden space 20480K, 100% used [0x00000000d5580000,0x00000000d6980000,0x00000000d6980000)
  from space 2560K, 91% used [0x00000000d6c00000,0x00000000d6e4b510,0x00000000d6e80000)
  to   space 2560K, 0% used [0x00000000d6980000,0x00000000d6980000,0x00000000d6c00000)
 ParOldGen       total 68608K, used 36844K [0x0000000080000000, 0x0000000084300000, 0x00000000d5580000)
  object space 68608K, 53% used [0x0000000080000000,0x00000000823fb1d0,0x0000000084300000)
 Metaspace       used 46529K, committed 47680K, reserved 1114112K
  class space    used 5139K, committed 5632K, reserved 1048576K
}
Event: 6.826 GC heap after
{Heap after GC invocations=31 (full 2):
 PSYoungGen      total 21504K, used 672K [0x00000000d5580000, 0x00000000d6c80000, 0x0000000100000000)
  eden space 20480K, 0% used [0x00000000d5580000,0x00000000d5580000,0x00000000d6980000)
  from space 1024K, 65% used [0x00000000d6980000,0x00000000d6a28000,0x00000000d6a80000)
  to   space 1536K, 0% used [0x00000000d6b00000,0x00000000d6b00000,0x00000000d6c80000)
 ParOldGen       total 68608K, used 39093K [0x0000000080000000, 0x0000000084300000, 0x00000000d5580000)
  object space 68608K, 56% used [0x0000000080000000,0x000000008262d6f0,0x0000000084300000)
 Metaspace       used 46529K, committed 47680K, reserved 1114112K
  class space    used 5139K, committed 5632K, reserved 1048576K
}
Event: 7.002 GC heap before
{Heap before GC invocations=32 (full 2):
 PSYoungGen      total 21504K, used 21151K [0x00000000d5580000, 0x00000000d6c80000, 0x0000000100000000)
  eden space 20480K, 99% used [0x00000000d5580000,0x00000000d697ffd8,0x00000000d6980000)
  from space 1024K, 65% used [0x00000000d6980000,0x00000000d6a28000,0x00000000d6a80000)
  to   space 1536K, 0% used [0x00000000d6b00000,0x00000000d6b00000,0x00000000d6c80000)
 ParOldGen       total 68608K, used 39093K [0x0000000080000000, 0x0000000084300000, 0x00000000d5580000)
  object space 68608K, 56% used [0x0000000080000000,0x000000008262d6f0,0x0000000084300000)
 Metaspace       used 47891K, committed 49024K, reserved 1114112K
  class space    used 5338K, committed 5824K, reserved 1048576K
}
Event: 7.004 GC heap after
{Heap after GC invocations=32 (full 2):
 PSYoungGen      total 20992K, used 1529K [0x00000000d5580000, 0x00000000d6e80000, 0x0000000100000000)
  eden space 19456K, 0% used [0x00000000d5580000,0x00000000d5580000,0x00000000d6880000)
  from space 1536K, 99% used [0x00000000d6b00000,0x00000000d6c7e508,0x00000000d6c80000)
  to   space 2560K, 0% used [0x00000000d6880000,0x00000000d6880000,0x00000000d6b00000)
 ParOldGen       total 68608K, used 39627K [0x0000000080000000, 0x0000000084300000, 0x00000000d5580000)
  object space 68608K, 57% used [0x0000000080000000,0x00000000826b2f70,0x0000000084300000)
 Metaspace       used 47891K, committed 49024K, reserved 1114112K
  class space    used 5338K, committed 5824K, reserved 1048576K
}
Event: 7.129 GC heap before
{Heap before GC invocations=33 (full 2):
 PSYoungGen      total 20992K, used 20985K [0x00000000d5580000, 0x00000000d6e80000, 0x0000000100000000)
  eden space 19456K, 99% used [0x00000000d5580000,0x00000000d687ffe8,0x00000000d6880000)
  from space 1536K, 99% used [0x00000000d6b00000,0x00000000d6c7e508,0x00000000d6c80000)
  to   space 2560K, 0% used [0x00000000d6880000,0x00000000d6880000,0x00000000d6b00000)
 ParOldGen       total 68608K, used 39627K [0x0000000080000000, 0x0000000084300000, 0x00000000d5580000)
  object space 68608K, 57% used [0x0000000080000000,0x00000000826b2f70,0x0000000084300000)
 Metaspace       used 48686K, committed 49856K, reserved 1114112K
  class space    used 5428K, committed 5888K, reserved 1048576K
}
Event: 7.133 GC heap after
{Heap after GC invocations=33 (full 2):
 PSYoungGen      total 22016K, used 2559K [0x00000000d5580000, 0x00000000d7d80000, 0x0000000100000000)
  eden space 19456K, 0% used [0x00000000d5580000,0x00000000d5580000,0x00000000d6880000)
  from space 2560K, 99% used [0x00000000d6880000,0x00000000d6affd68,0x00000000d6b00000)
  to   space 10752K, 0% used [0x00000000d7300000,0x00000000d7300000,0x00000000d7d80000)
 ParOldGen       total 68608K, used 46081K [0x0000000080000000, 0x0000000084300000, 0x00000000d5580000)
  object space 68608K, 67% used [0x0000000080000000,0x0000000082d005c0,0x0000000084300000)
 Metaspace       used 48686K, committed 49856K, reserved 1114112K
  class space    used 5428K, committed 5888K, reserved 1048576K
}
Event: 7.269 GC heap before
{Heap before GC invocations=34 (full 2):
 PSYoungGen      total 22016K, used 22014K [0x00000000d5580000, 0x00000000d7d80000, 0x0000000100000000)
  eden space 19456K, 99% used [0x00000000d5580000,0x00000000d687fda8,0x00000000d6880000)
  from space 2560K, 99% used [0x00000000d6880000,0x00000000d6affd68,0x00000000d6b00000)
  to   space 10752K, 0% used [0x00000000d7300000,0x00000000d7300000,0x00000000d7d80000)
 ParOldGen       total 68608K, used 46081K [0x0000000080000000, 0x0000000084300000, 0x00000000d5580000)
  object space 68608K, 67% used [0x0000000080000000,0x0000000082d005c0,0x0000000084300000)
 Metaspace       used 49801K, committed 51072K, reserved 1114112K
  class space    used 5587K, committed 6144K, reserved 1048576K
}
Event: 7.271 GC heap after
{Heap after GC invocations=34 (full 2):
 PSYoungGen      total 19968K, used 480K [0x00000000d5580000, 0x00000000d7380000, 0x0000000100000000)
  eden space 19456K, 0% used [0x00000000d5580000,0x00000000d5580000,0x00000000d6880000)
  from space 512K, 93% used [0x00000000d7300000,0x00000000d7378000,0x00000000d7380000)
  to   space 3584K, 0% used [0x00000000d6c80000,0x00000000d6c80000,0x00000000d7000000)
 ParOldGen       total 68608K, used 48487K [0x0000000080000000, 0x0000000084300000, 0x00000000d5580000)
  object space 68608K, 70% used [0x0000000080000000,0x0000000082f59ff0,0x0000000084300000)
 Metaspace       used 49801K, committed 51072K, reserved 1114112K
  class space    used 5587K, committed 6144K, reserved 1048576K
}
Event: 7.476 GC heap before
{Heap before GC invocations=35 (full 2):
 PSYoungGen      total 19968K, used 19936K [0x00000000d5580000, 0x00000000d7380000, 0x0000000100000000)
  eden space 19456K, 100% used [0x00000000d5580000,0x00000000d6880000,0x00000000d6880000)
  from space 512K, 93% used [0x00000000d7300000,0x00000000d7378000,0x00000000d7380000)
  to   space 3584K, 0% used [0x00000000d6c80000,0x00000000d6c80000,0x00000000d7000000)
 ParOldGen       total 68608K, used 48487K [0x0000000080000000, 0x0000000084300000, 0x00000000d5580000)
  object space 68608K, 70% used [0x0000000080000000,0x0000000082f59ff0,0x0000000084300000)
 Metaspace       used 51394K, committed 52672K, reserved 1114112K
  class space    used 5827K, committed 6400K, reserved 1048576K
}
Event: 7.477 GC heap after
{Heap after GC invocations=35 (full 2):
 PSYoungGen      total 23040K, used 960K [0x00000000d5580000, 0x00000000d7380000, 0x0000000100000000)
  eden space 19456K, 0% used [0x00000000d5580000,0x00000000d5580000,0x00000000d6880000)
  from space 3584K, 26% used [0x00000000d6c80000,0x00000000d6d70000,0x00000000d7000000)
  to   space 1536K, 0% used [0x00000000d7200000,0x00000000d7200000,0x00000000d7380000)
 ParOldGen       total 68608K, used 48860K [0x0000000080000000, 0x0000000084300000, 0x00000000d5580000)
  object space 68608K, 71% used [0x0000000080000000,0x0000000082fb7200,0x0000000084300000)
 Metaspace       used 51394K, committed 52672K, reserved 1114112K
  class space    used 5827K, committed 6400K, reserved 1048576K
}
Event: 7.712 GC heap before
{Heap before GC invocations=36 (full 2):
 PSYoungGen      total 23040K, used 20416K [0x00000000d5580000, 0x00000000d7380000, 0x0000000100000000)
  eden space 19456K, 100% used [0x00000000d5580000,0x00000000d6880000,0x00000000d6880000)
  from space 3584K, 26% used [0x00000000d6c80000,0x00000000d6d70000,0x00000000d7000000)
  to   space 1536K, 0% used [0x00000000d7200000,0x00000000d7200000,0x00000000d7380000)
 ParOldGen       total 68608K, used 48860K [0x0000000080000000, 0x0000000084300000, 0x00000000d5580000)
  object space 68608K, 71% used [0x0000000080000000,0x0000000082fb7200,0x0000000084300000)
 Metaspace       used 51785K, committed 53056K, reserved 1114112K
  class space    used 5875K, committed 6464K, reserved 1048576K
}
Event: 7.713 GC heap after
{Heap after GC invocations=36 (full 2):
 PSYoungGen      total 19968K, used 480K [0x00000000d5580000, 0x00000000d7280000, 0x0000000100000000)
  eden space 19456K, 0% used [0x00000000d5580000,0x00000000d5580000,0x00000000d6880000)
  from space 512K, 93% used [0x00000000d7200000,0x00000000d7278000,0x00000000d7280000)
  to   space 1024K, 0% used [0x00000000d7080000,0x00000000d7080000,0x00000000d7180000)
 ParOldGen       total 68608K, used 49650K [0x0000000080000000, 0x0000000084300000, 0x00000000d5580000)
  object space 68608K, 72% used [0x0000000080000000,0x000000008307c9e8,0x0000000084300000)
 Metaspace       used 51785K, committed 53056K, reserved 1114112K
  class space    used 5875K, committed 6464K, reserved 1048576K
}
Event: 7.935 GC heap before
{Heap before GC invocations=37 (full 2):
 PSYoungGen      total 19968K, used 19936K [0x00000000d5580000, 0x00000000d7280000, 0x0000000100000000)
  eden space 19456K, 100% used [0x00000000d5580000,0x00000000d6880000,0x00000000d6880000)
  from space 512K, 93% used [0x00000000d7200000,0x00000000d7278000,0x00000000d7280000)
  to   space 1024K, 0% used [0x00000000d7080000,0x00000000d7080000,0x00000000d7180000)
 ParOldGen       total 68608K, used 49650K [0x0000000080000000, 0x0000000084300000, 0x00000000d5580000)
  object space 68608K, 72% used [0x0000000080000000,0x000000008307c9e8,0x0000000084300000)
 Metaspace       used 51857K, committed 53184K, reserved 1114112K
  class space    used 5880K, committed 6464K, reserved 1048576K
}
Event: 7.937 GC heap after
{Heap after GC invocations=37 (full 2):
 PSYoungGen      total 20480K, used 1014K [0x00000000d5580000, 0x00000000d7280000, 0x0000000100000000)
  eden space 19456K, 0% used [0x00000000d5580000,0x00000000d5580000,0x00000000d6880000)
  from space 1024K, 99% used [0x00000000d7080000,0x00000000d717db58,0x00000000d7180000)
  to   space 1024K, 0% used [0x00000000d7180000,0x00000000d7180000,0x00000000d7280000)
 ParOldGen       total 68608K, used 52827K [0x0000000080000000, 0x0000000084300000, 0x00000000d5580000)
  object space 68608K, 76% used [0x0000000080000000,0x0000000083396e20,0x0000000084300000)
 Metaspace       used 51857K, committed 53184K, reserved 1114112K
  class space    used 5880K, committed 6464K, reserved 1048576K
}
Event: 8.214 GC heap before
{Heap before GC invocations=38 (full 2):
 PSYoungGen      total 20480K, used 20470K [0x00000000d5580000, 0x00000000d7280000, 0x0000000100000000)
  eden space 19456K, 100% used [0x00000000d5580000,0x00000000d6880000,0x00000000d6880000)
  from space 1024K, 99% used [0x00000000d7080000,0x00000000d717db58,0x00000000d7180000)
  to   space 1024K, 0% used [0x00000000d7180000,0x00000000d7180000,0x00000000d7280000)
 ParOldGen       total 68608K, used 52827K [0x0000000080000000, 0x0000000084300000, 0x00000000d5580000)
  object space 68608K, 76% used [0x0000000080000000,0x0000000083396e20,0x0000000084300000)
 Metaspace       used 53522K, committed 54848K, reserved 1114112K
  class space    used 6186K, committed 6784K, reserved 1048576K
}
Event: 8.215 GC heap after
{Heap after GC invocations=38 (full 2):
 PSYoungGen      total 20480K, used 864K [0x00000000d5580000, 0x00000000d7280000, 0x0000000100000000)
  eden space 19456K, 0% used [0x00000000d5580000,0x00000000d5580000,0x00000000d6880000)
  from space 1024K, 84% used [0x00000000d7180000,0x00000000d7258020,0x00000000d7280000)
  to   space 2560K, 0% used [0x00000000d6d80000,0x00000000d6d80000,0x00000000d7000000)
 ParOldGen       total 68608K, used 53820K [0x0000000080000000, 0x0000000084300000, 0x00000000d5580000)
  object space 68608K, 78% used [0x0000000080000000,0x000000008348f3b8,0x0000000084300000)
 Metaspace       used 53522K, committed 54848K, reserved 1114112K
  class space    used 6186K, committed 6784K, reserved 1048576K
}
Event: 8.445 GC heap before
{Heap before GC invocations=39 (full 2):
 PSYoungGen      total 20480K, used 20317K [0x00000000d5580000, 0x00000000d7280000, 0x0000000100000000)
  eden space 19456K, 99% used [0x00000000d5580000,0x00000000d687f590,0x00000000d6880000)
  from space 1024K, 84% used [0x00000000d7180000,0x00000000d7258020,0x00000000d7280000)
  to   space 2560K, 0% used [0x00000000d6d80000,0x00000000d6d80000,0x00000000d7000000)
 ParOldGen       total 68608K, used 53820K [0x0000000080000000, 0x0000000084300000, 0x00000000d5580000)
  object space 68608K, 78% used [0x0000000080000000,0x000000008348f3b8,0x0000000084300000)
 Metaspace       used 55544K, committed 56896K, reserved 1114112K
  class space    used 6539K, committed 7104K, reserved 1048576K
}
Event: 8.447 GC heap after
{Heap after GC invocations=39 (full 2):
 PSYoungGen      total 22016K, used 704K [0x00000000d5580000, 0x00000000d7200000, 0x0000000100000000)
  eden space 19456K, 0% used [0x00000000d5580000,0x00000000d5580000,0x00000000d6880000)
  from space 2560K, 27% used [0x00000000d6d80000,0x00000000d6e30010,0x00000000d7000000)
  to   space 1024K, 0% used [0x00000000d7100000,0x00000000d7100000,0x00000000d7200000)
 ParOldGen       total 68608K, used 54588K [0x0000000080000000, 0x0000000084300000, 0x00000000d5580000)
  object space 68608K, 79% used [0x0000000080000000,0x000000008354f3e8,0x0000000084300000)
 Metaspace       used 55544K, committed 56896K, reserved 1114112K
  class space    used 6539K, committed 7104K, reserved 1048576K
}

Dll operation events (13 events):
Event: 0.016 Loaded shared library c:\Users\sande\.vscode\extensions\redhat.java-1.52.0-win32-x64\jre\21.0.9-win32-x86_64\bin\java.dll
Event: 0.081 Loaded shared library c:\Users\sande\.vscode\extensions\redhat.java-1.52.0-win32-x64\jre\21.0.9-win32-x86_64\bin\zip.dll
Event: 0.100 Loaded shared library C:\Users\sande\.vscode\extensions\redhat.java-1.52.0-win32-x64\jre\21.0.9-win32-x86_64\bin\instrument.dll
Event: 0.105 Loaded shared library C:\Users\sande\.vscode\extensions\redhat.java-1.52.0-win32-x64\jre\21.0.9-win32-x86_64\bin\net.dll
Event: 0.107 Loaded shared library C:\Users\sande\.vscode\extensions\redhat.java-1.52.0-win32-x64\jre\21.0.9-win32-x86_64\bin\nio.dll
Event: 0.110 Loaded shared library C:\Users\sande\.vscode\extensions\redhat.java-1.52.0-win32-x64\jre\21.0.9-win32-x86_64\bin\zip.dll
Event: 0.125 Loaded shared library C:\Users\sande\.vscode\extensions\redhat.java-1.52.0-win32-x64\jre\21.0.9-win32-x86_64\bin\jimage.dll
Event: 0.203 Loaded shared library c:\Users\sande\.vscode\extensions\redhat.java-1.52.0-win32-x64\jre\21.0.9-win32-x86_64\bin\verify.dll
Event: 1.476 Loaded shared library C:\Users\sande\AppData\Roaming\Code\User\globalStorage\redhat.java\1.52.0\config_win\org.eclipse.equinox.launcher\org.eclipse.equinox.launcher.win32.win32.x86_64_1.2.1500.v20260121-1430\eclipse_11919.dll
Event: 3.334 Loaded shared library C:\Users\sande\AppData\Local\Temp\jna-109203553\jna2375186850328552986.dll
Event: 7.304 Loaded shared library C:\Users\sande\.gradle\native\68d5fa5c4cc2d200863cafc0d521ce42e7d3e7ee720ec0a83991735586a16f82\windows-amd64\native-platform.dll
Event: 8.236 Loaded shared library C:\Users\sande\.vscode\extensions\redhat.java-1.52.0-win32-x64\jre\21.0.9-win32-x86_64\bin\management.dll
Event: 8.239 Loaded shared library C:\Users\sande\.vscode\extensions\redhat.java-1.52.0-win32-x64\jre\21.0.9-win32-x86_64\bin\management_ext.dll

Deoptimization events (20 events):
Event: 8.435 Thread 0x000001feefb71a30 Uncommon trap: trap_request=0xffffff45 fr.pc=0x000001fe99ba6bc0 relative=0x0000000000001fa0
Event: 8.435 Thread 0x000001feefb71a30 Uncommon trap: reason=unstable_if action=reinterpret pc=0x000001fe99ba6bc0 method=java.util.regex.Pattern.compile()V @ 338 c2
Event: 8.435 Thread 0x000001feefb71a30 DEOPT PACKING pc=0x000001fe99ba6bc0 sp=0x000000f7a24feb20
Event: 8.435 Thread 0x000001fef8f501e0 Uncommon trap: trap_request=0xffffffc6 fr.pc=0x000001fe99ba3b64 relative=0x0000000000000984
Event: 8.435 Thread 0x000001feefb71a30 DEOPT UNPACKING pc=0x000001fe99363aa2 sp=0x000000f7a24feb00 mode 2
Event: 8.435 Thread 0x000001fef8f501e0 Uncommon trap: reason=bimorphic_or_optimized_type_check action=maybe_recompile pc=0x000001fe99ba3b64 method=java.util.regex.Pattern$CharPropertyGreedy.match(Ljava/util/regex/Matcher;ILjava/lang/CharSequence;)Z @ 64 c2
Event: 8.435 Thread 0x000001fef8f501e0 DEOPT PACKING pc=0x000001fe99ba3b64 sp=0x000000f7a29fe820
Event: 8.435 Thread 0x000001fef8f501e0 DEOPT UNPACKING pc=0x000001fe99363aa2 sp=0x000000f7a29fe7a0 mode 2
Event: 8.436 Thread 0x000001fef8f501e0 Uncommon trap: trap_request=0xffffffc6 fr.pc=0x000001fe99ba3b64 relative=0x0000000000000984
Event: 8.436 Thread 0x000001fef8f501e0 Uncommon trap: reason=bimorphic_or_optimized_type_check action=maybe_recompile pc=0x000001fe99ba3b64 method=java.util.regex.Pattern$CharPropertyGreedy.match(Ljava/util/regex/Matcher;ILjava/lang/CharSequence;)Z @ 64 c2
Event: 8.436 Thread 0x000001feefb71a30 Uncommon trap: trap_request=0xffffffc6 fr.pc=0x000001fe99ba3b64 relative=0x0000000000000984
Event: 8.436 Thread 0x000001feefb71a30 Uncommon trap: reason=bimorphic_or_optimized_type_check action=maybe_recompile pc=0x000001fe99ba3b64 method=java.util.regex.Pattern$CharPropertyGreedy.match(Ljava/util/regex/Matcher;ILjava/lang/CharSequence;)Z @ 64 c2
Event: 8.436 Thread 0x000001fef8f501e0 DEOPT PACKING pc=0x000001fe99ba3b64 sp=0x000000f7a29fe820
Event: 8.436 Thread 0x000001feefb71a30 DEOPT PACKING pc=0x000001fe99ba3b64 sp=0x000000f7a24fea10
Event: 8.436 Thread 0x000001fef8f501e0 DEOPT UNPACKING pc=0x000001fe99363aa2 sp=0x000000f7a29fe7a0 mode 2
Event: 8.436 Thread 0x000001feefb71a30 DEOPT UNPACKING pc=0x000001fe99363aa2 sp=0x000000f7a24fe990 mode 2
Event: 8.440 Thread 0x000001fef8f501e0 Uncommon trap: trap_request=0xffffff45 fr.pc=0x000001fe99bb6ec8 relative=0x0000000000000dc8
Event: 8.440 Thread 0x000001fef8f501e0 Uncommon trap: reason=unstable_if action=reinterpret pc=0x000001fe99bb6ec8 method=java.io.WinNTFileSystem.resolve(Ljava/lang/String;Ljava/lang/String;)Ljava/lang/String; @ 19 c2
Event: 8.440 Thread 0x000001fef8f501e0 DEOPT PACKING pc=0x000001fe99bb6ec8 sp=0x000000f7a29fe3b0
Event: 8.440 Thread 0x000001fef8f501e0 DEOPT UNPACKING pc=0x000001fe99363aa2 sp=0x000000f7a29fe358 mode 2

Classes loaded (20 events):
Event: 8.274 Loading class java/net/ConnectException
Event: 8.274 Loading class java/net/ConnectException done
Event: 8.298 Loading class java/io/StreamCorruptedException
Event: 8.298 Loading class java/io/StreamCorruptedException done
Event: 8.301 Loading class java/util/concurrent/ConcurrentSkipListMap$EntrySet
Event: 8.301 Loading class java/util/concurrent/ConcurrentSkipListMap$EntrySet done
Event: 8.301 Loading class java/util/concurrent/ConcurrentSkipListMap$EntryIterator
Event: 8.302 Loading class java/util/concurrent/ConcurrentSkipListMap$Iter
Event: 8.302 Loading class java/util/concurrent/ConcurrentSkipListMap$Iter done
Event: 8.302 Loading class java/util/concurrent/ConcurrentSkipListMap$EntryIterator done
Event: 8.489 Loading class java/lang/ProcessBuilder
Event: 8.489 Loading class java/lang/ProcessBuilder done
Event: 8.491 Loading class java/lang/ProcessImpl
Event: 8.491 Loading class java/lang/ProcessImpl done
Event: 8.499 Loading class java/lang/ProcessImpl$2
Event: 8.499 Loading class java/lang/ProcessImpl$2 done
Event: 8.499 Loading class java/lang/Process$PipeInputStream
Event: 8.499 Loading class java/lang/Process$PipeInputStream done
Event: 8.502 Loading class jdk/internal/event/ProcessStartEvent
Event: 8.502 Loading class jdk/internal/event/ProcessStartEvent done

Classes unloaded (13 events):
Event: 4.052 Thread 0x000001fe8ec82730 Unloading class 0x000001fea71a3400 'java/lang/invoke/LambdaForm$MH+0x000001fea71a3400'
Event: 4.052 Thread 0x000001fe8ec82730 Unloading class 0x000001fea71a3000 'java/lang/invoke/LambdaForm$MH+0x000001fea71a3000'
Event: 4.052 Thread 0x000001fe8ec82730 Unloading class 0x000001fea71a2c00 'java/lang/invoke/LambdaForm$MH+0x000001fea71a2c00'
Event: 4.052 Thread 0x000001fe8ec82730 Unloading class 0x000001fea71a2800 'java/lang/invoke/LambdaForm$MH+0x000001fea71a2800'
Event: 4.052 Thread 0x000001fe8ec82730 Unloading class 0x000001fea71a2400 'java/lang/invoke/LambdaForm$BMH+0x000001fea71a2400'
Event: 4.052 Thread 0x000001fe8ec82730 Unloading class 0x000001fea71a2000 'java/lang/invoke/LambdaForm$DMH+0x000001fea71a2000'
Event: 4.052 Thread 0x000001fe8ec82730 Unloading class 0x000001fea71a0c00 'java/lang/invoke/LambdaForm$DMH+0x000001fea71a0c00'
Event: 5.576 Thread 0x000001fe8ec82730 Unloading class 0x000001fea7314400 'java/lang/invoke/LambdaForm$MH+0x000001fea7314400'
Event: 5.576 Thread 0x000001fe8ec82730 Unloading class 0x000001fea7313800 'java/lang/invoke/LambdaForm$MH+0x000001fea7313800'
Event: 5.576 Thread 0x000001fe8ec82730 Unloading class 0x000001fea7313000 'java/lang/invoke/LambdaForm$MH+0x000001fea7313000'
Event: 5.576 Thread 0x000001fe8ec82730 Unloading class 0x000001fea7312800 'java/lang/invoke/LambdaForm$MH+0x000001fea7312800'
Event: 5.576 Thread 0x000001fe8ec82730 Unloading class 0x000001fea7312400 'java/lang/invoke/LambdaForm$DMH+0x000001fea7312400'
Event: 5.576 Thread 0x000001fe8ec82730 Unloading class 0x000001fea7311800 'java/lang/invoke/LambdaForm$MH+0x000001fea7311800'

Classes redefined (0 events):
No events

Internal exceptions (20 events):
Event: 7.732 Thread 0x000001feef58fe70 Exception <a 'sun/nio/fs/WindowsException'{0x00000000d5760728}> (0x00000000d5760728) 
thrown [s\src\hotspot\share\prims\jni.cpp, line 520]
Event: 7.732 Thread 0x000001feef58fe70 Exception <a 'sun/nio/fs/WindowsException'{0x00000000d5794828}> (0x00000000d5794828) 
thrown [s\src\hotspot\share\prims\jni.cpp, line 520]
Event: 7.732 Thread 0x000001feef58fe70 Exception <a 'sun/nio/fs/WindowsException'{0x00000000d5794e78}> (0x00000000d5794e78) 
thrown [s\src\hotspot\share\prims\jni.cpp, line 520]
Event: 7.732 Thread 0x000001feef58fe70 Exception <a 'sun/nio/fs/WindowsException'{0x00000000d57982b8}> (0x00000000d57982b8) 
thrown [s\src\hotspot\share\prims\jni.cpp, line 520]
Event: 7.733 Thread 0x000001feef58fe70 Exception <a 'sun/nio/fs/WindowsException'{0x00000000d5798918}> (0x00000000d5798918) 
thrown [s\src\hotspot\share\prims\jni.cpp, line 520]
Event: 7.733 Thread 0x000001feef58fe70 Exception <a 'sun/nio/fs/WindowsException'{0x00000000d5798f78}> (0x00000000d5798f78) 
thrown [s\src\hotspot\share\prims\jni.cpp, line 520]
Event: 7.733 Thread 0x000001feef58fe70 Exception <a 'sun/nio/fs/WindowsException'{0x00000000d57995f8}> (0x00000000d57995f8) 
thrown [s\src\hotspot\share\prims\jni.cpp, line 520]
Event: 7.733 Thread 0x000001feef58fe70 Exception <a 'sun/nio/fs/WindowsException'{0x00000000d579ccf0}> (0x00000000d579ccf0) 
thrown [s\src\hotspot\share\prims\jni.cpp, line 520]
Event: 7.733 Thread 0x000001feef58fe70 Exception <a 'sun/nio/fs/WindowsException'{0x00000000d579d340}> (0x00000000d579d340) 
thrown [s\src\hotspot\share\prims\jni.cpp, line 520]
Event: 7.733 Thread 0x000001feef58fe70 Exception <a 'sun/nio/fs/WindowsException'{0x00000000d579d990}> (0x00000000d579d990) 
thrown [s\src\hotspot\share\prims\jni.cpp, line 520]
Event: 7.733 Thread 0x000001feef58fe70 Exception <a 'sun/nio/fs/WindowsException'{0x00000000d579dff8}> (0x00000000d579dff8) 
thrown [s\src\hotspot\share\prims\jni.cpp, line 520]
Event: 7.734 Thread 0x000001feef58fe70 Exception <a 'sun/nio/fs/WindowsException'{0x00000000d57a5430}> (0x00000000d57a5430) 
thrown [s\src\hotspot\share\prims\jni.cpp, line 520]
Event: 7.734 Thread 0x000001feef58fe70 Exception <a 'sun/nio/fs/WindowsException'{0x00000000d57a5a68}> (0x00000000d57a5a68) 
thrown [s\src\hotspot\share\prims\jni.cpp, line 520]
Event: 7.734 Thread 0x000001feef58fe70 Exception <a 'sun/nio/fs/WindowsException'{0x00000000d57a60b0}> (0x00000000d57a60b0) 
thrown [s\src\hotspot\share\prims\jni.cpp, line 520]
Event: 7.734 Thread 0x000001feef58fe70 Exception <a 'sun/nio/fs/WindowsException'{0x00000000d57a6708}> (0x00000000d57a6708) 
thrown [s\src\hotspot\share\prims\jni.cpp, line 520]
Event: 8.073 Thread 0x000001feefb71a30 Exception <a 'java/lang/NoSuchMethodError'{0x00000000d5fbdc38}: 'java.lang.Object java.lang.invoke.DirectMethodHandle$Holder.invokeVirtual(java.lang.Object, java.lang.Object, java.lang.Object, java.lang.Object, java.lang.Object, java.lang.Object)'> (0x00000000d5fbdc38) 
thrown [s\src\hotspot\share\interpreter\linkResolver.cpp, line 773]
Event: 8.191 Thread 0x000001feefb71a30 Exception <a 'java/lang/NoClassDefFoundError'{0x00000000d6751ff0}: org/slf4j/impl/StaticMarkerBinder> (0x00000000d6751ff0) 
thrown [s\src\hotspot\share\classfile\systemDictionary.cpp, line 301]
Event: 8.304 Thread 0x000001feefb71a30 Exception <a 'java/lang/NoSuchMethodError'{0x00000000d5c76688}: 'java.lang.Object java.lang.invoke.DirectMethodHandle$Holder.invokeVirtual(java.lang.Object, java.lang.Object, java.lang.Object, java.lang.Object, java.lang.Object, java.lang.Object, java.lang.Object, java.lang.Object)'> (0x00000000d5c76688) 
thrown [s\src\hotspot\share\interpreter\linkResolver.cpp, line 773]
Event: 8.331 Thread 0x000001feefb71a30 Exception <a 'java/lang/NoSuchMethodError'{0x00000000d5e61d70}: 'java.lang.Object java.lang.invoke.DirectMethodHandle$Holder.invokeVirtual(java.lang.Object, java.lang.Object, java.lang.Object, java.lang.Object, java.lang.Object, java.lang.Object, java.lang.Object, java.lang.Object, java.lang.Object)'> (0x00000000d5e61d70) 
thrown [s\src\hotspot\share\interpreter\linkResolver.cpp, line 773]
Event: 8.498 Thread 0x000001fef8f4fb50 Exception <a 'java/lang/NoSuchMethodError'{0x00000000d586d730}: 'void java.lang.invoke.DirectMethodHandle$Holder.invokeStatic(java.lang.Object, long)'> (0x00000000d586d730) 
thrown [s\src\hotspot\share\interpreter\linkResolver.cpp, line 773]

ZGC Phase Switch (0 events):
No events

VM Operations (20 events):
Event: 7.184 Executing VM operation: HandshakeAllThreads (Deoptimize) done
Event: 7.269 Executing VM operation: ParallelGCFailedAllocation (Allocation Failure)
Event: 7.271 Executing VM operation: ParallelGCFailedAllocation (Allocation Failure) done
Event: 7.476 Executing VM operation: ParallelGCFailedAllocation (Allocation Failure)
Event: 7.477 Executing VM operation: ParallelGCFailedAllocation (Allocation Failure) done
Event: 7.712 Executing VM operation: ParallelGCFailedAllocation (Allocation Failure)
Event: 7.713 Executing VM operation: ParallelGCFailedAllocation (Allocation Failure) done
Event: 7.912 Executing VM operation: HandshakeAllThreads (Deoptimize)
Event: 7.912 Executing VM operation: HandshakeAllThreads (Deoptimize) done
Event: 7.935 Executing VM operation: ParallelGCFailedAllocation (Allocation Failure)
Event: 7.937 Executing VM operation: ParallelGCFailedAllocation (Allocation Failure) done
Event: 8.059 Executing VM operation: HandshakeAllThreads (Deoptimize)
Event: 8.059 Executing VM operation: HandshakeAllThreads (Deoptimize) done
Event: 8.214 Executing VM operation: ParallelGCFailedAllocation (Allocation Failure)
Event: 8.215 Executing VM operation: ParallelGCFailedAllocation (Allocation Failure) done
Event: 8.445 Executing VM operation: ParallelGCFailedAllocation (Allocation Failure)
Event: 8.447 Executing VM operation: ParallelGCFailedAllocation (Allocation Failure) done
Event: 8.501 Executing VM operation: HandshakeAllThreads (Deoptimize)
Event: 8.501 Executing VM operation: HandshakeAllThreads (Deoptimize) done
Event: 9.499 Executing VM operation: Cleanup

Memory protections (0 events):
No events

Nmethod flushes (20 events):
Event: 5.597 Thread 0x000001fe8ec82730 flushing  nmethod 0x000001fe92463890
Event: 5.597 Thread 0x000001fe8ec82730 flushing  nmethod 0x000001fe92464e10
Event: 5.597 Thread 0x000001fe8ec82730 flushing  nmethod 0x000001fe92465210
Event: 5.597 Thread 0x000001fe8ec82730 flushing  nmethod 0x000001fe92465b10
Event: 5.597 Thread 0x000001fe8ec82730 flushing  nmethod 0x000001fe92467a10
Event: 5.597 Thread 0x000001fe8ec82730 flushing  nmethod 0x000001fe92468690
Event: 5.597 Thread 0x000001fe8ec82730 flushing  nmethod 0x000001fe92468b90
Event: 5.597 Thread 0x000001fe8ec82730 flushing  nmethod 0x000001fe92469090
Event: 5.597 Thread 0x000001fe8ec82730 flushing  nmethod 0x000001fe92469590
Event: 5.597 Thread 0x000001fe8ec82730 flushing  nmethod 0x000001fe9246a110
Event: 5.597 Thread 0x000001fe8ec82730 flushing  nmethod 0x000001fe9246aa90
Event: 5.597 Thread 0x000001fe8ec82730 flushing  nmethod 0x000001fe92487210
Event: 5.597 Thread 0x000001fe8ec82730 flushing  nmethod 0x000001fe9248d890
Event: 5.597 Thread 0x000001fe8ec82730 flushing  nmethod 0x000001fe92499e10
Event: 5.597 Thread 0x000001fe8ec82730 flushing  nmethod 0x000001fe9249f210
Event: 5.597 Thread 0x000001fe8ec82730 flushing  nmethod 0x000001fe924a1a10
Event: 5.597 Thread 0x000001fe8ec82730 flushing  nmethod 0x000001fe924a8890
Event: 5.597 Thread 0x000001fe8ec82730 flushing  nmethod 0x000001fe924b5790
Event: 5.597 Thread 0x000001fe8ec82730 flushing  nmethod 0x000001fe924eba90
Event: 5.597 Thread 0x000001fe8ec82730 flushing  nmethod 0x000001fe9250d910

Events (20 events):
Event: 5.536 Thread 0x000001fe8ebdea50 Thread added: 0x000001feefb70680
Event: 5.537 Thread 0x000001fe8ebdea50 Thread added: 0x000001feefb70d10
Event: 5.537 Thread 0x000001fe8ebdea50 Thread added: 0x000001feefb6f960
Event: 5.537 Thread 0x000001fe8ebdea50 Thread added: 0x000001feefb6d890
Event: 5.537 Thread 0x000001fe8ebdea50 Thread added: 0x000001feefb713a0
Event: 5.538 Thread 0x000001fe8ebdea50 Thread added: 0x000001feefb6df20
Event: 5.644 Thread 0x000001fe8ebdea50 Thread added: 0x000001feefb6e5b0
Event: 5.708 Thread 0x000001feef58f150 Thread added: 0x000001feefb73b00
Event: 5.920 Thread 0x000001fe8ebdea50 Thread added: 0x000001feefb74190
Event: 5.920 Thread 0x000001fe8ebdea50 Thread added: 0x000001feefb74820
Event: 6.688 Thread 0x000001feef58f150 Thread added: 0x000001feefb74eb0
Event: 6.836 Thread 0x000001feef58f150 Thread added: 0x000001feefb71a30
Event: 7.153 Thread 0x000001feef590500 Thread added: 0x000001feefb72750
Event: 7.154 Thread 0x000001feefb72750 Thread added: 0x000001feefb73470
Event: 7.154 Thread 0x000001feefb73470 Thread added: 0x000001fef8f51590
Event: 7.747 Thread 0x000001feef58fe70 Thread added: 0x000001fef8f51c20
Event: 7.749 Thread 0x000001feef58fe70 Thread added: 0x000001fef8f501e0
Event: 8.488 Thread 0x000001fef8f501e0 Thread added: 0x000001fef8f4fb50
Event: 8.503 Thread 0x000001fef8f4fb50 Thread added: 0x000001fef8f50870
Event: 8.503 Thread 0x000001fef8f4fb50 Thread added: 0x000001fef8f4e7a0


Dynamic libraries:
0x00007ff71a3b0000 - 0x00007ff71a3be000 	c:\Users\sande\.vscode\extensions\redhat.java-1.52.0-win32-x64\jre\21.0.9-win32-x86_64\bin\java.exe
0x00007ffbf35a0000 - 0x00007ffbf3808000 	C:\WINDOWS\SYSTEM32\ntdll.dll
0x00007ffbf21f0000 - 0x00007ffbf22b9000 	C:\WINDOWS\System32\KERNEL32.DLL
0x00007ffbf02a0000 - 0x00007ffbf0691000 	C:\WINDOWS\System32\KERNELBASE.dll
0x00007ffbefe80000 - 0x00007ffbeffcb000 	C:\WINDOWS\System32\ucrtbase.dll
0x00007ffb73280000 - 0x00007ffb73298000 	c:\Users\sande\.vscode\extensions\redhat.java-1.52.0-win32-x64\jre\21.0.9-win32-x86_64\bin\jli.dll
0x00007ffb74aa0000 - 0x00007ffb74abe000 	c:\Users\sande\.vscode\extensions\redhat.java-1.52.0-win32-x64\jre\21.0.9-win32-x86_64\bin\VCRUNTIME140.dll
0x00007ffbf3350000 - 0x00007ffbf3516000 	C:\WINDOWS\System32\USER32.dll
0x00007ffbf0100000 - 0x00007ffbf0127000 	C:\WINDOWS\System32\win32u.dll
0x00007ffbd88b0000 - 0x00007ffbd8b43000 	C:\WINDOWS\WinSxS\amd64_microsoft.windows.common-controls_6595b64144ccf1df_6.0.26100.7705_none_3e06597ae3363b04\COMCTL32.dll
0x00007ffbf1ff0000 - 0x00007ffbf201b000 	C:\WINDOWS\System32\GDI32.dll
0x00007ffbf26e0000 - 0x00007ffbf2789000 	C:\WINDOWS\System32\msvcrt.dll
0x00007ffbeffd0000 - 0x00007ffbf00fb000 	C:\WINDOWS\System32\gdi32full.dll
0x00007ffbf0130000 - 0x00007ffbf01d3000 	C:\WINDOWS\System32\msvcp_win.dll
0x00007ffbf3520000 - 0x00007ffbf3551000 	C:\WINDOWS\System32\IMM32.DLL
0x00007ffb86570000 - 0x00007ffb8657c000 	c:\Users\sande\.vscode\extensions\redhat.java-1.52.0-win32-x64\jre\21.0.9-win32-x86_64\bin\vcruntime140_1.dll
0x00007ffb31210000 - 0x00007ffb3129d000 	c:\Users\sande\.vscode\extensions\redhat.java-1.52.0-win32-x64\jre\21.0.9-win32-x86_64\bin\msvcp140.dll
0x00007ffb30470000 - 0x00007ffb31210000 	c:\Users\sande\.vscode\extensions\redhat.java-1.52.0-win32-x64\jre\21.0.9-win32-x86_64\bin\server\jvm.dll
0x00007ffbf2ee0000 - 0x00007ffbf2f94000 	C:\WINDOWS\System32\ADVAPI32.dll
0x00007ffbf1aa0000 - 0x00007ffbf1b46000 	C:\WINDOWS\System32\sechost.dll
0x00007ffbf31b0000 - 0x00007ffbf32c8000 	C:\WINDOWS\System32\RPCRT4.dll
0x00007ffbf2020000 - 0x00007ffbf2094000 	C:\WINDOWS\System32\WS2_32.dll
0x00007ffbeea80000 - 0x00007ffbeeade000 	C:\WINDOWS\SYSTEM32\POWRPROF.dll
0x00007ffbda4a0000 - 0x00007ffbda4d5000 	C:\WINDOWS\SYSTEM32\WINMM.dll
0x00007ffbe7f90000 - 0x00007ffbe7f9b000 	C:\WINDOWS\SYSTEM32\VERSION.dll
0x00007ffbeea60000 - 0x00007ffbeea74000 	C:\WINDOWS\SYSTEM32\UMPDC.dll
0x00007ffbeed50000 - 0x00007ffbeed6b000 	C:\WINDOWS\SYSTEM32\kernel.appcore.dll
0x00007ffb85de0000 - 0x00007ffb85dea000 	c:\Users\sande\.vscode\extensions\redhat.java-1.52.0-win32-x64\jre\21.0.9-win32-x86_64\bin\jimage.dll
0x00007ffbedc50000 - 0x00007ffbede92000 	C:\WINDOWS\SYSTEM32\DBGHELP.DLL
0x00007ffbf22d0000 - 0x00007ffbf2656000 	C:\WINDOWS\System32\combase.dll
0x00007ffbf2a10000 - 0x00007ffbf2ae7000 	C:\WINDOWS\System32\OLEAUT32.dll
0x00007ffbd6960000 - 0x00007ffbd699b000 	C:\WINDOWS\SYSTEM32\dbgcore.DLL
0x00007ffbf06a0000 - 0x00007ffbf0745000 	C:\WINDOWS\System32\bcryptPrimitives.dll
0x00007ffbea0a0000 - 0x00007ffbea0af000 	c:\Users\sande\.vscode\extensions\redhat.java-1.52.0-win32-x64\jre\21.0.9-win32-x86_64\bin\instrument.dll
0x00007ffb6fc00000 - 0x00007ffb6fc20000 	c:\Users\sande\.vscode\extensions\redhat.java-1.52.0-win32-x64\jre\21.0.9-win32-x86_64\bin\java.dll
0x00007ffbf1340000 - 0x00007ffbf1a91000 	C:\WINDOWS\System32\SHELL32.dll
0x00007ffbf11d0000 - 0x00007ffbf133a000 	C:\WINDOWS\System32\wintypes.dll
0x00007ffbf07e0000 - 0x00007ffbf1042000 	C:\WINDOWS\System32\windows.storage.dll
0x00007ffbf20f0000 - 0x00007ffbf21e6000 	C:\WINDOWS\System32\SHCORE.dll
0x00007ffbf2fa0000 - 0x00007ffbf3007000 	C:\WINDOWS\System32\shlwapi.dll
0x00007ffbefda0000 - 0x00007ffbefdc9000 	C:\WINDOWS\SYSTEM32\profapi.dll
0x00007ffb588d0000 - 0x00007ffb588e8000 	c:\Users\sande\.vscode\extensions\redhat.java-1.52.0-win32-x64\jre\21.0.9-win32-x86_64\bin\zip.dll
0x00007ffb701c0000 - 0x00007ffb701d0000 	C:\Users\sande\.vscode\extensions\redhat.java-1.52.0-win32-x64\jre\21.0.9-win32-x86_64\bin\net.dll
0x00007ffbe88d0000 - 0x00007ffbe89f7000 	C:\WINDOWS\SYSTEM32\WINHTTP.dll
0x00007ffbef2c0000 - 0x00007ffbef32b000 	C:\WINDOWS\system32\mswsock.dll
0x00007ffb357a0000 - 0x00007ffb357b6000 	C:\Users\sande\.vscode\extensions\redhat.java-1.52.0-win32-x64\jre\21.0.9-win32-x86_64\bin\nio.dll
0x00007ffbea090000 - 0x00007ffbea0a0000 	c:\Users\sande\.vscode\extensions\redhat.java-1.52.0-win32-x64\jre\21.0.9-win32-x86_64\bin\verify.dll
0x00007ffbc35c0000 - 0x00007ffbc3605000 	C:\Users\sande\AppData\Roaming\Code\User\globalStorage\redhat.java\1.52.0\config_win\org.eclipse.equinox.launcher\org.eclipse.equinox.launcher.win32.win32.x86_64_1.2.1500.v20260121-1430\eclipse_11919.dll
0x00007ffbf2c40000 - 0x00007ffbf2dd7000 	C:\WINDOWS\System32\ole32.dll
0x00007ffbef580000 - 0x00007ffbef59b000 	C:\WINDOWS\SYSTEM32\CRYPTSP.dll
0x00007ffbeecb0000 - 0x00007ffbeece9000 	C:\WINDOWS\system32\rsaenh.dll
0x00007ffbef370000 - 0x00007ffbef39b000 	C:\WINDOWS\SYSTEM32\USERENV.dll
0x00007ffbefd70000 - 0x00007ffbefd9a000 	C:\WINDOWS\SYSTEM32\bcrypt.dll
0x00007ffbef5a0000 - 0x00007ffbef5ac000 	C:\WINDOWS\SYSTEM32\CRYPTBASE.dll
0x00007ffbee740000 - 0x00007ffbee774000 	C:\WINDOWS\SYSTEM32\IPHLPAPI.DLL
0x00007ffbf2820000 - 0x00007ffbf282a000 	C:\WINDOWS\System32\NSI.dll
0x00007ffbac9c0000 - 0x00007ffbaca09000 	C:\Users\sande\AppData\Local\Temp\jna-109203553\jna2375186850328552986.dll
0x00007ffbf1b50000 - 0x00007ffbf1b58000 	C:\WINDOWS\System32\PSAPI.DLL
0x00007ffbe8b80000 - 0x00007ffbe8b9e000 	C:\WINDOWS\SYSTEM32\dhcpcsvc6.DLL
0x00007ffbe8860000 - 0x00007ffbe8883000 	C:\WINDOWS\SYSTEM32\dhcpcsvc.DLL
0x00007ffbbdf50000 - 0x00007ffbbdf77000 	C:\Users\sande\.gradle\native\68d5fa5c4cc2d200863cafc0d521ce42e7d3e7ee720ec0a83991735586a16f82\windows-amd64\native-platform.dll
0x00007ffb72800000 - 0x00007ffb7280a000 	C:\Users\sande\.vscode\extensions\redhat.java-1.52.0-win32-x64\jre\21.0.9-win32-x86_64\bin\management.dll
0x00007ffb727f0000 - 0x00007ffb727fc000 	C:\Users\sande\.vscode\extensions\redhat.java-1.52.0-win32-x64\jre\21.0.9-win32-x86_64\bin\management_ext.dll

JVMTI agents:
c:\Users\sande\.vscode\extensions\redhat.java-1.52.0-win32-x64\lombok\lombok-1.18.39-4050.jar path:c:\Users\sande\.vscode\extensions\redhat.java-1.52.0-win32-x64\jre\21.0.9-win32-x86_64\bin\instrument.dll, loaded, initialized, instrumentlib options:none

dbghelp: loaded successfully - version: 4.0.5 - missing functions: none
symbol engine: initialized successfully - sym options: 0x614 - pdb path: .;c:\Users\sande\.vscode\extensions\redhat.java-1.52.0-win32-x64\jre\21.0.9-win32-x86_64\bin;C:\WINDOWS\SYSTEM32;C:\WINDOWS\WinSxS\amd64_microsoft.windows.common-controls_6595b64144ccf1df_6.0.26100.7705_none_3e06597ae3363b04;c:\Users\sande\.vscode\extensions\redhat.java-1.52.0-win32-x64\jre\21.0.9-win32-x86_64\bin\server;C:\Users\sande\AppData\Roaming\Code\User\globalStorage\redhat.java\1.52.0\config_win\org.eclipse.equinox.launcher\org.eclipse.equinox.launcher.win32.win32.x86_64_1.2.1500.v20260121-1430;C:\Users\sande\AppData\Local\Temp\jna-109203553;C:\Users\sande\.gradle\native\68d5fa5c4cc2d200863cafc0d521ce42e7d3e7ee720ec0a83991735586a16f82\windows-amd64

VM Arguments:
jvm_args: --add-modules=ALL-SYSTEM --add-opens=java.base/java.util=ALL-UNNAMED --add-opens=java.base/java.lang=ALL-UNNAMED --add-opens=java.base/sun.nio.fs=ALL-UNNAMED -Declipse.application=org.eclipse.jdt.ls.core.id1 -Dosgi.bundles.defaultStartLevel=4 -Declipse.product=org.eclipse.jdt.ls.core.product -Djava.import.generatesMetadataFilesAtProjectRoot=false -DDetectVMInstallationsJob.disabled=true -Dfile.encoding=utf8 -XX:+UseParallelGC -XX:GCTimeRatio=4 -XX:AdaptiveSizePolicyWeight=90 -Dsun.zip.disableMemoryMapping=true -Xmx2G -Xms100m -Xlog:disable -javaagent:c:\Users\sande\.vscode\extensions\redhat.java-1.52.0-win32-x64\lombok\lombok-1.18.39-4050.jar -XX:+HeapDumpOnOutOfMemoryError -XX:HeapDumpPath=c:\Users\sande\AppData\Roaming\Code\User\workspaceStorage\be7ba368ab9cfb1cb7631f5b97bea9cb\redhat.java -Daether.dependencyCollector.impl=bf 
java_command: c:\Users\sande\.vscode\extensions\redhat.java-1.52.0-win32-x64\server\plugins\org.eclipse.equinox.launcher_1.7.100.v20251111-0406.jar -configuration c:\Users\sande\AppData\Roaming\Code\User\globalStorage\redhat.java\1.52.0\config_win -data c:\Users\sande\AppData\Roaming\Code\User\workspaceStorage\be7ba368ab9cfb1cb7631f5b97bea9cb\redhat.java\jdt_ws --pipe=\\.\pipe\lsp-0de6ee6a48de4d948696bbebc8c66a16-sock
java_class_path (initial): c:\Users\sande\.vscode\extensions\redhat.java-1.52.0-win32-x64\server\plugins\org.eclipse.equinox.launcher_1.7.100.v20251111-0406.jar
Launcher Type: SUN_STANDARD

[Global flags]
    uintx AdaptiveSizePolicyWeight                 = 90                                        {product} {command line}
     intx CICompilerCount                          = 4                                         {product} {ergonomic}
    uintx GCTimeRatio                              = 4                                         {product} {command line}
     bool HeapDumpOnOutOfMemoryError               = true                                   {manageable} {command line}
    ccstr HeapDumpPath                             = c:\Users\sande\AppData\Roaming\Code\User\workspaceStorage\be7ba368ab9cfb1cb7631f5b97bea9cb\redhat.java         {manageable} {command line}
   size_t InitialHeapSize                          = 104857600                                 {product} {command line}
   size_t MaxHeapSize                              = 2147483648                                {product} {command line}
   size_t MaxNewSize                               = 715653120                                 {product} {ergonomic}
   size_t MinHeapDeltaBytes                        = 524288                                    {product} {ergonomic}
   size_t MinHeapSize                              = 104857600                                 {product} {command line}
   size_t NewSize                                  = 34603008                                  {product} {ergonomic}
    uintx NonNMethodCodeHeapSize                   = 5839372                                {pd product} {ergonomic}
    uintx NonProfiledCodeHeapSize                  = 122909434                              {pd product} {ergonomic}
   size_t OldSize                                  = 70254592                                  {product} {ergonomic}
    uintx ProfiledCodeHeapSize                     = 122909434                              {pd product} {ergonomic}
    uintx ReservedCodeCacheSize                    = 251658240                              {pd product} {ergonomic}
     bool SegmentedCodeCache                       = true                                      {product} {ergonomic}
   size_t SoftMaxHeapSize                          = 2147483648                             {manageable} {ergonomic}
     bool UseCompressedOops                        = true                           {product lp64_product} {ergonomic}
     bool UseLargePagesIndividualAllocation        = false                                  {pd product} {ergonomic}
     bool UseParallelGC                            = true                                      {product} {command line}

Logging:
Log output configuration:
 #0: stdout all=off uptime,level,tags foldmultilines=false
 #1: stderr all=off uptime,level,tags foldmultilines=false

Release file:
JAVA_VERSION="21.0.9" 
MODULES="java.base java.compiler java.datatransfer java.xml java.prefs java.desktop java.instrument java.logging java.management java.security.sasl java.naming java.rmi java.management.rmi java.net.http java.scripting java.security.jgss java.transaction.xa java.sql java.sql.rowset java.xml.crypto java.se java.smartcardio jdk.accessibility jdk.internal.jvmstat jdk.attach jdk.charsets jdk.internal.opt jdk.zipfs jdk.compiler jdk.crypto.ec jdk.crypto.cryptoki jdk.crypto.mscapi jdk.dynalink jdk.internal.ed jdk.editpad jdk.hotspot.agent jdk.httpserver jdk.internal.le jdk.internal.vm.ci jdk.internal.vm.compiler jdk.internal.vm.compiler.management jdk.jartool jdk.javadoc jdk.jcmd jdk.management jdk.management.agent jdk.jconsole jdk.jdeps jdk.jdwp.agent jdk.jdi jdk.jfr jdk.jshell jdk.jsobject jdk.jstatd jdk.localedata jdk.management.jfr jdk.naming.dns jdk.naming.rmi jdk.net jdk.nio.mapmode jdk.random jdk.sctp jdk.security.auth jdk.security.jgss jdk.unsupported jdk.unsupported.desktop jdk.xml.dom" 

Environment Variables:
PATH=C:\Program Files\Common Files\Oracle\Java\javapath;C:\Python313\Scripts\;C:\Python313\;C:\Program Files\Python312\Scripts\;C:\Program Files\Python312\;C:\Windows\system32;C:\Windows;C:\Windows\System32\Wbem;C:\Windows\System32\WindowsPowerShell\v1.0\;C:\Windows\System32\OpenSSH\;C:\Program Files (x86)\NVIDIA Corporation\PhysX\Common;C:\WINDOWS\system32;C:\WINDOWS;C:\WINDOWS\System32\Wbem;C:\WINDOWS\System32\WindowsPowerShell\v1.0\;C:\WINDOWS\System32\OpenSSH\;C:\Program Files\Git\bin;C:\Program Files\NVIDIA Corporation\NVIDIA NvDLISR;C:\Program Files\GTK3-Runtime Win64\bin;C:\Users\sande\Downloads\kotlin-compiler-1.9.22\kotlinc\bin;C:\Program Files\Azure Data Studio\bin;C:\Program Files\MySQL\MySQL Server 8.0\bin;C:\Users\sande\AppData\Local\Android\Sdk;C:\Users\sande\AppData\Local\Android\Sdk\platform-tools;C:\WINDOWS\system32;C:\WINDOWS;C:\WINDOWS\System32\Wbem;C:\WINDOWS\System32\WindowsPowerShell\v1.0\;C:\WINDOWS\System32\OpenSSH\;C:\ProgramData\chocolatey\bin;C:\Program Files\nodejs;C:\Users\sande\AppData\Local\nvm;C:\nvm4w\nodejs;C:\MinGW\bin;C:\Program Files\Go\bin;C:\Users\sande\Downloads\apache-maven-3.9.9\bin;C:\Program Files\PuTTY\;C:\Program Files\Docker\Docker\resources\bin;C:\Program Files\Java\jdk-17\bin;C:\Users\sande\AppData\Local\Android\Sdk\tools;C:\Program Files\MySQL\MySQL Shell 8.0\bin\;C:\Users\sande\AppData\Local\Microsoft\WindowsApps;C:\Program Files\JetBrains\IntelliJ IDEA Community Edition 2023.1.2\bin;;C:\Users\sande\AppData\Local\Programs\Microsoft VS Code\bin;C:\Users\sande\dart-sdk\bin;C:\Users\sande\Desktop\flutter_windows_3.16.5-stable\flutter\bin;C:\Program Files\Azure Data Studio\bin;C:\ProgramData\Microsoft\Windows\Start Menu\Programs\Python 3.12\Python 3.12 (64-bit).lnk;C:\Program Files\Python312\Scripts;C:\Mongosh\;C:\Users\sande\AppData\Local\nvm;C:\nvm4w\nodejs;C:\Users\sande\go\bin;C:\Program Files\JetBrains\IntelliJ IDEA 2024.3.5\bin;;C:\Program Files\Java\jdk-17\bin;C:\Program Files\Java\jdk-17\;C:\Users\sande\AppData\Local\Programs\Antigravity\bin
USERNAME=sande
OS=Windows_NT
PROCESSOR_IDENTIFIER=Intel64 Family 6 Model 165 Stepping 2, GenuineIntel
TMP=C:\Users\sande\AppData\Local\Temp
TEMP=C:\Users\sande\AppData\Local\Temp




Periodic native trim disabled

---------------  S Y S T E M  ---------------

OS:
 Windows 11 , 64 bit Build 26100 (10.0.26100.7705)
OS uptime: 0 days 1:45 hours
Hyper-V role detected

CPU: total 12 (initial active 12) (6 cores per cpu, 2 threads per core) family 6 model 165 stepping 2 microcode 0xf6, cx8, cmov, fxsr, ht, mmx, 3dnowpref, sse, sse2, sse3, ssse3, sse4.1, sse4.2, popcnt, lzcnt, tsc, tscinvbit, avx, avx2, aes, erms, clmul, bmi1, bmi2, adx, fma, vzeroupper, clflush, clflushopt, hv, rdtscp, f16c
Processor Information for the first 12 processors :
  Max Mhz: 2496, Current Mhz: 2496, Mhz Limit: 2496

Memory: 4k page, system-wide physical 8059M (513M free)
TotalPageFile size 32635M (AvailPageFile size 71M)
current process WorkingSet (physical memory assigned to process): 281M, peak: 282M
current process commit charge ("private bytes"): 375M, peak: 377M

vm_info: OpenJDK 64-Bit Server VM (21.0.9+10-LTS) for windows-amd64 JRE (21.0.9+10-LTS), built on 2025-10-21T00:00:00Z by "admin" with unknown MS VC++:1942

END.
