#
# There is insufficient memory for the Java Runtime Environment to continue.
# Native memory allocation (malloc) failed to allocate 1048576 bytes. Error detail: AllocateHeap
# Possible reasons:
#   The system is out of physical RAM or swap space
#   This process is running with CompressedOops enabled, and the Java Heap may be blocking the growth of the native heap
# Possible solutions:
#   Reduce memory load on the system
#   Increase physical memory or swap space
#   Check if swap backing store is full
#   Decrease Java heap size (-Xmx/-Xms)
#   Decrease number of Java threads
#   Decrease Java thread stack sizes (-Xss)
#   Set larger code cache with -XX:ReservedCodeCacheSize=
#   JVM is running with Unscaled Compressed Oops mode in which the Java heap is
#     placed in the first 4GB address space. The Java Heap base address is the
#     maximum limit for the native heap growth. Please use -XX:HeapBaseMinAddress
#     to set the Java Heap base and to place the Java Heap above 4GB virtual address.
# This output file may be truncated or incomplete.
#
#  Out of Memory Error (allocation.cpp:44), pid=24552, tid=16192
#
# JRE version: OpenJDK Runtime Environment Temurin-21.0.9+10 (21.0.9+10) (build 21.0.9+10-LTS)
# Java VM: OpenJDK 64-Bit Server VM Temurin-21.0.9+10 (21.0.9+10-LTS, mixed mode, sharing, tiered, compressed oops, compressed class ptrs, parallel gc, windows-amd64)
# No core dump will be written. Minidumps are not enabled by default on client versions of Windows
#

---------------  S U M M A R Y ------------

Command Line: --add-modules=ALL-SYSTEM --add-opens=java.base/java.util=ALL-UNNAMED --add-opens=java.base/java.lang=ALL-UNNAMED --add-opens=java.base/sun.nio.fs=ALL-UNNAMED -Declipse.application=org.eclipse.jdt.ls.core.id1 -Dosgi.bundles.defaultStartLevel=4 -Declipse.product=org.eclipse.jdt.ls.core.product -Djava.import.generatesMetadataFilesAtProjectRoot=false -DDetectVMInstallationsJob.disabled=true -Dfile.encoding=utf8 -XX:+UseParallelGC -XX:GCTimeRatio=4 -XX:AdaptiveSizePolicyWeight=90 -Dsun.zip.disableMemoryMapping=true -Xmx2G -Xms100m -Xlog:disable -javaagent:c:\Users\sande\.vscode\extensions\redhat.java-1.52.0-win32-x64\lombok\lombok-1.18.39-4050.jar -XX:+HeapDumpOnOutOfMemoryError -XX:HeapDumpPath=c:\Users\sande\AppData\Roaming\Code\User\workspaceStorage\be7ba368ab9cfb1cb7631f5b97bea9cb\redhat.java -Daether.dependencyCollector.impl=bf c:\Users\sande\.vscode\extensions\redhat.java-1.52.0-win32-x64\server\plugins\org.eclipse.equinox.launcher_1.7.100.v20251111-0406.jar -configuration c:\Users\sande\AppData\Roaming\Code\User\globalStorage\redhat.java\1.52.0\config_win -data c:\Users\sande\AppData\Roaming\Code\User\workspaceStorage\be7ba368ab9cfb1cb7631f5b97bea9cb\redhat.java\jdt_ws --pipe=\\.\pipe\lsp-13e07eb159033f8fc31ac5f2dd349eee-sock

Host: Intel(R) Core(TM) i5-10500H CPU @ 2.50GHz, 12 cores, 7G,  Windows 11 , 64 bit Build 26100 (10.0.26100.7705)
Time: Mon Feb  9 21:22:48 2026 India Standard Time elapsed time: 5294.850958 seconds (0d 1h 28m 14s)

---------------  T H R E A D  ---------------

Current thread (0x000002024a206850):  JavaThread "Attach Listener" daemon [_thread_in_vm, id=16192, stack(0x000000c923700000,0x000000c923800000) (1024K)]

Stack: [0x000000c923700000,0x000000c923800000]
Native frames: (J=compiled Java code, j=interpreted, Vv=VM code, C=native code)
V  [jvm.dll+0x6d6e29]
V  [jvm.dll+0x8b4b76]
V  [jvm.dll+0x8b712e]
V  [jvm.dll+0x8b7813]
V  [jvm.dll+0x283d86]
V  [jvm.dll+0xc1277]
V  [jvm.dll+0x6d76d9]
V  [jvm.dll+0x133466]
V  [jvm.dll+0x3f7ea6]
V  [jvm.dll+0x85e9ad]
V  [jvm.dll+0x6d565d]
C  [ucrtbase.dll+0x37b0]
C  [KERNEL32.DLL+0x2e8d7]
C  [ntdll.dll+0x8c40c]


---------------  P R O C E S S  ---------------

Threads class SMR info:
_java_thread_list=0x0000020269870910, length=53, elements={
0x000002024a1649e0, 0x000002024a204400, 0x000002024a204f50, 0x000002024a205c00,
0x000002024a206850, 0x000002024a20a810, 0x000002024a210100, 0x000002024a214bd0,
0x0000020261eaf330, 0x00000202620bc180, 0x000002026225e100, 0x00000202677bb840,
0x000002026700e0d0, 0x0000020267402af0, 0x00000202674cc420, 0x0000020267749730,
0x0000020267099ae0, 0x00000202678730d0, 0x00000202678723b0, 0x000002026aaa75e0,
0x000002026aaa6230, 0x000002026aaa6f50, 0x000002026aaa7c70, 0x000002026aaa8300,
0x000002026aaa8990, 0x000002026aaa5510, 0x000002026aaa9d40, 0x000002026aaaa3d0,
0x000002026aaab0f0, 0x000002026aaabe10, 0x000002026aaaaa60, 0x000002026aaac4a0,
0x000002026aaab780, 0x000002026aaa9020, 0x000002026aaa96b0, 0x000002026c1a91b0,
0x000002026c1a7e00, 0x000002026c1a9840, 0x000002026c1ac630, 0x000002026c1aa560,
0x000002026c1ae700, 0x000002026c1ae070, 0x000002026c1ab280, 0x000002026c1af420,
0x000002026221f7a0, 0x000002026221f110, 0x000002026221e3f0, 0x0000020262223940,
0x0000020262221870, 0x0000020262225380, 0x0000020268fca370, 0x0000020268fcc440,
0x000002026221fe30
}

Java Threads: ( => current thread )
  0x000002024a1649e0 JavaThread "main"                              [_thread_blocked, id=23968, stack(0x000000c923000000,0x000000c923100000) (1024K)]
  0x000002024a204400 JavaThread "Reference Handler"          daemon [_thread_blocked, id=23556, stack(0x000000c923400000,0x000000c923500000) (1024K)]
  0x000002024a204f50 JavaThread "Finalizer"                  daemon [_thread_blocked, id=24384, stack(0x000000c923500000,0x000000c923600000) (1024K)]
  0x000002024a205c00 JavaThread "Signal Dispatcher"          daemon [_thread_blocked, id=23696, stack(0x000000c923600000,0x000000c923700000) (1024K)]
=>0x000002024a206850 JavaThread "Attach Listener"            daemon [_thread_in_vm, id=16192, stack(0x000000c923700000,0x000000c923800000) (1024K)]
  0x000002024a20a810 JavaThread "Service Thread"             daemon [_thread_blocked, id=2704, stack(0x000000c923800000,0x000000c923900000) (1024K)]
  0x000002024a210100 JavaThread "Monitor Deflation Thread"   daemon [_thread_blocked, id=23860, stack(0x000000c923900000,0x000000c923a00000) (1024K)]
  0x000002024a214bd0 JavaThread "C2 CompilerThread0"         daemon [_thread_blocked, id=23804, stack(0x000000c923a00000,0x000000c923b00000) (1024K)]
  0x0000020261eaf330 JavaThread "C1 CompilerThread0"         daemon [_thread_blocked, id=23956, stack(0x000000c923b00000,0x000000c923c00000) (1024K)]
  0x00000202620bc180 JavaThread "Common-Cleaner"             daemon [_thread_blocked, id=24228, stack(0x000000c923d00000,0x000000c923e00000) (1024K)]
  0x000002026225e100 JavaThread "Notification Thread"        daemon [_thread_blocked, id=24240, stack(0x000000c923c00000,0x000000c923d00000) (1024K)]
  0x00000202677bb840 JavaThread "Active Thread: Equinox Container: d489df18-ee52-4c24-b066-e1f2247cc64f"        [_thread_blocked, id=23672, stack(0x000000c923e00000,0x000000c923f00000) (1024K)]
  0x000002026700e0d0 JavaThread "Refresh Thread: Equinox Container: d489df18-ee52-4c24-b066-e1f2247cc64f" daemon [_thread_blocked, id=16972, stack(0x000000c924600000,0x000000c924700000) (1024K)]
  0x0000020267402af0 JavaThread "Framework Event Dispatcher: Equinox Container: d489df18-ee52-4c24-b066-e1f2247cc64f" daemon [_thread_blocked, id=10000, stack(0x000000c924700000,0x000000c924800000) (1024K)]
  0x00000202674cc420 JavaThread "Start Level: Equinox Container: d489df18-ee52-4c24-b066-e1f2247cc64f" daemon [_thread_blocked, id=21584, stack(0x000000c924800000,0x000000c924900000) (1024K)]
  0x0000020267749730 JavaThread "Bundle File Closer"         daemon [_thread_blocked, id=19244, stack(0x000000c924c00000,0x000000c924d00000) (1024K)]
  0x0000020267099ae0 JavaThread "SCR Component Actor"        daemon [_thread_blocked, id=24984, stack(0x000000c924900000,0x000000c924a00000) (1024K)]
  0x00000202678730d0 JavaThread "Worker-JM"                         [_thread_blocked, id=24960, stack(0x000000c924f00000,0x000000c925000000) (1024K)]
  0x00000202678723b0 JavaThread "JNA Cleaner"                daemon [_thread_blocked, id=22932, stack(0x000000c924e00000,0x000000c924f00000) (1024K)]
  0x000002026aaa75e0 JavaThread "Java indexing"              daemon [_thread_blocked, id=25152, stack(0x000000c925600000,0x000000c925700000) (1024K)]
  0x000002026aaa6230 JavaThread "Thread-1"                   daemon [_thread_in_native, id=25396, stack(0x000000c925b00000,0x000000c925c00000) (1024K)]
  0x000002026aaa6f50 JavaThread "Thread-2"                   daemon [_thread_in_native, id=25456, stack(0x000000c925c00000,0x000000c925d00000) (1024K)]
  0x000002026aaa7c70 JavaThread "Thread-3"                   daemon [_thread_in_native, id=25392, stack(0x000000c925d00000,0x000000c925e00000) (1024K)]
  0x000002026aaa8300 JavaThread "Thread-4"                   daemon [_thread_in_native, id=25448, stack(0x000000c925e00000,0x000000c925f00000) (1024K)]
  0x000002026aaa8990 JavaThread "Thread-5"                   daemon [_thread_in_native, id=25444, stack(0x000000c925f00000,0x000000c926000000) (1024K)]
  0x000002026aaa5510 JavaThread "Thread-6"                   daemon [_thread_in_native, id=25440, stack(0x000000c926000000,0x000000c926100000) (1024K)]
  0x000002026aaa9d40 JavaThread "Thread-7"                   daemon [_thread_in_native, id=25408, stack(0x000000c926100000,0x000000c926200000) (1024K)]
  0x000002026aaaa3d0 JavaThread "Thread-8"                   daemon [_thread_in_native, id=25436, stack(0x000000c926200000,0x000000c926300000) (1024K)]
  0x000002026aaab0f0 JavaThread "Thread-9"                   daemon [_thread_in_native, id=25452, stack(0x000000c926300000,0x000000c926400000) (1024K)]
  0x000002026aaabe10 JavaThread "Thread-10"                  daemon [_thread_in_native, id=25380, stack(0x000000c926400000,0x000000c926500000) (1024K)]
  0x000002026aaaaa60 JavaThread "Thread-11"                  daemon [_thread_in_native, id=25376, stack(0x000000c926500000,0x000000c926600000) (1024K)]
  0x000002026aaac4a0 JavaThread "Thread-12"                  daemon [_thread_in_native, id=25424, stack(0x000000c926600000,0x000000c926700000) (1024K)]
  0x000002026aaab780 JavaThread "Thread-13"                  daemon [_thread_in_native, id=25420, stack(0x000000c926700000,0x000000c926800000) (1024K)]
  0x000002026aaa9020 JavaThread "pool-2-thread-1"                   [_thread_blocked, id=25416, stack(0x000000c926800000,0x000000c926900000) (1024K)]
  0x000002026aaa96b0 JavaThread "Timer-0"                           [_thread_blocked, id=25384, stack(0x000000c926900000,0x000000c926a00000) (1024K)]
  0x000002026c1a91b0 JavaThread "Timer-1"                           [_thread_blocked, id=16312, stack(0x000000c926a00000,0x000000c926b00000) (1024K)]
  0x000002026c1a7e00 JavaThread "WorkspaceEventsHandler"            [_thread_blocked, id=4536, stack(0x000000c926b00000,0x000000c926c00000) (1024K)]
  0x000002026c1a9840 JavaThread "pool-1-thread-1"                   [_thread_blocked, id=2888, stack(0x000000c926c00000,0x000000c926d00000) (1024K)]
  0x000002026c1ac630 JavaThread "Timer-2"                           [_thread_blocked, id=16700, stack(0x000000c927100000,0x000000c927200000) (1024K)]
  0x000002026c1aa560 JavaThread "Timer-3"                           [_thread_blocked, id=24904, stack(0x000000c926d00000,0x000000c926e00000) (1024K)]
  0x000002026c1ae700 JavaThread "Timer-4"                           [_thread_blocked, id=25016, stack(0x000000c927500000,0x000000c927600000) (1024K)]
  0x000002026c1ae070 JavaThread "Timer-5"                           [_thread_blocked, id=8500, stack(0x000000c927200000,0x000000c927300000) (1024K)]
  0x000002026c1ab280 JavaThread "Timer-6"                           [_thread_blocked, id=9940, stack(0x000000c927700000,0x000000c927800000) (1024K)]
  0x000002026c1af420 JavaThread "Timer-7"                           [_thread_blocked, id=17136, stack(0x000000c927800000,0x000000c927900000) (1024K)]
  0x000002026221f7a0 JavaThread "Timer-8"                           [_thread_blocked, id=11084, stack(0x000000c922f00000,0x000000c923000000) (1024K)]
  0x000002026221f110 JavaThread "Timer-9"                           [_thread_blocked, id=18104, stack(0x000000c924d00000,0x000000c924e00000) (1024K)]
  0x000002026221e3f0 JavaThread "Worker-7"                          [_thread_blocked, id=16764, stack(0x000000c925000000,0x000000c925100000) (1024K)]
  0x0000020262223940 JavaThread "Timer-10"                          [_thread_blocked, id=23636, stack(0x000000c925700000,0x000000c925800000) (1024K)]
  0x0000020262221870 JavaThread "Timer-11"                          [_thread_blocked, id=18144, stack(0x000000c926e00000,0x000000c926f00000) (1024K)]
  0x0000020262225380 JavaThread "Timer-12"                          [_thread_blocked, id=3172, stack(0x000000c927000000,0x000000c927100000) (1024K)]
  0x0000020268fca370 JavaThread "Timer-13"                          [_thread_blocked, id=24856, stack(0x000000c927900000,0x000000c927a00000) (1024K)]
  0x0000020268fcc440 JavaThread "Timer-14"                          [_thread_blocked, id=16692, stack(0x000000c927a00000,0x000000c927b00000) (1024K)]
  0x000002026221fe30 JavaThread "Worker-10"                         [_thread_blocked, id=8168, stack(0x000000c925300000,0x000000c925400000) (1024K)]
Total: 53

Other Threads:
  0x0000020247deeba0 VMThread "VM Thread"                           [id=24064, stack(0x000000c923300000,0x000000c923400000) (1024K)]
  0x0000020249feca00 WatcherThread "VM Periodic Task Thread"        [id=23992, stack(0x000000c923200000,0x000000c923300000) (1024K)]
  0x000002024a182b80 WorkerThread "GC Thread#0"                     [id=22896, stack(0x000000c923100000,0x000000c923200000) (1024K)]
  0x000002026759cc10 WorkerThread "GC Thread#1"                     [id=24012, stack(0x000000c923f00000,0x000000c924000000) (1024K)]
  0x000002026759cfb0 WorkerThread "GC Thread#2"                     [id=24152, stack(0x000000c924000000,0x000000c924100000) (1024K)]
  0x000002026752ac20 WorkerThread "GC Thread#3"                     [id=24168, stack(0x000000c924100000,0x000000c924200000) (1024K)]
  0x000002026752afc0 WorkerThread "GC Thread#4"                     [id=24192, stack(0x000000c924200000,0x000000c924300000) (1024K)]
  0x000002026752b360 WorkerThread "GC Thread#5"                     [id=24172, stack(0x000000c924300000,0x000000c924400000) (1024K)]
  0x0000020267828120 WorkerThread "GC Thread#6"                     [id=21608, stack(0x000000c924400000,0x000000c924500000) (1024K)]
  0x0000020267629240 WorkerThread "GC Thread#7"                     [id=23704, stack(0x000000c924500000,0x000000c924600000) (1024K)]
  0x0000020261f567a0 WorkerThread "GC Thread#8"                     [id=16628, stack(0x000000c924a00000,0x000000c924b00000) (1024K)]
  0x0000020261f56400 WorkerThread "GC Thread#9"                     [id=19444, stack(0x000000c924b00000,0x000000c924c00000) (1024K)]
Total: 12

Threads with active compile tasks:
Total: 0

VM state: not at safepoint (normal execution)

VM Mutex/Monitor currently owned by a thread: None

Heap address: 0x0000000080000000, size: 2048 MB, Compressed Oops mode: 32-bit

CDS archive(s) mapped at: [0x0000020200000000-0x0000020200ba0000-0x0000020200ba0000), size 12189696, SharedBaseAddress: 0x0000020200000000, ArchiveRelocationMode: 1.
Compressed class space mapped at: 0x0000020201000000-0x0000020241000000, reserved size: 1073741824
Narrow klass base: 0x0000020200000000, Narrow klass shift: 0, Narrow klass range: 0x100000000

GC Precious Log:
 CardTable entry size: 512
 CPUs: 12 total, 12 available
 Memory: 8059M
 Large Page Support: Disabled
 NUMA Support: Disabled
 Compressed Oops: Enabled (32-bit)
 Alignments: Space 512K, Generation 512K, Heap 2M
 Heap Min Capacity: 100M
 Heap Initial Capacity: 100M
 Heap Max Capacity: 2G
 Pre-touch: Disabled
 Parallel Workers: 10

Heap:
 PSYoungGen      total 11776K, used 10372K [0x00000000d5580000, 0x00000000d6500000, 0x0000000100000000)
  eden space 11264K, 89% used [0x00000000d5580000,0x00000000d5f61370,0x00000000d6080000)
  from space 512K, 50% used [0x00000000d6400000,0x00000000d6440000,0x00000000d6480000)
  to   space 512K, 0% used [0x00000000d6480000,0x00000000d6480000,0x00000000d6500000)
 ParOldGen       total 679424K, used 679181K [0x0000000080000000, 0x00000000a9780000, 0x00000000d5580000)
  object space 679424K, 99% used [0x0000000080000000,0x00000000a97436b0,0x00000000a9780000)
 Metaspace       used 77271K, committed 78848K, reserved 1179648K
  class space    used 9387K, committed 10112K, reserved 1048576K

Card table byte_map: [0x0000020249b00000,0x0000020249f10000] _byte_map_base: 0x0000020249700000

Marking Bits: (ParMarkBitMap*) 0x00007ffb31132460
 Begin Bits: [0x000002025c610000, 0x000002025e610000)
 End Bits:   [0x000002025e610000, 0x0000020260610000)

Polling page: 0x0000020247f60000

Metaspace:

Usage:
  Non-class:     66.29 MB used.
      Class:      9.17 MB used.
       Both:     75.46 MB used.

Virtual space:
  Non-class space:      128.00 MB reserved,      67.12 MB ( 52%) committed,  2 nodes.
      Class space:        1.00 GB reserved,       9.88 MB ( <1%) committed,  1 nodes.
             Both:        1.12 GB reserved,      77.00 MB (  7%) committed. 

Chunk freelists:
   Non-Class:  12.69 MB
       Class:  5.96 MB
        Both:  18.65 MB

MaxMetaspaceSize: unlimited
CompressedClassSpaceSize: 1.00 GB
Initial GC threshold: 21.00 MB
Current GC threshold: 97.31 MB
CDS: on
 - commit_granule_bytes: 65536.
 - commit_granule_words: 8192.
 - virtual_space_node_default_size: 8388608.
 - enlarge_chunks_in_place: 1.
 - use_allocation_guard: 0.


Internal statistics:

num_allocs_failed_limit: 9.
num_arena_births: 1346.
num_arena_deaths: 26.
num_vsnodes_births: 3.
num_vsnodes_deaths: 0.
num_space_committed: 1232.
num_space_uncommitted: 0.
num_chunks_returned_to_freelist: 40.
num_chunks_taken_from_freelist: 4811.
num_chunk_merges: 15.
num_chunk_splits: 2958.
num_chunks_enlarged: 1657.
num_inconsistent_stats: 0.

CodeHeap 'non-profiled nmethods': size=120000Kb used=12965Kb max_used=12965Kb free=107034Kb
 bounds [0x0000020254e30000, 0x0000020255ae0000, 0x000002025c360000]
CodeHeap 'profiled nmethods': size=120000Kb used=26751Kb max_used=26751Kb free=93248Kb
 bounds [0x000002024d360000, 0x000002024ed80000, 0x0000020254890000]
CodeHeap 'non-nmethods': size=5760Kb used=1453Kb max_used=1562Kb free=4306Kb
 bounds [0x0000020254890000, 0x0000020254b00000, 0x0000020254e30000]
CodeCache: size=245760Kb, used=41169Kb, max_used=41278Kb, free=204588Kb
 total_blobs=13102, nmethods=12335, adapters=673, full_count=0
Compilation: enabled, stopped_count=0, restarted_count=0

Compilation events (20 events):
Event: 3405.675 Thread 0x0000020261eaf330 13245       3       java.lang.ProcessHandleImpl::<init> (15 bytes)
Event: 3405.676 Thread 0x0000020261eaf330 nmethod 13245 0x000002024ed7b510 code [0x000002024ed7b6c0, 0x000002024ed7b830]
Event: 3424.414 Thread 0x0000020261eaf330 13246       1       org.eclipse.osgi.internal.location.BasicLocation::isReadOnly (5 bytes)
Event: 3424.415 Thread 0x0000020261eaf330 nmethod 13246 0x0000020255ad8d10 code [0x0000020255ad8ea0, 0x0000020255ad8f70]
Event: 3884.314 Thread 0x0000020261eaf330 13247       1       com.sun.jna.internal.Cleaner::access$200 (5 bytes)
Event: 3884.319 Thread 0x0000020261eaf330 nmethod 13247 0x0000020255ad9010 code [0x0000020255ad91a0, 0x0000020255ad9250]
Event: 4015.763 Thread 0x0000020261eaf330 13248       3       java.lang.ProcessHandleImpl::get (51 bytes)
Event: 4015.774 Thread 0x0000020261eaf330 nmethod 13248 0x000002024ed7b910 code [0x000002024ed7bb20, 0x000002024ed7c128]
Event: 4015.774 Thread 0x0000020261eaf330 13249       3       java.lang.ProcessHandleImpl::isAlive (44 bytes)
Event: 4015.774 Thread 0x0000020261eaf330 nmethod 13249 0x000002024ed7c390 code [0x000002024ed7c540, 0x000002024ed7c7a0]
Event: 4664.362 Thread 0x0000020261eaf330 13250   !   3       java.lang.ref.ReferenceQueue::remove (61 bytes)
Event: 4664.407 Thread 0x0000020261eaf330 nmethod 13250 0x000002024ed7c890 code [0x000002024ed7cb20, 0x000002024ed7d6a8]
Event: 4664.407 Thread 0x0000020261eaf330 13251       3       java.lang.ref.ReferenceQueue::remove0 (64 bytes)
Event: 4664.408 Thread 0x0000020261eaf330 nmethod 13251 0x000002024ed7da90 code [0x000002024ed7dca0, 0x000002024ed7e120]
Event: 4840.597 Thread 0x000002024a214bd0 13252       4       java.util.Arrays::fill (21 bytes)
Event: 4840.633 Thread 0x000002024a214bd0 nmethod 13252 0x0000020255ad9310 code [0x0000020255ad94a0, 0x0000020255ad95c8]
Event: 4986.746 Thread 0x0000020261eaf330 13253       3       java.util.concurrent.locks.AbstractQueuedSynchronizer$ConditionObject::await (202 bytes)
Event: 4986.765 Thread 0x0000020261eaf330 nmethod 13253 0x000002024ed7e290 code [0x000002024ed7e580, 0x000002024ed7f3b0]
Event: 5024.385 Thread 0x0000020261eaf330 13254       3       java.lang.ref.ReferenceQueue::await (15 bytes)
Event: 5024.387 Thread 0x0000020261eaf330 nmethod 13254 0x000002024ed7f990 code [0x000002024ed7fb40, 0x000002024ed7fce0]

GC Heap History (20 events):
Event: 237.305 GC heap before
{Heap before GC invocations=1259 (full 3):
 PSYoungGen      total 12288K, used 11513K [0x00000000d5580000, 0x00000000d6580000, 0x0000000100000000)
  eden space 11264K, 99% used [0x00000000d5580000,0x00000000d606e7c8,0x00000000d6080000)
  from space 1024K, 31% used [0x00000000d6380000,0x00000000d63d0000,0x00000000d6480000)
  to   space 512K, 0% used [0x00000000d6500000,0x00000000d6500000,0x00000000d6580000)
 ParOldGen       total 677376K, used 677367K [0x0000000080000000, 0x00000000a9580000, 0x00000000d5580000)
  object space 677376K, 99% used [0x0000000080000000,0x00000000a957dc28,0x00000000a9580000)
 Metaspace       used 73982K, committed 75392K, reserved 1179648K
  class space    used 9063K, committed 9728K, reserved 1048576K
}
Event: 237.308 GC heap after
{Heap after GC invocations=1259 (full 3):
 PSYoungGen      total 11776K, used 320K [0x00000000d5580000, 0x00000000d6580000, 0x0000000100000000)
  eden space 11264K, 0% used [0x00000000d5580000,0x00000000d5580000,0x00000000d6080000)
  from space 512K, 62% used [0x00000000d6500000,0x00000000d6550000,0x00000000d6580000)
  to   space 512K, 0% used [0x00000000d6480000,0x00000000d6480000,0x00000000d6500000)
 ParOldGen       total 677888K, used 677509K [0x0000000080000000, 0x00000000a9600000, 0x00000000d5580000)
  object space 677888K, 99% used [0x0000000080000000,0x00000000a95a1668,0x00000000a9600000)
 Metaspace       used 73982K, committed 75392K, reserved 1179648K
  class space    used 9063K, committed 9728K, reserved 1048576K
}
Event: 237.409 GC heap before
{Heap before GC invocations=1260 (full 3):
 PSYoungGen      total 11776K, used 11584K [0x00000000d5580000, 0x00000000d6580000, 0x0000000100000000)
  eden space 11264K, 100% used [0x00000000d5580000,0x00000000d6080000,0x00000000d6080000)
  from space 512K, 62% used [0x00000000d6500000,0x00000000d6550000,0x00000000d6580000)
  to   space 512K, 0% used [0x00000000d6480000,0x00000000d6480000,0x00000000d6500000)
 ParOldGen       total 677888K, used 677509K [0x0000000080000000, 0x00000000a9600000, 0x00000000d5580000)
  object space 677888K, 99% used [0x0000000080000000,0x00000000a95a1668,0x00000000a9600000)
 Metaspace       used 73998K, committed 75456K, reserved 1179648K
  class space    used 9063K, committed 9728K, reserved 1048576K
}
Event: 237.411 GC heap after
{Heap after GC invocations=1260 (full 3):
 PSYoungGen      total 11776K, used 288K [0x00000000d5580000, 0x00000000d6580000, 0x0000000100000000)
  eden space 11264K, 0% used [0x00000000d5580000,0x00000000d5580000,0x00000000d6080000)
  from space 512K, 56% used [0x00000000d6480000,0x00000000d64c8000,0x00000000d6500000)
  to   space 512K, 0% used [0x00000000d6500000,0x00000000d6500000,0x00000000d6580000)
 ParOldGen       total 677888K, used 677669K [0x0000000080000000, 0x00000000a9600000, 0x00000000d5580000)
  object space 677888K, 99% used [0x0000000080000000,0x00000000a95c9668,0x00000000a9600000)
 Metaspace       used 73998K, committed 75456K, reserved 1179648K
  class space    used 9063K, committed 9728K, reserved 1048576K
}
Event: 237.970 GC heap before
{Heap before GC invocations=1261 (full 3):
 PSYoungGen      total 11776K, used 11552K [0x00000000d5580000, 0x00000000d6580000, 0x0000000100000000)
  eden space 11264K, 100% used [0x00000000d5580000,0x00000000d6080000,0x00000000d6080000)
  from space 512K, 56% used [0x00000000d6480000,0x00000000d64c8000,0x00000000d6500000)
  to   space 512K, 0% used [0x00000000d6500000,0x00000000d6500000,0x00000000d6580000)
 ParOldGen       total 677888K, used 677669K [0x0000000080000000, 0x00000000a9600000, 0x00000000d5580000)
  object space 677888K, 99% used [0x0000000080000000,0x00000000a95c9668,0x00000000a9600000)
 Metaspace       used 74477K, committed 75904K, reserved 1179648K
  class space    used 9108K, committed 9728K, reserved 1048576K
}
Event: 237.971 GC heap after
{Heap after GC invocations=1261 (full 3):
 PSYoungGen      total 11776K, used 480K [0x00000000d5580000, 0x00000000d6580000, 0x0000000100000000)
  eden space 11264K, 0% used [0x00000000d5580000,0x00000000d5580000,0x00000000d6080000)
  from space 512K, 93% used [0x00000000d6500000,0x00000000d6578020,0x00000000d6580000)
  to   space 1024K, 0% used [0x00000000d6380000,0x00000000d6380000,0x00000000d6480000)
 ParOldGen       total 677888K, used 677701K [0x0000000080000000, 0x00000000a9600000, 0x00000000d5580000)
  object space 677888K, 99% used [0x0000000080000000,0x00000000a95d1668,0x00000000a9600000)
 Metaspace       used 74477K, committed 75904K, reserved 1179648K
  class space    used 9108K, committed 9728K, reserved 1048576K
}
Event: 238.161 GC heap before
{Heap before GC invocations=1262 (full 3):
 PSYoungGen      total 11776K, used 11744K [0x00000000d5580000, 0x00000000d6580000, 0x0000000100000000)
  eden space 11264K, 100% used [0x00000000d5580000,0x00000000d6080000,0x00000000d6080000)
  from space 512K, 93% used [0x00000000d6500000,0x00000000d6578020,0x00000000d6580000)
  to   space 1024K, 0% used [0x00000000d6380000,0x00000000d6380000,0x00000000d6480000)
 ParOldGen       total 677888K, used 677701K [0x0000000080000000, 0x00000000a9600000, 0x00000000d5580000)
  object space 677888K, 99% used [0x0000000080000000,0x00000000a95d1668,0x00000000a9600000)
 Metaspace       used 76037K, committed 77504K, reserved 1179648K
  class space    used 9268K, committed 9920K, reserved 1048576K
}
Event: 238.164 GC heap after
{Heap after GC invocations=1262 (full 3):
 PSYoungGen      total 12288K, used 783K [0x00000000d5580000, 0x00000000d6580000, 0x0000000100000000)
  eden space 11264K, 0% used [0x00000000d5580000,0x00000000d5580000,0x00000000d6080000)
  from space 1024K, 76% used [0x00000000d6380000,0x00000000d6443df0,0x00000000d6480000)
  to   space 1024K, 0% used [0x00000000d6480000,0x00000000d6480000,0x00000000d6580000)
 ParOldGen       total 678400K, used 678054K [0x0000000080000000, 0x00000000a9680000, 0x00000000d5580000)
  object space 678400K, 99% used [0x0000000080000000,0x00000000a9629af8,0x00000000a9680000)
 Metaspace       used 76037K, committed 77504K, reserved 1179648K
  class space    used 9268K, committed 9920K, reserved 1048576K
}
Event: 297.275 GC heap before
{Heap before GC invocations=1263 (full 3):
 PSYoungGen      total 12288K, used 12047K [0x00000000d5580000, 0x00000000d6580000, 0x0000000100000000)
  eden space 11264K, 100% used [0x00000000d5580000,0x00000000d6080000,0x00000000d6080000)
  from space 1024K, 76% used [0x00000000d6380000,0x00000000d6443df0,0x00000000d6480000)
  to   space 1024K, 0% used [0x00000000d6480000,0x00000000d6480000,0x00000000d6580000)
 ParOldGen       total 678400K, used 678054K [0x0000000080000000, 0x00000000a9680000, 0x00000000d5580000)
  object space 678400K, 99% used [0x0000000080000000,0x00000000a9629af8,0x00000000a9680000)
 Metaspace       used 76620K, committed 78144K, reserved 1179648K
  class space    used 9340K, committed 10048K, reserved 1048576K
}
Event: 297.279 GC heap after
{Heap after GC invocations=1263 (full 3):
 PSYoungGen      total 11776K, used 416K [0x00000000d5580000, 0x00000000d6500000, 0x0000000100000000)
  eden space 11264K, 0% used [0x00000000d5580000,0x00000000d5580000,0x00000000d6080000)
  from space 512K, 81% used [0x00000000d6480000,0x00000000d64e8000,0x00000000d6500000)
  to   space 1024K, 0% used [0x00000000d6300000,0x00000000d6300000,0x00000000d6400000)
 ParOldGen       total 678912K, used 678669K [0x0000000080000000, 0x00000000a9700000, 0x00000000d5580000)
  object space 678912K, 99% used [0x0000000080000000,0x00000000a96c3500,0x00000000a9700000)
 Metaspace       used 76620K, committed 78144K, reserved 1179648K
  class space    used 9340K, committed 10048K, reserved 1048576K
}
Event: 2371.555 GC heap before
{Heap before GC invocations=1264 (full 3):
 PSYoungGen      total 11776K, used 11679K [0x00000000d5580000, 0x00000000d6500000, 0x0000000100000000)
  eden space 11264K, 99% used [0x00000000d5580000,0x00000000d607ffe8,0x00000000d6080000)
  from space 512K, 81% used [0x00000000d6480000,0x00000000d64e8000,0x00000000d6500000)
  to   space 1024K, 0% used [0x00000000d6300000,0x00000000d6300000,0x00000000d6400000)
 ParOldGen       total 678912K, used 678669K [0x0000000080000000, 0x00000000a9700000, 0x00000000d5580000)
  object space 678912K, 99% used [0x0000000080000000,0x00000000a96c3500,0x00000000a9700000)
 Metaspace       used 76923K, committed 78528K, reserved 1179648K
  class space    used 9375K, committed 10112K, reserved 1048576K
}
Event: 2371.670 GC heap after
{Heap after GC invocations=1264 (full 3):
 PSYoungGen      total 12288K, used 320K [0x00000000d5580000, 0x00000000d6500000, 0x0000000100000000)
  eden space 11264K, 0% used [0x00000000d5580000,0x00000000d5580000,0x00000000d6080000)
  from space 1024K, 31% used [0x00000000d6300000,0x00000000d6350000,0x00000000d6400000)
  to   space 512K, 0% used [0x00000000d6480000,0x00000000d6480000,0x00000000d6500000)
 ParOldGen       total 678912K, used 678909K [0x0000000080000000, 0x00000000a9700000, 0x00000000d5580000)
  object space 678912K, 99% used [0x0000000080000000,0x00000000a96ff6b0,0x00000000a9700000)
 Metaspace       used 76923K, committed 78528K, reserved 1179648K
  class space    used 9375K, committed 10112K, reserved 1048576K
}
Event: 2727.762 GC heap before
{Heap before GC invocations=1265 (full 3):
 PSYoungGen      total 12288K, used 11584K [0x00000000d5580000, 0x00000000d6500000, 0x0000000100000000)
  eden space 11264K, 100% used [0x00000000d5580000,0x00000000d6080000,0x00000000d6080000)
  from space 1024K, 31% used [0x00000000d6300000,0x00000000d6350000,0x00000000d6400000)
  to   space 512K, 0% used [0x00000000d6480000,0x00000000d6480000,0x00000000d6500000)
 ParOldGen       total 678912K, used 678909K [0x0000000080000000, 0x00000000a9700000, 0x00000000d5580000)
  object space 678912K, 99% used [0x0000000080000000,0x00000000a96ff6b0,0x00000000a9700000)
 Metaspace       used 76995K, committed 78592K, reserved 1179648K
  class space    used 9376K, committed 10112K, reserved 1048576K
}
Event: 2727.876 GC heap after
{Heap after GC invocations=1265 (full 3):
 PSYoungGen      total 11776K, used 320K [0x00000000d5580000, 0x00000000d6500000, 0x0000000100000000)
  eden space 11264K, 0% used [0x00000000d5580000,0x00000000d5580000,0x00000000d6080000)
  from space 512K, 62% used [0x00000000d6480000,0x00000000d64d0000,0x00000000d6500000)
  to   space 512K, 0% used [0x00000000d6400000,0x00000000d6400000,0x00000000d6480000)
 ParOldGen       total 679424K, used 679013K [0x0000000080000000, 0x00000000a9780000, 0x00000000d5580000)
  object space 679424K, 99% used [0x0000000080000000,0x00000000a97196b0,0x00000000a9780000)
 Metaspace       used 76995K, committed 78592K, reserved 1179648K
  class space    used 9376K, committed 10112K, reserved 1048576K
}
Event: 2728.225 GC heap before
{Heap before GC invocations=1266 (full 3):
 PSYoungGen      total 11776K, used 11584K [0x00000000d5580000, 0x00000000d6500000, 0x0000000100000000)
  eden space 11264K, 100% used [0x00000000d5580000,0x00000000d6080000,0x00000000d6080000)
  from space 512K, 62% used [0x00000000d6480000,0x00000000d64d0000,0x00000000d6500000)
  to   space 512K, 0% used [0x00000000d6400000,0x00000000d6400000,0x00000000d6480000)
 ParOldGen       total 679424K, used 679013K [0x0000000080000000, 0x00000000a9780000, 0x00000000d5580000)
  object space 679424K, 99% used [0x0000000080000000,0x00000000a97196b0,0x00000000a9780000)
 Metaspace       used 77001K, committed 78592K, reserved 1179648K
  class space    used 9376K, committed 10112K, reserved 1048576K
}
Event: 2728.230 GC heap after
{Heap after GC invocations=1266 (full 3):
 PSYoungGen      total 11776K, used 288K [0x00000000d5580000, 0x00000000d6500000, 0x0000000100000000)
  eden space 11264K, 0% used [0x00000000d5580000,0x00000000d5580000,0x00000000d6080000)
  from space 512K, 56% used [0x00000000d6400000,0x00000000d6448000,0x00000000d6480000)
  to   space 512K, 0% used [0x00000000d6480000,0x00000000d6480000,0x00000000d6500000)
 ParOldGen       total 679424K, used 679117K [0x0000000080000000, 0x00000000a9780000, 0x00000000d5580000)
  object space 679424K, 99% used [0x0000000080000000,0x00000000a97336b0,0x00000000a9780000)
 Metaspace       used 77001K, committed 78592K, reserved 1179648K
  class space    used 9376K, committed 10112K, reserved 1048576K
}
Event: 2732.476 GC heap before
{Heap before GC invocations=1267 (full 3):
 PSYoungGen      total 11776K, used 11552K [0x00000000d5580000, 0x00000000d6500000, 0x0000000100000000)
  eden space 11264K, 100% used [0x00000000d5580000,0x00000000d6080000,0x00000000d6080000)
  from space 512K, 56% used [0x00000000d6400000,0x00000000d6448000,0x00000000d6480000)
  to   space 512K, 0% used [0x00000000d6480000,0x00000000d6480000,0x00000000d6500000)
 ParOldGen       total 679424K, used 679117K [0x0000000080000000, 0x00000000a9780000, 0x00000000d5580000)
  object space 679424K, 99% used [0x0000000080000000,0x00000000a97336b0,0x00000000a9780000)
 Metaspace       used 77073K, committed 78656K, reserved 1179648K
  class space    used 9376K, committed 10112K, reserved 1048576K
}
Event: 2732.481 GC heap after
{Heap after GC invocations=1267 (full 3):
 PSYoungGen      total 11776K, used 256K [0x00000000d5580000, 0x00000000d6500000, 0x0000000100000000)
  eden space 11264K, 0% used [0x00000000d5580000,0x00000000d5580000,0x00000000d6080000)
  from space 512K, 50% used [0x00000000d6480000,0x00000000d64c0000,0x00000000d6500000)
  to   space 512K, 0% used [0x00000000d6400000,0x00000000d6400000,0x00000000d6480000)
 ParOldGen       total 679424K, used 679141K [0x0000000080000000, 0x00000000a9780000, 0x00000000d5580000)
  object space 679424K, 99% used [0x0000000080000000,0x00000000a97396b0,0x00000000a9780000)
 Metaspace       used 77073K, committed 78656K, reserved 1179648K
  class space    used 9376K, committed 10112K, reserved 1048576K
}
Event: 2735.690 GC heap before
{Heap before GC invocations=1268 (full 3):
 PSYoungGen      total 11776K, used 11520K [0x00000000d5580000, 0x00000000d6500000, 0x0000000100000000)
  eden space 11264K, 100% used [0x00000000d5580000,0x00000000d6080000,0x00000000d6080000)
  from space 512K, 50% used [0x00000000d6480000,0x00000000d64c0000,0x00000000d6500000)
  to   space 512K, 0% used [0x00000000d6400000,0x00000000d6400000,0x00000000d6480000)
 ParOldGen       total 679424K, used 679141K [0x0000000080000000, 0x00000000a9780000, 0x00000000d5580000)
  object space 679424K, 99% used [0x0000000080000000,0x00000000a97396b0,0x00000000a9780000)
 Metaspace       used 77221K, committed 78784K, reserved 1179648K
  class space    used 9383K, committed 10112K, reserved 1048576K
}
Event: 2735.695 GC heap after
{Heap after GC invocations=1268 (full 3):
 PSYoungGen      total 11776K, used 256K [0x00000000d5580000, 0x00000000d6500000, 0x0000000100000000)
  eden space 11264K, 0% used [0x00000000d5580000,0x00000000d5580000,0x00000000d6080000)
  from space 512K, 50% used [0x00000000d6400000,0x00000000d6440000,0x00000000d6480000)
  to   space 512K, 0% used [0x00000000d6480000,0x00000000d6480000,0x00000000d6500000)
 ParOldGen       total 679424K, used 679181K [0x0000000080000000, 0x00000000a9780000, 0x00000000d5580000)
  object space 679424K, 99% used [0x0000000080000000,0x00000000a97436b0,0x00000000a9780000)
 Metaspace       used 77221K, committed 78784K, reserved 1179648K
  class space    used 9383K, committed 10112K, reserved 1048576K
}

Dll operation events (15 events):
Event: 0.301 Loaded shared library c:\Users\sande\.vscode\extensions\redhat.java-1.52.0-win32-x64\jre\21.0.9-win32-x86_64\bin\java.dll
Event: 0.428 Loaded shared library c:\Users\sande\.vscode\extensions\redhat.java-1.52.0-win32-x64\jre\21.0.9-win32-x86_64\bin\zip.dll
Event: 0.451 Loaded shared library C:\Users\sande\.vscode\extensions\redhat.java-1.52.0-win32-x64\jre\21.0.9-win32-x86_64\bin\instrument.dll
Event: 0.500 Loaded shared library C:\Users\sande\.vscode\extensions\redhat.java-1.52.0-win32-x64\jre\21.0.9-win32-x86_64\bin\net.dll
Event: 0.569 Loaded shared library C:\Users\sande\.vscode\extensions\redhat.java-1.52.0-win32-x64\jre\21.0.9-win32-x86_64\bin\nio.dll
Event: 0.573 Loaded shared library C:\Users\sande\.vscode\extensions\redhat.java-1.52.0-win32-x64\jre\21.0.9-win32-x86_64\bin\zip.dll
Event: 0.601 Loaded shared library C:\Users\sande\.vscode\extensions\redhat.java-1.52.0-win32-x64\jre\21.0.9-win32-x86_64\bin\jimage.dll
Event: 0.885 Loaded shared library c:\Users\sande\.vscode\extensions\redhat.java-1.52.0-win32-x64\jre\21.0.9-win32-x86_64\bin\verify.dll
Event: 19.221 Loaded shared library C:\Users\sande\AppData\Roaming\Code\User\globalStorage\redhat.java\1.52.0\config_win\org.eclipse.equinox.launcher\org.eclipse.equinox.launcher.win32.win32.x86_64_1.2.1500.v20260121-1430\eclipse_11919.dll
Event: 39.640 Loaded shared library C:\Users\sande\AppData\Local\Temp\jna-109203553\jna14588370256608251716.dll
Event: 45.181 Loaded shared library C:\Users\sande\.gradle\native\68d5fa5c4cc2d200863cafc0d521ce42e7d3e7ee720ec0a83991735586a16f82\windows-amd64\native-platform.dll
Event: 47.740 Loaded shared library C:\Users\sande\.vscode\extensions\redhat.java-1.52.0-win32-x64\jre\21.0.9-win32-x86_64\bin\management.dll
Event: 47.752 Loaded shared library C:\Users\sande\.vscode\extensions\redhat.java-1.52.0-win32-x64\jre\21.0.9-win32-x86_64\bin\management_ext.dll
Event: 51.143 Loaded shared library C:\Users\sande\.vscode\extensions\redhat.java-1.52.0-win32-x64\jre\21.0.9-win32-x86_64\bin\extnet.dll
Event: 53.011 Loaded shared library C:\Users\sande\.vscode\extensions\redhat.java-1.52.0-win32-x64\jre\21.0.9-win32-x86_64\bin\sunmscapi.dll

Deoptimization events (20 events):
Event: 2734.074 Thread 0x000002026c1a7e00 Uncommon trap: trap_request=0xffffff45 fr.pc=0x0000020255aaccac relative=0x00000000000003ac
Event: 2734.074 Thread 0x000002026c1a7e00 Uncommon trap: reason=unstable_if action=reinterpret pc=0x0000020255aaccac method=org.eclipse.jdt.internal.core.DeltaProcessor.rootInfo(Lorg/eclipse/core/runtime/IPath;I)Lorg/eclipse/jdt/internal/core/DeltaProcessor$RootInfo; @ 2 c2
Event: 2734.074 Thread 0x000002026c1a7e00 DEOPT PACKING pc=0x0000020255aaccac sp=0x000000c926bfcf50
Event: 2734.074 Thread 0x000002026c1a7e00 DEOPT UNPACKING pc=0x00000202548e3aa2 sp=0x000000c926bfcef0 mode 2
Event: 2734.163 Thread 0x000002026c1a7e00 DEOPT PACKING pc=0x000002024ea4c239 sp=0x000000c926bfed80
Event: 2734.165 Thread 0x000002026c1a7e00 DEOPT UNPACKING pc=0x00000202548e4242 sp=0x000000c926bfe280 mode 0
Event: 2855.013 Thread 0x000002026221f110 DEOPT PACKING pc=0x000002024ec664ab sp=0x000000c924dff5b0
Event: 2855.013 Thread 0x000002026221f110 DEOPT UNPACKING pc=0x00000202548e4242 sp=0x000000c924dfea98 mode 0
Event: 3082.658 Thread 0x000002026c1ab280 DEOPT PACKING pc=0x000002024ec664ab sp=0x000000c9277feff0
Event: 3082.659 Thread 0x000002026c1ab280 DEOPT UNPACKING pc=0x00000202548e4242 sp=0x000000c9277fe4d8 mode 0
Event: 3331.417 Thread 0x0000020262223940 DEOPT PACKING pc=0x000002024ec664ab sp=0x000000c9257ff210
Event: 3331.417 Thread 0x0000020262223940 DEOPT UNPACKING pc=0x00000202548e4242 sp=0x000000c9257fe6f8 mode 0
Event: 3649.807 Thread 0x0000020262221870 DEOPT PACKING pc=0x000002024ec664ab sp=0x000000c926efef70
Event: 3649.808 Thread 0x0000020262221870 DEOPT UNPACKING pc=0x00000202548e4242 sp=0x000000c926efe458 mode 0
Event: 4033.718 Thread 0x000002026c1aa560 DEOPT PACKING pc=0x000002024ec664ab sp=0x000000c926dff5e0
Event: 4033.718 Thread 0x000002026c1aa560 DEOPT UNPACKING pc=0x00000202548e4242 sp=0x000000c926dfeac8 mode 0
Event: 4481.679 Thread 0x000002026c1af420 DEOPT PACKING pc=0x000002024ec664ab sp=0x000000c9278ff630
Event: 4481.680 Thread 0x000002026c1af420 DEOPT UNPACKING pc=0x00000202548e4242 sp=0x000000c9278feb18 mode 0
Event: 5143.141 Thread 0x000002026c1ac630 DEOPT PACKING pc=0x000002024ec664ab sp=0x000000c9271ff450
Event: 5143.143 Thread 0x000002026c1ac630 DEOPT UNPACKING pc=0x00000202548e4242 sp=0x000000c9271fe938 mode 0

Classes loaded (20 events):
Event: 214.302 Loading class java/util/stream/DistinctOps$1$2
Event: 214.303 Loading class java/util/stream/DistinctOps$1$2 done
Event: 236.547 Loading class java/lang/invoke/MethodHandleImpl$CountingWrapper$1
Event: 236.547 Loading class java/lang/invoke/MethodHandleImpl$CountingWrapper$1 done
Event: 239.120 Loading class java/io/SequenceInputStream
Event: 239.121 Loading class java/io/SequenceInputStream done
Event: 342.585 Loading class java/util/stream/Nodes$CollectorTask$OfRef
Event: 342.587 Loading class java/util/stream/Nodes$CollectorTask
Event: 342.588 Loading class java/util/stream/Nodes$CollectorTask done
Event: 342.588 Loading class java/util/stream/Nodes$CollectorTask$OfRef done
Event: 342.588 Loading class java/util/function/LongFunction
Event: 342.589 Loading class java/util/function/LongFunction done
Event: 342.591 Loading class java/util/stream/Nodes$ConcNode
Event: 342.592 Loading class java/util/stream/Nodes$AbstractConcNode
Event: 342.592 Loading class java/util/stream/Nodes$AbstractConcNode done
Event: 342.593 Loading class java/util/stream/Nodes$ConcNode done
Event: 342.630 Loading class java/util/stream/Nodes$ToArrayTask$OfRef
Event: 342.631 Loading class java/util/stream/Nodes$ToArrayTask
Event: 342.631 Loading class java/util/stream/Nodes$ToArrayTask done
Event: 342.631 Loading class java/util/stream/Nodes$ToArrayTask$OfRef done

Classes unloaded (13 events):
Event: 40.918 Thread 0x0000020247deeba0 Unloading class 0x00000202011a8c00 'java/lang/invoke/LambdaForm$MH+0x00000202011a8c00'
Event: 40.918 Thread 0x0000020247deeba0 Unloading class 0x00000202011a8800 'java/lang/invoke/LambdaForm$MH+0x00000202011a8800'
Event: 40.918 Thread 0x0000020247deeba0 Unloading class 0x00000202011a8400 'java/lang/invoke/LambdaForm$MH+0x00000202011a8400'
Event: 40.918 Thread 0x0000020247deeba0 Unloading class 0x00000202011a8000 'java/lang/invoke/LambdaForm$MH+0x00000202011a8000'
Event: 40.918 Thread 0x0000020247deeba0 Unloading class 0x00000202011a7c00 'java/lang/invoke/LambdaForm$BMH+0x00000202011a7c00'
Event: 40.918 Thread 0x0000020247deeba0 Unloading class 0x00000202011a7800 'java/lang/invoke/LambdaForm$DMH+0x00000202011a7800'
Event: 40.918 Thread 0x0000020247deeba0 Unloading class 0x00000202011a6400 'java/lang/invoke/LambdaForm$DMH+0x00000202011a6400'
Event: 43.567 Thread 0x0000020247deeba0 Unloading class 0x0000020201310c00 'java/lang/invoke/LambdaForm$MH+0x0000020201310c00'
Event: 43.567 Thread 0x0000020247deeba0 Unloading class 0x0000020201310000 'java/lang/invoke/LambdaForm$MH+0x0000020201310000'
Event: 43.567 Thread 0x0000020247deeba0 Unloading class 0x000002020130f800 'java/lang/invoke/LambdaForm$MH+0x000002020130f800'
Event: 43.567 Thread 0x0000020247deeba0 Unloading class 0x000002020130f000 'java/lang/invoke/LambdaForm$MH+0x000002020130f000'
Event: 43.567 Thread 0x0000020247deeba0 Unloading class 0x000002020130e800 'java/lang/invoke/LambdaForm$DMH+0x000002020130e800'
Event: 43.567 Thread 0x0000020247deeba0 Unloading class 0x000002020130e400 'java/lang/invoke/LambdaForm$MH+0x000002020130e400'

Classes redefined (0 events):
No events

Internal exceptions (20 events):
Event: 3033.185 Thread 0x000002026221e3f0 Exception <a 'sun/nio/fs/WindowsException'{0x00000000d5ddfc00}> (0x00000000d5ddfc00) 
thrown [s\src\hotspot\share\prims\jni.cpp, line 520]
Event: 3033.186 Thread 0x000002026221e3f0 Exception <a 'sun/nio/fs/WindowsException'{0x00000000d5de8c60}> (0x00000000d5de8c60) 
thrown [s\src\hotspot\share\prims\jni.cpp, line 520]
Event: 3033.190 Thread 0x000002026221e3f0 Exception <a 'sun/nio/fs/WindowsException'{0x00000000d5dea3e8}> (0x00000000d5dea3e8) 
thrown [s\src\hotspot\share\prims\jni.cpp, line 520]
Event: 3033.190 Thread 0x000002026221e3f0 Exception <a 'sun/nio/fs/WindowsException'{0x00000000d5deacc8}> (0x00000000d5deacc8) 
thrown [s\src\hotspot\share\prims\jni.cpp, line 520]
Event: 3033.191 Thread 0x000002026221e3f0 Exception <a 'sun/nio/fs/WindowsException'{0x00000000d5dec150}> (0x00000000d5dec150) 
thrown [s\src\hotspot\share\prims\jni.cpp, line 520]
Event: 3033.191 Thread 0x000002026221e3f0 Exception <a 'sun/nio/fs/WindowsException'{0x00000000d5deca30}> (0x00000000d5deca30) 
thrown [s\src\hotspot\share\prims\jni.cpp, line 520]
Event: 3033.195 Thread 0x000002026221e3f0 Exception <a 'sun/nio/fs/WindowsException'{0x00000000d5e17128}> (0x00000000d5e17128) 
thrown [s\src\hotspot\share\prims\jni.cpp, line 520]
Event: 3033.195 Thread 0x000002026221e3f0 Exception <a 'sun/nio/fs/WindowsException'{0x00000000d5e17a08}> (0x00000000d5e17a08) 
thrown [s\src\hotspot\share\prims\jni.cpp, line 520]
Event: 3033.195 Thread 0x000002026221e3f0 Exception <a 'sun/nio/fs/WindowsException'{0x00000000d5e191d0}> (0x00000000d5e191d0) 
thrown [s\src\hotspot\share\prims\jni.cpp, line 520]
Event: 3033.196 Thread 0x000002026221e3f0 Exception <a 'sun/nio/fs/WindowsException'{0x00000000d5e19ab0}> (0x00000000d5e19ab0) 
thrown [s\src\hotspot\share\prims\jni.cpp, line 520]
Event: 3033.196 Thread 0x000002026221e3f0 Exception <a 'sun/nio/fs/WindowsException'{0x00000000d5e1aff8}> (0x00000000d5e1aff8) 
thrown [s\src\hotspot\share\prims\jni.cpp, line 520]
Event: 3033.196 Thread 0x000002026221e3f0 Exception <a 'sun/nio/fs/WindowsException'{0x00000000d5e1b8d8}> (0x00000000d5e1b8d8) 
thrown [s\src\hotspot\share\prims\jni.cpp, line 520]
Event: 3033.197 Thread 0x000002026221e3f0 Exception <a 'sun/nio/fs/WindowsException'{0x00000000d5e1ce20}> (0x00000000d5e1ce20) 
thrown [s\src\hotspot\share\prims\jni.cpp, line 520]
Event: 3033.197 Thread 0x000002026221e3f0 Exception <a 'sun/nio/fs/WindowsException'{0x00000000d5e1da08}> (0x00000000d5e1da08) 
thrown [s\src\hotspot\share\prims\jni.cpp, line 520]
Event: 3033.197 Thread 0x000002026221e3f0 Exception <a 'sun/nio/fs/WindowsException'{0x00000000d5e1ef50}> (0x00000000d5e1ef50) 
thrown [s\src\hotspot\share\prims\jni.cpp, line 520]
Event: 3033.197 Thread 0x000002026221e3f0 Exception <a 'sun/nio/fs/WindowsException'{0x00000000d5e1f830}> (0x00000000d5e1f830) 
thrown [s\src\hotspot\share\prims\jni.cpp, line 520]
Event: 3033.197 Thread 0x000002026221e3f0 Exception <a 'sun/nio/fs/WindowsException'{0x00000000d5e20d78}> (0x00000000d5e20d78) 
thrown [s\src\hotspot\share\prims\jni.cpp, line 520]
Event: 3033.197 Thread 0x000002026221e3f0 Exception <a 'sun/nio/fs/WindowsException'{0x00000000d5e21658}> (0x00000000d5e21658) 
thrown [s\src\hotspot\share\prims\jni.cpp, line 520]
Event: 3033.198 Thread 0x000002026221e3f0 Exception <a 'sun/nio/fs/WindowsException'{0x00000000d5e22de0}> (0x00000000d5e22de0) 
thrown [s\src\hotspot\share\prims\jni.cpp, line 520]
Event: 3033.198 Thread 0x000002026221e3f0 Exception <a 'sun/nio/fs/WindowsException'{0x00000000d5e236c0}> (0x00000000d5e236c0) 
thrown [s\src\hotspot\share\prims\jni.cpp, line 520]

ZGC Phase Switch (0 events):
No events

VM Operations (20 events):
Event: 4629.754 Executing VM operation: HandshakeAllThreads (HandshakeForDeflation)
Event: 4629.754 Executing VM operation: HandshakeAllThreads (HandshakeForDeflation) done
Event: 4629.754 Executing VM operation: RendezvousGCThreads
Event: 4629.754 Executing VM operation: RendezvousGCThreads done
Event: 4686.787 Executing VM operation: Cleanup
Event: 4686.787 Executing VM operation: Cleanup done
Event: 4689.938 Executing VM operation: HandshakeAllThreads (HandshakeForDeflation)
Event: 4689.938 Executing VM operation: HandshakeAllThreads (HandshakeForDeflation) done
Event: 4689.938 Executing VM operation: RendezvousGCThreads
Event: 4689.938 Executing VM operation: RendezvousGCThreads done
Event: 4810.224 Executing VM operation: HandshakeAllThreads (HandshakeForDeflation)
Event: 4810.224 Executing VM operation: HandshakeAllThreads (HandshakeForDeflation) done
Event: 4810.224 Executing VM operation: RendezvousGCThreads
Event: 4810.224 Executing VM operation: RendezvousGCThreads done
Event: 4870.427 Executing VM operation: HandshakeAllThreads (HandshakeForDeflation)
Event: 4870.427 Executing VM operation: HandshakeAllThreads (HandshakeForDeflation) done
Event: 4870.427 Executing VM operation: RendezvousGCThreads
Event: 4870.427 Executing VM operation: RendezvousGCThreads done
Event: 5047.596 Executing VM operation: Cleanup
Event: 5047.596 Executing VM operation: Cleanup done

Memory protections (0 events):
No events

Nmethod flushes (20 events):
Event: 49.704 Thread 0x0000020247deeba0 flushing  nmethod 0x000002024de10e90
Event: 49.704 Thread 0x0000020247deeba0 flushing  nmethod 0x000002024de14510
Event: 49.704 Thread 0x0000020247deeba0 flushing  nmethod 0x000002024de15110
Event: 49.704 Thread 0x0000020247deeba0 flushing  nmethod 0x000002024de3dd90
Event: 49.704 Thread 0x0000020247deeba0 flushing  nmethod 0x000002024de5ca10
Event: 49.704 Thread 0x0000020247deeba0 flushing  nmethod 0x000002024de5de90
Event: 49.704 Thread 0x0000020247deeba0 flushing  nmethod 0x000002024de5e410
Event: 49.704 Thread 0x0000020247deeba0 flushing  nmethod 0x000002024de5f610
Event: 49.704 Thread 0x0000020247deeba0 flushing  nmethod 0x000002024de5fa90
Event: 49.704 Thread 0x0000020247deeba0 flushing  nmethod 0x000002024de60010
Event: 49.704 Thread 0x0000020247deeba0 flushing  nmethod 0x000002024de60590
Event: 49.704 Thread 0x0000020247deeba0 flushing  nmethod 0x000002024de61010
Event: 49.704 Thread 0x0000020247deeba0 flushing  nmethod 0x000002024de61610
Event: 49.704 Thread 0x0000020247deeba0 flushing  nmethod 0x000002024de61a90
Event: 49.704 Thread 0x0000020247deeba0 flushing  nmethod 0x000002024de62210
Event: 49.704 Thread 0x0000020247deeba0 flushing  nmethod 0x000002024de62810
Event: 49.704 Thread 0x0000020247deeba0 flushing  nmethod 0x000002024de63090
Event: 49.704 Thread 0x0000020247deeba0 flushing  nmethod 0x000002024de64390
Event: 49.704 Thread 0x0000020247deeba0 flushing  nmethod 0x000002024de65690
Event: 49.704 Thread 0x0000020247deeba0 flushing  nmethod 0x000002024de67b90

Events (20 events):
Event: 3033.171 Thread 0x000002026221e3f0 Thread added: 0x0000020268fc8fc0
Event: 3033.177 Thread 0x0000020268fc8fc0 Thread exited: 0x0000020268fc8fc0
Event: 3033.199 Thread 0x000002026221e3f0 Thread added: 0x0000020268fcaa00
Event: 3033.200 Thread 0x0000020268fcaa00 Thread added: 0x0000020268fcb090
Event: 3033.201 Thread 0x0000020268fcaa00 Thread added: 0x0000020268fc9ce0
Event: 3033.202 Thread 0x0000020268fcb090 Thread added: 0x0000020268fcb720
Event: 3033.202 Thread 0x0000020268fcaa00 Thread added: 0x0000020268fc9650
Event: 3033.202 Thread 0x0000020268fcb090 Thread added: 0x0000020268fc8fc0
Event: 3033.203 Thread 0x0000020268fcaa00 Thread added: 0x0000020268fcd7f0
Event: 3033.203 Thread 0x0000020268fcb090 Thread added: 0x0000020268fcde80
Event: 3033.203 Thread 0x0000020268fcb720 Thread added: 0x0000020268fcff50
Event: 3033.206 Thread 0x0000020268fcde80 Thread exited: 0x0000020268fcde80
Event: 3033.206 Thread 0x0000020268fcff50 Thread exited: 0x0000020268fcff50
Event: 3033.206 Thread 0x0000020268fcd7f0 Thread exited: 0x0000020268fcd7f0
Event: 3033.206 Thread 0x0000020268fc8fc0 Thread exited: 0x0000020268fc8fc0
Event: 3033.206 Thread 0x0000020268fcaa00 Thread exited: 0x0000020268fcaa00
Event: 3033.206 Thread 0x0000020268fc9650 Thread exited: 0x0000020268fc9650
Event: 3033.206 Thread 0x0000020268fcb720 Thread exited: 0x0000020268fcb720
Event: 3033.206 Thread 0x0000020268fcb090 Thread exited: 0x0000020268fcb090
Event: 3033.206 Thread 0x0000020268fc9ce0 Thread exited: 0x0000020268fc9ce0


Dynamic libraries:
0x00007ff71a3b0000 - 0x00007ff71a3be000 	c:\Users\sande\.vscode\extensions\redhat.java-1.52.0-win32-x64\jre\21.0.9-win32-x86_64\bin\java.exe
0x00007ffbf35a0000 - 0x00007ffbf3808000 	C:\WINDOWS\SYSTEM32\ntdll.dll
0x00007ffbf21f0000 - 0x00007ffbf22b9000 	C:\WINDOWS\System32\KERNEL32.DLL
0x00007ffbf02a0000 - 0x00007ffbf0691000 	C:\WINDOWS\System32\KERNELBASE.dll
0x00007ffbefe80000 - 0x00007ffbeffcb000 	C:\WINDOWS\System32\ucrtbase.dll
0x00007ffb73280000 - 0x00007ffb73298000 	c:\Users\sande\.vscode\extensions\redhat.java-1.52.0-win32-x64\jre\21.0.9-win32-x86_64\bin\jli.dll
0x00007ffb74aa0000 - 0x00007ffb74abe000 	c:\Users\sande\.vscode\extensions\redhat.java-1.52.0-win32-x64\jre\21.0.9-win32-x86_64\bin\VCRUNTIME140.dll
0x00007ffbf3350000 - 0x00007ffbf3516000 	C:\WINDOWS\System32\USER32.dll
0x00007ffbf0100000 - 0x00007ffbf0127000 	C:\WINDOWS\System32\win32u.dll
0x00007ffbd88b0000 - 0x00007ffbd8b43000 	C:\WINDOWS\WinSxS\amd64_microsoft.windows.common-controls_6595b64144ccf1df_6.0.26100.7705_none_3e06597ae3363b04\COMCTL32.dll
0x00007ffbf1ff0000 - 0x00007ffbf201b000 	C:\WINDOWS\System32\GDI32.dll
0x00007ffbf26e0000 - 0x00007ffbf2789000 	C:\WINDOWS\System32\msvcrt.dll
0x00007ffbeffd0000 - 0x00007ffbf00fb000 	C:\WINDOWS\System32\gdi32full.dll
0x00007ffbf0130000 - 0x00007ffbf01d3000 	C:\WINDOWS\System32\msvcp_win.dll
0x00007ffbf3520000 - 0x00007ffbf3551000 	C:\WINDOWS\System32\IMM32.DLL
0x00007ffb86570000 - 0x00007ffb8657c000 	c:\Users\sande\.vscode\extensions\redhat.java-1.52.0-win32-x64\jre\21.0.9-win32-x86_64\bin\vcruntime140_1.dll
0x00007ffb31210000 - 0x00007ffb3129d000 	c:\Users\sande\.vscode\extensions\redhat.java-1.52.0-win32-x64\jre\21.0.9-win32-x86_64\bin\msvcp140.dll
0x00007ffb30470000 - 0x00007ffb31210000 	c:\Users\sande\.vscode\extensions\redhat.java-1.52.0-win32-x64\jre\21.0.9-win32-x86_64\bin\server\jvm.dll
0x00007ffbf2ee0000 - 0x00007ffbf2f94000 	C:\WINDOWS\System32\ADVAPI32.dll
0x00007ffbf1aa0000 - 0x00007ffbf1b46000 	C:\WINDOWS\System32\sechost.dll
0x00007ffbf31b0000 - 0x00007ffbf32c8000 	C:\WINDOWS\System32\RPCRT4.dll
0x00007ffbf2020000 - 0x00007ffbf2094000 	C:\WINDOWS\System32\WS2_32.dll
0x00007ffbeea80000 - 0x00007ffbeeade000 	C:\WINDOWS\SYSTEM32\POWRPROF.dll
0x00007ffbe7f90000 - 0x00007ffbe7f9b000 	C:\WINDOWS\SYSTEM32\VERSION.dll
0x00007ffbda4a0000 - 0x00007ffbda4d5000 	C:\WINDOWS\SYSTEM32\WINMM.dll
0x00007ffbeea60000 - 0x00007ffbeea74000 	C:\WINDOWS\SYSTEM32\UMPDC.dll
0x00007ffbeed50000 - 0x00007ffbeed6b000 	C:\WINDOWS\SYSTEM32\kernel.appcore.dll
0x00007ffb85de0000 - 0x00007ffb85dea000 	c:\Users\sande\.vscode\extensions\redhat.java-1.52.0-win32-x64\jre\21.0.9-win32-x86_64\bin\jimage.dll
0x00007ffbedc50000 - 0x00007ffbede92000 	C:\WINDOWS\SYSTEM32\DBGHELP.DLL
0x00007ffbf22d0000 - 0x00007ffbf2656000 	C:\WINDOWS\System32\combase.dll
0x00007ffbf2a10000 - 0x00007ffbf2ae7000 	C:\WINDOWS\System32\OLEAUT32.dll
0x00007ffbd6960000 - 0x00007ffbd699b000 	C:\WINDOWS\SYSTEM32\dbgcore.DLL
0x00007ffbf06a0000 - 0x00007ffbf0745000 	C:\WINDOWS\System32\bcryptPrimitives.dll
0x00007ffb84fb0000 - 0x00007ffb84fbf000 	c:\Users\sande\.vscode\extensions\redhat.java-1.52.0-win32-x64\jre\21.0.9-win32-x86_64\bin\instrument.dll
0x00007ffb6fc00000 - 0x00007ffb6fc20000 	c:\Users\sande\.vscode\extensions\redhat.java-1.52.0-win32-x64\jre\21.0.9-win32-x86_64\bin\java.dll
0x00007ffbf1340000 - 0x00007ffbf1a91000 	C:\WINDOWS\System32\SHELL32.dll
0x00007ffbf11d0000 - 0x00007ffbf133a000 	C:\WINDOWS\System32\wintypes.dll
0x00007ffbf07e0000 - 0x00007ffbf1042000 	C:\WINDOWS\System32\windows.storage.dll
0x00007ffbf20f0000 - 0x00007ffbf21e6000 	C:\WINDOWS\System32\SHCORE.dll
0x00007ffbf2fa0000 - 0x00007ffbf3007000 	C:\WINDOWS\System32\shlwapi.dll
0x00007ffbefda0000 - 0x00007ffbefdc9000 	C:\WINDOWS\SYSTEM32\profapi.dll
0x00007ffb588d0000 - 0x00007ffb588e8000 	c:\Users\sande\.vscode\extensions\redhat.java-1.52.0-win32-x64\jre\21.0.9-win32-x86_64\bin\zip.dll
0x00007ffb701c0000 - 0x00007ffb701d0000 	C:\Users\sande\.vscode\extensions\redhat.java-1.52.0-win32-x64\jre\21.0.9-win32-x86_64\bin\net.dll
0x00007ffbe88d0000 - 0x00007ffbe89f7000 	C:\WINDOWS\SYSTEM32\WINHTTP.dll
0x00007ffbef2c0000 - 0x00007ffbef32b000 	C:\WINDOWS\system32\mswsock.dll
0x00007ffb357a0000 - 0x00007ffb357b6000 	C:\Users\sande\.vscode\extensions\redhat.java-1.52.0-win32-x64\jre\21.0.9-win32-x86_64\bin\nio.dll
0x00007ffb67080000 - 0x00007ffb67090000 	c:\Users\sande\.vscode\extensions\redhat.java-1.52.0-win32-x64\jre\21.0.9-win32-x86_64\bin\verify.dll
0x00007ffb381d0000 - 0x00007ffb38215000 	C:\Users\sande\AppData\Roaming\Code\User\globalStorage\redhat.java\1.52.0\config_win\org.eclipse.equinox.launcher\org.eclipse.equinox.launcher.win32.win32.x86_64_1.2.1500.v20260121-1430\eclipse_11919.dll
0x00007ffbf2c40000 - 0x00007ffbf2dd7000 	C:\WINDOWS\System32\ole32.dll
0x00007ffbef580000 - 0x00007ffbef59b000 	C:\WINDOWS\SYSTEM32\CRYPTSP.dll
0x00007ffbeecb0000 - 0x00007ffbeece9000 	C:\WINDOWS\system32\rsaenh.dll
0x00007ffbef370000 - 0x00007ffbef39b000 	C:\WINDOWS\SYSTEM32\USERENV.dll
0x00007ffbefd70000 - 0x00007ffbefd9a000 	C:\WINDOWS\SYSTEM32\bcrypt.dll
0x00007ffbef5a0000 - 0x00007ffbef5ac000 	C:\WINDOWS\SYSTEM32\CRYPTBASE.dll
0x00007ffbee740000 - 0x00007ffbee774000 	C:\WINDOWS\SYSTEM32\IPHLPAPI.DLL
0x00007ffbf2820000 - 0x00007ffbf282a000 	C:\WINDOWS\System32\NSI.dll
0x00007ffb37e30000 - 0x00007ffb37e79000 	C:\Users\sande\AppData\Local\Temp\jna-109203553\jna14588370256608251716.dll
0x00007ffbf1b50000 - 0x00007ffbf1b58000 	C:\WINDOWS\System32\PSAPI.DLL
0x00007ffbe8b80000 - 0x00007ffbe8b9e000 	C:\WINDOWS\SYSTEM32\dhcpcsvc6.DLL
0x00007ffbe8860000 - 0x00007ffbe8883000 	C:\WINDOWS\SYSTEM32\dhcpcsvc.DLL
0x00007ffbbdf50000 - 0x00007ffbbdf77000 	C:\Users\sande\.gradle\native\68d5fa5c4cc2d200863cafc0d521ce42e7d3e7ee720ec0a83991735586a16f82\windows-amd64\native-platform.dll
0x00007ffb72800000 - 0x00007ffb7280a000 	C:\Users\sande\.vscode\extensions\redhat.java-1.52.0-win32-x64\jre\21.0.9-win32-x86_64\bin\management.dll
0x00007ffb727f0000 - 0x00007ffb727fc000 	C:\Users\sande\.vscode\extensions\redhat.java-1.52.0-win32-x64\jre\21.0.9-win32-x86_64\bin\management_ext.dll
0x00007ffb727d0000 - 0x00007ffb727d9000 	C:\Users\sande\.vscode\extensions\redhat.java-1.52.0-win32-x64\jre\21.0.9-win32-x86_64\bin\extnet.dll
0x00007ffb727e0000 - 0x00007ffb727ee000 	C:\Users\sande\.vscode\extensions\redhat.java-1.52.0-win32-x64\jre\21.0.9-win32-x86_64\bin\sunmscapi.dll
0x00007ffbf1050000 - 0x00007ffbf11c7000 	C:\WINDOWS\System32\CRYPT32.dll
0x00007ffbef7a0000 - 0x00007ffbef7d0000 	C:\WINDOWS\SYSTEM32\ncrypt.dll
0x00007ffbef750000 - 0x00007ffbef78f000 	C:\WINDOWS\SYSTEM32\NTASN1.dll
0x00007ffbcc3f0000 - 0x00007ffbcc3f8000 	C:\WINDOWS\system32\wshunix.dll
0x00007ffbee820000 - 0x00007ffbee94c000 	C:\WINDOWS\SYSTEM32\DNSAPI.dll
0x00007ffbe8030000 - 0x00007ffbe803b000 	C:\Windows\System32\rasadhlp.dll
0x00007ffbe8440000 - 0x00007ffbe84c6000 	C:\WINDOWS\System32\fwpuclnt.dll

JVMTI agents:
c:\Users\sande\.vscode\extensions\redhat.java-1.52.0-win32-x64\lombok\lombok-1.18.39-4050.jar path:c:\Users\sande\.vscode\extensions\redhat.java-1.52.0-win32-x64\jre\21.0.9-win32-x86_64\bin\instrument.dll, loaded, initialized, instrumentlib options:none

dbghelp: loaded successfully - version: 4.0.5 - missing functions: none
symbol engine: initialized successfully - sym options: 0x614 - pdb path: .;c:\Users\sande\.vscode\extensions\redhat.java-1.52.0-win32-x64\jre\21.0.9-win32-x86_64\bin;C:\WINDOWS\SYSTEM32;C:\WINDOWS\WinSxS\amd64_microsoft.windows.common-controls_6595b64144ccf1df_6.0.26100.7705_none_3e06597ae3363b04;c:\Users\sande\.vscode\extensions\redhat.java-1.52.0-win32-x64\jre\21.0.9-win32-x86_64\bin\server;C:\Users\sande\AppData\Roaming\Code\User\globalStorage\redhat.java\1.52.0\config_win\org.eclipse.equinox.launcher\org.eclipse.equinox.launcher.win32.win32.x86_64_1.2.1500.v20260121-1430;C:\Users\sande\AppData\Local\Temp\jna-109203553;C:\Users\sande\.gradle\native\68d5fa5c4cc2d200863cafc0d521ce42e7d3e7ee720ec0a83991735586a16f82\windows-amd64

VM Arguments:
jvm_args: --add-modules=ALL-SYSTEM --add-opens=java.base/java.util=ALL-UNNAMED --add-opens=java.base/java.lang=ALL-UNNAMED --add-opens=java.base/sun.nio.fs=ALL-UNNAMED -Declipse.application=org.eclipse.jdt.ls.core.id1 -Dosgi.bundles.defaultStartLevel=4 -Declipse.product=org.eclipse.jdt.ls.core.product -Djava.import.generatesMetadataFilesAtProjectRoot=false -DDetectVMInstallationsJob.disabled=true -Dfile.encoding=utf8 -XX:+UseParallelGC -XX:GCTimeRatio=4 -XX:AdaptiveSizePolicyWeight=90 -Dsun.zip.disableMemoryMapping=true -Xmx2G -Xms100m -Xlog:disable -javaagent:c:\Users\sande\.vscode\extensions\redhat.java-1.52.0-win32-x64\lombok\lombok-1.18.39-4050.jar -XX:+HeapDumpOnOutOfMemoryError -XX:HeapDumpPath=c:\Users\sande\AppData\Roaming\Code\User\workspaceStorage\be7ba368ab9cfb1cb7631f5b97bea9cb\redhat.java -Daether.dependencyCollector.impl=bf 
java_command: c:\Users\sande\.vscode\extensions\redhat.java-1.52.0-win32-x64\server\plugins\org.eclipse.equinox.launcher_1.7.100.v20251111-0406.jar -configuration c:\Users\sande\AppData\Roaming\Code\User\globalStorage\redhat.java\1.52.0\config_win -data c:\Users\sande\AppData\Roaming\Code\User\workspaceStorage\be7ba368ab9cfb1cb7631f5b97bea9cb\redhat.java\jdt_ws --pipe=\\.\pipe\lsp-13e07eb159033f8fc31ac5f2dd349eee-sock
java_class_path (initial): c:\Users\sande\.vscode\extensions\redhat.java-1.52.0-win32-x64\server\plugins\org.eclipse.equinox.launcher_1.7.100.v20251111-0406.jar
Launcher Type: SUN_STANDARD

[Global flags]
    uintx AdaptiveSizePolicyWeight                 = 90                                        {product} {command line}
     intx CICompilerCount                          = 4                                         {product} {ergonomic}
    uintx GCTimeRatio                              = 4                                         {product} {command line}
     bool HeapDumpOnOutOfMemoryError               = true                                   {manageable} {command line}
    ccstr HeapDumpPath                             = c:\Users\sande\AppData\Roaming\Code\User\workspaceStorage\be7ba368ab9cfb1cb7631f5b97bea9cb\redhat.java         {manageable} {command line}
   size_t InitialHeapSize                          = 104857600                                 {product} {command line}
   size_t MaxHeapSize                              = 2147483648                                {product} {command line}
   size_t MaxNewSize                               = 715653120                                 {product} {ergonomic}
   size_t MinHeapDeltaBytes                        = 524288                                    {product} {ergonomic}
   size_t MinHeapSize                              = 104857600                                 {product} {command line}
   size_t NewSize                                  = 34603008                                  {product} {ergonomic}
    uintx NonNMethodCodeHeapSize                   = 5839372                                {pd product} {ergonomic}
    uintx NonProfiledCodeHeapSize                  = 122909434                              {pd product} {ergonomic}
   size_t OldSize                                  = 70254592                                  {product} {ergonomic}
    uintx ProfiledCodeHeapSize                     = 122909434                              {pd product} {ergonomic}
    uintx ReservedCodeCacheSize                    = 251658240                              {pd product} {ergonomic}
     bool SegmentedCodeCache                       = true                                      {product} {ergonomic}
   size_t SoftMaxHeapSize                          = 2147483648                             {manageable} {ergonomic}
     bool UseCompressedOops                        = true                           {product lp64_product} {ergonomic}
     bool UseLargePagesIndividualAllocation        = false                                  {pd product} {ergonomic}
     bool UseParallelGC                            = true                                      {product} {command line}

Logging:
Log output configuration:
 #0: stdout all=off uptime,level,tags foldmultilines=false
 #1: stderr all=off uptime,level,tags foldmultilines=false

Release file:
JAVA_VERSION="21.0.9" 
MODULES="java.base java.compiler java.datatransfer java.xml java.prefs java.desktop java.instrument java.logging java.management java.security.sasl java.naming java.rmi java.management.rmi java.net.http java.scripting java.security.jgss java.transaction.xa java.sql java.sql.rowset java.xml.crypto java.se java.smartcardio jdk.accessibility jdk.internal.jvmstat jdk.attach jdk.charsets jdk.internal.opt jdk.zipfs jdk.compiler jdk.crypto.ec jdk.crypto.cryptoki jdk.crypto.mscapi jdk.dynalink jdk.internal.ed jdk.editpad jdk.hotspot.agent jdk.httpserver jdk.internal.le jdk.internal.vm.ci jdk.internal.vm.compiler jdk.internal.vm.compiler.management jdk.jartool jdk.javadoc jdk.jcmd jdk.management jdk.management.agent jdk.jconsole jdk.jdeps jdk.jdwp.agent jdk.jdi jdk.jfr jdk.jshell jdk.jsobject jdk.jstatd jdk.localedata jdk.management.jfr jdk.naming.dns jdk.naming.rmi jdk.net jdk.nio.mapmode jdk.random jdk.sctp jdk.security.auth jdk.security.jgss jdk.unsupported jdk.unsupported.desktop jdk.xml.dom" 

Environment Variables:
PATH=C:\Program Files\Common Files\Oracle\Java\javapath;C:\Python313\Scripts\;C:\Python313\;C:\Program Files\Python312\Scripts\;C:\Program Files\Python312\;C:\Windows\system32;C:\Windows;C:\Windows\System32\Wbem;C:\Windows\System32\WindowsPowerShell\v1.0\;C:\Windows\System32\OpenSSH\;C:\Program Files (x86)\NVIDIA Corporation\PhysX\Common;C:\WINDOWS\system32;C:\WINDOWS;C:\WINDOWS\System32\Wbem;C:\WINDOWS\System32\WindowsPowerShell\v1.0\;C:\WINDOWS\System32\OpenSSH\;C:\Program Files\Git\bin;C:\Program Files\NVIDIA Corporation\NVIDIA NvDLISR;C:\Program Files\GTK3-Runtime Win64\bin;C:\Users\sande\Downloads\kotlin-compiler-1.9.22\kotlinc\bin;C:\Program Files\Azure Data Studio\bin;C:\Program Files\MySQL\MySQL Server 8.0\bin;C:\Users\sande\AppData\Local\Android\Sdk;C:\Users\sande\AppData\Local\Android\Sdk\platform-tools;C:\WINDOWS\system32;C:\WINDOWS;C:\WINDOWS\System32\Wbem;C:\WINDOWS\System32\WindowsPowerShell\v1.0\;C:\WINDOWS\System32\OpenSSH\;C:\ProgramData\chocolatey\bin;C:\Program Files\nodejs;C:\Users\sande\AppData\Local\nvm;C:\nvm4w\nodejs;C:\MinGW\bin;C:\Program Files\Go\bin;C:\Users\sande\Downloads\apache-maven-3.9.9\bin;C:\Program Files\PuTTY\;C:\Program Files\Docker\Docker\resources\bin;C:\Program Files\Java\jdk-17\bin;C:\Users\sande\AppData\Local\Android\Sdk\tools;C:\Program Files\MySQL\MySQL Shell 8.0\bin\;C:\Users\sande\AppData\Local\Microsoft\WindowsApps;C:\Program Files\JetBrains\IntelliJ IDEA Community Edition 2023.1.2\bin;;C:\Users\sande\AppData\Local\Programs\Microsoft VS Code\bin;C:\Users\sande\dart-sdk\bin;C:\Users\sande\Desktop\flutter_windows_3.16.5-stable\flutter\bin;C:\Program Files\Azure Data Studio\bin;C:\ProgramData\Microsoft\Windows\Start Menu\Programs\Python 3.12\Python 3.12 (64-bit).lnk;C:\Program Files\Python312\Scripts;C:\Mongosh\;C:\Users\sande\AppData\Local\nvm;C:\nvm4w\nodejs;C:\Users\sande\go\bin;C:\Program Files\JetBrains\IntelliJ IDEA 2024.3.5\bin;;C:\Program Files\Java\jdk-17\bin;C:\Program Files\Java\jdk-17\;C:\Users\sande\AppData\Local\Programs\Antigravity\bin
USERNAME=sande
OS=Windows_NT
PROCESSOR_IDENTIFIER=Intel64 Family 6 Model 165 Stepping 2, GenuineIntel
TMP=C:\Users\sande\AppData\Local\Temp
TEMP=C:\Users\sande\AppData\Local\Temp




Periodic native trim disabled

---------------  S Y S T E M  ---------------

OS:
 Windows 11 , 64 bit Build 26100 (10.0.26100.7705)
OS uptime: 0 days 1:39 hours
Hyper-V role detected

CPU: total 12 (initial active 12) (6 cores per cpu, 2 threads per core) family 6 model 165 stepping 2 microcode 0xf6, cx8, cmov, fxsr, ht, mmx, 3dnowpref, sse, sse2, sse3, ssse3, sse4.1, sse4.2, popcnt, lzcnt, tsc, tscinvbit, avx, avx2, aes, erms, clmul, bmi1, bmi2, adx, fma, vzeroupper, clflush, clflushopt, hv, rdtscp, f16c
Processor Information for the first 12 processors :
  Max Mhz: 2496, Current Mhz: 2496, Mhz Limit: 2496

Memory: 4k page, system-wide physical 8059M (607M free)
TotalPageFile size 32635M (AvailPageFile size 1M)
current process WorkingSet (physical memory assigned to process): 15M, peak: 762M
current process commit charge ("private bytes"): 1048M, peak: 1049M

vm_info: OpenJDK 64-Bit Server VM (21.0.9+10-LTS) for windows-amd64 JRE (21.0.9+10-LTS), built on 2025-10-21T00:00:00Z by "admin" with unknown MS VC++:1942

END.
