#
# There is insufficient memory for the Java Runtime Environment to continue.
# Native memory allocation (malloc) failed to allocate 1207728 bytes. Error detail: Chunk::new
# Possible reasons:
#   The system is out of physical RAM or swap space
#   This process is running with CompressedOops enabled, and the Java Heap may be blocking the growth of the native heap
# Possible solutions:
#   Reduce memory load on the system
#   Increase physical memory or swap space
#   Check if swap backing store is full
#   Decrease Java heap size (-Xmx/-Xms)
#   Decrease number of Java threads
#   Decrease Java thread stack sizes (-Xss)
#   Set larger code cache with -XX:ReservedCodeCacheSize=
#   JVM is running with Unscaled Compressed Oops mode in which the Java heap is
#     placed in the first 4GB address space. The Java Heap base address is the
#     maximum limit for the native heap growth. Please use -XX:HeapBaseMinAddress
#     to set the Java Heap base and to place the Java Heap above 4GB virtual address.
# This output file may be truncated or incomplete.
#
#  Out of Memory Error (arena.cpp:168), pid=26048, tid=6496
#
# JRE version: OpenJDK Runtime Environment Temurin-21.0.9+10 (21.0.9+10) (build 21.0.9+10-LTS)
# Java VM: OpenJDK 64-Bit Server VM Temurin-21.0.9+10 (21.0.9+10-LTS, mixed mode, sharing, tiered, compressed oops, compressed class ptrs, parallel gc, windows-amd64)
# No core dump will be written. Minidumps are not enabled by default on client versions of Windows
#

---------------  S U M M A R Y ------------

Command Line: --add-modules=ALL-SYSTEM --add-opens=java.base/java.util=ALL-UNNAMED --add-opens=java.base/java.lang=ALL-UNNAMED --add-opens=java.base/sun.nio.fs=ALL-UNNAMED -Declipse.application=org.eclipse.jdt.ls.core.id1 -Dosgi.bundles.defaultStartLevel=4 -Declipse.product=org.eclipse.jdt.ls.core.product -Djava.import.generatesMetadataFilesAtProjectRoot=false -DDetectVMInstallationsJob.disabled=true -Dfile.encoding=utf8 -XX:+UseParallelGC -XX:GCTimeRatio=4 -XX:AdaptiveSizePolicyWeight=90 -Dsun.zip.disableMemoryMapping=true -Xmx2G -Xms100m -Xlog:disable -javaagent:c:\Users\sande\.vscode\extensions\redhat.java-1.52.0-win32-x64\lombok\lombok-1.18.39-4050.jar -XX:+HeapDumpOnOutOfMemoryError -XX:HeapDumpPath=c:\Users\sande\AppData\Roaming\Code\User\workspaceStorage\be7ba368ab9cfb1cb7631f5b97bea9cb\redhat.java -Daether.dependencyCollector.impl=bf c:\Users\sande\.vscode\extensions\redhat.java-1.52.0-win32-x64\server\plugins\org.eclipse.equinox.launcher_1.7.100.v20251111-0406.jar -configuration c:\Users\sande\AppData\Roaming\Code\User\globalStorage\redhat.java\1.52.0\config_win -data c:\Users\sande\AppData\Roaming\Code\User\workspaceStorage\be7ba368ab9cfb1cb7631f5b97bea9cb\redhat.java\jdt_ws --pipe=\\.\pipe\lsp-b27ce5bc26a008acab2d5eba7238d40a-sock

Host: Intel(R) Core(TM) i5-10500H CPU @ 2.50GHz, 12 cores, 7G,  Windows 11 , 64 bit Build 26100 (10.0.26100.7705)
Time: Mon Feb  9 21:27:03 2026 India Standard Time elapsed time: 71.271414 seconds (0d 0h 1m 11s)

---------------  T H R E A D  ---------------

Current thread (0x00000267b5659e70):  JavaThread "C2 CompilerThread0" daemon [_thread_in_native, id=6496, stack(0x0000008c5ed00000,0x0000008c5ee00000) (1024K)]


Current CompileTask:
C2:71271 11800 %s!   4       org.eclipse.jdt.internal.core.index.DiskIndex::readCategoryTable @ 260 (743 bytes)

Stack: [0x0000008c5ed00000,0x0000008c5ee00000]
Native frames: (J=compiled Java code, j=interpreted, Vv=VM code, C=native code)
V  [jvm.dll+0x6d6e29]
V  [jvm.dll+0x8b4b76]
V  [jvm.dll+0x8b712e]
V  [jvm.dll+0x8b7813]
V  [jvm.dll+0x283d86]
V  [jvm.dll+0xc66ed]
V  [jvm.dll+0xc6c31]
V  [jvm.dll+0x3be53b]
V  [jvm.dll+0x1e3d59]
V  [jvm.dll+0x24c0f3]
V  [jvm.dll+0x24b580]
V  [jvm.dll+0x1cb13e]
V  [jvm.dll+0x25b29d]
V  [jvm.dll+0x25982a]
V  [jvm.dll+0x3f7ea6]
V  [jvm.dll+0x85e9ad]
V  [jvm.dll+0x6d565d]
C  [ucrtbase.dll+0x37b0]
C  [KERNEL32.DLL+0x2e8d7]
C  [ntdll.dll+0x8c40c]


---------------  P R O C E S S  ---------------

Threads class SMR info:
_java_thread_list=0x00000268233b57f0, length=62, elements={
0x00000267b559e8e0, 0x00000267b56443e0, 0x00000267b554e600, 0x00000267b5648780,
0x00000267b564d300, 0x00000267b564ec70, 0x00000267b5651ef0, 0x00000267b5659e70,
0x000002680e35bfc0, 0x000002680e5a83e0, 0x000002680f2f0060, 0x000002681414f600,
0x00000268140d6820, 0x000002681407b4a0, 0x00000268140ea0e0, 0x000002681473b1b0,
0x0000026814521ed0, 0x000002681493c0c0, 0x0000026814939960, 0x00000268149392d0,
0x0000026814939ff0, 0x000002681493a680, 0x000002681493b3a0, 0x000002681452de40,
0x000002681452d7b0, 0x000002681452e4d0, 0x000002681452f1f0, 0x000002681452f880,
0x000002681452ff10, 0x000002681452eb60, 0x000002681452ca90, 0x000002681452d120,
0x00000268145312c0, 0x0000026814530c30, 0x0000026814531950, 0x0000026814532670,
0x00000268145305a0, 0x0000026814531fe0, 0x0000026814533390, 0x0000026814532d00,
0x0000026814533a20, 0x00000268145340b0, 0x0000026816005ef0, 0x0000026816006580,
0x0000026816007930, 0x0000026816005860, 0x00000268160051d0, 0x0000026816009370,
0x000002681600adb0, 0x0000026820e6ed80, 0x0000026820e6faa0, 0x0000026820e70130,
0x0000026820e70e50, 0x0000026820e707c0, 0x0000026820e6e6f0, 0x0000026820e714e0,
0x0000026820e72200, 0x0000026816008650, 0x0000026816008ce0, 0x0000026816009a00,
0x000002681600a090, 0x0000026820e742d0
}

Java Threads: ( => current thread )
  0x00000267b559e8e0 JavaThread "main"                              [_thread_blocked, id=28396, stack(0x0000008c5e300000,0x0000008c5e400000) (1024K)]
  0x00000267b56443e0 JavaThread "Reference Handler"          daemon [_thread_blocked, id=24424, stack(0x0000008c5e700000,0x0000008c5e800000) (1024K)]
  0x00000267b554e600 JavaThread "Finalizer"                  daemon [_thread_blocked, id=24880, stack(0x0000008c5e800000,0x0000008c5e900000) (1024K)]
  0x00000267b5648780 JavaThread "Signal Dispatcher"          daemon [_thread_blocked, id=4324, stack(0x0000008c5e900000,0x0000008c5ea00000) (1024K)]
  0x00000267b564d300 JavaThread "Attach Listener"            daemon [_thread_blocked, id=1540, stack(0x0000008c5ea00000,0x0000008c5eb00000) (1024K)]
  0x00000267b564ec70 JavaThread "Service Thread"             daemon [_thread_blocked, id=4952, stack(0x0000008c5eb00000,0x0000008c5ec00000) (1024K)]
  0x00000267b5651ef0 JavaThread "Monitor Deflation Thread"   daemon [_thread_blocked, id=25452, stack(0x0000008c5ec00000,0x0000008c5ed00000) (1024K)]
=>0x00000267b5659e70 JavaThread "C2 CompilerThread0"         daemon [_thread_in_native, id=6496, stack(0x0000008c5ed00000,0x0000008c5ee00000) (1024K)]
  0x000002680e35bfc0 JavaThread "C1 CompilerThread0"         daemon [_thread_blocked, id=20536, stack(0x0000008c5ee00000,0x0000008c5ef00000) (1024K)]
  0x000002680e5a83e0 JavaThread "Common-Cleaner"             daemon [_thread_blocked, id=5104, stack(0x0000008c5f000000,0x0000008c5f100000) (1024K)]
  0x000002680f2f0060 JavaThread "Notification Thread"        daemon [_thread_blocked, id=5608, stack(0x0000008c5f100000,0x0000008c5f200000) (1024K)]
  0x000002681414f600 JavaThread "Active Thread: Equinox Container: e978f050-11eb-48c5-9a49-ab9ab2c73519"        [_thread_blocked, id=16940, stack(0x0000008c5f900000,0x0000008c5fa00000) (1024K)]
  0x00000268140d6820 JavaThread "Refresh Thread: Equinox Container: e978f050-11eb-48c5-9a49-ab9ab2c73519" daemon [_thread_blocked, id=19336, stack(0x0000008c5fb00000,0x0000008c5fc00000) (1024K)]
  0x000002681407b4a0 JavaThread "Framework Event Dispatcher: Equinox Container: e978f050-11eb-48c5-9a49-ab9ab2c73519" daemon [_thread_blocked, id=17168, stack(0x0000008c5fc00000,0x0000008c5fd00000) (1024K)]
  0x00000268140ea0e0 JavaThread "Start Level: Equinox Container: e978f050-11eb-48c5-9a49-ab9ab2c73519" daemon [_thread_blocked, id=23420, stack(0x0000008c5fd00000,0x0000008c5fe00000) (1024K)]
  0x000002681473b1b0 JavaThread "Bundle File Closer"         daemon [_thread_blocked, id=19392, stack(0x0000008c60000000,0x0000008c60100000) (1024K)]
  0x0000026814521ed0 JavaThread "SCR Component Actor"        daemon [_thread_blocked, id=192, stack(0x0000008c60100000,0x0000008c60200000) (1024K)]
  0x000002681493c0c0 JavaThread "Worker-JM"                         [_thread_blocked, id=26200, stack(0x0000008c60200000,0x0000008c60300000) (1024K)]
  0x0000026814939960 JavaThread "JNA Cleaner"                daemon [_thread_blocked, id=4252, stack(0x0000008c5f200000,0x0000008c5f300000) (1024K)]
  0x00000268149392d0 JavaThread "Worker-0: Java indexing... "        [_thread_blocked, id=3008, stack(0x0000008c60300000,0x0000008c60400000) (1024K)]
  0x0000026814939ff0 JavaThread "Worker-1: Refreshing workspace"        [_thread_blocked, id=19152, stack(0x0000008c60400000,0x0000008c60500000) (1024K)]
  0x000002681493a680 JavaThread "Worker-2"                          [_thread_blocked, id=10436, stack(0x0000008c60500000,0x0000008c60600000) (1024K)]
  0x000002681493b3a0 JavaThread "Java indexing"              daemon [_thread_in_Java, id=6768, stack(0x0000008c60700000,0x0000008c60800000) (1024K)]
  0x000002681452de40 JavaThread "Worker-3"                          [_thread_blocked, id=26468, stack(0x0000008c60800000,0x0000008c60900000) (1024K)]
  0x000002681452d7b0 JavaThread "Worker-4: Initialize workspace"        [_thread_blocked, id=26144, stack(0x0000008c60b00000,0x0000008c60c00000) (1024K)]
  0x000002681452e4d0 JavaThread "Worker-5: Check JDK Index"         [_thread_blocked, id=17248, stack(0x0000008c60c00000,0x0000008c60d00000) (1024K)]
  0x000002681452f1f0 JavaThread "Worker-6: Synchronize Gradle projects with workspace"        [_thread_blocked, id=25476, stack(0x0000008c60d00000,0x0000008c60e00000) (1024K)]
  0x000002681452f880 JavaThread "Thread-1"                   daemon [_thread_in_native, id=20268, stack(0x0000008c60e00000,0x0000008c60f00000) (1024K)]
  0x000002681452ff10 JavaThread "Thread-2"                   daemon [_thread_in_native, id=8364, stack(0x0000008c60f00000,0x0000008c61000000) (1024K)]
  0x000002681452eb60 JavaThread "Thread-3"                   daemon [_thread_in_native, id=25616, stack(0x0000008c61000000,0x0000008c61100000) (1024K)]
  0x000002681452ca90 JavaThread "Thread-4"                   daemon [_thread_in_native, id=26516, stack(0x0000008c61100000,0x0000008c61200000) (1024K)]
  0x000002681452d120 JavaThread "Thread-5"                   daemon [_thread_in_native, id=22232, stack(0x0000008c61200000,0x0000008c61300000) (1024K)]
  0x00000268145312c0 JavaThread "Thread-6"                   daemon [_thread_in_native, id=24288, stack(0x0000008c61300000,0x0000008c61400000) (1024K)]
  0x0000026814530c30 JavaThread "Thread-7"                   daemon [_thread_in_native, id=2704, stack(0x0000008c61400000,0x0000008c61500000) (1024K)]
  0x0000026814531950 JavaThread "Thread-8"                   daemon [_thread_in_native, id=11584, stack(0x0000008c61500000,0x0000008c61600000) (1024K)]
  0x0000026814532670 JavaThread "Thread-9"                   daemon [_thread_in_native, id=16872, stack(0x0000008c61600000,0x0000008c61700000) (1024K)]
  0x00000268145305a0 JavaThread "Thread-10"                  daemon [_thread_in_native, id=19972, stack(0x0000008c61700000,0x0000008c61800000) (1024K)]
  0x0000026814531fe0 JavaThread "Thread-11"                  daemon [_thread_in_native, id=23440, stack(0x0000008c61800000,0x0000008c61900000) (1024K)]
  0x0000026814533390 JavaThread "Thread-12"                  daemon [_thread_in_native, id=25968, stack(0x0000008c61900000,0x0000008c61a00000) (1024K)]
  0x0000026814532d00 JavaThread "Thread-13"                  daemon [_thread_in_native, id=13876, stack(0x0000008c61a00000,0x0000008c61b00000) (1024K)]
  0x0000026814533a20 JavaThread "Worker-7"                          [_thread_blocked, id=19916, stack(0x0000008c61b00000,0x0000008c61c00000) (1024K)]
  0x00000268145340b0 JavaThread "pool-2-thread-1"                   [_thread_blocked, id=28460, stack(0x0000008c61c00000,0x0000008c61d00000) (1024K)]
  0x0000026816005ef0 JavaThread "Timer-0"                           [_thread_blocked, id=12304, stack(0x0000008c61d00000,0x0000008c61e00000) (1024K)]
  0x0000026816006580 JavaThread "WorkspaceEventsHandler"            [_thread_blocked, id=6904, stack(0x0000008c61e00000,0x0000008c61f00000) (1024K)]
  0x0000026816007930 JavaThread "pool-1-thread-1"                   [_thread_blocked, id=28476, stack(0x0000008c61f00000,0x0000008c62000000) (1024K)]
  0x0000026816005860 JavaThread "Timer-1"                           [_thread_blocked, id=24944, stack(0x0000008c62000000,0x0000008c62100000) (1024K)]
  0x00000268160051d0 JavaThread "ForkJoinPool.commonPool-worker-2" daemon [_thread_blocked, id=14560, stack(0x0000008c62300000,0x0000008c62400000) (1024K)]
  0x0000026816009370 JavaThread "ForkJoinPool.commonPool-worker-3" daemon [_thread_blocked, id=24168, stack(0x0000008c62400000,0x0000008c62500000) (1024K)]
  0x000002681600adb0 JavaThread "Timer-2"                           [_thread_blocked, id=26020, stack(0x0000008c62500000,0x0000008c62600000) (1024K)]
  0x0000026820e6ed80 JavaThread "Timer-3"                           [_thread_blocked, id=4328, stack(0x0000008c62100000,0x0000008c62200000) (1024K)]
  0x0000026820e6faa0 JavaThread "Timer-4"                           [_thread_blocked, id=19340, stack(0x0000008c62a00000,0x0000008c62b00000) (1024K)]
  0x0000026820e70130 JavaThread "Timer-5"                           [_thread_blocked, id=28512, stack(0x0000008c62600000,0x0000008c62700000) (1024K)]
  0x0000026820e70e50 JavaThread "Timer-6"                           [_thread_blocked, id=28372, stack(0x0000008c62b00000,0x0000008c62c00000) (1024K)]
  0x0000026820e707c0 JavaThread "Timer-7"                           [_thread_blocked, id=24192, stack(0x0000008c62c00000,0x0000008c62d00000) (1024K)]
  0x0000026820e6e6f0 JavaThread "Timer-8"                           [_thread_blocked, id=8060, stack(0x0000008c60600000,0x0000008c60700000) (1024K)]
  0x0000026820e714e0 JavaThread "Timer-9"                           [_thread_blocked, id=9468, stack(0x0000008c62d00000,0x0000008c62e00000) (1024K)]
  0x0000026820e72200 JavaThread "Timer-10"                          [_thread_blocked, id=7032, stack(0x0000008c63000000,0x0000008c63100000) (1024K)]
  0x0000026816008650 JavaThread "Timer-11"                          [_thread_blocked, id=14296, stack(0x0000008c5ef00000,0x0000008c5f000000) (1024K)]
  0x0000026816008ce0 JavaThread "Timer-12"                          [_thread_blocked, id=3712, stack(0x0000008c62200000,0x0000008c62300000) (1024K)]
  0x0000026816009a00 JavaThread "Connection worker"                 [_thread_in_vm, id=18544, stack(0x0000008c62700000,0x0000008c62800000) (1024K)]
  0x000002681600a090 Thread "Unknown thread"                        [id=15776, stack(0x0000008c62800000,0x0000008c62900000) (1024K)]
  0x0000026820e742d0 Thread "Unknown thread"                        [id=7172, stack(0x0000008c62e00000,0x0000008c62f00000) (1024K)]
Total: 62

Other Threads:
  0x00000267b563f770 VMThread "VM Thread"                           [id=12952, stack(0x0000008c5e600000,0x0000008c5e700000) (1024K)]
  0x00000267b542cb20 WatcherThread "VM Periodic Task Thread"        [id=23584, stack(0x0000008c5e500000,0x0000008c5e600000) (1024K)]
  0x00000267b55bcc70 WorkerThread "GC Thread#0"                     [id=25668, stack(0x0000008c5e400000,0x0000008c5e500000) (1024K)]
  0x000002680f443840 WorkerThread "GC Thread#1"                     [id=26260, stack(0x0000008c5f300000,0x0000008c5f400000) (1024K)]
  0x000002680f5ffc80 WorkerThread "GC Thread#2"                     [id=10160, stack(0x0000008c5f400000,0x0000008c5f500000) (1024K)]
  0x000002680f443be0 WorkerThread "GC Thread#3"                     [id=2812, stack(0x0000008c5f500000,0x0000008c5f600000) (1024K)]
  0x000002680f443f80 WorkerThread "GC Thread#4"                     [id=7976, stack(0x0000008c5f600000,0x0000008c5f700000) (1024K)]
  0x000002680f444320 WorkerThread "GC Thread#5"                     [id=28420, stack(0x0000008c5f700000,0x0000008c5f800000) (1024K)]
  0x000002680f8896d0 WorkerThread "GC Thread#6"                     [id=28336, stack(0x0000008c5f800000,0x0000008c5f900000) (1024K)]
  0x000002681422a0c0 WorkerThread "GC Thread#7"                     [id=25416, stack(0x0000008c5fa00000,0x0000008c5fb00000) (1024K)]
  0x00000268143c2980 WorkerThread "GC Thread#8"                     [id=16312, stack(0x0000008c5fe00000,0x0000008c5ff00000) (1024K)]
  0x0000026814685960 WorkerThread "GC Thread#9"                     [id=19952, stack(0x0000008c5ff00000,0x0000008c60000000) (1024K)]
Total: 12

Threads with active compile tasks:
C2 CompilerThread0  71314 11800 %s!   4       org.eclipse.jdt.internal.core.index.DiskIndex::readCategoryTable @ 260 (743 bytes)
C2 CompilerThread1  71314 11810 % !   4       java.io.ObjectInputStream$BlockDataInputStream::readUTFSpan @ 53 (502 bytes)
Total: 2

VM state: not at safepoint (normal execution)

VM Mutex/Monitor currently owned by a thread: None

Heap address: 0x0000000080000000, size: 2048 MB, Compressed Oops mode: 32-bit

CDS archive(s) mapped at: [0x00000267cc000000-0x00000267ccba0000-0x00000267ccba0000), size 12189696, SharedBaseAddress: 0x00000267cc000000, ArchiveRelocationMode: 1.
Compressed class space mapped at: 0x00000267cd000000-0x000002680d000000, reserved size: 1073741824
Narrow klass base: 0x00000267cc000000, Narrow klass shift: 0, Narrow klass range: 0x100000000

GC Precious Log:
 CardTable entry size: 512
 CPUs: 12 total, 12 available
 Memory: 8059M
 Large Page Support: Disabled
 NUMA Support: Disabled
 Compressed Oops: Enabled (32-bit)
 Alignments: Space 512K, Generation 512K, Heap 2M
 Heap Min Capacity: 100M
 Heap Initial Capacity: 100M
 Heap Max Capacity: 2G
 Pre-touch: Disabled
 Parallel Workers: 10

Heap:
 PSYoungGen      total 4608K, used 3973K [0x00000000d5580000, 0x00000000d5c80000, 0x0000000100000000)
  eden space 3072K, 89% used [0x00000000d5580000,0x00000000d5831690,0x00000000d5880000)
  from space 1536K, 79% used [0x00000000d5880000,0x00000000d59aff00,0x00000000d5a00000)
  to   space 2048K, 0% used [0x00000000d5a80000,0x00000000d5a80000,0x00000000d5c80000)
 ParOldGen       total 601600K, used 601395K [0x0000000080000000, 0x00000000a4b80000, 0x00000000d5580000)
  object space 601600K, 99% used [0x0000000080000000,0x00000000a4b4cf60,0x00000000a4b80000)
 Metaspace       used 72913K, committed 74432K, reserved 1114112K
  class space    used 8977K, committed 9600K, reserved 1048576K

Card table byte_map: [0x00000267b4f40000,0x00000267b5350000] _byte_map_base: 0x00000267b4b40000

Marking Bits: (ParMarkBitMap*) 0x00007ffb31132460
 Begin Bits: [0x00000267c7a50000, 0x00000267c9a50000)
 End Bits:   [0x00000267c9a50000, 0x00000267cba50000)

Polling page: 0x00000267b31f0000

Metaspace:

Usage:
  Non-class:     62.44 MB used.
      Class:      8.77 MB used.
       Both:     71.21 MB used.

Virtual space:
  Non-class space:       64.00 MB reserved,      63.31 MB ( 99%) committed,  1 nodes.
      Class space:        1.00 GB reserved,       9.38 MB ( <1%) committed,  1 nodes.
             Both:        1.06 GB reserved,      72.69 MB (  7%) committed. 

Chunk freelists:
   Non-Class:  228.00 KB
       Class:  6.65 MB
        Both:  6.88 MB

MaxMetaspaceSize: unlimited
CompressedClassSpaceSize: 1.00 GB
Initial GC threshold: 21.00 MB
Current GC threshold: 97.31 MB
CDS: on
 - commit_granule_bytes: 65536.
 - commit_granule_words: 8192.
 - virtual_space_node_default_size: 8388608.
 - enlarge_chunks_in_place: 1.
 - use_allocation_guard: 0.


Internal statistics:

num_allocs_failed_limit: 9.
num_arena_births: 1300.
num_arena_deaths: 38.
num_vsnodes_births: 2.
num_vsnodes_deaths: 0.
num_space_committed: 1163.
num_space_uncommitted: 0.
num_chunks_returned_to_freelist: 56.
num_chunks_taken_from_freelist: 4602.
num_chunk_merges: 13.
num_chunk_splits: 2779.
num_chunks_enlarged: 1527.
num_inconsistent_stats: 0.

CodeHeap 'non-profiled nmethods': size=120000Kb used=10506Kb max_used=10506Kb free=109493Kb
 bounds [0x00000267c0270000, 0x00000267c0cc0000, 0x00000267c77a0000]
CodeHeap 'profiled nmethods': size=120000Kb used=23785Kb max_used=23785Kb free=96214Kb
 bounds [0x00000267b87a0000, 0x00000267b9ee0000, 0x00000267bfcd0000]
CodeHeap 'non-nmethods': size=5760Kb used=1442Kb max_used=1554Kb free=4317Kb
 bounds [0x00000267bfcd0000, 0x00000267bff40000, 0x00000267c0270000]
CodeCache: size=245760Kb, used=35733Kb, max_used=35845Kb, free=210024Kb
 total_blobs=11700, nmethods=10949, adapters=657, full_count=0
Compilation: enabled, stopped_count=0, restarted_count=0

Compilation events (20 events):
Event: 70.071 Thread 0x000002680e35bfc0 11796       1       java.net.InetAddress::holder (5 bytes)
Event: 70.071 Thread 0x000002680e35bfc0 nmethod 11796 0x00000267c0caef90 code [0x00000267c0caf120, 0x00000267c0caf1e8]
Event: 70.071 Thread 0x000002680e35bfc0 11795       1       org.gradle.internal.jvm.Jvm::getJavaHome (5 bytes)
Event: 70.072 Thread 0x000002680e35bfc0 nmethod 11795 0x00000267c0caf290 code [0x00000267c0caf420, 0x00000267c0caf4e8]
Event: 70.076 Thread 0x0000026816fbd7f0 11798       4       com.esotericsoftware.kryo.io.Output::writeString (125 bytes)
Event: 70.082 Thread 0x0000026816fbd7f0 nmethod 11798 0x00000267c0caf590 code [0x00000267c0caf780, 0x00000267c0cafb20]
Event: 70.092 Thread 0x00000267b5659e70 nmethod 11797 0x00000267c0cafe90 code [0x00000267c0cb0140, 0x00000267c0cb1260]
Event: 70.116 Thread 0x00000267b5659e70 11799       4       org.eclipse.jdt.internal.compiler.util.HashtableOfObject::<init> (78 bytes)
Event: 70.119 Thread 0x00000267b5659e70 nmethod 11799 0x00000267c0cb1c90 code [0x00000267c0cb1e60, 0x00000267c0cb2200]
Event: 70.121 Thread 0x00000267b5659e70 11800 %s!   4       org.eclipse.jdt.internal.core.index.DiskIndex::readCategoryTable @ 260 (743 bytes)
Event: 70.160 Thread 0x0000026816fbca50 11801 % !   4       org.eclipse.jdt.internal.core.index.Index::query @ 161 (203 bytes)
Event: 70.160 Thread 0x000002680e35bfc0 11802 % !   3       org.eclipse.jdt.internal.core.index.Index::getMetaIndexQualifications @ 93 (152 bytes)
Event: 70.163 Thread 0x000002680e35bfc0 nmethod 11802% 0x00000267b9ebda10 code [0x00000267b9ebdd40, 0x00000267b9ebf498]
Event: 70.166 Thread 0x0000026816fbca50 nmethod 11801% 0x00000267c0cb2390 code [0x00000267c0cb2540, 0x00000267c0cb2928]
Event: 70.338 Thread 0x000002680e35bfc0 11803 % !   3       org.eclipse.jdt.internal.core.search.indexing.IndexManager::updateMetaIndex @ 101 (209 bytes)
Event: 70.340 Thread 0x000002680e35bfc0 nmethod 11803% 0x00000267b9ec0190 code [0x00000267b9ec0740, 0x00000267b9ec3be0]
Event: 70.361 Thread 0x000002680e35bfc0 11804   !   3       org.eclipse.jdt.internal.core.search.indexing.IndexManager::updateMetaIndex (209 bytes)
Event: 70.363 Thread 0x000002680e35bfc0 nmethod 11804 0x00000267b9ec5310 code [0x00000267b9ec58c0, 0x00000267b9ec8a48]
Event: 70.424 Thread 0x000002680e35bfc0 11805   !   3       org.eclipse.jdt.internal.core.index.Index::getMetaIndexQualifications (152 bytes)
Event: 70.425 Thread 0x000002680e35bfc0 nmethod 11805 0x00000267b9eca090 code [0x00000267b9eca380, 0x00000267b9ecb6f8]

GC Heap History (20 events):
Event: 69.786 GC heap after
{Heap after GC invocations=1002 (full 3):
 PSYoungGen      total 4096K, used 568K [0x00000000d5580000, 0x00000000d5a80000, 0x0000000100000000)
  eden space 3072K, 0% used [0x00000000d5580000,0x00000000d5580000,0x00000000d5880000)
  from space 1024K, 55% used [0x00000000d5900000,0x00000000d598e008,0x00000000d5a00000)
  to   space 512K, 0% used [0x00000000d5a00000,0x00000000d5a00000,0x00000000d5a80000)
 ParOldGen       total 594432K, used 594176K [0x0000000080000000, 0x00000000a4480000, 0x00000000d5580000)
  object space 594432K, 99% used [0x0000000080000000,0x00000000a44400d8,0x00000000a4480000)
 Metaspace       used 72810K, committed 74304K, reserved 1114112K
  class space    used 8969K, committed 9600K, reserved 1048576K
}
Event: 69.835 GC heap before
{Heap before GC invocations=1003 (full 3):
 PSYoungGen      total 4096K, used 3640K [0x00000000d5580000, 0x00000000d5a80000, 0x0000000100000000)
  eden space 3072K, 100% used [0x00000000d5580000,0x00000000d5880000,0x00000000d5880000)
  from space 1024K, 55% used [0x00000000d5900000,0x00000000d598e008,0x00000000d5a00000)
  to   space 512K, 0% used [0x00000000d5a00000,0x00000000d5a00000,0x00000000d5a80000)
 ParOldGen       total 594432K, used 594176K [0x0000000080000000, 0x00000000a4480000, 0x00000000d5580000)
  object space 594432K, 99% used [0x0000000080000000,0x00000000a44400d8,0x00000000a4480000)
 Metaspace       used 72811K, committed 74304K, reserved 1114112K
  class space    used 8969K, committed 9600K, reserved 1048576K
}
Event: 69.838 GC heap after
{Heap after GC invocations=1003 (full 3):
 PSYoungGen      total 3584K, used 488K [0x00000000d5580000, 0x00000000d5a80000, 0x0000000100000000)
  eden space 3072K, 0% used [0x00000000d5580000,0x00000000d5580000,0x00000000d5880000)
  from space 512K, 95% used [0x00000000d5a00000,0x00000000d5a7a008,0x00000000d5a80000)
  to   space 1024K, 0% used [0x00000000d5880000,0x00000000d5880000,0x00000000d5980000)
 ParOldGen       total 594944K, used 594544K [0x0000000080000000, 0x00000000a4500000, 0x00000000d5580000)
  object space 594944K, 99% used [0x0000000080000000,0x00000000a449c0e0,0x00000000a4500000)
 Metaspace       used 72811K, committed 74304K, reserved 1114112K
  class space    used 8969K, committed 9600K, reserved 1048576K
}
Event: 69.881 GC heap before
{Heap before GC invocations=1004 (full 3):
 PSYoungGen      total 3584K, used 3560K [0x00000000d5580000, 0x00000000d5a80000, 0x0000000100000000)
  eden space 3072K, 100% used [0x00000000d5580000,0x00000000d5880000,0x00000000d5880000)
  from space 512K, 95% used [0x00000000d5a00000,0x00000000d5a7a008,0x00000000d5a80000)
  to   space 1024K, 0% used [0x00000000d5880000,0x00000000d5880000,0x00000000d5980000)
 ParOldGen       total 594944K, used 594544K [0x0000000080000000, 0x00000000a4500000, 0x00000000d5580000)
  object space 594944K, 99% used [0x0000000080000000,0x00000000a449c0e0,0x00000000a4500000)
 Metaspace       used 72813K, committed 74304K, reserved 1114112K
  class space    used 8969K, committed 9600K, reserved 1048576K
}
Event: 69.884 GC heap after
{Heap after GC invocations=1004 (full 3):
 PSYoungGen      total 4096K, used 356K [0x00000000d5580000, 0x00000000d5a80000, 0x0000000100000000)
  eden space 3072K, 0% used [0x00000000d5580000,0x00000000d5580000,0x00000000d5880000)
  from space 1024K, 34% used [0x00000000d5880000,0x00000000d58d9008,0x00000000d5980000)
  to   space 1024K, 0% used [0x00000000d5980000,0x00000000d5980000,0x00000000d5a80000)
 ParOldGen       total 594944K, used 594688K [0x0000000080000000, 0x00000000a4500000, 0x00000000d5580000)
  object space 594944K, 99% used [0x0000000080000000,0x00000000a44c00e8,0x00000000a4500000)
 Metaspace       used 72813K, committed 74304K, reserved 1114112K
  class space    used 8969K, committed 9600K, reserved 1048576K
}
Event: 69.903 GC heap before
{Heap before GC invocations=1005 (full 3):
 PSYoungGen      total 4096K, used 3428K [0x00000000d5580000, 0x00000000d5a80000, 0x0000000100000000)
  eden space 3072K, 100% used [0x00000000d5580000,0x00000000d5880000,0x00000000d5880000)
  from space 1024K, 34% used [0x00000000d5880000,0x00000000d58d9008,0x00000000d5980000)
  to   space 1024K, 0% used [0x00000000d5980000,0x00000000d5980000,0x00000000d5a80000)
 ParOldGen       total 594944K, used 594688K [0x0000000080000000, 0x00000000a4500000, 0x00000000d5580000)
  object space 594944K, 99% used [0x0000000080000000,0x00000000a44c00e8,0x00000000a4500000)
 Metaspace       used 72813K, committed 74304K, reserved 1114112K
  class space    used 8969K, committed 9600K, reserved 1048576K
}
Event: 69.905 GC heap after
{Heap after GC invocations=1005 (full 3):
 PSYoungGen      total 3584K, used 416K [0x00000000d5580000, 0x00000000d5a00000, 0x0000000100000000)
  eden space 3072K, 0% used [0x00000000d5580000,0x00000000d5580000,0x00000000d5880000)
  from space 512K, 81% used [0x00000000d5980000,0x00000000d59e8000,0x00000000d5a00000)
  to   space 512K, 0% used [0x00000000d5900000,0x00000000d5900000,0x00000000d5980000)
 ParOldGen       total 594944K, used 594748K [0x0000000080000000, 0x00000000a4500000, 0x00000000d5580000)
  object space 594944K, 99% used [0x0000000080000000,0x00000000a44cf0f0,0x00000000a4500000)
 Metaspace       used 72813K, committed 74304K, reserved 1114112K
  class space    used 8969K, committed 9600K, reserved 1048576K
}
Event: 69.921 GC heap before
{Heap before GC invocations=1006 (full 3):
 PSYoungGen      total 3584K, used 3488K [0x00000000d5580000, 0x00000000d5a00000, 0x0000000100000000)
  eden space 3072K, 100% used [0x00000000d5580000,0x00000000d5880000,0x00000000d5880000)
  from space 512K, 81% used [0x00000000d5980000,0x00000000d59e8000,0x00000000d5a00000)
  to   space 512K, 0% used [0x00000000d5900000,0x00000000d5900000,0x00000000d5980000)
 ParOldGen       total 594944K, used 594748K [0x0000000080000000, 0x00000000a4500000, 0x00000000d5580000)
  object space 594944K, 99% used [0x0000000080000000,0x00000000a44cf0f0,0x00000000a4500000)
 Metaspace       used 72820K, committed 74304K, reserved 1114112K
  class space    used 8969K, committed 9600K, reserved 1048576K
}
Event: 69.925 GC heap after
{Heap after GC invocations=1006 (full 3):
 PSYoungGen      total 3584K, used 512K [0x00000000d5580000, 0x00000000d5b80000, 0x0000000100000000)
  eden space 3072K, 0% used [0x00000000d5580000,0x00000000d5580000,0x00000000d5880000)
  from space 512K, 100% used [0x00000000d5900000,0x00000000d5980000,0x00000000d5980000)
  to   space 1536K, 0% used [0x00000000d5a00000,0x00000000d5a00000,0x00000000d5b80000)
 ParOldGen       total 595456K, used 595196K [0x0000000080000000, 0x00000000a4580000, 0x00000000d5580000)
  object space 595456K, 99% used [0x0000000080000000,0x00000000a453f0f0,0x00000000a4580000)
 Metaspace       used 72820K, committed 74304K, reserved 1114112K
  class space    used 8969K, committed 9600K, reserved 1048576K
}
Event: 69.997 GC heap before
{Heap before GC invocations=1007 (full 3):
 PSYoungGen      total 3584K, used 3584K [0x00000000d5580000, 0x00000000d5b80000, 0x0000000100000000)
  eden space 3072K, 100% used [0x00000000d5580000,0x00000000d5880000,0x00000000d5880000)
  from space 512K, 100% used [0x00000000d5900000,0x00000000d5980000,0x00000000d5980000)
  to   space 1536K, 0% used [0x00000000d5a00000,0x00000000d5a00000,0x00000000d5b80000)
 ParOldGen       total 595456K, used 595196K [0x0000000080000000, 0x00000000a4580000, 0x00000000d5580000)
  object space 595456K, 99% used [0x0000000080000000,0x00000000a453f0f0,0x00000000a4580000)
 Metaspace       used 72829K, committed 74304K, reserved 1114112K
  class space    used 8969K, committed 9600K, reserved 1048576K
}
Event: 70.001 GC heap after
{Heap after GC invocations=1007 (full 3):
 PSYoungGen      total 4096K, used 736K [0x00000000d5580000, 0x00000000d5b00000, 0x0000000100000000)
  eden space 3072K, 0% used [0x00000000d5580000,0x00000000d5580000,0x00000000d5880000)
  from space 1024K, 71% used [0x00000000d5a00000,0x00000000d5ab8000,0x00000000d5b00000)
  to   space 1024K, 0% used [0x00000000d5900000,0x00000000d5900000,0x00000000d5a00000)
 ParOldGen       total 595968K, used 595733K [0x0000000080000000, 0x00000000a4600000, 0x00000000d5580000)
  object space 595968K, 99% used [0x0000000080000000,0x00000000a45c5500,0x00000000a4600000)
 Metaspace       used 72829K, committed 74304K, reserved 1114112K
  class space    used 8969K, committed 9600K, reserved 1048576K
}
Event: 70.055 GC heap before
{Heap before GC invocations=1008 (full 3):
 PSYoungGen      total 4096K, used 3808K [0x00000000d5580000, 0x00000000d5b00000, 0x0000000100000000)
  eden space 3072K, 100% used [0x00000000d5580000,0x00000000d5880000,0x00000000d5880000)
  from space 1024K, 71% used [0x00000000d5a00000,0x00000000d5ab8000,0x00000000d5b00000)
  to   space 1024K, 0% used [0x00000000d5900000,0x00000000d5900000,0x00000000d5a00000)
 ParOldGen       total 595968K, used 595733K [0x0000000080000000, 0x00000000a4600000, 0x00000000d5580000)
  object space 595968K, 99% used [0x0000000080000000,0x00000000a45c5500,0x00000000a4600000)
 Metaspace       used 72852K, committed 74304K, reserved 1114112K
  class space    used 8969K, committed 9600K, reserved 1048576K
}
Event: 70.057 GC heap after
{Heap after GC invocations=1008 (full 3):
 PSYoungGen      total 4096K, used 800K [0x00000000d5580000, 0x00000000d5a80000, 0x0000000100000000)
  eden space 3072K, 0% used [0x00000000d5580000,0x00000000d5580000,0x00000000d5880000)
  from space 1024K, 78% used [0x00000000d5900000,0x00000000d59c8000,0x00000000d5a00000)
  to   space 512K, 0% used [0x00000000d5a00000,0x00000000d5a00000,0x00000000d5a80000)
 ParOldGen       total 596480K, used 596161K [0x0000000080000000, 0x00000000a4680000, 0x00000000d5580000)
  object space 596480K, 99% used [0x0000000080000000,0x00000000a4630708,0x00000000a4680000)
 Metaspace       used 72852K, committed 74304K, reserved 1114112K
  class space    used 8969K, committed 9600K, reserved 1048576K
}
Event: 70.107 GC heap before
{Heap before GC invocations=1009 (full 3):
 PSYoungGen      total 4096K, used 3872K [0x00000000d5580000, 0x00000000d5a80000, 0x0000000100000000)
  eden space 3072K, 100% used [0x00000000d5580000,0x00000000d5880000,0x00000000d5880000)
  from space 1024K, 78% used [0x00000000d5900000,0x00000000d59c8000,0x00000000d5a00000)
  to   space 512K, 0% used [0x00000000d5a00000,0x00000000d5a00000,0x00000000d5a80000)
 ParOldGen       total 596480K, used 596161K [0x0000000080000000, 0x00000000a4680000, 0x00000000d5580000)
  object space 596480K, 99% used [0x0000000080000000,0x00000000a4630708,0x00000000a4680000)
 Metaspace       used 72854K, committed 74304K, reserved 1114112K
  class space    used 8969K, committed 9600K, reserved 1048576K
}
Event: 70.114 GC heap after
{Heap after GC invocations=1009 (full 3):
 PSYoungGen      total 3072K, used 512K [0x00000000d5580000, 0x00000000d5c80000, 0x0000000100000000)
  eden space 2560K, 0% used [0x00000000d5580000,0x00000000d5580000,0x00000000d5800000)
  from space 512K, 100% used [0x00000000d5a00000,0x00000000d5a80000,0x00000000d5a80000)
  to   space 2048K, 0% used [0x00000000d5800000,0x00000000d5800000,0x00000000d5a00000)
 ParOldGen       total 597504K, used 597279K [0x0000000080000000, 0x00000000a4780000, 0x00000000d5580000)
  object space 597504K, 99% used [0x0000000080000000,0x00000000a4747f28,0x00000000a4780000)
 Metaspace       used 72854K, committed 74304K, reserved 1114112K
  class space    used 8969K, committed 9600K, reserved 1048576K
}
Event: 70.126 GC heap before
{Heap before GC invocations=1010 (full 3):
 PSYoungGen      total 3072K, used 3072K [0x00000000d5580000, 0x00000000d5c80000, 0x0000000100000000)
  eden space 2560K, 100% used [0x00000000d5580000,0x00000000d5800000,0x00000000d5800000)
  from space 512K, 100% used [0x00000000d5a00000,0x00000000d5a80000,0x00000000d5a80000)
  to   space 2048K, 0% used [0x00000000d5800000,0x00000000d5800000,0x00000000d5a00000)
 ParOldGen       total 597504K, used 597279K [0x0000000080000000, 0x00000000a4780000, 0x00000000d5580000)
  object space 597504K, 99% used [0x0000000080000000,0x00000000a4747f28,0x00000000a4780000)
 Metaspace       used 72854K, committed 74304K, reserved 1114112K
  class space    used 8969K, committed 9600K, reserved 1048576K
}
Event: 70.129 GC heap after
{Heap after GC invocations=1010 (full 3):
 PSYoungGen      total 4608K, used 2047K [0x00000000d5580000, 0x00000000d5e00000, 0x0000000100000000)
  eden space 2560K, 0% used [0x00000000d5580000,0x00000000d5580000,0x00000000d5800000)
  from space 2048K, 99% used [0x00000000d5800000,0x00000000d59ffde8,0x00000000d5a00000)
  to   space 3072K, 0% used [0x00000000d5b00000,0x00000000d5b00000,0x00000000d5e00000)
 ParOldGen       total 598016K, used 597837K [0x0000000080000000, 0x00000000a4800000, 0x00000000d5580000)
  object space 598016K, 99% used [0x0000000080000000,0x00000000a47d37c8,0x00000000a4800000)
 Metaspace       used 72854K, committed 74304K, reserved 1114112K
  class space    used 8969K, committed 9600K, reserved 1048576K
}
Event: 70.151 GC heap before
{Heap before GC invocations=1011 (full 3):
 PSYoungGen      total 4608K, used 4607K [0x00000000d5580000, 0x00000000d5e00000, 0x0000000100000000)
  eden space 2560K, 100% used [0x00000000d5580000,0x00000000d5800000,0x00000000d5800000)
  from space 2048K, 99% used [0x00000000d5800000,0x00000000d59ffde8,0x00000000d5a00000)
  to   space 3072K, 0% used [0x00000000d5b00000,0x00000000d5b00000,0x00000000d5e00000)
 ParOldGen       total 598016K, used 597837K [0x0000000080000000, 0x00000000a4800000, 0x00000000d5580000)
  object space 598016K, 99% used [0x0000000080000000,0x00000000a47d37c8,0x00000000a4800000)
 Metaspace       used 72854K, committed 74304K, reserved 1114112K
  class space    used 8969K, committed 9600K, reserved 1048576K
}
Event: 70.157 GC heap after
{Heap after GC invocations=1011 (full 3):
 PSYoungGen      total 5120K, used 2055K [0x00000000d5580000, 0x00000000d5d80000, 0x0000000100000000)
  eden space 2560K, 0% used [0x00000000d5580000,0x00000000d5580000,0x00000000d5800000)
  from space 2560K, 80% used [0x00000000d5b00000,0x00000000d5d01c68,0x00000000d5d80000)
  to   space 2560K, 0% used [0x00000000d5880000,0x00000000d5880000,0x00000000d5b00000)
 ParOldGen       total 600064K, used 599785K [0x0000000080000000, 0x00000000a4a00000, 0x00000000d5580000)
  object space 600064K, 99% used [0x0000000080000000,0x00000000a49ba7e8,0x00000000a4a00000)
 Metaspace       used 72854K, committed 74304K, reserved 1114112K
  class space    used 8969K, committed 9600K, reserved 1048576K
}
Event: 70.440 GC heap before
{Heap before GC invocations=1012 (full 3):
 PSYoungGen      total 5120K, used 4615K [0x00000000d5580000, 0x00000000d5d80000, 0x0000000100000000)
  eden space 2560K, 100% used [0x00000000d5580000,0x00000000d5800000,0x00000000d5800000)
  from space 2560K, 80% used [0x00000000d5b00000,0x00000000d5d01c68,0x00000000d5d80000)
  to   space 2560K, 0% used [0x00000000d5880000,0x00000000d5880000,0x00000000d5b00000)
 ParOldGen       total 600064K, used 599785K [0x0000000080000000, 0x00000000a4a00000, 0x00000000d5580000)
  object space 600064K, 99% used [0x0000000080000000,0x00000000a49ba7e8,0x00000000a4a00000)
 Metaspace       used 72865K, committed 74304K, reserved 1114112K
  class space    used 8969K, committed 9600K, reserved 1048576K
}

Dll operation events (15 events):
Event: 0.022 Loaded shared library c:\Users\sande\.vscode\extensions\redhat.java-1.52.0-win32-x64\jre\21.0.9-win32-x86_64\bin\java.dll
Event: 0.164 Loaded shared library c:\Users\sande\.vscode\extensions\redhat.java-1.52.0-win32-x64\jre\21.0.9-win32-x86_64\bin\zip.dll
Event: 0.203 Loaded shared library C:\Users\sande\.vscode\extensions\redhat.java-1.52.0-win32-x64\jre\21.0.9-win32-x86_64\bin\instrument.dll
Event: 0.214 Loaded shared library C:\Users\sande\.vscode\extensions\redhat.java-1.52.0-win32-x64\jre\21.0.9-win32-x86_64\bin\net.dll
Event: 0.221 Loaded shared library C:\Users\sande\.vscode\extensions\redhat.java-1.52.0-win32-x64\jre\21.0.9-win32-x86_64\bin\nio.dll
Event: 0.229 Loaded shared library C:\Users\sande\.vscode\extensions\redhat.java-1.52.0-win32-x64\jre\21.0.9-win32-x86_64\bin\zip.dll
Event: 0.258 Loaded shared library C:\Users\sande\.vscode\extensions\redhat.java-1.52.0-win32-x64\jre\21.0.9-win32-x86_64\bin\jimage.dll
Event: 0.395 Loaded shared library c:\Users\sande\.vscode\extensions\redhat.java-1.52.0-win32-x64\jre\21.0.9-win32-x86_64\bin\verify.dll
Event: 2.045 Loaded shared library C:\Users\sande\AppData\Roaming\Code\User\globalStorage\redhat.java\1.52.0\config_win\org.eclipse.equinox.launcher\org.eclipse.equinox.launcher.win32.win32.x86_64_1.2.1500.v20260121-1430\eclipse_11919.dll
Event: 3.885 Loaded shared library C:\Users\sande\AppData\Local\Temp\jna-109203553\jna4112313884015830465.dll
Event: 8.036 Loaded shared library C:\Users\sande\.gradle\native\68d5fa5c4cc2d200863cafc0d521ce42e7d3e7ee720ec0a83991735586a16f82\windows-amd64\native-platform.dll
Event: 9.129 Loaded shared library C:\Users\sande\.vscode\extensions\redhat.java-1.52.0-win32-x64\jre\21.0.9-win32-x86_64\bin\management.dll
Event: 9.134 Loaded shared library C:\Users\sande\.vscode\extensions\redhat.java-1.52.0-win32-x64\jre\21.0.9-win32-x86_64\bin\management_ext.dll
Event: 12.799 Loaded shared library C:\Users\sande\.vscode\extensions\redhat.java-1.52.0-win32-x64\jre\21.0.9-win32-x86_64\bin\extnet.dll
Event: 12.858 Loaded shared library C:\Users\sande\.vscode\extensions\redhat.java-1.52.0-win32-x64\jre\21.0.9-win32-x86_64\bin\sunmscapi.dll

Deoptimization events (20 events):
Event: 70.012 Thread 0x0000026816009a00 DEOPT PACKING pc=0x00000267b93c1a10 sp=0x0000008c627fe480
Event: 70.012 Thread 0x0000026816009a00 DEOPT UNPACKING pc=0x00000267bfd24242 sp=0x0000008c627fd940 mode 0
Event: 70.044 Thread 0x0000026816009a00 Uncommon trap: trap_request=0xffffff45 fr.pc=0x00000267c08cb294 relative=0x00000000000001b4
Event: 70.044 Thread 0x0000026816009a00 Uncommon trap: reason=unstable_if action=reinterpret pc=0x00000267c08cb294 method=org.gradle.internal.io.StreamByteBuffer.prepareRead()I @ 4 c2
Event: 70.044 Thread 0x0000026816009a00 DEOPT PACKING pc=0x00000267c08cb294 sp=0x0000008c627fe8b0
Event: 70.044 Thread 0x0000026816009a00 DEOPT UNPACKING pc=0x00000267bfd23aa2 sp=0x0000008c627fe848 mode 2
Event: 70.069 Thread 0x000002681493b3a0 DEOPT PACKING pc=0x00000267b9e8513c sp=0x0000008c607ff040
Event: 70.069 Thread 0x000002681493b3a0 DEOPT UNPACKING pc=0x00000267bfd24242 sp=0x0000008c607fe5b8 mode 0
Event: 70.077 Thread 0x0000026816009a00 Uncommon trap: trap_request=0xffffff54 fr.pc=0x00000267c0869220 relative=0x0000000000000300
Event: 70.077 Thread 0x0000026816009a00 Uncommon trap: reason=speculate_null_assert action=make_not_entrant pc=0x00000267c0869220 method=sun.nio.ch.WEPollSelectorImpl.processUpdateQueue()V @ 42 c2
Event: 70.077 Thread 0x0000026816009a00 DEOPT PACKING pc=0x00000267c0869220 sp=0x0000008c627fe380
Event: 70.077 Thread 0x0000026816009a00 DEOPT UNPACKING pc=0x00000267bfd23aa2 sp=0x0000008c627fe098 mode 2
Event: 70.098 Thread 0x0000026816009a00 Uncommon trap: trap_request=0xffffff45 fr.pc=0x00000267c08141bc relative=0x00000000000022bc
Event: 70.098 Thread 0x0000026816009a00 Uncommon trap: reason=unstable_if action=reinterpret pc=0x00000267c08141bc method=org.gradle.internal.serialize.AbstractDecoder.getInputStream()Ljava/io/InputStream; @ 4 c2
Event: 70.098 Thread 0x0000026816009a00 DEOPT PACKING pc=0x00000267c08141bc sp=0x0000008c627fe350
Event: 70.098 Thread 0x0000026816009a00 DEOPT UNPACKING pc=0x00000267bfd23aa2 sp=0x0000008c627fe078 mode 2
Event: 70.098 Thread 0x0000026816009a00 Uncommon trap: trap_request=0xffffff45 fr.pc=0x00000267c083b0f0 relative=0x0000000000005330
Event: 70.098 Thread 0x0000026816009a00 Uncommon trap: reason=unstable_if action=reinterpret pc=0x00000267c083b0f0 method=org.gradle.tooling.internal.consumer.parameters.BuildProgressListenerAdapter.getParentDescriptor(Ljava/lang/Object;)Lorg/gradle/tooling/events/OperationDescriptor; @ 1 c2
Event: 70.098 Thread 0x0000026816009a00 DEOPT PACKING pc=0x00000267c083b0f0 sp=0x0000008c627fe310
Event: 70.099 Thread 0x0000026816009a00 DEOPT UNPACKING pc=0x00000267bfd23aa2 sp=0x0000008c627fdf98 mode 2

Classes loaded (20 events):
Event: 42.228 Loading class sun/security/ssl/Alert$AlertConsumer
Event: 42.228 Loading class sun/security/ssl/Alert$AlertConsumer done
Event: 42.228 Loading class sun/security/ssl/Alert$Level
Event: 42.229 Loading class sun/security/ssl/Alert$Level done
Event: 42.526 Loading class sun/net/www/http/ChunkedInputStream
Event: 42.528 Loading class sun/net/www/http/ChunkedInputStream done
Event: 42.528 Loading class sun/net/www/protocol/http/HttpURLConnection$HttpInputStream
Event: 42.529 Loading class sun/net/www/protocol/http/HttpURLConnection$HttpInputStream done
Event: 42.537 Loading class java/lang/Throwable$WrappedPrintWriter
Event: 42.537 Loading class java/lang/Throwable$PrintStreamOrWriter
Event: 42.537 Loading class java/lang/Throwable$PrintStreamOrWriter done
Event: 42.537 Loading class java/lang/Throwable$WrappedPrintWriter done
Event: 42.779 Loading class java/security/DigestInputStream
Event: 42.780 Loading class java/security/DigestInputStream done
Event: 65.888 Loading class java/util/Collections$SynchronizedRandomAccessList
Event: 65.889 Loading class java/util/Collections$SynchronizedList
Event: 65.889 Loading class java/util/Collections$SynchronizedList done
Event: 65.889 Loading class java/util/Collections$SynchronizedRandomAccessList done
Event: 65.923 Loading class java/util/concurrent/CompletableFuture$Signaller
Event: 65.924 Loading class java/util/concurrent/CompletableFuture$Signaller done

Classes unloaded (19 events):
Event: 4.596 Thread 0x00000267b563f770 Unloading class 0x00000267cd1aec00 'java/lang/invoke/LambdaForm$MH+0x00000267cd1aec00'
Event: 4.596 Thread 0x00000267b563f770 Unloading class 0x00000267cd1ae800 'java/lang/invoke/LambdaForm$MH+0x00000267cd1ae800'
Event: 4.596 Thread 0x00000267b563f770 Unloading class 0x00000267cd1ae400 'java/lang/invoke/LambdaForm$MH+0x00000267cd1ae400'
Event: 4.596 Thread 0x00000267b563f770 Unloading class 0x00000267cd1ae000 'java/lang/invoke/LambdaForm$MH+0x00000267cd1ae000'
Event: 4.596 Thread 0x00000267b563f770 Unloading class 0x00000267cd1adc00 'java/lang/invoke/LambdaForm$BMH+0x00000267cd1adc00'
Event: 4.596 Thread 0x00000267b563f770 Unloading class 0x00000267cd1ad800 'java/lang/invoke/LambdaForm$DMH+0x00000267cd1ad800'
Event: 4.596 Thread 0x00000267b563f770 Unloading class 0x00000267cd1ac400 'java/lang/invoke/LambdaForm$DMH+0x00000267cd1ac400'
Event: 6.093 Thread 0x00000267b563f770 Unloading class 0x00000267cd317400 'java/lang/invoke/LambdaForm$MH+0x00000267cd317400'
Event: 6.093 Thread 0x00000267b563f770 Unloading class 0x00000267cd316800 'java/lang/invoke/LambdaForm$MH+0x00000267cd316800'
Event: 6.093 Thread 0x00000267b563f770 Unloading class 0x00000267cd316000 'java/lang/invoke/LambdaForm$MH+0x00000267cd316000'
Event: 6.093 Thread 0x00000267b563f770 Unloading class 0x00000267cd315800 'java/lang/invoke/LambdaForm$MH+0x00000267cd315800'
Event: 6.093 Thread 0x00000267b563f770 Unloading class 0x00000267cd315400 'java/lang/invoke/LambdaForm$DMH+0x00000267cd315400'
Event: 6.093 Thread 0x00000267b563f770 Unloading class 0x00000267cd311400 'java/lang/invoke/LambdaForm$MH+0x00000267cd311400'
Event: 6.093 Thread 0x00000267b563f770 Unloading class 0x00000267cd310c00 'java/lang/invoke/LambdaForm$MH+0x00000267cd310c00'
Event: 6.093 Thread 0x00000267b563f770 Unloading class 0x00000267cd310400 'java/lang/invoke/LambdaForm$MH+0x00000267cd310400'
Event: 6.093 Thread 0x00000267b563f770 Unloading class 0x00000267cd30bc00 'java/lang/invoke/LambdaForm$MH+0x00000267cd30bc00'
Event: 6.093 Thread 0x00000267b563f770 Unloading class 0x00000267cd30b400 'java/lang/invoke/LambdaForm$MH+0x00000267cd30b400'
Event: 6.093 Thread 0x00000267b563f770 Unloading class 0x00000267cd30ac00 'java/lang/invoke/LambdaForm$MH+0x00000267cd30ac00'
Event: 6.093 Thread 0x00000267b563f770 Unloading class 0x00000267cd30a400 'java/lang/invoke/LambdaForm$MH+0x00000267cd30a400'

Classes redefined (0 events):
No events

Internal exceptions (20 events):
Event: 65.314 Thread 0x000002681452e4d0 Exception <a 'sun/nio/fs/WindowsException'{0x00000000d57f50d8}> (0x00000000d57f50d8) 
thrown [s\src\hotspot\share\prims\jni.cpp, line 520]
Event: 65.315 Thread 0x000002681452e4d0 Exception <a 'sun/nio/fs/WindowsException'{0x00000000d5805900}> (0x00000000d5805900) 
thrown [s\src\hotspot\share\prims\jni.cpp, line 520]
Event: 65.316 Thread 0x000002681452e4d0 Exception <a 'sun/nio/fs/WindowsException'{0x00000000d5816660}> (0x00000000d5816660) 
thrown [s\src\hotspot\share\prims\jni.cpp, line 520]
Event: 65.692 Thread 0x000002681452e4d0 Exception <a 'sun/nio/fs/WindowsException'{0x00000000d55a7d68}> (0x00000000d55a7d68) 
thrown [s\src\hotspot\share\prims\jni.cpp, line 520]
Event: 65.692 Thread 0x000002681452e4d0 Exception <a 'sun/nio/fs/WindowsException'{0x00000000d55b5218}> (0x00000000d55b5218) 
thrown [s\src\hotspot\share\prims\jni.cpp, line 520]
Event: 65.692 Thread 0x000002681452e4d0 Exception <a 'sun/nio/fs/WindowsException'{0x00000000d55c8538}> (0x00000000d55c8538) 
thrown [s\src\hotspot\share\prims\jni.cpp, line 520]
Event: 65.693 Thread 0x000002681452e4d0 Exception <a 'sun/nio/fs/WindowsException'{0x00000000d55d58b8}> (0x00000000d55d58b8) 
thrown [s\src\hotspot\share\prims\jni.cpp, line 520]
Event: 65.693 Thread 0x000002681452e4d0 Exception <a 'sun/nio/fs/WindowsException'{0x00000000d55f2890}> (0x00000000d55f2890) 
thrown [s\src\hotspot\share\prims\jni.cpp, line 520]
Event: 65.694 Thread 0x000002681452e4d0 Exception <a 'sun/nio/fs/WindowsException'{0x00000000d5602648}> (0x00000000d5602648) 
thrown [s\src\hotspot\share\prims\jni.cpp, line 520]
Event: 65.694 Thread 0x000002681452e4d0 Exception <a 'sun/nio/fs/WindowsException'{0x00000000d56123f8}> (0x00000000d56123f8) 
thrown [s\src\hotspot\share\prims\jni.cpp, line 520]
Event: 65.750 Thread 0x000002681452d7b0 Implicit null exception at 0x00000267c093792c to 0x00000267c0938298
Event: 65.752 Thread 0x000002681452d7b0 Implicit null exception at 0x00000267c04c22cf to 0x00000267c04c253c
Event: 65.794 Thread 0x0000026816007930 Exception <a 'sun/nio/fs/WindowsException'{0x00000000d57670d8}> (0x00000000d57670d8) 
thrown [s\src\hotspot\share\prims\jni.cpp, line 520]
Event: 65.794 Thread 0x0000026816007930 Exception <a 'sun/nio/fs/WindowsException'{0x00000000d5783f08}> (0x00000000d5783f08) 
thrown [s\src\hotspot\share\prims\jni.cpp, line 520]
Event: 65.801 Thread 0x0000026816007930 Exception <a 'sun/nio/fs/WindowsException'{0x00000000d558ab80}> (0x00000000d558ab80) 
thrown [s\src\hotspot\share\prims\jni.cpp, line 520]
Event: 65.801 Thread 0x0000026816007930 Exception <a 'sun/nio/fs/WindowsException'{0x00000000d55a9958}> (0x00000000d55a9958) 
thrown [s\src\hotspot\share\prims\jni.cpp, line 520]
Event: 66.279 Thread 0x0000026816007930 Exception <a 'java/lang/IncompatibleClassChangeError'{0x00000000d57f8dc8}: Found class java.lang.Object, but interface was expected> (0x00000000d57f8dc8) 
thrown [s\src\hotspot\share\interpreter\linkResolver.cpp, line 840]
Event: 68.485 Thread 0x000002681493b3a0 Exception <a 'sun/nio/fs/WindowsException'{0x00000000d55c9558}> (0x00000000d55c9558) 
thrown [s\src\hotspot\share\prims\jni.cpp, line 520]
Event: 70.044 Thread 0x0000026816009a00 Implicit null exception at 0x00000267c08cb121 to 0x00000267c08cb284
Event: 70.098 Thread 0x0000026816009a00 Implicit null exception at 0x00000267c0836509 to 0x00000267c083b0b8

ZGC Phase Switch (0 events):
No events

VM Operations (20 events):
Event: 69.786 Executing VM operation: ParallelGCFailedAllocation (Allocation Failure) done
Event: 69.835 Executing VM operation: ParallelGCFailedAllocation (Allocation Failure)
Event: 69.838 Executing VM operation: ParallelGCFailedAllocation (Allocation Failure) done
Event: 69.881 Executing VM operation: ParallelGCFailedAllocation (Allocation Failure)
Event: 69.884 Executing VM operation: ParallelGCFailedAllocation (Allocation Failure) done
Event: 69.903 Executing VM operation: ParallelGCFailedAllocation (Allocation Failure)
Event: 69.905 Executing VM operation: ParallelGCFailedAllocation (Allocation Failure) done
Event: 69.921 Executing VM operation: ParallelGCFailedAllocation (Allocation Failure)
Event: 69.925 Executing VM operation: ParallelGCFailedAllocation (Allocation Failure) done
Event: 69.997 Executing VM operation: ParallelGCFailedAllocation (Allocation Failure)
Event: 70.001 Executing VM operation: ParallelGCFailedAllocation (Allocation Failure) done
Event: 70.055 Executing VM operation: ParallelGCFailedAllocation (Allocation Failure)
Event: 70.057 Executing VM operation: ParallelGCFailedAllocation (Allocation Failure) done
Event: 70.107 Executing VM operation: ParallelGCFailedAllocation (Allocation Failure)
Event: 70.114 Executing VM operation: ParallelGCFailedAllocation (Allocation Failure) done
Event: 70.126 Executing VM operation: ParallelGCFailedAllocation (Allocation Failure)
Event: 70.129 Executing VM operation: ParallelGCFailedAllocation (Allocation Failure) done
Event: 70.151 Executing VM operation: ParallelGCFailedAllocation (Allocation Failure)
Event: 70.157 Executing VM operation: ParallelGCFailedAllocation (Allocation Failure) done
Event: 70.440 Executing VM operation: ParallelGCFailedAllocation (Allocation Failure)

Memory protections (0 events):
No events

Nmethod flushes (20 events):
Event: 10.711 Thread 0x00000267b563f770 flushing  nmethod 0x00000267b9144310
Event: 10.711 Thread 0x00000267b563f770 flushing  nmethod 0x00000267b9148190
Event: 10.711 Thread 0x00000267b563f770 flushing  nmethod 0x00000267b914a210
Event: 10.711 Thread 0x00000267b563f770 flushing  nmethod 0x00000267b914b410
Event: 10.711 Thread 0x00000267b563f770 flushing  nmethod 0x00000267b916cc10
Event: 10.711 Thread 0x00000267b563f770 flushing  nmethod 0x00000267b917cf10
Event: 10.711 Thread 0x00000267b563f770 flushing  nmethod 0x00000267b918ac90
Event: 10.711 Thread 0x00000267b563f770 flushing  nmethod 0x00000267b918af90
Event: 10.711 Thread 0x00000267b563f770 flushing  nmethod 0x00000267b9199590
Event: 10.711 Thread 0x00000267b563f770 flushing  nmethod 0x00000267b9199b90
Event: 10.711 Thread 0x00000267b563f770 flushing  nmethod 0x00000267b919ab10
Event: 10.711 Thread 0x00000267b563f770 flushing  nmethod 0x00000267b919cf10
Event: 10.711 Thread 0x00000267b563f770 flushing  nmethod 0x00000267b91abe10
Event: 10.711 Thread 0x00000267b563f770 flushing  nmethod 0x00000267b91e1a10
Event: 10.711 Thread 0x00000267b563f770 flushing  nmethod 0x00000267b91f0a10
Event: 10.711 Thread 0x00000267b563f770 flushing  nmethod 0x00000267b91f4410
Event: 10.711 Thread 0x00000267b563f770 flushing  nmethod 0x00000267b920d310
Event: 10.711 Thread 0x00000267b563f770 flushing  nmethod 0x00000267b920e490
Event: 10.711 Thread 0x00000267b563f770 flushing  nmethod 0x00000267b920f190
Event: 10.711 Thread 0x00000267b563f770 flushing  nmethod 0x00000267b9212310

Events (20 events):
Event: 64.911 Thread 0x0000026820e74960 Thread exited: 0x0000026820e74960
Event: 65.009 Thread 0x00000267b5659e70 Thread added: 0x0000026816fbbcb0
Event: 66.542 Thread 0x0000026816fbbcb0 Thread exited: 0x0000026816fbbcb0
Event: 68.109 Thread 0x0000026816008650 Thread exited: 0x0000026816008650
Event: 69.698 Thread 0x0000026816009a00 Thread exited: 0x0000026816009a00
Event: 69.698 Thread 0x000002681600a090 Thread exited: 0x000002681600a090
Event: 69.699 Thread 0x0000026820e6f410 Thread exited: 0x0000026820e6f410
Event: 69.909 Thread 0x000002680e35bfc0 Thread added: 0x0000026816fbca50
Event: 69.927 Thread 0x0000026816fbca50 Thread added: 0x0000026816fbd7f0
Event: 69.938 Thread 0x000002681452f1f0 Thread added: 0x0000026816008650
Event: 69.941 Thread 0x000002681452f1f0 Thread added: 0x0000026816008ce0
Event: 69.990 Thread 0x0000026816008ce0 Thread exited: 0x0000026816008ce0
Event: 69.991 Thread 0x000002681452f1f0 Thread added: 0x0000026816008ce0
Event: 69.997 Thread 0x000002681452f1f0 Thread added: 0x0000026816009a00
Event: 70.055 Thread 0x0000026816009a00 Thread added: 0x000002681600a090
Event: 70.090 Thread 0x0000026816009a00 Thread added: 0x0000026820e6f410
Event: 70.091 Thread 0x0000026816009a00 Thread added: 0x0000026820e742d0
Event: 70.091 Thread 0x0000026820e6f410 Thread exited: 0x0000026820e6f410
Event: 70.338 Thread 0x0000026816fbd7f0 Thread exited: 0x0000026816fbd7f0
Event: 70.361 Thread 0x0000026816fbca50 Thread exited: 0x0000026816fbca50


Dynamic libraries:
0x00007ff71a3b0000 - 0x00007ff71a3be000 	c:\Users\sande\.vscode\extensions\redhat.java-1.52.0-win32-x64\jre\21.0.9-win32-x86_64\bin\java.exe
0x00007ffbf35a0000 - 0x00007ffbf3808000 	C:\WINDOWS\SYSTEM32\ntdll.dll
0x00007ffbf21f0000 - 0x00007ffbf22b9000 	C:\WINDOWS\System32\KERNEL32.DLL
0x00007ffbf02a0000 - 0x00007ffbf0691000 	C:\WINDOWS\System32\KERNELBASE.dll
0x00007ffbefe80000 - 0x00007ffbeffcb000 	C:\WINDOWS\System32\ucrtbase.dll
0x00007ffb73280000 - 0x00007ffb73298000 	c:\Users\sande\.vscode\extensions\redhat.java-1.52.0-win32-x64\jre\21.0.9-win32-x86_64\bin\jli.dll
0x00007ffb74aa0000 - 0x00007ffb74abe000 	c:\Users\sande\.vscode\extensions\redhat.java-1.52.0-win32-x64\jre\21.0.9-win32-x86_64\bin\VCRUNTIME140.dll
0x00007ffbf3350000 - 0x00007ffbf3516000 	C:\WINDOWS\System32\USER32.dll
0x00007ffbf0100000 - 0x00007ffbf0127000 	C:\WINDOWS\System32\win32u.dll
0x00007ffbd88b0000 - 0x00007ffbd8b43000 	C:\WINDOWS\WinSxS\amd64_microsoft.windows.common-controls_6595b64144ccf1df_6.0.26100.7705_none_3e06597ae3363b04\COMCTL32.dll
0x00007ffbf1ff0000 - 0x00007ffbf201b000 	C:\WINDOWS\System32\GDI32.dll
0x00007ffbf26e0000 - 0x00007ffbf2789000 	C:\WINDOWS\System32\msvcrt.dll
0x00007ffbeffd0000 - 0x00007ffbf00fb000 	C:\WINDOWS\System32\gdi32full.dll
0x00007ffbf0130000 - 0x00007ffbf01d3000 	C:\WINDOWS\System32\msvcp_win.dll
0x00007ffbf3520000 - 0x00007ffbf3551000 	C:\WINDOWS\System32\IMM32.DLL
0x00007ffb86570000 - 0x00007ffb8657c000 	c:\Users\sande\.vscode\extensions\redhat.java-1.52.0-win32-x64\jre\21.0.9-win32-x86_64\bin\vcruntime140_1.dll
0x00007ffb31210000 - 0x00007ffb3129d000 	c:\Users\sande\.vscode\extensions\redhat.java-1.52.0-win32-x64\jre\21.0.9-win32-x86_64\bin\msvcp140.dll
0x00007ffb30470000 - 0x00007ffb31210000 	c:\Users\sande\.vscode\extensions\redhat.java-1.52.0-win32-x64\jre\21.0.9-win32-x86_64\bin\server\jvm.dll
0x00007ffbf2ee0000 - 0x00007ffbf2f94000 	C:\WINDOWS\System32\ADVAPI32.dll
0x00007ffbf1aa0000 - 0x00007ffbf1b46000 	C:\WINDOWS\System32\sechost.dll
0x00007ffbf31b0000 - 0x00007ffbf32c8000 	C:\WINDOWS\System32\RPCRT4.dll
0x00007ffbf2020000 - 0x00007ffbf2094000 	C:\WINDOWS\System32\WS2_32.dll
0x00007ffbeea80000 - 0x00007ffbeeade000 	C:\WINDOWS\SYSTEM32\POWRPROF.dll
0x00007ffbe7f90000 - 0x00007ffbe7f9b000 	C:\WINDOWS\SYSTEM32\VERSION.dll
0x00007ffbda4a0000 - 0x00007ffbda4d5000 	C:\WINDOWS\SYSTEM32\WINMM.dll
0x00007ffbeea60000 - 0x00007ffbeea74000 	C:\WINDOWS\SYSTEM32\UMPDC.dll
0x00007ffbeed50000 - 0x00007ffbeed6b000 	C:\WINDOWS\SYSTEM32\kernel.appcore.dll
0x00007ffb85de0000 - 0x00007ffb85dea000 	c:\Users\sande\.vscode\extensions\redhat.java-1.52.0-win32-x64\jre\21.0.9-win32-x86_64\bin\jimage.dll
0x00007ffbedc50000 - 0x00007ffbede92000 	C:\WINDOWS\SYSTEM32\DBGHELP.DLL
0x00007ffbf22d0000 - 0x00007ffbf2656000 	C:\WINDOWS\System32\combase.dll
0x00007ffbf2a10000 - 0x00007ffbf2ae7000 	C:\WINDOWS\System32\OLEAUT32.dll
0x00007ffbd6960000 - 0x00007ffbd699b000 	C:\WINDOWS\SYSTEM32\dbgcore.DLL
0x00007ffbf06a0000 - 0x00007ffbf0745000 	C:\WINDOWS\System32\bcryptPrimitives.dll
0x00007ffbea0a0000 - 0x00007ffbea0af000 	c:\Users\sande\.vscode\extensions\redhat.java-1.52.0-win32-x64\jre\21.0.9-win32-x86_64\bin\instrument.dll
0x00007ffb6fc00000 - 0x00007ffb6fc20000 	c:\Users\sande\.vscode\extensions\redhat.java-1.52.0-win32-x64\jre\21.0.9-win32-x86_64\bin\java.dll
0x00007ffbf1340000 - 0x00007ffbf1a91000 	C:\WINDOWS\System32\SHELL32.dll
0x00007ffbf11d0000 - 0x00007ffbf133a000 	C:\WINDOWS\System32\wintypes.dll
0x00007ffbf07e0000 - 0x00007ffbf1042000 	C:\WINDOWS\System32\windows.storage.dll
0x00007ffbf20f0000 - 0x00007ffbf21e6000 	C:\WINDOWS\System32\SHCORE.dll
0x00007ffbf2fa0000 - 0x00007ffbf3007000 	C:\WINDOWS\System32\shlwapi.dll
0x00007ffbefda0000 - 0x00007ffbefdc9000 	C:\WINDOWS\SYSTEM32\profapi.dll
0x00007ffb588d0000 - 0x00007ffb588e8000 	c:\Users\sande\.vscode\extensions\redhat.java-1.52.0-win32-x64\jre\21.0.9-win32-x86_64\bin\zip.dll
0x00007ffb701c0000 - 0x00007ffb701d0000 	C:\Users\sande\.vscode\extensions\redhat.java-1.52.0-win32-x64\jre\21.0.9-win32-x86_64\bin\net.dll
0x00007ffbe88d0000 - 0x00007ffbe89f7000 	C:\WINDOWS\SYSTEM32\WINHTTP.dll
0x00007ffbef2c0000 - 0x00007ffbef32b000 	C:\WINDOWS\system32\mswsock.dll
0x00007ffb357a0000 - 0x00007ffb357b6000 	C:\Users\sande\.vscode\extensions\redhat.java-1.52.0-win32-x64\jre\21.0.9-win32-x86_64\bin\nio.dll
0x00007ffbea090000 - 0x00007ffbea0a0000 	c:\Users\sande\.vscode\extensions\redhat.java-1.52.0-win32-x64\jre\21.0.9-win32-x86_64\bin\verify.dll
0x00007ffbc35c0000 - 0x00007ffbc3605000 	C:\Users\sande\AppData\Roaming\Code\User\globalStorage\redhat.java\1.52.0\config_win\org.eclipse.equinox.launcher\org.eclipse.equinox.launcher.win32.win32.x86_64_1.2.1500.v20260121-1430\eclipse_11919.dll
0x00007ffbf2c40000 - 0x00007ffbf2dd7000 	C:\WINDOWS\System32\ole32.dll
0x00007ffbef580000 - 0x00007ffbef59b000 	C:\WINDOWS\SYSTEM32\CRYPTSP.dll
0x00007ffbeecb0000 - 0x00007ffbeece9000 	C:\WINDOWS\system32\rsaenh.dll
0x00007ffbef370000 - 0x00007ffbef39b000 	C:\WINDOWS\SYSTEM32\USERENV.dll
0x00007ffbefd70000 - 0x00007ffbefd9a000 	C:\WINDOWS\SYSTEM32\bcrypt.dll
0x00007ffbef5a0000 - 0x00007ffbef5ac000 	C:\WINDOWS\SYSTEM32\CRYPTBASE.dll
0x00007ffbee740000 - 0x00007ffbee774000 	C:\WINDOWS\SYSTEM32\IPHLPAPI.DLL
0x00007ffbf2820000 - 0x00007ffbf282a000 	C:\WINDOWS\System32\NSI.dll
0x00007ffbac9c0000 - 0x00007ffbaca09000 	C:\Users\sande\AppData\Local\Temp\jna-109203553\jna4112313884015830465.dll
0x00007ffbf1b50000 - 0x00007ffbf1b58000 	C:\WINDOWS\System32\PSAPI.DLL
0x00007ffbe8b80000 - 0x00007ffbe8b9e000 	C:\WINDOWS\SYSTEM32\dhcpcsvc6.DLL
0x00007ffbe8860000 - 0x00007ffbe8883000 	C:\WINDOWS\SYSTEM32\dhcpcsvc.DLL
0x00007ffbbdf50000 - 0x00007ffbbdf77000 	C:\Users\sande\.gradle\native\68d5fa5c4cc2d200863cafc0d521ce42e7d3e7ee720ec0a83991735586a16f82\windows-amd64\native-platform.dll
0x00007ffb72800000 - 0x00007ffb7280a000 	C:\Users\sande\.vscode\extensions\redhat.java-1.52.0-win32-x64\jre\21.0.9-win32-x86_64\bin\management.dll
0x00007ffb727f0000 - 0x00007ffb727fc000 	C:\Users\sande\.vscode\extensions\redhat.java-1.52.0-win32-x64\jre\21.0.9-win32-x86_64\bin\management_ext.dll
0x00007ffb727d0000 - 0x00007ffb727d9000 	C:\Users\sande\.vscode\extensions\redhat.java-1.52.0-win32-x64\jre\21.0.9-win32-x86_64\bin\extnet.dll
0x00007ffb727e0000 - 0x00007ffb727ee000 	C:\Users\sande\.vscode\extensions\redhat.java-1.52.0-win32-x64\jre\21.0.9-win32-x86_64\bin\sunmscapi.dll
0x00007ffbf1050000 - 0x00007ffbf11c7000 	C:\WINDOWS\System32\CRYPT32.dll
0x00007ffbef7a0000 - 0x00007ffbef7d0000 	C:\WINDOWS\SYSTEM32\ncrypt.dll
0x00007ffbef750000 - 0x00007ffbef78f000 	C:\WINDOWS\SYSTEM32\NTASN1.dll
0x00007ffbcc3f0000 - 0x00007ffbcc3f8000 	C:\WINDOWS\system32\wshunix.dll
0x00007ffbee820000 - 0x00007ffbee94c000 	C:\WINDOWS\SYSTEM32\DNSAPI.dll
0x00007ffbe8030000 - 0x00007ffbe803b000 	C:\Windows\System32\rasadhlp.dll
0x00007ffbe8440000 - 0x00007ffbe84c6000 	C:\WINDOWS\System32\fwpuclnt.dll

JVMTI agents:
c:\Users\sande\.vscode\extensions\redhat.java-1.52.0-win32-x64\lombok\lombok-1.18.39-4050.jar path:c:\Users\sande\.vscode\extensions\redhat.java-1.52.0-win32-x64\jre\21.0.9-win32-x86_64\bin\instrument.dll, loaded, initialized, instrumentlib options:none

dbghelp: loaded successfully - version: 4.0.5 - missing functions: none
symbol engine: initialized successfully - sym options: 0x614 - pdb path: .;c:\Users\sande\.vscode\extensions\redhat.java-1.52.0-win32-x64\jre\21.0.9-win32-x86_64\bin;C:\WINDOWS\SYSTEM32;C:\WINDOWS\WinSxS\amd64_microsoft.windows.common-controls_6595b64144ccf1df_6.0.26100.7705_none_3e06597ae3363b04;c:\Users\sande\.vscode\extensions\redhat.java-1.52.0-win32-x64\jre\21.0.9-win32-x86_64\bin\server;C:\Users\sande\AppData\Roaming\Code\User\globalStorage\redhat.java\1.52.0\config_win\org.eclipse.equinox.launcher\org.eclipse.equinox.launcher.win32.win32.x86_64_1.2.1500.v20260121-1430;C:\Users\sande\AppData\Local\Temp\jna-109203553;C:\Users\sande\.gradle\native\68d5fa5c4cc2d200863cafc0d521ce42e7d3e7ee720ec0a83991735586a16f82\windows-amd64

VM Arguments:
jvm_args: --add-modules=ALL-SYSTEM --add-opens=java.base/java.util=ALL-UNNAMED --add-opens=java.base/java.lang=ALL-UNNAMED --add-opens=java.base/sun.nio.fs=ALL-UNNAMED -Declipse.application=org.eclipse.jdt.ls.core.id1 -Dosgi.bundles.defaultStartLevel=4 -Declipse.product=org.eclipse.jdt.ls.core.product -Djava.import.generatesMetadataFilesAtProjectRoot=false -DDetectVMInstallationsJob.disabled=true -Dfile.encoding=utf8 -XX:+UseParallelGC -XX:GCTimeRatio=4 -XX:AdaptiveSizePolicyWeight=90 -Dsun.zip.disableMemoryMapping=true -Xmx2G -Xms100m -Xlog:disable -javaagent:c:\Users\sande\.vscode\extensions\redhat.java-1.52.0-win32-x64\lombok\lombok-1.18.39-4050.jar -XX:+HeapDumpOnOutOfMemoryError -XX:HeapDumpPath=c:\Users\sande\AppData\Roaming\Code\User\workspaceStorage\be7ba368ab9cfb1cb7631f5b97bea9cb\redhat.java -Daether.dependencyCollector.impl=bf 
java_command: c:\Users\sande\.vscode\extensions\redhat.java-1.52.0-win32-x64\server\plugins\org.eclipse.equinox.launcher_1.7.100.v20251111-0406.jar -configuration c:\Users\sande\AppData\Roaming\Code\User\globalStorage\redhat.java\1.52.0\config_win -data c:\Users\sande\AppData\Roaming\Code\User\workspaceStorage\be7ba368ab9cfb1cb7631f5b97bea9cb\redhat.java\jdt_ws --pipe=\\.\pipe\lsp-b27ce5bc26a008acab2d5eba7238d40a-sock
java_class_path (initial): c:\Users\sande\.vscode\extensions\redhat.java-1.52.0-win32-x64\server\plugins\org.eclipse.equinox.launcher_1.7.100.v20251111-0406.jar
Launcher Type: SUN_STANDARD

[Global flags]
    uintx AdaptiveSizePolicyWeight                 = 90                                        {product} {command line}
     intx CICompilerCount                          = 4                                         {product} {ergonomic}
    uintx GCTimeRatio                              = 4                                         {product} {command line}
     bool HeapDumpOnOutOfMemoryError               = true                                   {manageable} {command line}
    ccstr HeapDumpPath                             = c:\Users\sande\AppData\Roaming\Code\User\workspaceStorage\be7ba368ab9cfb1cb7631f5b97bea9cb\redhat.java         {manageable} {command line}
   size_t InitialHeapSize                          = 104857600                                 {product} {command line}
   size_t MaxHeapSize                              = 2147483648                                {product} {command line}
   size_t MaxNewSize                               = 715653120                                 {product} {ergonomic}
   size_t MinHeapDeltaBytes                        = 524288                                    {product} {ergonomic}
   size_t MinHeapSize                              = 104857600                                 {product} {command line}
   size_t NewSize                                  = 34603008                                  {product} {ergonomic}
    uintx NonNMethodCodeHeapSize                   = 5839372                                {pd product} {ergonomic}
    uintx NonProfiledCodeHeapSize                  = 122909434                              {pd product} {ergonomic}
   size_t OldSize                                  = 70254592                                  {product} {ergonomic}
    uintx ProfiledCodeHeapSize                     = 122909434                              {pd product} {ergonomic}
    uintx ReservedCodeCacheSize                    = 251658240                              {pd product} {ergonomic}
     bool SegmentedCodeCache                       = true                                      {product} {ergonomic}
   size_t SoftMaxHeapSize                          = 2147483648                             {manageable} {ergonomic}
     bool UseCompressedOops                        = true                           {product lp64_product} {ergonomic}
     bool UseLargePagesIndividualAllocation        = false                                  {pd product} {ergonomic}
     bool UseParallelGC                            = true                                      {product} {command line}

Logging:
Log output configuration:
 #0: stdout all=off uptime,level,tags foldmultilines=false
 #1: stderr all=off uptime,level,tags foldmultilines=false

Release file:
JAVA_VERSION="21.0.9" 
MODULES="java.base java.compiler java.datatransfer java.xml java.prefs java.desktop java.instrument java.logging java.management java.security.sasl java.naming java.rmi java.management.rmi java.net.http java.scripting java.security.jgss java.transaction.xa java.sql java.sql.rowset java.xml.crypto java.se java.smartcardio jdk.accessibility jdk.internal.jvmstat jdk.attach jdk.charsets jdk.internal.opt jdk.zipfs jdk.compiler jdk.crypto.ec jdk.crypto.cryptoki jdk.crypto.mscapi jdk.dynalink jdk.internal.ed jdk.editpad jdk.hotspot.agent jdk.httpserver jdk.internal.le jdk.internal.vm.ci jdk.internal.vm.compiler jdk.internal.vm.compiler.management jdk.jartool jdk.javadoc jdk.jcmd jdk.management jdk.management.agent jdk.jconsole jdk.jdeps jdk.jdwp.agent jdk.jdi jdk.jfr jdk.jshell jdk.jsobject jdk.jstatd jdk.localedata jdk.management.jfr jdk.naming.dns jdk.naming.rmi jdk.net jdk.nio.mapmode jdk.random jdk.sctp jdk.security.auth jdk.security.jgss jdk.unsupported jdk.unsupported.desktop jdk.xml.dom" 

Environment Variables:
PATH=C:\Program Files\Common Files\Oracle\Java\javapath;C:\Python313\Scripts\;C:\Python313\;C:\Program Files\Python312\Scripts\;C:\Program Files\Python312\;C:\Windows\system32;C:\Windows;C:\Windows\System32\Wbem;C:\Windows\System32\WindowsPowerShell\v1.0\;C:\Windows\System32\OpenSSH\;C:\Program Files (x86)\NVIDIA Corporation\PhysX\Common;C:\WINDOWS\system32;C:\WINDOWS;C:\WINDOWS\System32\Wbem;C:\WINDOWS\System32\WindowsPowerShell\v1.0\;C:\WINDOWS\System32\OpenSSH\;C:\Program Files\Git\bin;C:\Program Files\NVIDIA Corporation\NVIDIA NvDLISR;C:\Program Files\GTK3-Runtime Win64\bin;C:\Users\sande\Downloads\kotlin-compiler-1.9.22\kotlinc\bin;C:\Program Files\Azure Data Studio\bin;C:\Program Files\MySQL\MySQL Server 8.0\bin;C:\Users\sande\AppData\Local\Android\Sdk;C:\Users\sande\AppData\Local\Android\Sdk\platform-tools;C:\WINDOWS\system32;C:\WINDOWS;C:\WINDOWS\System32\Wbem;C:\WINDOWS\System32\WindowsPowerShell\v1.0\;C:\WINDOWS\System32\OpenSSH\;C:\ProgramData\chocolatey\bin;C:\Program Files\nodejs;C:\Users\sande\AppData\Local\nvm;C:\nvm4w\nodejs;C:\MinGW\bin;C:\Program Files\Go\bin;C:\Users\sande\Downloads\apache-maven-3.9.9\bin;C:\Program Files\PuTTY\;C:\Program Files\Docker\Docker\resources\bin;C:\Program Files\Java\jdk-17\bin;C:\Users\sande\AppData\Local\Android\Sdk\tools;C:\Program Files\MySQL\MySQL Shell 8.0\bin\;C:\Users\sande\AppData\Local\Microsoft\WindowsApps;C:\Program Files\JetBrains\IntelliJ IDEA Community Edition 2023.1.2\bin;;C:\Users\sande\AppData\Local\Programs\Microsoft VS Code\bin;C:\Users\sande\dart-sdk\bin;C:\Users\sande\Desktop\flutter_windows_3.16.5-stable\flutter\bin;C:\Program Files\Azure Data Studio\bin;C:\ProgramData\Microsoft\Windows\Start Menu\Programs\Python 3.12\Python 3.12 (64-bit).lnk;C:\Program Files\Python312\Scripts;C:\Mongosh\;C:\Users\sande\AppData\Local\nvm;C:\nvm4w\nodejs;C:\Users\sande\go\bin;C:\Program Files\JetBrains\IntelliJ IDEA 2024.3.5\bin;;C:\Program Files\Java\jdk-17\bin;C:\Program Files\Java\jdk-17\;C:\Users\sande\AppData\Local\Programs\Antigravity\bin
USERNAME=sande
OS=Windows_NT
PROCESSOR_IDENTIFIER=Intel64 Family 6 Model 165 Stepping 2, GenuineIntel
TMP=C:\Users\sande\AppData\Local\Temp
TEMP=C:\Users\sande\AppData\Local\Temp




Periodic native trim disabled

---------------  S Y S T E M  ---------------

OS:
 Windows 11 , 64 bit Build 26100 (10.0.26100.7705)
OS uptime: 0 days 1:43 hours
Hyper-V role detected

CPU: total 12 (initial active 12) (6 cores per cpu, 2 threads per core) family 6 model 165 stepping 2 microcode 0xf6, cx8, cmov, fxsr, ht, mmx, 3dnowpref, sse, sse2, sse3, ssse3, sse4.1, sse4.2, popcnt, lzcnt, tsc, tscinvbit, avx, avx2, aes, erms, clmul, bmi1, bmi2, adx, fma, vzeroupper, clflush, clflushopt, hv, rdtscp, f16c
Processor Information for the first 12 processors :
  Max Mhz: 2496, Current Mhz: 2496, Mhz Limit: 2496

Memory: 4k page, system-wide physical 8059M (763M free)
TotalPageFile size 32635M (AvailPageFile size 9M)
current process WorkingSet (physical memory assigned to process): 682M, peak: 682M
current process commit charge ("private bytes"): 947M, peak: 947M

vm_info: OpenJDK 64-Bit Server VM (21.0.9+10-LTS) for windows-amd64 JRE (21.0.9+10-LTS), built on 2025-10-21T00:00:00Z by "admin" with unknown MS VC++:1942

END.
