#
# There is insufficient memory for the Java Runtime Environment to continue.
# Native memory allocation (malloc) failed to allocate 1048576 bytes. Error detail: AllocateHeap
# Possible reasons:
#   The system is out of physical RAM or swap space
#   This process is running with CompressedOops enabled, and the Java Heap may be blocking the growth of the native heap
# Possible solutions:
#   Reduce memory load on the system
#   Increase physical memory or swap space
#   Check if swap backing store is full
#   Decrease Java heap size (-Xmx/-Xms)
#   Decrease number of Java threads
#   Decrease Java thread stack sizes (-Xss)
#   Set larger code cache with -XX:ReservedCodeCacheSize=
#   JVM is running with Unscaled Compressed Oops mode in which the Java heap is
#     placed in the first 4GB address space. The Java Heap base address is the
#     maximum limit for the native heap growth. Please use -XX:HeapBaseMinAddress
#     to set the Java Heap base and to place the Java Heap above 4GB virtual address.
# This output file may be truncated or incomplete.
#
#  Out of Memory Error (allocation.cpp:44), pid=24328, tid=24344
#
# JRE version: OpenJDK Runtime Environment Temurin-21.0.10+7 (21.0.10+7) (build 21.0.10+7-LTS)
# Java VM: OpenJDK 64-Bit Server VM Temurin-21.0.10+7 (21.0.10+7-LTS, mixed mode, sharing, tiered, compressed oops, compressed class ptrs, parallel gc, windows-amd64)
# No core dump will be written. Minidumps are not enabled by default on client versions of Windows
#

---------------  S U M M A R Y ------------

Command Line: --add-modules=ALL-SYSTEM --add-opens=java.base/java.util=ALL-UNNAMED --add-opens=java.base/java.lang=ALL-UNNAMED --add-opens=java.base/sun.nio.fs=ALL-UNNAMED -Declipse.application=org.eclipse.jdt.ls.core.id1 -Dosgi.bundles.defaultStartLevel=4 -Declipse.product=org.eclipse.jdt.ls.core.product -Djava.import.generatesMetadataFilesAtProjectRoot=false -DDetectVMInstallationsJob.disabled=true -Dfile.encoding=utf8 -XX:+UseParallelGC -XX:GCTimeRatio=4 -XX:AdaptiveSizePolicyWeight=90 -Dsun.zip.disableMemoryMapping=true -Xmx2G -Xms100m -Xlog:disable -javaagent:c:\Users\sande\.vscode\extensions\redhat.java-1.53.0-win32-x64\lombok\lombok-1.18.39-4050.jar -XX:+HeapDumpOnOutOfMemoryError -XX:HeapDumpPath=c:\Users\sande\AppData\Roaming\Code\User\workspaceStorage\be7ba368ab9cfb1cb7631f5b97bea9cb\redhat.java -Daether.dependencyCollector.impl=bf c:\Users\sande\.vscode\extensions\redhat.java-1.53.0-win32-x64\server\plugins\org.eclipse.equinox.launcher_1.7.100.v20251111-0406.jar -configuration c:\Users\sande\AppData\Roaming\Code\User\globalStorage\redhat.java\1.53.0\config_win -data c:\Users\sande\AppData\Roaming\Code\User\workspaceStorage\be7ba368ab9cfb1cb7631f5b97bea9cb\redhat.java\jdt_ws --pipe=\\.\pipe\lsp-bac839aaceec0b40dfd45d708e0d535c-sock

Host: Intel(R) Core(TM) i5-10500H CPU @ 2.50GHz, 12 cores, 7G,  Windows 11 , 64 bit Build 26100 (10.0.26100.7920)
Time: Wed Apr  1 02:44:25 2026 India Standard Time elapsed time: 8094.925895 seconds (0d 2h 14m 54s)

---------------  T H R E A D  ---------------

Current thread (0x00000297fa05ad90):  JavaThread "Attach Listener" daemon [_thread_in_vm, id=24344, stack(0x0000009e98100000,0x0000009e98200000) (1024K)]

Stack: [0x0000009e98100000,0x0000009e98200000]
Native frames: (J=compiled Java code, j=interpreted, Vv=VM code, C=native code)
V  [jvm.dll+0x6d7a39]
V  [jvm.dll+0x8b4b26]
V  [jvm.dll+0x8b70de]
V  [jvm.dll+0x8b77c3]
V  [jvm.dll+0x284346]
V  [jvm.dll+0xc1277]
V  [jvm.dll+0x6d82e9]
V  [jvm.dll+0x1334a6]
V  [jvm.dll+0x3f857e]
V  [jvm.dll+0x85f59d]
V  [jvm.dll+0x6d626d]
C  [ucrtbase.dll+0x37b0]
C  [KERNEL32.DLL+0x2e8d7]
C  [ntdll.dll+0x8c48c]


---------------  P R O C E S S  ---------------

Threads class SMR info:
_java_thread_list=0x00000297e87276a0, length=46, elements={
0x00000297f9a4afe0, 0x00000297ff70d020, 0x00000297fa0553f0, 0x00000297fa05a330,
0x00000297fa05ad90, 0x00000297fa05cd50, 0x00000297fa063510, 0x00000297d4be23a0,
0x00000297fa06e870, 0x00000297d4e7d440, 0x00000297d4e7e7f0, 0x00000297d4e7ba00,
0x00000297d4e7c090, 0x00000297d4e7c720, 0x00000297d4e7cdb0, 0x00000297d4e7ee80,
0x00000297d4e7dad0, 0x00000297d4e7e160, 0x00000297dae3f860, 0x00000297dae3eb40,
0x00000297dae3de20, 0x00000297dae44720, 0x00000297dae42650, 0x00000297dae43a00,
0x00000297dae43370, 0x00000297dae41fc0, 0x00000297dae42ce0, 0x00000297dae45440,
0x00000297dae44090, 0x00000297dae44db0, 0x00000297dd16c420, 0x00000297dd16e4f0,
0x00000297dd16d7d0, 0x00000297dd16eb80, 0x00000297dd16de60, 0x00000297dd16cab0,
0x00000297dd1705c0, 0x00000297dd75c950, 0x00000297dd75a1f0, 0x00000297dd75fdd0,
0x00000297dd760460, 0x00000297dd75dd00, 0x00000297dd75a880, 0x00000297dd759b60,
0x00000297dd172d20, 0x00000297dd173a40
}

Java Threads: ( => current thread )
  0x00000297f9a4afe0 JavaThread "main"                              [_thread_blocked, id=24452, stack(0x0000009e97a00000,0x0000009e97b00000) (1024K)]
  0x00000297ff70d020 JavaThread "Reference Handler"          daemon [_thread_blocked, id=24272, stack(0x0000009e97e00000,0x0000009e97f00000) (1024K)]
  0x00000297fa0553f0 JavaThread "Finalizer"                  daemon [_thread_blocked, id=24400, stack(0x0000009e97f00000,0x0000009e98000000) (1024K)]
  0x00000297fa05a330 JavaThread "Signal Dispatcher"          daemon [_thread_blocked, id=24396, stack(0x0000009e98000000,0x0000009e98100000) (1024K)]
=>0x00000297fa05ad90 JavaThread "Attach Listener"            daemon [_thread_in_vm, id=24344, stack(0x0000009e98100000,0x0000009e98200000) (1024K)]
  0x00000297fa05cd50 JavaThread "Service Thread"             daemon [_thread_blocked, id=24380, stack(0x0000009e98200000,0x0000009e98300000) (1024K)]
  0x00000297fa063510 JavaThread "Monitor Deflation Thread"   daemon [_thread_blocked, id=24340, stack(0x0000009e98300000,0x0000009e98400000) (1024K)]
  0x00000297d4be23a0 JavaThread "C2 CompilerThread0"         daemon [_thread_blocked, id=24392, stack(0x0000009e98400000,0x0000009e98500000) (1024K)]
  0x00000297fa06e870 JavaThread "C1 CompilerThread0"         daemon [_thread_blocked, id=24388, stack(0x0000009e98500000,0x0000009e98600000) (1024K)]
  0x00000297d4e7d440 JavaThread "Common-Cleaner"             daemon [_thread_blocked, id=24336, stack(0x0000009e98700000,0x0000009e98800000) (1024K)]
  0x00000297d4e7e7f0 JavaThread "Notification Thread"        daemon [_thread_blocked, id=23208, stack(0x0000009e98800000,0x0000009e98900000) (1024K)]
  0x00000297d4e7ba00 JavaThread "Active Thread: Equinox Container: 589eb744-eaaa-4fbb-ba7c-a2d2cc8709f9"        [_thread_blocked, id=23688, stack(0x0000009e99000000,0x0000009e99100000) (1024K)]
  0x00000297d4e7c090 JavaThread "Refresh Thread: Equinox Container: 589eb744-eaaa-4fbb-ba7c-a2d2cc8709f9" daemon [_thread_blocked, id=20832, stack(0x0000009e98900000,0x0000009e98a00000) (1024K)]
  0x00000297d4e7c720 JavaThread "Framework Event Dispatcher: Equinox Container: 589eb744-eaaa-4fbb-ba7c-a2d2cc8709f9" daemon [_thread_blocked, id=5492, stack(0x0000009e99100000,0x0000009e99200000) (1024K)]
  0x00000297d4e7cdb0 JavaThread "Start Level: Equinox Container: 589eb744-eaaa-4fbb-ba7c-a2d2cc8709f9" daemon [_thread_blocked, id=22756, stack(0x0000009e99200000,0x0000009e99300000) (1024K)]
  0x00000297d4e7ee80 JavaThread "Bundle File Closer"         daemon [_thread_blocked, id=14264, stack(0x0000009e99600000,0x0000009e99700000) (1024K)]
  0x00000297d4e7dad0 JavaThread "SCR Component Actor"        daemon [_thread_blocked, id=14080, stack(0x0000009e99300000,0x0000009e99400000) (1024K)]
  0x00000297d4e7e160 JavaThread "Worker-JM"                         [_thread_blocked, id=22736, stack(0x0000009e99800000,0x0000009e99900000) (1024K)]
  0x00000297dae3f860 JavaThread "JNA Cleaner"                daemon [_thread_blocked, id=8640, stack(0x0000009e99900000,0x0000009e99a00000) (1024K)]
  0x00000297dae3eb40 JavaThread "Worker-1"                          [_thread_blocked, id=20680, stack(0x0000009e99b00000,0x0000009e99c00000) (1024K)]
  0x00000297dae3de20 JavaThread "Java indexing"              daemon [_thread_blocked, id=16760, stack(0x0000009e99d00000,0x0000009e99e00000) (1024K)]
  0x00000297dae44720 JavaThread "Thread-1"                   daemon [_thread_in_native, id=23004, stack(0x0000009e9a200000,0x0000009e9a300000) (1024K)]
  0x00000297dae42650 JavaThread "Thread-2"                   daemon [_thread_in_native, id=16932, stack(0x0000009e9a300000,0x0000009e9a400000) (1024K)]
  0x00000297dae43a00 JavaThread "Thread-3"                   daemon [_thread_in_native, id=12968, stack(0x0000009e9a400000,0x0000009e9a500000) (1024K)]
  0x00000297dae43370 JavaThread "Thread-4"                   daemon [_thread_in_native, id=22912, stack(0x0000009e9a500000,0x0000009e9a600000) (1024K)]
  0x00000297dae41fc0 JavaThread "Thread-5"                   daemon [_thread_in_native, id=21436, stack(0x0000009e9a600000,0x0000009e9a700000) (1024K)]
  0x00000297dae42ce0 JavaThread "Thread-6"                   daemon [_thread_in_native, id=24408, stack(0x0000009e9a700000,0x0000009e9a800000) (1024K)]
  0x00000297dae45440 JavaThread "Thread-7"                   daemon [_thread_in_native, id=12716, stack(0x0000009e9a800000,0x0000009e9a900000) (1024K)]
  0x00000297dae44090 JavaThread "Thread-8"                   daemon [_thread_in_native, id=23916, stack(0x0000009e9a900000,0x0000009e9aa00000) (1024K)]
  0x00000297dae44db0 JavaThread "Thread-9"                   daemon [_thread_in_native, id=23980, stack(0x0000009e9aa00000,0x0000009e9ab00000) (1024K)]
  0x00000297dd16c420 JavaThread "Thread-10"                  daemon [_thread_in_native, id=3796, stack(0x0000009e9ab00000,0x0000009e9ac00000) (1024K)]
  0x00000297dd16e4f0 JavaThread "Thread-11"                  daemon [_thread_in_native, id=15952, stack(0x0000009e9ac00000,0x0000009e9ad00000) (1024K)]
  0x00000297dd16d7d0 JavaThread "Thread-12"                  daemon [_thread_in_native, id=20360, stack(0x0000009e9ad00000,0x0000009e9ae00000) (1024K)]
  0x00000297dd16eb80 JavaThread "Thread-13"                  daemon [_thread_in_native, id=12312, stack(0x0000009e9ae00000,0x0000009e9af00000) (1024K)]
  0x00000297dd16de60 JavaThread "pool-2-thread-1"                   [_thread_blocked, id=19228, stack(0x0000009e9b100000,0x0000009e9b200000) (1024K)]
  0x00000297dd16cab0 JavaThread "WorkspaceEventsHandler"            [_thread_blocked, id=23588, stack(0x0000009e9b200000,0x0000009e9b300000) (1024K)]
  0x00000297dd1705c0 JavaThread "pool-1-thread-1"                   [_thread_blocked, id=24136, stack(0x0000009e9b300000,0x0000009e9b400000) (1024K)]
  0x00000297dd75c950 JavaThread "Timer-0"                           [_thread_blocked, id=22584, stack(0x0000009e9c000000,0x0000009e9c100000) (1024K)]
  0x00000297dd75a1f0 JavaThread "Timer-1"                           [_thread_blocked, id=17268, stack(0x0000009e9c100000,0x0000009e9c200000) (1024K)]
  0x00000297dd75fdd0 JavaThread "Timer-2"                           [_thread_blocked, id=21516, stack(0x0000009e9c500000,0x0000009e9c600000) (1024K)]
  0x00000297dd760460 JavaThread "Timer-3"                           [_thread_blocked, id=22148, stack(0x0000009e9b400000,0x0000009e9b500000) (1024K)]
  0x00000297dd75dd00 JavaThread "Timer-4"                           [_thread_blocked, id=23768, stack(0x0000009e9c600000,0x0000009e9c700000) (1024K)]
  0x00000297dd75a880 JavaThread "Timer-5"                           [_thread_blocked, id=22180, stack(0x0000009e97800000,0x0000009e97900000) (1024K)]
  0x00000297dd759b60 JavaThread "Timer-6"                           [_thread_blocked, id=2500, stack(0x0000009e97900000,0x0000009e97a00000) (1024K)]
  0x00000297dd172d20 JavaThread "Timer-7"                           [_thread_blocked, id=3284, stack(0x0000009e9b800000,0x0000009e9b900000) (1024K)]
  0x00000297dd173a40 JavaThread "Worker-12"                         [_thread_blocked, id=4412, stack(0x0000009e9b700000,0x0000009e9b800000) (1024K)]
Total: 46

Other Threads:
  0x00000297fa052b10 VMThread "VM Thread"                           [id=24316, stack(0x0000009e97d00000,0x0000009e97e00000) (1024K)]
  0x00000297ff5eca00 WatcherThread "VM Periodic Task Thread"        [id=24312, stack(0x0000009e97c00000,0x0000009e97d00000) (1024K)]
  0x00000297f9fd2830 WorkerThread "GC Thread#0"                     [id=24404, stack(0x0000009e97b00000,0x0000009e97c00000) (1024K)]
  0x00000297d4f9f920 WorkerThread "GC Thread#1"                     [id=23776, stack(0x0000009e98a00000,0x0000009e98b00000) (1024K)]
  0x00000297da6c56c0 WorkerThread "GC Thread#2"                     [id=23744, stack(0x0000009e98b00000,0x0000009e98c00000) (1024K)]
  0x00000297da6c5a70 WorkerThread "GC Thread#3"                     [id=23956, stack(0x0000009e98c00000,0x0000009e98d00000) (1024K)]
  0x00000297da6c5e20 WorkerThread "GC Thread#4"                     [id=24332, stack(0x0000009e98d00000,0x0000009e98e00000) (1024K)]
  0x00000297da6c61d0 WorkerThread "GC Thread#5"                     [id=23568, stack(0x0000009e98e00000,0x0000009e98f00000) (1024K)]
  0x00000297da49fec0 WorkerThread "GC Thread#6"                     [id=23572, stack(0x0000009e98f00000,0x0000009e99000000) (1024K)]
  0x00000297d4dfed40 WorkerThread "GC Thread#7"                     [id=14580, stack(0x0000009e98600000,0x0000009e98700000) (1024K)]
  0x00000297da3f8340 WorkerThread "GC Thread#8"                     [id=24028, stack(0x0000009e99400000,0x0000009e99500000) (1024K)]
  0x00000297da3f86f0 WorkerThread "GC Thread#9"                     [id=16304, stack(0x0000009e99500000,0x0000009e99600000) (1024K)]
Total: 12

Threads with active compile tasks:
Total: 0

VM state: not at safepoint (normal execution)

VM Mutex/Monitor currently owned by a thread: None

Heap address: 0x0000000080000000, size: 2048 MB, Compressed Oops mode: 32-bit

CDS archive(s) mapped at: [0x0000029793000000-0x0000029793ba0000-0x0000029793ba0000), size 12189696, SharedBaseAddress: 0x0000029793000000, ArchiveRelocationMode: 1.
Compressed class space mapped at: 0x0000029794000000-0x00000297d4000000, reserved size: 1073741824
Narrow klass base: 0x0000029793000000, Narrow klass shift: 0, Narrow klass range: 0x100000000

GC Precious Log:
 CardTable entry size: 512
 CPUs: 12 total, 12 available
 Memory: 8059M
 Large Page Support: Disabled
 NUMA Support: Disabled
 Compressed Oops: Enabled (32-bit)
 Alignments: Space 512K, Generation 512K, Heap 2M
 Heap Min Capacity: 100M
 Heap Initial Capacity: 100M
 Heap Max Capacity: 2G
 Pre-touch: Disabled
 Parallel Workers: 10

Heap:
 PSYoungGen      total 1536K, used 1050K [0x00000000d5580000, 0x00000000d5a80000, 0x0000000100000000)
  eden space 1024K, 77% used [0x00000000d5580000,0x00000000d5646850,0x00000000d5680000)
  from space 512K, 50% used [0x00000000d5a00000,0x00000000d5a40000,0x00000000d5a80000)
  to   space 512K, 0% used [0x00000000d5980000,0x00000000d5980000,0x00000000d5a00000)
 ParOldGen       total 248832K, used 248327K [0x0000000080000000, 0x000000008f300000, 0x00000000d5580000)
  object space 248832K, 99% used [0x0000000080000000,0x000000008f281ef0,0x000000008f300000)
 Metaspace       used 84449K, committed 86080K, reserved 1179648K
  class space    used 10067K, committed 10752K, reserved 1048576K

Card table byte_map: [0x00000297fea50000,0x00000297fee60000] _byte_map_base: 0x00000297fe650000

Marking Bits: (ParMarkBitMap*) 0x00007ffc07623450
 Begin Bits: [0x000002978f000000, 0x0000029791000000)
 End Bits:   [0x0000029791000000, 0x0000029793000000)

Polling page: 0x00000297f9c90000

Metaspace:

Usage:
  Non-class:     72.64 MB used.
      Class:      9.83 MB used.
       Both:     82.47 MB used.

Virtual space:
  Non-class space:      128.00 MB reserved,      73.56 MB ( 57%) committed,  2 nodes.
      Class space:        1.00 GB reserved,      10.50 MB (  1%) committed,  1 nodes.
             Both:        1.12 GB reserved,      84.06 MB (  7%) committed. 

Chunk freelists:
   Non-Class:  5.59 MB
       Class:  5.50 MB
        Both:  11.09 MB

MaxMetaspaceSize: unlimited
CompressedClassSpaceSize: 1.00 GB
Initial GC threshold: 21.00 MB
Current GC threshold: 97.31 MB
CDS: on
 - commit_granule_bytes: 65536.
 - commit_granule_words: 8192.
 - virtual_space_node_default_size: 8388608.
 - enlarge_chunks_in_place: 1.
 - use_allocation_guard: 0.


Internal statistics:

num_allocs_failed_limit: 9.
num_arena_births: 1522.
num_arena_deaths: 28.
num_vsnodes_births: 3.
num_vsnodes_deaths: 0.
num_space_committed: 1345.
num_space_uncommitted: 0.
num_chunks_returned_to_freelist: 42.
num_chunks_taken_from_freelist: 5256.
num_chunk_merges: 15.
num_chunk_splits: 3279.
num_chunks_enlarged: 1957.
num_inconsistent_stats: 0.

CodeHeap 'non-profiled nmethods': size=120000Kb used=12920Kb max_used=12920Kb free=107079Kb
 bounds [0x0000029787ad0000, 0x0000029788770000, 0x000002978f000000]
CodeHeap 'profiled nmethods': size=120000Kb used=30269Kb max_used=30269Kb free=89730Kb
 bounds [0x0000029780000000, 0x0000029781d90000, 0x0000029787530000]
CodeHeap 'non-nmethods': size=5760Kb used=1479Kb max_used=1608Kb free=4280Kb
 bounds [0x0000029787530000, 0x00000297877a0000, 0x0000029787ad0000]
CodeCache: size=245760Kb, used=44668Kb, max_used=44797Kb, free=201089Kb
 total_blobs=14608, nmethods=13811, adapters=701, full_count=0
Compilation: enabled, stopped_count=0, restarted_count=0

Compilation events (20 events):
Event: 6962.594 Thread 0x00000297fa06e870 14677       3       java.util.logging.LogManager::demandLogger (53 bytes)
Event: 6962.596 Thread 0x00000297fa06e870 nmethod 14677 0x0000029781d8ad10 code [0x0000029781d8af40, 0x0000029781d8b598]
Event: 6962.596 Thread 0x00000297fa06e870 14678       3       java.util.logging.LogManager::getLogger (9 bytes)
Event: 6962.596 Thread 0x00000297fa06e870 nmethod 14678 0x0000029781d8b810 code [0x0000029781d8b9c0, 0x0000029781d8bbd0]
Event: 7142.647 Thread 0x00000297fa06e870 14679       3       java.util.logging.Logger::getLogger (8 bytes)
Event: 7142.648 Thread 0x00000297fa06e870 nmethod 14679 0x0000029781d8bd10 code [0x0000029781d8bee0, 0x0000029781d8c0a0]
Event: 7142.648 Thread 0x00000297fa06e870 14680       3       java.util.logging.Logger::getLogger (7 bytes)
Event: 7142.648 Thread 0x00000297fa06e870 nmethod 14680 0x0000029781d8c190 code [0x0000029781d8c340, 0x0000029781d8c468]
Event: 7142.648 Thread 0x00000297fa06e870 14681       3       java.util.logging.Logger::demandLogger (36 bytes)
Event: 7142.655 Thread 0x00000297fa06e870 nmethod 14681 0x0000029781d8c510 code [0x0000029781d8c7a0, 0x0000029781d8d250]
Event: 7146.359 Thread 0x00000297d4be23a0 14682       4       java.util.concurrent.ScheduledThreadPoolExecutor$ScheduledFutureTask::getDelay (16 bytes)
Event: 7146.369 Thread 0x00000297d4be23a0 nmethod 14682 0x000002978876db90 code [0x000002978876dd40, 0x000002978876ded8]
Event: 7384.724 Thread 0x00000297fa06e870 14683   !   3       org.eclipse.osgi.container.ModuleDatabase::getTimestamp (25 bytes)
Event: 7384.748 Thread 0x00000297fa06e870 nmethod 14683 0x0000029781d8d690 code [0x0000029781d8d8e0, 0x0000029781d8e228]
Event: 7504.756 Thread 0x00000297fa06e870 14684       3       org.eclipse.osgi.storage.Storage::isReadOnly (10 bytes)
Event: 7504.760 Thread 0x00000297fa06e870 nmethod 14684 0x0000029781d8e690 code [0x0000029781d8e840, 0x0000029781d8e9c0]
Event: 7684.806 Thread 0x00000297fa06e870 14685   !   3       org.eclipse.osgi.internal.framework.StorageSaver$StorageSaverTask::run (31 bytes)
Event: 7684.824 Thread 0x00000297fa06e870 nmethod 14685 0x0000029781d8ea90 code [0x0000029781d8ec60, 0x0000029781d8ef00]
Event: 7684.824 Thread 0x00000297fa06e870 14686   !   3       org.eclipse.osgi.storage.Storage::save (62 bytes)
Event: 7684.830 Thread 0x00000297fa06e870 nmethod 14686 0x0000029781d8f090 code [0x0000029781d8f280, 0x0000029781d8f5f0]

GC Heap History (20 events):
Event: 405.239 GC heap before
{Heap before GC invocations=444 (full 3):
 PSYoungGen      total 1536K, used 1247K [0x00000000d5580000, 0x00000000d5a80000, 0x0000000100000000)
  eden space 1024K, 99% used [0x00000000d5580000,0x00000000d567ffa8,0x00000000d5680000)
  from space 512K, 43% used [0x00000000d5a00000,0x00000000d5a38000,0x00000000d5a80000)
  to   space 512K, 0% used [0x00000000d5980000,0x00000000d5980000,0x00000000d5a00000)
 ParOldGen       total 248320K, used 247951K [0x0000000080000000, 0x000000008f280000, 0x00000000d5580000)
  object space 248320K, 99% used [0x0000000080000000,0x000000008f223ef0,0x000000008f280000)
 Metaspace       used 84392K, committed 85952K, reserved 1179648K
  class space    used 10065K, committed 10752K, reserved 1048576K
}
Event: 405.241 GC heap after
{Heap after GC invocations=444 (full 3):
 PSYoungGen      total 1536K, used 320K [0x00000000d5580000, 0x00000000d5a80000, 0x0000000100000000)
  eden space 1024K, 0% used [0x00000000d5580000,0x00000000d5580000,0x00000000d5680000)
  from space 512K, 62% used [0x00000000d5980000,0x00000000d59d0000,0x00000000d5a00000)
  to   space 512K, 0% used [0x00000000d5a00000,0x00000000d5a00000,0x00000000d5a80000)
 ParOldGen       total 248320K, used 247975K [0x0000000080000000, 0x000000008f280000, 0x00000000d5580000)
  object space 248320K, 99% used [0x0000000080000000,0x000000008f229ef0,0x000000008f280000)
 Metaspace       used 84392K, committed 85952K, reserved 1179648K
  class space    used 10065K, committed 10752K, reserved 1048576K
}
Event: 567.363 GC heap before
{Heap before GC invocations=445 (full 3):
 PSYoungGen      total 1536K, used 1343K [0x00000000d5580000, 0x00000000d5a80000, 0x0000000100000000)
  eden space 1024K, 99% used [0x00000000d5580000,0x00000000d567fff0,0x00000000d5680000)
  from space 512K, 62% used [0x00000000d5980000,0x00000000d59d0000,0x00000000d5a00000)
  to   space 512K, 0% used [0x00000000d5a00000,0x00000000d5a00000,0x00000000d5a80000)
 ParOldGen       total 248320K, used 247975K [0x0000000080000000, 0x000000008f280000, 0x00000000d5580000)
  object space 248320K, 99% used [0x0000000080000000,0x000000008f229ef0,0x000000008f280000)
 Metaspace       used 84394K, committed 85952K, reserved 1179648K
  class space    used 10066K, committed 10752K, reserved 1048576K
}
Event: 567.373 GC heap after
{Heap after GC invocations=445 (full 3):
 PSYoungGen      total 1536K, used 288K [0x00000000d5580000, 0x00000000d5a80000, 0x0000000100000000)
  eden space 1024K, 0% used [0x00000000d5580000,0x00000000d5580000,0x00000000d5680000)
  from space 512K, 56% used [0x00000000d5a00000,0x00000000d5a48000,0x00000000d5a80000)
  to   space 512K, 0% used [0x00000000d5980000,0x00000000d5980000,0x00000000d5a00000)
 ParOldGen       total 248320K, used 248063K [0x0000000080000000, 0x000000008f280000, 0x00000000d5580000)
  object space 248320K, 99% used [0x0000000080000000,0x000000008f23fef0,0x000000008f280000)
 Metaspace       used 84394K, committed 85952K, reserved 1179648K
  class space    used 10066K, committed 10752K, reserved 1048576K
}
Event: 580.241 GC heap before
{Heap before GC invocations=446 (full 3):
 PSYoungGen      total 1536K, used 1312K [0x00000000d5580000, 0x00000000d5a80000, 0x0000000100000000)
  eden space 1024K, 100% used [0x00000000d5580000,0x00000000d5680000,0x00000000d5680000)
  from space 512K, 56% used [0x00000000d5a00000,0x00000000d5a48000,0x00000000d5a80000)
  to   space 512K, 0% used [0x00000000d5980000,0x00000000d5980000,0x00000000d5a00000)
 ParOldGen       total 248320K, used 248063K [0x0000000080000000, 0x000000008f280000, 0x00000000d5580000)
  object space 248320K, 99% used [0x0000000080000000,0x000000008f23fef0,0x000000008f280000)
 Metaspace       used 84396K, committed 85952K, reserved 1179648K
  class space    used 10066K, committed 10752K, reserved 1048576K
}
Event: 580.245 GC heap after
{Heap after GC invocations=446 (full 3):
 PSYoungGen      total 1536K, used 320K [0x00000000d5580000, 0x00000000d5a80000, 0x0000000100000000)
  eden space 1024K, 0% used [0x00000000d5580000,0x00000000d5580000,0x00000000d5680000)
  from space 512K, 62% used [0x00000000d5980000,0x00000000d59d0000,0x00000000d5a00000)
  to   space 512K, 0% used [0x00000000d5a00000,0x00000000d5a00000,0x00000000d5a80000)
 ParOldGen       total 248320K, used 248119K [0x0000000080000000, 0x000000008f280000, 0x00000000d5580000)
  object space 248320K, 99% used [0x0000000080000000,0x000000008f24def0,0x000000008f280000)
 Metaspace       used 84396K, committed 85952K, reserved 1179648K
  class space    used 10066K, committed 10752K, reserved 1048576K
}
Event: 582.135 GC heap before
{Heap before GC invocations=447 (full 3):
 PSYoungGen      total 1536K, used 1344K [0x00000000d5580000, 0x00000000d5a80000, 0x0000000100000000)
  eden space 1024K, 100% used [0x00000000d5580000,0x00000000d5680000,0x00000000d5680000)
  from space 512K, 62% used [0x00000000d5980000,0x00000000d59d0000,0x00000000d5a00000)
  to   space 512K, 0% used [0x00000000d5a00000,0x00000000d5a00000,0x00000000d5a80000)
 ParOldGen       total 248320K, used 248119K [0x0000000080000000, 0x000000008f280000, 0x00000000d5580000)
  object space 248320K, 99% used [0x0000000080000000,0x000000008f24def0,0x000000008f280000)
 Metaspace       used 84409K, committed 86016K, reserved 1179648K
  class space    used 10067K, committed 10752K, reserved 1048576K
}
Event: 582.137 GC heap after
{Heap after GC invocations=447 (full 3):
 PSYoungGen      total 1536K, used 192K [0x00000000d5580000, 0x00000000d5a80000, 0x0000000100000000)
  eden space 1024K, 0% used [0x00000000d5580000,0x00000000d5580000,0x00000000d5680000)
  from space 512K, 37% used [0x00000000d5a00000,0x00000000d5a30000,0x00000000d5a80000)
  to   space 512K, 0% used [0x00000000d5980000,0x00000000d5980000,0x00000000d5a00000)
 ParOldGen       total 248320K, used 248167K [0x0000000080000000, 0x000000008f280000, 0x00000000d5580000)
  object space 248320K, 99% used [0x0000000080000000,0x000000008f259ef0,0x000000008f280000)
 Metaspace       used 84409K, committed 86016K, reserved 1179648K
  class space    used 10067K, committed 10752K, reserved 1048576K
}
Event: 952.057 GC heap before
{Heap before GC invocations=448 (full 3):
 PSYoungGen      total 1536K, used 1216K [0x00000000d5580000, 0x00000000d5a80000, 0x0000000100000000)
  eden space 1024K, 100% used [0x00000000d5580000,0x00000000d5680000,0x00000000d5680000)
  from space 512K, 37% used [0x00000000d5a00000,0x00000000d5a30000,0x00000000d5a80000)
  to   space 512K, 0% used [0x00000000d5980000,0x00000000d5980000,0x00000000d5a00000)
 ParOldGen       total 248320K, used 248167K [0x0000000080000000, 0x000000008f280000, 0x00000000d5580000)
  object space 248320K, 99% used [0x0000000080000000,0x000000008f259ef0,0x000000008f280000)
 Metaspace       used 84413K, committed 86080K, reserved 1179648K
  class space    used 10067K, committed 10752K, reserved 1048576K
}
Event: 952.059 GC heap after
{Heap after GC invocations=448 (full 3):
 PSYoungGen      total 1536K, used 224K [0x00000000d5580000, 0x00000000d5a80000, 0x0000000100000000)
  eden space 1024K, 0% used [0x00000000d5580000,0x00000000d5580000,0x00000000d5680000)
  from space 512K, 43% used [0x00000000d5980000,0x00000000d59b8000,0x00000000d5a00000)
  to   space 512K, 0% used [0x00000000d5a00000,0x00000000d5a00000,0x00000000d5a80000)
 ParOldGen       total 248320K, used 248223K [0x0000000080000000, 0x000000008f280000, 0x00000000d5580000)
  object space 248320K, 99% used [0x0000000080000000,0x000000008f267ef0,0x000000008f280000)
 Metaspace       used 84413K, committed 86080K, reserved 1179648K
  class space    used 10067K, committed 10752K, reserved 1048576K
}
Event: 1436.054 GC heap before
{Heap before GC invocations=449 (full 3):
 PSYoungGen      total 1536K, used 1241K [0x00000000d5580000, 0x00000000d5a80000, 0x0000000100000000)
  eden space 1024K, 99% used [0x00000000d5580000,0x00000000d567e7f0,0x00000000d5680000)
  from space 512K, 43% used [0x00000000d5980000,0x00000000d59b8000,0x00000000d5a00000)
  to   space 512K, 0% used [0x00000000d5a00000,0x00000000d5a00000,0x00000000d5a80000)
 ParOldGen       total 248320K, used 248223K [0x0000000080000000, 0x000000008f280000, 0x00000000d5580000)
  object space 248320K, 99% used [0x0000000080000000,0x000000008f267ef0,0x000000008f280000)
 Metaspace       used 84413K, committed 86080K, reserved 1179648K
  class space    used 10067K, committed 10752K, reserved 1048576K
}
Event: 1436.100 GC heap after
{Heap after GC invocations=449 (full 3):
 PSYoungGen      total 1536K, used 288K [0x00000000d5580000, 0x00000000d5a80000, 0x0000000100000000)
  eden space 1024K, 0% used [0x00000000d5580000,0x00000000d5580000,0x00000000d5680000)
  from space 512K, 56% used [0x00000000d5a00000,0x00000000d5a48000,0x00000000d5a80000)
  to   space 512K, 0% used [0x00000000d5980000,0x00000000d5980000,0x00000000d5a00000)
 ParOldGen       total 248320K, used 248223K [0x0000000080000000, 0x000000008f280000, 0x00000000d5580000)
  object space 248320K, 99% used [0x0000000080000000,0x000000008f267ef0,0x000000008f280000)
 Metaspace       used 84413K, committed 86080K, reserved 1179648K
  class space    used 10067K, committed 10752K, reserved 1048576K
}
Event: 2129.635 GC heap before
{Heap before GC invocations=450 (full 3):
 PSYoungGen      total 1536K, used 1311K [0x00000000d5580000, 0x00000000d5a80000, 0x0000000100000000)
  eden space 1024K, 99% used [0x00000000d5580000,0x00000000d567fe10,0x00000000d5680000)
  from space 512K, 56% used [0x00000000d5a00000,0x00000000d5a48000,0x00000000d5a80000)
  to   space 512K, 0% used [0x00000000d5980000,0x00000000d5980000,0x00000000d5a00000)
 ParOldGen       total 248320K, used 248223K [0x0000000080000000, 0x000000008f280000, 0x00000000d5580000)
  object space 248320K, 99% used [0x0000000080000000,0x000000008f267ef0,0x000000008f280000)
 Metaspace       used 84422K, committed 86080K, reserved 1179648K
  class space    used 10067K, committed 10752K, reserved 1048576K
}
Event: 2129.688 GC heap after
{Heap after GC invocations=450 (full 3):
 PSYoungGen      total 1536K, used 288K [0x00000000d5580000, 0x00000000d5a80000, 0x0000000100000000)
  eden space 1024K, 0% used [0x00000000d5580000,0x00000000d5580000,0x00000000d5680000)
  from space 512K, 56% used [0x00000000d5980000,0x00000000d59c8000,0x00000000d5a00000)
  to   space 512K, 0% used [0x00000000d5a00000,0x00000000d5a00000,0x00000000d5a80000)
 ParOldGen       total 248320K, used 248231K [0x0000000080000000, 0x000000008f280000, 0x00000000d5580000)
  object space 248320K, 99% used [0x0000000080000000,0x000000008f269ef0,0x000000008f280000)
 Metaspace       used 84422K, committed 86080K, reserved 1179648K
  class space    used 10067K, committed 10752K, reserved 1048576K
}
Event: 2213.099 GC heap before
{Heap before GC invocations=451 (full 3):
 PSYoungGen      total 1536K, used 1311K [0x00000000d5580000, 0x00000000d5a80000, 0x0000000100000000)
  eden space 1024K, 99% used [0x00000000d5580000,0x00000000d567ffe8,0x00000000d5680000)
  from space 512K, 56% used [0x00000000d5980000,0x00000000d59c8000,0x00000000d5a00000)
  to   space 512K, 0% used [0x00000000d5a00000,0x00000000d5a00000,0x00000000d5a80000)
 ParOldGen       total 248320K, used 248231K [0x0000000080000000, 0x000000008f280000, 0x00000000d5580000)
  object space 248320K, 99% used [0x0000000080000000,0x000000008f269ef0,0x000000008f280000)
 Metaspace       used 84424K, committed 86080K, reserved 1179648K
  class space    used 10067K, committed 10752K, reserved 1048576K
}
Event: 2213.108 GC heap after
{Heap after GC invocations=451 (full 3):
 PSYoungGen      total 1536K, used 192K [0x00000000d5580000, 0x00000000d5a80000, 0x0000000100000000)
  eden space 1024K, 0% used [0x00000000d5580000,0x00000000d5580000,0x00000000d5680000)
  from space 512K, 37% used [0x00000000d5a00000,0x00000000d5a30000,0x00000000d5a80000)
  to   space 512K, 0% used [0x00000000d5980000,0x00000000d5980000,0x00000000d5a00000)
 ParOldGen       total 248320K, used 248239K [0x0000000080000000, 0x000000008f280000, 0x00000000d5580000)
  object space 248320K, 99% used [0x0000000080000000,0x000000008f26bef0,0x000000008f280000)
 Metaspace       used 84424K, committed 86080K, reserved 1179648K
  class space    used 10067K, committed 10752K, reserved 1048576K
}
Event: 2627.316 GC heap before
{Heap before GC invocations=452 (full 3):
 PSYoungGen      total 1536K, used 1216K [0x00000000d5580000, 0x00000000d5a80000, 0x0000000100000000)
  eden space 1024K, 100% used [0x00000000d5580000,0x00000000d5680000,0x00000000d5680000)
  from space 512K, 37% used [0x00000000d5a00000,0x00000000d5a30000,0x00000000d5a80000)
  to   space 512K, 0% used [0x00000000d5980000,0x00000000d5980000,0x00000000d5a00000)
 ParOldGen       total 248320K, used 248239K [0x0000000080000000, 0x000000008f280000, 0x00000000d5580000)
  object space 248320K, 99% used [0x0000000080000000,0x000000008f26bef0,0x000000008f280000)
 Metaspace       used 84428K, committed 86080K, reserved 1179648K
  class space    used 10067K, committed 10752K, reserved 1048576K
}
Event: 2627.372 GC heap after
{Heap after GC invocations=452 (full 3):
 PSYoungGen      total 1536K, used 288K [0x00000000d5580000, 0x00000000d5a80000, 0x0000000100000000)
  eden space 1024K, 0% used [0x00000000d5580000,0x00000000d5580000,0x00000000d5680000)
  from space 512K, 56% used [0x00000000d5980000,0x00000000d59c8000,0x00000000d5a00000)
  to   space 512K, 0% used [0x00000000d5a00000,0x00000000d5a00000,0x00000000d5a80000)
 ParOldGen       total 248320K, used 248279K [0x0000000080000000, 0x000000008f280000, 0x00000000d5580000)
  object space 248320K, 99% used [0x0000000080000000,0x000000008f275ef0,0x000000008f280000)
 Metaspace       used 84428K, committed 86080K, reserved 1179648K
  class space    used 10067K, committed 10752K, reserved 1048576K
}
Event: 5730.051 GC heap before
{Heap before GC invocations=453 (full 3):
 PSYoungGen      total 1536K, used 1311K [0x00000000d5580000, 0x00000000d5a80000, 0x0000000100000000)
  eden space 1024K, 99% used [0x00000000d5580000,0x00000000d567fff0,0x00000000d5680000)
  from space 512K, 56% used [0x00000000d5980000,0x00000000d59c8000,0x00000000d5a00000)
  to   space 512K, 0% used [0x00000000d5a00000,0x00000000d5a00000,0x00000000d5a80000)
 ParOldGen       total 248320K, used 248279K [0x0000000080000000, 0x000000008f280000, 0x00000000d5580000)
  object space 248320K, 99% used [0x0000000080000000,0x000000008f275ef0,0x000000008f280000)
 Metaspace       used 84434K, committed 86080K, reserved 1179648K
  class space    used 10067K, committed 10752K, reserved 1048576K
}
Event: 5730.157 GC heap after
{Heap after GC invocations=453 (full 3):
 PSYoungGen      total 1536K, used 256K [0x00000000d5580000, 0x00000000d5a80000, 0x0000000100000000)
  eden space 1024K, 0% used [0x00000000d5580000,0x00000000d5580000,0x00000000d5680000)
  from space 512K, 50% used [0x00000000d5a00000,0x00000000d5a40000,0x00000000d5a80000)
  to   space 512K, 0% used [0x00000000d5980000,0x00000000d5980000,0x00000000d5a00000)
 ParOldGen       total 248832K, used 248327K [0x0000000080000000, 0x000000008f300000, 0x00000000d5580000)
  object space 248832K, 99% used [0x0000000080000000,0x000000008f281ef0,0x000000008f300000)
 Metaspace       used 84434K, committed 86080K, reserved 1179648K
  class space    used 10067K, committed 10752K, reserved 1048576K
}

Dll operation events (15 events):
Event: 0.025 Loaded shared library c:\Users\sande\.vscode\extensions\redhat.java-1.53.0-win32-x64\jre\21.0.10-win32-x86_64\bin\java.dll
Event: 0.187 Loaded shared library c:\Users\sande\.vscode\extensions\redhat.java-1.53.0-win32-x64\jre\21.0.10-win32-x86_64\bin\zip.dll
Event: 0.271 Loaded shared library C:\Users\sande\.vscode\extensions\redhat.java-1.53.0-win32-x64\jre\21.0.10-win32-x86_64\bin\instrument.dll
Event: 0.303 Loaded shared library C:\Users\sande\.vscode\extensions\redhat.java-1.53.0-win32-x64\jre\21.0.10-win32-x86_64\bin\net.dll
Event: 0.309 Loaded shared library C:\Users\sande\.vscode\extensions\redhat.java-1.53.0-win32-x64\jre\21.0.10-win32-x86_64\bin\nio.dll
Event: 0.319 Loaded shared library C:\Users\sande\.vscode\extensions\redhat.java-1.53.0-win32-x64\jre\21.0.10-win32-x86_64\bin\zip.dll
Event: 0.358 Loaded shared library C:\Users\sande\.vscode\extensions\redhat.java-1.53.0-win32-x64\jre\21.0.10-win32-x86_64\bin\jimage.dll
Event: 0.583 Loaded shared library c:\Users\sande\.vscode\extensions\redhat.java-1.53.0-win32-x64\jre\21.0.10-win32-x86_64\bin\verify.dll
Event: 15.547 Loaded shared library C:\Users\sande\AppData\Roaming\Code\User\globalStorage\redhat.java\1.53.0\config_win\org.eclipse.equinox.launcher\org.eclipse.equinox.launcher.win32.win32.x86_64_1.3.0.v20260203-2149\eclipse_11919.dll
Event: 28.883 Loaded shared library C:\Users\sande\AppData\Local\Temp\jna-109203553\jna11254513974906203904.dll
Event: 35.591 Loaded shared library C:\Users\sande\.gradle\native\68d5fa5c4cc2d200863cafc0d521ce42e7d3e7ee720ec0a83991735586a16f82\windows-amd64\native-platform.dll
Event: 36.668 Loaded shared library C:\Users\sande\.vscode\extensions\redhat.java-1.53.0-win32-x64\jre\21.0.10-win32-x86_64\bin\management.dll
Event: 36.673 Loaded shared library C:\Users\sande\.vscode\extensions\redhat.java-1.53.0-win32-x64\jre\21.0.10-win32-x86_64\bin\management_ext.dll
Event: 40.508 Loaded shared library C:\Users\sande\.vscode\extensions\redhat.java-1.53.0-win32-x64\jre\21.0.10-win32-x86_64\bin\extnet.dll
Event: 43.222 Loaded shared library C:\Users\sande\.vscode\extensions\redhat.java-1.53.0-win32-x64\jre\21.0.10-win32-x86_64\bin\sunmscapi.dll

Deoptimization events (20 events):
Event: 580.307 Thread 0x00000297dd173a40 DEOPT PACKING pc=0x000002978875e100 sp=0x0000009e9b7ff270
Event: 580.307 Thread 0x00000297dd173a40 DEOPT UNPACKING pc=0x0000029787583aa2 sp=0x0000009e9b7ff070 mode 2
Event: 1229.486 Thread 0x00000297dd173a40 Uncommon trap: trap_request=0xffffff45 fr.pc=0x000002978875aa78 relative=0x0000000000000118
Event: 1229.487 Thread 0x00000297dd173a40 Uncommon trap: reason=unstable_if action=reinterpret pc=0x000002978875aa78 method=org.eclipse.core.internal.dtree.DataTreeNode.storeStrings(Lorg/eclipse/core/internal/utils/StringPool;)V @ 14 c2
Event: 1229.487 Thread 0x00000297dd173a40 DEOPT PACKING pc=0x000002978875aa78 sp=0x0000009e9b7ff3f0
Event: 1229.489 Thread 0x00000297dd173a40 DEOPT UNPACKING pc=0x0000029787583aa2 sp=0x0000009e9b7ff388 mode 2
Event: 3512.966 Thread 0x00000297dd759b60 DEOPT PACKING pc=0x0000029781d791ab sp=0x0000009e979ff200
Event: 3512.967 Thread 0x00000297dd759b60 DEOPT UNPACKING pc=0x0000029787584242 sp=0x0000009e979fe6e8 mode 0
Event: 3801.926 Thread 0x00000297dd172d20 DEOPT PACKING pc=0x0000029781d791ab sp=0x0000009e9b8ff210
Event: 3801.927 Thread 0x00000297dd172d20 DEOPT UNPACKING pc=0x0000029787584242 sp=0x0000009e9b8fe6f8 mode 0
Event: 4100.503 Thread 0x00000297dd75c950 DEOPT PACKING pc=0x0000029781d791ab sp=0x0000009e9c0ff620
Event: 4100.504 Thread 0x00000297dd75c950 DEOPT UNPACKING pc=0x0000029787584242 sp=0x0000009e9c0feb08 mode 0
Event: 4484.435 Thread 0x00000297dd75dd00 DEOPT PACKING pc=0x0000029781d791ab sp=0x0000009e9c6ff730
Event: 4484.435 Thread 0x00000297dd75dd00 DEOPT UNPACKING pc=0x0000029787584242 sp=0x0000009e9c6fec18 mode 0
Event: 4932.405 Thread 0x00000297dd760460 DEOPT PACKING pc=0x0000029781d791ab sp=0x0000009e9b4ff200
Event: 4932.406 Thread 0x00000297dd760460 DEOPT UNPACKING pc=0x0000029787584242 sp=0x0000009e9b4fe6e8 mode 0
Event: 5593.665 Thread 0x00000297dd75fdd0 DEOPT PACKING pc=0x0000029781d791ab sp=0x0000009e9c5ff590
Event: 5593.665 Thread 0x00000297dd75fdd0 DEOPT UNPACKING pc=0x0000029787584242 sp=0x0000009e9c5fea78 mode 0
Event: 6489.637 Thread 0x00000297dd75a1f0 DEOPT PACKING pc=0x0000029781d791ab sp=0x0000009e9c1ff4a0
Event: 6489.638 Thread 0x00000297dd75a1f0 DEOPT UNPACKING pc=0x0000029787584242 sp=0x0000009e9c1fe988 mode 0

Classes loaded (20 events):
Event: 283.875 Loading class java/util/stream/Nodes$IntFixedNodeBuilder
Event: 283.876 Loading class java/util/stream/Node$Builder$OfInt
Event: 283.876 Loading class java/util/stream/Node$Builder$OfInt done
Event: 283.876 Loading class java/util/stream/Nodes$IntArrayNode
Event: 283.876 Loading class java/util/stream/Nodes$IntArrayNode done
Event: 283.876 Loading class java/util/stream/Nodes$IntFixedNodeBuilder done
Event: 283.876 Loading class java/util/stream/ReferencePipeline$4$1
Event: 283.876 Loading class java/util/stream/ReferencePipeline$4$1 done
Event: 283.986 Loading class java/util/stream/ReduceOps$4
Event: 283.987 Loading class java/util/stream/ReduceOps$4 done
Event: 283.987 Loading class java/util/stream/ReduceOps$4ReducingSink
Event: 283.987 Loading class java/util/stream/ReduceOps$4ReducingSink done
Event: 283.996 Loading class java/nio/file/Files$2
Event: 283.996 Loading class java/nio/file/Files$2 done
Event: 284.230 Loading class java/util/Hashtable$ValueCollection
Event: 284.230 Loading class java/util/Hashtable$ValueCollection done
Event: 284.235 Loading class java/util/concurrent/ConcurrentHashMap$KeySpliterator
Event: 284.236 Loading class java/util/concurrent/ConcurrentHashMap$KeySpliterator done
Event: 285.015 Loading class java/io/SequenceInputStream
Event: 285.016 Loading class java/io/SequenceInputStream done

Classes unloaded (14 events):
Event: 29.843 Thread 0x00000297fa052b10 Unloading class 0x00000297941a4800 'java/lang/invoke/LambdaForm$MH+0x00000297941a4800'
Event: 29.843 Thread 0x00000297fa052b10 Unloading class 0x00000297941a4400 'java/lang/invoke/LambdaForm$MH+0x00000297941a4400'
Event: 29.843 Thread 0x00000297fa052b10 Unloading class 0x00000297941a4000 'java/lang/invoke/LambdaForm$MH+0x00000297941a4000'
Event: 29.843 Thread 0x00000297fa052b10 Unloading class 0x00000297941a3c00 'java/lang/invoke/LambdaForm$MH+0x00000297941a3c00'
Event: 29.843 Thread 0x00000297fa052b10 Unloading class 0x00000297941a3800 'java/lang/invoke/LambdaForm$BMH+0x00000297941a3800'
Event: 29.843 Thread 0x00000297fa052b10 Unloading class 0x00000297941a3400 'java/lang/invoke/LambdaForm$DMH+0x00000297941a3400'
Event: 29.843 Thread 0x00000297fa052b10 Unloading class 0x00000297941a2000 'java/lang/invoke/LambdaForm$DMH+0x00000297941a2000'
Event: 31.107 Thread 0x00000297fa052b10 Unloading class 0x00000297943a2400 'java/lang/invoke/LambdaForm$MH+0x00000297943a2400'
Event: 31.107 Thread 0x00000297fa052b10 Unloading class 0x00000297943a1800 'java/lang/invoke/LambdaForm$MH+0x00000297943a1800'
Event: 31.107 Thread 0x00000297fa052b10 Unloading class 0x00000297943a1000 'java/lang/invoke/LambdaForm$MH+0x00000297943a1000'
Event: 31.107 Thread 0x00000297fa052b10 Unloading class 0x00000297943a0800 'java/lang/invoke/LambdaForm$MH+0x00000297943a0800'
Event: 31.107 Thread 0x00000297fa052b10 Unloading class 0x00000297943a0400 'java/lang/invoke/LambdaForm$DMH+0x00000297943a0400'
Event: 31.107 Thread 0x00000297fa052b10 Unloading class 0x000002979439f800 'java/lang/invoke/LambdaForm$MH+0x000002979439f800'
Event: 31.107 Thread 0x00000297fa052b10 Unloading class 0x000002979439c000 'java/lang/invoke/LambdaForm$MH+0x000002979439c000'

Classes redefined (0 events):
No events

Internal exceptions (20 events):
Event: 580.234 Thread 0x00000297dd173a40 Exception <a 'sun/nio/fs/WindowsException'{0x00000000d5676ab8}> (0x00000000d5676ab8) 
thrown [s\src\hotspot\share\prims\jni.cpp, line 520]
Event: 580.234 Thread 0x00000297dd173a40 Exception <a 'sun/nio/fs/WindowsException'{0x00000000d5677640}> (0x00000000d5677640) 
thrown [s\src\hotspot\share\prims\jni.cpp, line 520]
Event: 580.235 Thread 0x00000297dd173a40 Exception <a 'sun/nio/fs/WindowsException'{0x00000000d5678b88}> (0x00000000d5678b88) 
thrown [s\src\hotspot\share\prims\jni.cpp, line 520]
Event: 580.235 Thread 0x00000297dd173a40 Exception <a 'sun/nio/fs/WindowsException'{0x00000000d56796f0}> (0x00000000d56796f0) 
thrown [s\src\hotspot\share\prims\jni.cpp, line 520]
Event: 580.235 Thread 0x00000297dd173a40 Exception <a 'sun/nio/fs/WindowsException'{0x00000000d567ac38}> (0x00000000d567ac38) 
thrown [s\src\hotspot\share\prims\jni.cpp, line 520]
Event: 580.235 Thread 0x00000297dd173a40 Exception <a 'sun/nio/fs/WindowsException'{0x00000000d567b518}> (0x00000000d567b518) 
thrown [s\src\hotspot\share\prims\jni.cpp, line 520]
Event: 580.236 Thread 0x00000297dd173a40 Exception <a 'sun/nio/fs/WindowsException'{0x00000000d567cd28}> (0x00000000d567cd28) 
thrown [s\src\hotspot\share\prims\jni.cpp, line 520]
Event: 580.236 Thread 0x00000297dd173a40 Exception <a 'sun/nio/fs/WindowsException'{0x00000000d567d608}> (0x00000000d567d608) 
thrown [s\src\hotspot\share\prims\jni.cpp, line 520]
Event: 580.236 Thread 0x00000297dd173a40 Exception <a 'sun/nio/fs/WindowsException'{0x00000000d567ed98}> (0x00000000d567ed98) 
thrown [s\src\hotspot\share\prims\jni.cpp, line 520]
Event: 580.236 Thread 0x00000297dd173a40 Exception <a 'sun/nio/fs/WindowsException'{0x00000000d567f678}> (0x00000000d567f678) 
thrown [s\src\hotspot\share\prims\jni.cpp, line 520]
Event: 580.246 Thread 0x00000297dd173a40 Exception <a 'sun/nio/fs/WindowsException'{0x00000000d5580e38}> (0x00000000d5580e38) 
thrown [s\src\hotspot\share\prims\jni.cpp, line 520]
Event: 580.246 Thread 0x00000297dd173a40 Exception <a 'sun/nio/fs/WindowsException'{0x00000000d5581718}> (0x00000000d5581718) 
thrown [s\src\hotspot\share\prims\jni.cpp, line 520]
Event: 580.247 Thread 0x00000297dd173a40 Exception <a 'sun/nio/fs/WindowsException'{0x00000000d5582eb0}> (0x00000000d5582eb0) 
thrown [s\src\hotspot\share\prims\jni.cpp, line 520]
Event: 580.247 Thread 0x00000297dd173a40 Exception <a 'sun/nio/fs/WindowsException'{0x00000000d5583790}> (0x00000000d5583790) 
thrown [s\src\hotspot\share\prims\jni.cpp, line 520]
Event: 580.247 Thread 0x00000297dd173a40 Exception <a 'sun/nio/fs/WindowsException'{0x00000000d5584f28}> (0x00000000d5584f28) 
thrown [s\src\hotspot\share\prims\jni.cpp, line 520]
Event: 580.247 Thread 0x00000297dd173a40 Exception <a 'sun/nio/fs/WindowsException'{0x00000000d5585808}> (0x00000000d5585808) 
thrown [s\src\hotspot\share\prims\jni.cpp, line 520]
Event: 580.248 Thread 0x00000297dd173a40 Exception <a 'sun/nio/fs/WindowsException'{0x00000000d5586fa0}> (0x00000000d5586fa0) 
thrown [s\src\hotspot\share\prims\jni.cpp, line 520]
Event: 580.248 Thread 0x00000297dd173a40 Exception <a 'sun/nio/fs/WindowsException'{0x00000000d5587880}> (0x00000000d5587880) 
thrown [s\src\hotspot\share\prims\jni.cpp, line 520]
Event: 580.249 Thread 0x00000297dd173a40 Exception <a 'sun/nio/fs/WindowsException'{0x00000000d5589018}> (0x00000000d5589018) 
thrown [s\src\hotspot\share\prims\jni.cpp, line 520]
Event: 580.249 Thread 0x00000297dd173a40 Exception <a 'sun/nio/fs/WindowsException'{0x00000000d55898f8}> (0x00000000d55898f8) 
thrown [s\src\hotspot\share\prims\jni.cpp, line 520]

ZGC Phase Switch (0 events):
No events

VM Operations (20 events):
Event: 7816.376 Executing non-safepoint VM operation: HandshakeAllThreads (HandshakeForDeflation)
Event: 7816.376 Executing non-safepoint VM operation: HandshakeAllThreads (HandshakeForDeflation) done
Event: 7816.376 Executing non-safepoint VM operation: RendezvousGCThreads
Event: 7816.376 Executing non-safepoint VM operation: RendezvousGCThreads done
Event: 7876.612 Executing non-safepoint VM operation: HandshakeAllThreads (HandshakeForDeflation)
Event: 7876.613 Executing non-safepoint VM operation: HandshakeAllThreads (HandshakeForDeflation) done
Event: 7876.613 Executing non-safepoint VM operation: RendezvousGCThreads
Event: 7876.613 Executing non-safepoint VM operation: RendezvousGCThreads done
Event: 7936.825 Executing non-safepoint VM operation: HandshakeAllThreads (HandshakeForDeflation)
Event: 7936.825 Executing non-safepoint VM operation: HandshakeAllThreads (HandshakeForDeflation) done
Event: 7936.825 Executing non-safepoint VM operation: RendezvousGCThreads
Event: 7936.825 Executing non-safepoint VM operation: RendezvousGCThreads done
Event: 7997.071 Executing non-safepoint VM operation: HandshakeAllThreads (HandshakeForDeflation)
Event: 7997.071 Executing non-safepoint VM operation: HandshakeAllThreads (HandshakeForDeflation) done
Event: 7997.072 Executing non-safepoint VM operation: RendezvousGCThreads
Event: 7997.072 Executing non-safepoint VM operation: RendezvousGCThreads done
Event: 8057.308 Executing non-safepoint VM operation: HandshakeAllThreads (HandshakeForDeflation)
Event: 8057.313 Executing non-safepoint VM operation: HandshakeAllThreads (HandshakeForDeflation) done
Event: 8057.313 Executing non-safepoint VM operation: RendezvousGCThreads
Event: 8057.313 Executing non-safepoint VM operation: RendezvousGCThreads done

Memory protections (0 events):
No events

Nmethod flushes (20 events):
Event: 38.612 Thread 0x00000297fa052b10 flushing  nmethod 0x0000029780a59a90
Event: 38.612 Thread 0x00000297fa052b10 flushing  nmethod 0x0000029780a68c10
Event: 38.612 Thread 0x00000297fa052b10 flushing  nmethod 0x0000029780a6c610
Event: 38.612 Thread 0x00000297fa052b10 flushing  nmethod 0x0000029780a86a10
Event: 38.612 Thread 0x00000297fa052b10 flushing  nmethod 0x0000029780a92d90
Event: 38.612 Thread 0x00000297fa052b10 flushing osr nmethod 0x0000029780a99490
Event: 38.612 Thread 0x00000297fa052b10 flushing  nmethod 0x0000029780ab6510
Event: 38.612 Thread 0x00000297fa052b10 flushing  nmethod 0x0000029780ab7b90
Event: 38.612 Thread 0x00000297fa052b10 flushing  nmethod 0x0000029780ab8090
Event: 38.612 Thread 0x00000297fa052b10 flushing  nmethod 0x0000029780abad90
Event: 38.612 Thread 0x00000297fa052b10 flushing  nmethod 0x0000029780abc890
Event: 38.612 Thread 0x00000297fa052b10 flushing  nmethod 0x0000029780abe690
Event: 38.612 Thread 0x00000297fa052b10 flushing  nmethod 0x0000029780ac5b90
Event: 38.612 Thread 0x00000297fa052b10 flushing  nmethod 0x0000029780acca90
Event: 38.612 Thread 0x00000297fa052b10 flushing  nmethod 0x0000029780ace210
Event: 38.612 Thread 0x00000297fa052b10 flushing  nmethod 0x0000029780acf610
Event: 38.612 Thread 0x00000297fa052b10 flushing  nmethod 0x0000029780adac10
Event: 38.612 Thread 0x00000297fa052b10 flushing  nmethod 0x0000029780add210
Event: 38.612 Thread 0x00000297fa052b10 flushing  nmethod 0x0000029780ae3110
Event: 38.612 Thread 0x00000297fa052b10 flushing  nmethod 0x0000029780ae3a10

Events (20 events):
Event: 584.781 Thread 0x00000297ee2d0190 Thread exited: 0x00000297ee2d0190
Event: 584.791 Thread 0x00000297ee2ce0c0 Thread exited: 0x00000297ee2ce0c0
Event: 584.792 Thread 0x00000297ee2cb960 Thread exited: 0x00000297ee2cb960
Event: 584.796 Thread 0x00000297ee2cac40 Thread exited: 0x00000297ee2cac40
Event: 584.796 Thread 0x00000297ee2cbff0 Thread exited: 0x00000297ee2cbff0
Event: 584.808 Thread 0x00000297ee2d0eb0 Thread exited: 0x00000297ee2d0eb0
Event: 584.820 Thread 0x00000297ee2cf470 Thread exited: 0x00000297ee2cf470
Event: 584.887 Thread 0x00000297e7c42a80 Thread exited: 0x00000297e7c42a80
Event: 585.122 Thread 0x00000297dd75bc30 Thread exited: 0x00000297dd75bc30
Event: 644.887 Thread 0x00000297e7c45f00 Thread exited: 0x00000297e7c45f00
Event: 645.123 Thread 0x00000297dd75af10 Thread exited: 0x00000297dd75af10
Event: 704.888 Thread 0x00000297e7c43e30 Thread exited: 0x00000297e7c43e30
Event: 705.126 Thread 0x00000297dd171970 Thread exited: 0x00000297dd171970
Event: 764.905 Thread 0x00000297e7c437a0 Thread exited: 0x00000297e7c437a0
Event: 765.136 Thread 0x00000297dd760af0 Thread exited: 0x00000297dd760af0
Event: 824.916 Thread 0x00000297e7c43110 Thread exited: 0x00000297e7c43110
Event: 825.148 Thread 0x00000297dd1712e0 Thread exited: 0x00000297dd1712e0
Event: 884.919 Thread 0x00000297e7c423f0 Thread exited: 0x00000297e7c423f0
Event: 885.152 Thread 0x00000297dd170c50 Thread exited: 0x00000297dd170c50
Event: 945.162 Thread 0x00000297dd75d670 Thread exited: 0x00000297dd75d670


Dynamic libraries:
0x00007ff6e01a0000 - 0x00007ff6e01ae000 	c:\Users\sande\.vscode\extensions\redhat.java-1.53.0-win32-x64\jre\21.0.10-win32-x86_64\bin\java.exe
0x00007ffccb0c0000 - 0x00007ffccb327000 	C:\WINDOWS\SYSTEM32\ntdll.dll
0x00007ffcc8f60000 - 0x00007ffcc9029000 	C:\WINDOWS\System32\KERNEL32.DLL
0x00007ffcc85a0000 - 0x00007ffcc8991000 	C:\WINDOWS\System32\KERNELBASE.dll
0x00007ffcc79a0000 - 0x00007ffcc7aeb000 	C:\WINDOWS\System32\ucrtbase.dll
0x00007ffcc1430000 - 0x00007ffcc1448000 	c:\Users\sande\.vscode\extensions\redhat.java-1.53.0-win32-x64\jre\21.0.10-win32-x86_64\bin\jli.dll
0x00007ffcc91d0000 - 0x00007ffcc9395000 	C:\WINDOWS\System32\USER32.dll
0x00007ffcc83f0000 - 0x00007ffcc8417000 	C:\WINDOWS\System32\win32u.dll
0x00007ffcc9da0000 - 0x00007ffcc9dcb000 	C:\WINDOWS\System32\GDI32.dll
0x00007ffcc8a60000 - 0x00007ffcc8b8b000 	C:\WINDOWS\System32\gdi32full.dll
0x00007ffcc8d00000 - 0x00007ffcc8da3000 	C:\WINDOWS\System32\msvcp_win.dll
0x00007ffcc10d0000 - 0x00007ffcc10ee000 	c:\Users\sande\.vscode\extensions\redhat.java-1.53.0-win32-x64\jre\21.0.10-win32-x86_64\bin\VCRUNTIME140.dll
0x00007ffcc6c30000 - 0x00007ffcc6ec3000 	C:\WINDOWS\WinSxS\amd64_microsoft.windows.common-controls_6595b64144ccf1df_6.0.26100.8037_none_3e092faae333b53b\COMCTL32.dll
0x00007ffccafb0000 - 0x00007ffccb059000 	C:\WINDOWS\System32\msvcrt.dll
0x00007ffcc8f10000 - 0x00007ffcc8f41000 	C:\WINDOWS\System32\IMM32.DLL
0x00007ffcc3e10000 - 0x00007ffcc3e1c000 	c:\Users\sande\.vscode\extensions\redhat.java-1.53.0-win32-x64\jre\21.0.10-win32-x86_64\bin\vcruntime140_1.dll
0x00007ffc4b1a0000 - 0x00007ffc4b22d000 	c:\Users\sande\.vscode\extensions\redhat.java-1.53.0-win32-x64\jre\21.0.10-win32-x86_64\bin\msvcp140.dll
0x00007ffc06960000 - 0x00007ffc07701000 	c:\Users\sande\.vscode\extensions\redhat.java-1.53.0-win32-x64\jre\21.0.10-win32-x86_64\bin\server\jvm.dll
0x00007ffccad40000 - 0x00007ffccadfb000 	C:\WINDOWS\System32\ADVAPI32.dll
0x00007ffcc8e60000 - 0x00007ffcc8f07000 	C:\WINDOWS\System32\sechost.dll
0x00007ffcc90b0000 - 0x00007ffcc91c8000 	C:\WINDOWS\System32\RPCRT4.dll
0x00007ffcc9030000 - 0x00007ffcc90a4000 	C:\WINDOWS\System32\WS2_32.dll
0x00007ffcc7200000 - 0x00007ffcc725e000 	C:\WINDOWS\SYSTEM32\POWRPROF.dll
0x00007ffcc0920000 - 0x00007ffcc092b000 	C:\WINDOWS\SYSTEM32\VERSION.dll
0x00007ffcb3ea0000 - 0x00007ffcb3ed5000 	C:\WINDOWS\SYSTEM32\WINMM.dll
0x00007ffcc6f10000 - 0x00007ffcc6f24000 	C:\WINDOWS\SYSTEM32\UMPDC.dll
0x00007ffcc60a0000 - 0x00007ffcc60bb000 	C:\WINDOWS\SYSTEM32\kernel.appcore.dll
0x00007ffcc10c0000 - 0x00007ffcc10ca000 	c:\Users\sande\.vscode\extensions\redhat.java-1.53.0-win32-x64\jre\21.0.10-win32-x86_64\bin\jimage.dll
0x00007ffcc7270000 - 0x00007ffcc74b2000 	C:\WINDOWS\SYSTEM32\DBGHELP.DLL
0x00007ffcc96b0000 - 0x00007ffcc9a32000 	C:\WINDOWS\System32\combase.dll
0x00007ffcc9bc0000 - 0x00007ffcc9c97000 	C:\WINDOWS\System32\OLEAUT32.dll
0x00007ffcc70f0000 - 0x00007ffcc712b000 	C:\WINDOWS\SYSTEM32\dbgcore.DLL
0x00007ffcc8db0000 - 0x00007ffcc8e55000 	C:\WINDOWS\System32\bcryptPrimitives.dll
0x00007ffc9d6a0000 - 0x00007ffc9d6af000 	c:\Users\sande\.vscode\extensions\redhat.java-1.53.0-win32-x64\jre\21.0.10-win32-x86_64\bin\instrument.dll
0x00007ffc97180000 - 0x00007ffc971a0000 	c:\Users\sande\.vscode\extensions\redhat.java-1.53.0-win32-x64\jre\21.0.10-win32-x86_64\bin\java.dll
0x00007ffcca260000 - 0x00007ffcca9bf000 	C:\WINDOWS\System32\SHELL32.dll
0x00007ffcc8b90000 - 0x00007ffcc8cfa000 	C:\WINDOWS\System32\wintypes.dll
0x00007ffcc7af0000 - 0x00007ffcc8354000 	C:\WINDOWS\System32\windows.storage.dll
0x00007ffcc9ca0000 - 0x00007ffcc9d97000 	C:\WINDOWS\System32\SHCORE.dll
0x00007ffccae00000 - 0x00007ffccae67000 	C:\WINDOWS\System32\shlwapi.dll
0x00007ffcc78c0000 - 0x00007ffcc78e9000 	C:\WINDOWS\SYSTEM32\profapi.dll
0x00007ffc85600000 - 0x00007ffc85618000 	c:\Users\sande\.vscode\extensions\redhat.java-1.53.0-win32-x64\jre\21.0.10-win32-x86_64\bin\zip.dll
0x00007ffcb2ca0000 - 0x00007ffcb2cb0000 	C:\Users\sande\.vscode\extensions\redhat.java-1.53.0-win32-x64\jre\21.0.10-win32-x86_64\bin\net.dll
0x00007ffcc0160000 - 0x00007ffcc0287000 	C:\WINDOWS\SYSTEM32\WINHTTP.dll
0x00007ffcc65d0000 - 0x00007ffcc663b000 	C:\WINDOWS\system32\mswsock.dll
0x00007ffc74bb0000 - 0x00007ffc74bc6000 	C:\Users\sande\.vscode\extensions\redhat.java-1.53.0-win32-x64\jre\21.0.10-win32-x86_64\bin\nio.dll
0x00007ffc97140000 - 0x00007ffc97150000 	c:\Users\sande\.vscode\extensions\redhat.java-1.53.0-win32-x64\jre\21.0.10-win32-x86_64\bin\verify.dll
0x00007ffc4cb80000 - 0x00007ffc4cbc5000 	C:\Users\sande\AppData\Roaming\Code\User\globalStorage\redhat.java\1.53.0\config_win\org.eclipse.equinox.launcher\org.eclipse.equinox.launcher.win32.win32.x86_64_1.3.0.v20260203-2149\eclipse_11919.dll
0x00007ffcc9450000 - 0x00007ffcc95e5000 	C:\WINDOWS\System32\ole32.dll
0x00007ffcc75e0000 - 0x00007ffcc75fb000 	C:\WINDOWS\SYSTEM32\CRYPTSP.dll
0x00007ffcc5fe0000 - 0x00007ffcc6019000 	C:\WINDOWS\system32\rsaenh.dll
0x00007ffcc6680000 - 0x00007ffcc66b2000 	C:\WINDOWS\SYSTEM32\USERENV.dll
0x00007ffcc7890000 - 0x00007ffcc78ba000 	C:\WINDOWS\SYSTEM32\bcrypt.dll
0x00007ffcc68b0000 - 0x00007ffcc68bc000 	C:\WINDOWS\SYSTEM32\CRYPTBASE.dll
0x00007ffcc58d0000 - 0x00007ffcc5903000 	C:\WINDOWS\SYSTEM32\IPHLPAPI.DLL
0x00007ffcc8f50000 - 0x00007ffcc8f5a000 	C:\WINDOWS\System32\NSI.dll
0x00007ffc49340000 - 0x00007ffc49389000 	C:\Users\sande\AppData\Local\Temp\jna-109203553\jna11254513974906203904.dll
0x00007ffccaf70000 - 0x00007ffccaf78000 	C:\WINDOWS\System32\PSAPI.DLL
0x00007ffcc0330000 - 0x00007ffcc034d000 	C:\WINDOWS\SYSTEM32\dhcpcsvc6.DLL
0x00007ffcc0300000 - 0x00007ffcc0323000 	C:\WINDOWS\SYSTEM32\dhcpcsvc.DLL
0x00007ffc97dd0000 - 0x00007ffc97df7000 	C:\Users\sande\.gradle\native\68d5fa5c4cc2d200863cafc0d521ce42e7d3e7ee720ec0a83991735586a16f82\windows-amd64\native-platform.dll
0x00007ffc87b20000 - 0x00007ffc87b2a000 	C:\Users\sande\.vscode\extensions\redhat.java-1.53.0-win32-x64\jre\21.0.10-win32-x86_64\bin\management.dll
0x00007ffc87a80000 - 0x00007ffc87a8c000 	C:\Users\sande\.vscode\extensions\redhat.java-1.53.0-win32-x64\jre\21.0.10-win32-x86_64\bin\management_ext.dll
0x00007ffc7b980000 - 0x00007ffc7b989000 	C:\Users\sande\.vscode\extensions\redhat.java-1.53.0-win32-x64\jre\21.0.10-win32-x86_64\bin\extnet.dll
0x00007ffc81fa0000 - 0x00007ffc81fae000 	C:\Users\sande\.vscode\extensions\redhat.java-1.53.0-win32-x64\jre\21.0.10-win32-x86_64\bin\sunmscapi.dll
0x00007ffcc8420000 - 0x00007ffcc8597000 	C:\WINDOWS\System32\CRYPT32.dll
0x00007ffcc6af0000 - 0x00007ffcc6b20000 	C:\WINDOWS\SYSTEM32\ncrypt.dll
0x00007ffcc69e0000 - 0x00007ffcc6a1f000 	C:\WINDOWS\SYSTEM32\NTASN1.dll
0x00007ffcc1210000 - 0x00007ffcc1218000 	C:\WINDOWS\system32\wshunix.dll
0x00007ffcc5970000 - 0x00007ffcc5a9a000 	C:\WINDOWS\SYSTEM32\DNSAPI.dll
0x00007ffcb4c60000 - 0x00007ffcb4c6b000 	C:\Windows\System32\rasadhlp.dll
0x00007ffcbf7b0000 - 0x00007ffcbf836000 	C:\WINDOWS\System32\fwpuclnt.dll

JVMTI agents:
c:\Users\sande\.vscode\extensions\redhat.java-1.53.0-win32-x64\lombok\lombok-1.18.39-4050.jar path:c:\Users\sande\.vscode\extensions\redhat.java-1.53.0-win32-x64\jre\21.0.10-win32-x86_64\bin\instrument.dll, loaded, initialized, instrumentlib options:none

dbghelp: loaded successfully - version: 4.0.5 - missing functions: none
symbol engine: initialized successfully - sym options: 0x614 - pdb path: .;c:\Users\sande\.vscode\extensions\redhat.java-1.53.0-win32-x64\jre\21.0.10-win32-x86_64\bin;C:\WINDOWS\SYSTEM32;C:\WINDOWS\WinSxS\amd64_microsoft.windows.common-controls_6595b64144ccf1df_6.0.26100.8037_none_3e092faae333b53b;c:\Users\sande\.vscode\extensions\redhat.java-1.53.0-win32-x64\jre\21.0.10-win32-x86_64\bin\server;C:\Users\sande\AppData\Roaming\Code\User\globalStorage\redhat.java\1.53.0\config_win\org.eclipse.equinox.launcher\org.eclipse.equinox.launcher.win32.win32.x86_64_1.3.0.v20260203-2149;C:\Users\sande\AppData\Local\Temp\jna-109203553;C:\Users\sande\.gradle\native\68d5fa5c4cc2d200863cafc0d521ce42e7d3e7ee720ec0a83991735586a16f82\windows-amd64

VM Arguments:
jvm_args: --add-modules=ALL-SYSTEM --add-opens=java.base/java.util=ALL-UNNAMED --add-opens=java.base/java.lang=ALL-UNNAMED --add-opens=java.base/sun.nio.fs=ALL-UNNAMED -Declipse.application=org.eclipse.jdt.ls.core.id1 -Dosgi.bundles.defaultStartLevel=4 -Declipse.product=org.eclipse.jdt.ls.core.product -Djava.import.generatesMetadataFilesAtProjectRoot=false -DDetectVMInstallationsJob.disabled=true -Dfile.encoding=utf8 -XX:+UseParallelGC -XX:GCTimeRatio=4 -XX:AdaptiveSizePolicyWeight=90 -Dsun.zip.disableMemoryMapping=true -Xmx2G -Xms100m -Xlog:disable -javaagent:c:\Users\sande\.vscode\extensions\redhat.java-1.53.0-win32-x64\lombok\lombok-1.18.39-4050.jar -XX:+HeapDumpOnOutOfMemoryError -XX:HeapDumpPath=c:\Users\sande\AppData\Roaming\Code\User\workspaceStorage\be7ba368ab9cfb1cb7631f5b97bea9cb\redhat.java -Daether.dependencyCollector.impl=bf 
java_command: c:\Users\sande\.vscode\extensions\redhat.java-1.53.0-win32-x64\server\plugins\org.eclipse.equinox.launcher_1.7.100.v20251111-0406.jar -configuration c:\Users\sande\AppData\Roaming\Code\User\globalStorage\redhat.java\1.53.0\config_win -data c:\Users\sande\AppData\Roaming\Code\User\workspaceStorage\be7ba368ab9cfb1cb7631f5b97bea9cb\redhat.java\jdt_ws --pipe=\\.\pipe\lsp-bac839aaceec0b40dfd45d708e0d535c-sock
java_class_path (initial): c:\Users\sande\.vscode\extensions\redhat.java-1.53.0-win32-x64\server\plugins\org.eclipse.equinox.launcher_1.7.100.v20251111-0406.jar
Launcher Type: SUN_STANDARD

[Global flags]
    uintx AdaptiveSizePolicyWeight                 = 90                                        {product} {command line}
     intx CICompilerCount                          = 4                                         {product} {ergonomic}
    uintx GCTimeRatio                              = 4                                         {product} {command line}
     bool HeapDumpOnOutOfMemoryError               = true                                   {manageable} {command line}
    ccstr HeapDumpPath                             = c:\Users\sande\AppData\Roaming\Code\User\workspaceStorage\be7ba368ab9cfb1cb7631f5b97bea9cb\redhat.java         {manageable} {command line}
   size_t InitialHeapSize                          = 104857600                                 {product} {command line}
   size_t MaxHeapSize                              = 2147483648                                {product} {command line}
   size_t MaxNewSize                               = 715653120                                 {product} {ergonomic}
   size_t MinHeapDeltaBytes                        = 524288                                    {product} {ergonomic}
   size_t MinHeapSize                              = 104857600                                 {product} {command line}
   size_t NewSize                                  = 34603008                                  {product} {ergonomic}
    uintx NonNMethodCodeHeapSize                   = 5839372                                {pd product} {ergonomic}
    uintx NonProfiledCodeHeapSize                  = 122909434                              {pd product} {ergonomic}
   size_t OldSize                                  = 70254592                                  {product} {ergonomic}
    uintx ProfiledCodeHeapSize                     = 122909434                              {pd product} {ergonomic}
    uintx ReservedCodeCacheSize                    = 251658240                              {pd product} {ergonomic}
     bool SegmentedCodeCache                       = true                                      {product} {ergonomic}
   size_t SoftMaxHeapSize                          = 2147483648                             {manageable} {ergonomic}
     bool UseCompressedOops                        = true                           {product lp64_product} {ergonomic}
     bool UseLargePagesIndividualAllocation        = false                                  {pd product} {ergonomic}
     bool UseParallelGC                            = true                                      {product} {command line}

Logging:
Log output configuration:
 #0: stdout all=off uptime,level,tags foldmultilines=false
 #1: stderr all=off uptime,level,tags foldmultilines=false

Release file:
JAVA_VERSION="21.0.10" 
MODULES="java.base java.compiler java.datatransfer java.xml java.prefs java.desktop java.instrument java.logging java.management java.security.sasl java.naming java.rmi java.management.rmi java.net.http java.scripting java.security.jgss java.transaction.xa java.sql java.sql.rowset java.xml.crypto java.se java.smartcardio jdk.accessibility jdk.internal.jvmstat jdk.attach jdk.charsets jdk.internal.opt jdk.zipfs jdk.compiler jdk.crypto.ec jdk.crypto.cryptoki jdk.crypto.mscapi jdk.dynalink jdk.internal.ed jdk.editpad jdk.hotspot.agent jdk.httpserver jdk.internal.le jdk.internal.vm.ci jdk.internal.vm.compiler jdk.internal.vm.compiler.management jdk.jartool jdk.javadoc jdk.jcmd jdk.management jdk.management.agent jdk.jconsole jdk.jdeps jdk.jdwp.agent jdk.jdi jdk.jfr jdk.jshell jdk.jsobject jdk.jstatd jdk.localedata jdk.management.jfr jdk.naming.dns jdk.naming.rmi jdk.net jdk.nio.mapmode jdk.random jdk.sctp jdk.security.auth jdk.security.jgss jdk.unsupported jdk.unsupported.desktop jdk.xml.dom" 

Environment Variables:
PATH=C:\Program Files\Common Files\Oracle\Java\javapath;C:\Python313\Scripts\;C:\Python313\;C:\Program Files\Python312\Scripts\;C:\Program Files\Python312\;C:\Windows\system32;C:\Windows;C:\Windows\System32\Wbem;C:\Windows\System32\WindowsPowerShell\v1.0\;C:\Windows\System32\OpenSSH\;C:\Program Files (x86)\NVIDIA Corporation\PhysX\Common;C:\WINDOWS\system32;C:\WINDOWS;C:\WINDOWS\System32\Wbem;C:\WINDOWS\System32\WindowsPowerShell\v1.0\;C:\WINDOWS\System32\OpenSSH\;C:\Program Files\Git\bin;C:\Program Files\NVIDIA Corporation\NVIDIA NvDLISR;C:\Program Files\GTK3-Runtime Win64\bin;C:\Users\sande\Downloads\kotlin-compiler-1.9.22\kotlinc\bin;C:\Program Files\Azure Data Studio\bin;C:\Program Files\MySQL\MySQL Server 8.0\bin;C:\Users\sande\AppData\Local\Android\Sdk;C:\Users\sande\AppData\Local\Android\Sdk\platform-tools;C:\WINDOWS\system32;C:\WINDOWS;C:\WINDOWS\System32\Wbem;C:\WINDOWS\System32\WindowsPowerShell\v1.0\;C:\WINDOWS\System32\OpenSSH\;C:\ProgramData\chocolatey\bin;C:\Program Files\nodejs;C:\Users\sande\AppData\Local\nvm;C:\nvm4w\nodejs;C:\MinGW\bin;C:\Program Files\Go\bin;C:\Users\sande\Downloads\apache-maven-3.9.9\bin;C:\Program Files\PuTTY\;C:\Program Files\Docker\Docker\resources\bin;C:\Program Files\Java\jdk-17\bin;C:\Users\sande\AppData\Local\Android\Sdk\tools;C:\Program Files\MySQL\MySQL Shell 8.0\bin\;C:\Users\sande\AppData\Local\Microsoft\WindowsApps;C:\Program Files\JetBrains\IntelliJ IDEA Community Edition 2023.1.2\bin;;C:\Users\sande\AppData\Local\Programs\Microsoft VS Code\bin;C:\Users\sande\dart-sdk\bin;C:\Users\sande\Desktop\flutter_windows_3.16.5-stable\flutter\bin;C:\Program Files\Azure Data Studio\bin;C:\ProgramData\Microsoft\Windows\Start Menu\Programs\Python 3.12\Python 3.12 (64-bit).lnk;C:\Program Files\Python312\Scripts;C:\Mongosh\;C:\Users\sande\AppData\Local\nvm;C:\nvm4w\nodejs;C:\Users\sande\go\bin;C:\Program Files\JetBrains\IntelliJ IDEA 2024.3.5\bin;;C:\Program Files\Java\jdk-17\bin;C:\Program Files\Java\jdk-17\;C:\Users\sande\AppData\Local\Programs\Antigravity\bin
USERNAME=sande
OS=Windows_NT
PROCESSOR_IDENTIFIER=Intel64 Family 6 Model 165 Stepping 2, GenuineIntel
TMP=C:\Users\sande\AppData\Local\Temp
TEMP=C:\Users\sande\AppData\Local\Temp




Periodic native trim disabled

---------------  S Y S T E M  ---------------

OS:
 Windows 11 , 64 bit Build 26100 (10.0.26100.7920)
OS uptime: 0 days 2:23 hours
Hyper-V role detected

CPU: total 12 (initial active 12) (6 cores per cpu, 2 threads per core) family 6 model 165 stepping 2 microcode 0xf6, cx8, cmov, fxsr, ht, mmx, 3dnowpref, sse, sse2, sse3, ssse3, sse4.1, sse4.2, popcnt, lzcnt, tsc, tscinvbit, avx, avx2, aes, erms, clmul, bmi1, bmi2, adx, fma, vzeroupper, clflush, clflushopt, hv, rdtscp, f16c
Processor Information for the first 12 processors :
  Max Mhz: 2496, Current Mhz: 2496, Mhz Limit: 2496

Memory: 4k page, system-wide physical 8059M (479M free)
TotalPageFile size 32635M (AvailPageFile size 0M)
current process WorkingSet (physical memory assigned to process): 15M, peak: 374M
current process commit charge ("private bytes"): 594M, peak: 670M

vm_info: OpenJDK 64-Bit Server VM (21.0.10+7-LTS) for windows-amd64 JRE (21.0.10+7-LTS), built on 2026-01-20T00:00:00Z by "admin" with MS VC++ 17.12 (VS2022)

END.
