#
# There is insufficient memory for the Java Runtime Environment to continue.
# Native memory allocation (malloc) failed to allocate 1755440 bytes. Error detail: Chunk::new
# Possible reasons:
#   The system is out of physical RAM or swap space
#   This process is running with CompressedOops enabled, and the Java Heap may be blocking the growth of the native heap
# Possible solutions:
#   Reduce memory load on the system
#   Increase physical memory or swap space
#   Check if swap backing store is full
#   Decrease Java heap size (-Xmx/-Xms)
#   Decrease number of Java threads
#   Decrease Java thread stack sizes (-Xss)
#   Set larger code cache with -XX:ReservedCodeCacheSize=
#   JVM is running with Unscaled Compressed Oops mode in which the Java heap is
#     placed in the first 4GB address space. The Java Heap base address is the
#     maximum limit for the native heap growth. Please use -XX:HeapBaseMinAddress
#     to set the Java Heap base and to place the Java Heap above 4GB virtual address.
# This output file may be truncated or incomplete.
#
#  Out of Memory Error (arena.cpp:168), pid=2388, tid=14656
#
# JRE version: OpenJDK Runtime Environment Temurin-21.0.10+7 (21.0.10+7) (build 21.0.10+7-LTS)
# Java VM: OpenJDK 64-Bit Server VM Temurin-21.0.10+7 (21.0.10+7-LTS, mixed mode, sharing, tiered, compressed oops, compressed class ptrs, g1 gc, windows-amd64)
# No core dump will be written. Minidumps are not enabled by default on client versions of Windows
#

---------------  S U M M A R Y ------------

Command Line: -XX:MaxMetaspaceSize=512m --add-opens=java.base/java.util=ALL-UNNAMED --add-opens=java.base/java.lang=ALL-UNNAMED --add-opens=java.base/java.lang.invoke=ALL-UNNAMED --add-opens=java.prefs/java.util.prefs=ALL-UNNAMED --add-opens=java.base/java.nio.charset=ALL-UNNAMED --add-opens=java.base/java.net=ALL-UNNAMED --add-opens=java.base/java.util.concurrent.atomic=ALL-UNNAMED -Xmx2048m -Dfile.encoding=utf8 -Duser.country=IN -Duser.language=en -Duser.variant -javaagent:C:\Users\sande\.gradle\wrapper\dists\gradle-8.3-all\6en3ugtfdg5xnpx44z4qbwgas\gradle-8.3\lib\agents\gradle-instrumentation-agent-8.3.jar org.gradle.launcher.daemon.bootstrap.GradleDaemon 8.3

Host: Intel(R) Core(TM) i5-10500H CPU @ 2.50GHz, 12 cores, 7G,  Windows 11 , 64 bit Build 26100 (10.0.26100.7920)
Time: Wed Apr  1 02:51:38 2026 India Standard Time elapsed time: 3.260798 seconds (0d 0h 0m 3s)

---------------  T H R E A D  ---------------

Current thread (0x000001bac1b25860):  JavaThread "C2 CompilerThread1" daemon [_thread_in_native, id=14656, stack(0x0000006a02e00000,0x0000006a02f00000) (1024K)]


Current CompileTask:
C2:3260 2606   !   4       java.lang.ClassLoader::loadClass (121 bytes)

Stack: [0x0000006a02e00000,0x0000006a02f00000]
Native frames: (J=compiled Java code, j=interpreted, Vv=VM code, C=native code)
V  [jvm.dll+0x6d7a39]
V  [jvm.dll+0x8b4b26]
V  [jvm.dll+0x8b70de]
V  [jvm.dll+0x8b77c3]
V  [jvm.dll+0x284346]
V  [jvm.dll+0xc66ed]
V  [jvm.dll+0xc6c31]
V  [jvm.dll+0x3bec3b]
V  [jvm.dll+0x1e3d62]
V  [jvm.dll+0x24c6b3]
V  [jvm.dll+0x24bb40]
V  [jvm.dll+0x1cb34e]
V  [jvm.dll+0x25b85d]
V  [jvm.dll+0x259dea]
V  [jvm.dll+0x3f857e]
V  [jvm.dll+0x85f59d]
V  [jvm.dll+0x6d626d]
C  [ucrtbase.dll+0x37b0]
C  [KERNEL32.DLL+0x2e8d7]
C  [ntdll.dll+0x8c48c]


---------------  P R O C E S S  ---------------

Threads class SMR info:
_java_thread_list=0x000001bae2b5d1b0, length=25, elements={
0x000001baa77e91b0, 0x000001bac17e86c0, 0x000001bac17e9e90, 0x000001bac17efd40,
0x000001bac17f0a00, 0x000001bac17f2250, 0x000001bac17fb960, 0x000001bac1821540,
0x000001bac1826b70, 0x000001bac1a0eff0, 0x000001bac1a0e7d0, 0x000001bac1b25860,
0x000001bae2581bb0, 0x000001bae237c1b0, 0x000001bae2453a20, 0x000001bae26c40c0,
0x000001bae1985120, 0x000001bae296cd40, 0x000001bae2bed860, 0x000001bae289d3f0,
0x000001bae289c6d0, 0x000001bae289cd60, 0x000001bae289b9b0, 0x000001bae2899f70,
0x000001bae289a600
}

Java Threads: ( => current thread )
  0x000001baa77e91b0 JavaThread "main"                              [_thread_blocked, id=13896, stack(0x0000006a01c00000,0x0000006a01d00000) (1024K)]
  0x000001bac17e86c0 JavaThread "Reference Handler"          daemon [_thread_blocked, id=24436, stack(0x0000006a02400000,0x0000006a02500000) (1024K)]
  0x000001bac17e9e90 JavaThread "Finalizer"                  daemon [_thread_blocked, id=21508, stack(0x0000006a02500000,0x0000006a02600000) (1024K)]
  0x000001bac17efd40 JavaThread "Signal Dispatcher"          daemon [_thread_blocked, id=20748, stack(0x0000006a02600000,0x0000006a02700000) (1024K)]
  0x000001bac17f0a00 JavaThread "Attach Listener"            daemon [_thread_blocked, id=14600, stack(0x0000006a02700000,0x0000006a02800000) (1024K)]
  0x000001bac17f2250 JavaThread "Service Thread"             daemon [_thread_blocked, id=15688, stack(0x0000006a02800000,0x0000006a02900000) (1024K)]
  0x000001bac17fb960 JavaThread "Monitor Deflation Thread"   daemon [_thread_blocked, id=24840, stack(0x0000006a02900000,0x0000006a02a00000) (1024K)]
  0x000001bac1821540 JavaThread "C2 CompilerThread0"         daemon [_thread_in_native, id=10860, stack(0x0000006a02a00000,0x0000006a02b00000) (1024K)]
  0x000001bac1826b70 JavaThread "C1 CompilerThread0"         daemon [_thread_blocked, id=440, stack(0x0000006a02b00000,0x0000006a02c00000) (1024K)]
  0x000001bac1a0eff0 JavaThread "Common-Cleaner"             daemon [_thread_blocked, id=23584, stack(0x0000006a02c00000,0x0000006a02d00000) (1024K)]
  0x000001bac1a0e7d0 JavaThread "Notification Thread"        daemon [_thread_blocked, id=12312, stack(0x0000006a02d00000,0x0000006a02e00000) (1024K)]
=>0x000001bac1b25860 JavaThread "C2 CompilerThread1"         daemon [_thread_in_native, id=14656, stack(0x0000006a02e00000,0x0000006a02f00000) (1024K)]
  0x000001bae2581bb0 JavaThread "Daemon health stats"               [_thread_blocked, id=21608, stack(0x0000006a03400000,0x0000006a03500000) (1024K)]
  0x000001bae237c1b0 JavaThread "Incoming local TCP Connector on port 59881"        [_thread_in_native, id=25220, stack(0x0000006a03500000,0x0000006a03600000) (1024K)]
  0x000001bae2453a20 JavaThread "Daemon periodic checks"            [_thread_blocked, id=20008, stack(0x0000006a03600000,0x0000006a03700000) (1024K)]
  0x000001bae26c40c0 JavaThread "Daemon"                            [_thread_blocked, id=24720, stack(0x0000006a03700000,0x0000006a03800000) (1024K)]
  0x000001bae1985120 JavaThread "Handler for socket connection from /127.0.0.1:59881 to /127.0.0.1:59882"        [_thread_in_native, id=24664, stack(0x0000006a03800000,0x0000006a03900000) (1024K)]
  0x000001bae296cd40 JavaThread "Cancel handler"                    [_thread_blocked, id=22300, stack(0x0000006a03900000,0x0000006a03a00000) (1024K)]
  0x000001bae2bed860 JavaThread "Daemon worker"                     [_thread_in_Java, id=9112, stack(0x0000006a03a00000,0x0000006a03b00000) (1024K)]
  0x000001bae289d3f0 JavaThread "Asynchronous log dispatcher for DefaultDaemonConnection: socket connection from /127.0.0.1:59881 to /127.0.0.1:59882"        [_thread_blocked, id=24752, stack(0x0000006a03b00000,0x0000006a03c00000) (1024K)]
  0x000001bae289c6d0 JavaThread "Stdin handler"                     [_thread_blocked, id=10312, stack(0x0000006a03c00000,0x0000006a03d00000) (1024K)]
  0x000001bae289cd60 JavaThread "Daemon client event forwarder"        [_thread_blocked, id=23132, stack(0x0000006a03d00000,0x0000006a03e00000) (1024K)]
  0x000001bae289b9b0 JavaThread "Cache worker for journal cache (C:\Users\sande\.gradle\caches\journal-1)"        [_thread_blocked, id=25048, stack(0x0000006a02f00000,0x0000006a03000000) (1024K)]
  0x000001bae2899f70 JavaThread "File lock request listener"        [_thread_in_native, id=16648, stack(0x0000006a03e00000,0x0000006a03f00000) (1024K)]
  0x000001bae289a600 JavaThread "Cache worker for file hash cache (C:\Users\sande\.gradle\caches\8.3\fileHashes)"        [_thread_blocked, id=22392, stack(0x0000006a03f00000,0x0000006a04000000) (1024K)]
Total: 25

Other Threads:
  0x000001bac17c8250 VMThread "VM Thread"                           [id=5684, stack(0x0000006a02300000,0x0000006a02400000) (1024K)]
  0x000001bac17b60d0 WatcherThread "VM Periodic Task Thread"        [id=22408, stack(0x0000006a02200000,0x0000006a02300000) (1024K)]
  0x000001baa78ae040 WorkerThread "GC Thread#0"                     [id=24580, stack(0x0000006a01d00000,0x0000006a01e00000) (1024K)]
  0x000001bae18dab30 WorkerThread "GC Thread#1"                     [id=18160, stack(0x0000006a03000000,0x0000006a03100000) (1024K)]
  0x000001bae18daee0 WorkerThread "GC Thread#2"                     [id=23948, stack(0x0000006a03100000,0x0000006a03200000) (1024K)]
  0x000001bae18db290 WorkerThread "GC Thread#3"                     [id=10820, stack(0x0000006a03200000,0x0000006a03300000) (1024K)]
  0x000001bae133a680 WorkerThread "GC Thread#4"                     [id=18904, stack(0x0000006a03300000,0x0000006a03400000) (1024K)]
  0x000001bae3e37380 WorkerThread "GC Thread#5"                     [id=4424, stack(0x0000006a04000000,0x0000006a04100000) (1024K)]
  0x000001bae30380b0 WorkerThread "GC Thread#6"                     [id=25304, stack(0x0000006a04100000,0x0000006a04200000) (1024K)]
  0x000001bae3038460 WorkerThread "GC Thread#7"                     [id=24472, stack(0x0000006a04200000,0x0000006a04300000) (1024K)]
  0x000001bae3038810 WorkerThread "GC Thread#8"                     [id=23048, stack(0x0000006a04300000,0x0000006a04400000) (1024K)]
  0x000001bae3038bc0 WorkerThread "GC Thread#9"                     [id=3216, stack(0x0000006a04400000,0x0000006a04500000) (1024K)]
  0x000001baa9cacb10 ConcurrentGCThread "G1 Main Marker"            [id=8104, stack(0x0000006a01e00000,0x0000006a01f00000) (1024K)]
  0x000001baa9caebe0 WorkerThread "G1 Conc#0"                       [id=9496, stack(0x0000006a01f00000,0x0000006a02000000) (1024K)]
  0x000001bac16885c0 ConcurrentGCThread "G1 Refine#0"               [id=5656, stack(0x0000006a02000000,0x0000006a02100000) (1024K)]
  0x000001bac1689050 ConcurrentGCThread "G1 Service"                [id=25160, stack(0x0000006a02100000,0x0000006a02200000) (1024K)]
Total: 16

Threads with active compile tasks:
C2 CompilerThread0  3310 2677       4       java.lang.invoke.MethodType::makeImpl (109 bytes)
C2 CompilerThread1  3310 2606   !   4       java.lang.ClassLoader::loadClass (121 bytes)
Total: 2

VM state: not at safepoint (normal execution)

VM Mutex/Monitor currently owned by a thread: None

Heap address: 0x0000000080000000, size: 2048 MB, Compressed Oops mode: 32-bit

CDS archive(s) mapped at: [0x000001bac2000000-0x000001bac2ba0000-0x000001bac2ba0000), size 12189696, SharedBaseAddress: 0x000001bac2000000, ArchiveRelocationMode: 1.
Compressed class space mapped at: 0x000001bac3000000-0x000001badd000000, reserved size: 436207616
Narrow klass base: 0x000001bac2000000, Narrow klass shift: 0, Narrow klass range: 0x100000000

GC Precious Log:
 CardTable entry size: 512
 Card Set container configuration: InlinePtr #cards 5 size 8 Array Of Cards #cards 12 size 40 Howl #buckets 4 coarsen threshold 1843 Howl Bitmap #cards 512 size 80 coarsen threshold 460 Card regions per heap region 1 cards per card region 2048
 CPUs: 12 total, 12 available
 Memory: 8059M
 Large Page Support: Disabled
 NUMA Support: Disabled
 Compressed Oops: Enabled (32-bit)
 Heap Region Size: 1M
 Heap Min Capacity: 8M
 Heap Initial Capacity: 126M
 Heap Max Capacity: 2G
 Pre-touch: Disabled
 Parallel Workers: 10
 Concurrent Workers: 3
 Concurrent Refinement Workers: 10
 Periodic GC: Disabled

Heap:
 garbage-first heap   total 129024K, used 24280K [0x0000000080000000, 0x0000000100000000)
  region size 1024K, 14 young (14336K), 10 survivors (10240K)
 Metaspace       used 17039K, committed 17536K, reserved 491520K
  class space    used 2476K, committed 2688K, reserved 425984K

Heap Regions: E=young(eden), S=young(survivor), O=old, HS=humongous(starts), HC=humongous(continues), CS=collection set, F=free, TAMS=top-at-mark-start, PB=parsable bottom
|   0|0x0000000080000000, 0x0000000080100000, 0x0000000080100000|100%|HS|  |TAMS 0x0000000080000000| PB 0x0000000080000000| Complete 
|   1|0x0000000080100000, 0x0000000080200000, 0x0000000080200000|100%|HC|  |TAMS 0x0000000080100000| PB 0x0000000080100000| Complete 
|   2|0x0000000080200000, 0x0000000080300000, 0x0000000080300000|100%|HC|  |TAMS 0x0000000080200000| PB 0x0000000080200000| Complete 
|   3|0x0000000080300000, 0x0000000080400000, 0x0000000080400000|100%|HC|  |TAMS 0x0000000080300000| PB 0x0000000080300000| Complete 
|   4|0x0000000080400000, 0x0000000080500000, 0x0000000080500000|100%| O|  |TAMS 0x0000000080400000| PB 0x0000000080400000| Untracked 
|   5|0x0000000080500000, 0x0000000080600000, 0x0000000080600000|100%| O|  |TAMS 0x0000000080500000| PB 0x0000000080500000| Untracked 
|   6|0x0000000080600000, 0x0000000080700000, 0x0000000080700000|100%| O|  |TAMS 0x0000000080600000| PB 0x0000000080600000| Untracked 
|   7|0x0000000080700000, 0x0000000080800000, 0x0000000080800000|100%| O|  |TAMS 0x0000000080700000| PB 0x0000000080700000| Untracked 
|   8|0x0000000080800000, 0x0000000080800000, 0x0000000080900000|  0%| F|  |TAMS 0x0000000080800000| PB 0x0000000080800000| Untracked 
|   9|0x0000000080900000, 0x0000000080a00000, 0x0000000080a00000|100%| O|  |TAMS 0x0000000080900000| PB 0x0000000080900000| Untracked 
|  10|0x0000000080a00000, 0x0000000080b00000, 0x0000000080b00000|100%| O|  |TAMS 0x0000000080a00000| PB 0x0000000080a00000| Untracked 
|  11|0x0000000080b00000, 0x0000000080bb6140, 0x0000000080c00000| 71%| O|  |TAMS 0x0000000080b00000| PB 0x0000000080b00000| Untracked 
|  12|0x0000000080c00000, 0x0000000080c00000, 0x0000000080d00000|  0%| F|  |TAMS 0x0000000080c00000| PB 0x0000000080c00000| Untracked 
|  13|0x0000000080d00000, 0x0000000080d00000, 0x0000000080e00000|  0%| F|  |TAMS 0x0000000080d00000| PB 0x0000000080d00000| Untracked 
|  14|0x0000000080e00000, 0x0000000080e00000, 0x0000000080f00000|  0%| F|  |TAMS 0x0000000080e00000| PB 0x0000000080e00000| Untracked 
|  15|0x0000000080f00000, 0x0000000080f00000, 0x0000000081000000|  0%| F|  |TAMS 0x0000000080f00000| PB 0x0000000080f00000| Untracked 
|  16|0x0000000081000000, 0x0000000081000000, 0x0000000081100000|  0%| F|  |TAMS 0x0000000081000000| PB 0x0000000081000000| Untracked 
|  17|0x0000000081100000, 0x0000000081100000, 0x0000000081200000|  0%| F|  |TAMS 0x0000000081100000| PB 0x0000000081100000| Untracked 
|  18|0x0000000081200000, 0x0000000081200000, 0x0000000081300000|  0%| F|  |TAMS 0x0000000081200000| PB 0x0000000081200000| Untracked 
|  19|0x0000000081300000, 0x0000000081300000, 0x0000000081400000|  0%| F|  |TAMS 0x0000000081300000| PB 0x0000000081300000| Untracked 
|  20|0x0000000081400000, 0x0000000081400000, 0x0000000081500000|  0%| F|  |TAMS 0x0000000081400000| PB 0x0000000081400000| Untracked 
|  21|0x0000000081500000, 0x0000000081500000, 0x0000000081600000|  0%| F|  |TAMS 0x0000000081500000| PB 0x0000000081500000| Untracked 
|  22|0x0000000081600000, 0x0000000081600000, 0x0000000081700000|  0%| F|  |TAMS 0x0000000081600000| PB 0x0000000081600000| Untracked 
|  23|0x0000000081700000, 0x0000000081700000, 0x0000000081800000|  0%| F|  |TAMS 0x0000000081700000| PB 0x0000000081700000| Untracked 
|  24|0x0000000081800000, 0x0000000081800000, 0x0000000081900000|  0%| F|  |TAMS 0x0000000081800000| PB 0x0000000081800000| Untracked 
|  25|0x0000000081900000, 0x0000000081900000, 0x0000000081a00000|  0%| F|  |TAMS 0x0000000081900000| PB 0x0000000081900000| Untracked 
|  26|0x0000000081a00000, 0x0000000081a00000, 0x0000000081b00000|  0%| F|  |TAMS 0x0000000081a00000| PB 0x0000000081a00000| Untracked 
|  27|0x0000000081b00000, 0x0000000081b00000, 0x0000000081c00000|  0%| F|  |TAMS 0x0000000081b00000| PB 0x0000000081b00000| Untracked 
|  28|0x0000000081c00000, 0x0000000081c00000, 0x0000000081d00000|  0%| F|  |TAMS 0x0000000081c00000| PB 0x0000000081c00000| Untracked 
|  29|0x0000000081d00000, 0x0000000081d00000, 0x0000000081e00000|  0%| F|  |TAMS 0x0000000081d00000| PB 0x0000000081d00000| Untracked 
|  30|0x0000000081e00000, 0x0000000081e00000, 0x0000000081f00000|  0%| F|  |TAMS 0x0000000081e00000| PB 0x0000000081e00000| Untracked 
|  31|0x0000000081f00000, 0x0000000081f00000, 0x0000000082000000|  0%| F|  |TAMS 0x0000000081f00000| PB 0x0000000081f00000| Untracked 
|  32|0x0000000082000000, 0x0000000082000000, 0x0000000082100000|  0%| F|  |TAMS 0x0000000082000000| PB 0x0000000082000000| Untracked 
|  33|0x0000000082100000, 0x0000000082100000, 0x0000000082200000|  0%| F|  |TAMS 0x0000000082100000| PB 0x0000000082100000| Untracked 
|  34|0x0000000082200000, 0x0000000082200000, 0x0000000082300000|  0%| F|  |TAMS 0x0000000082200000| PB 0x0000000082200000| Untracked 
|  35|0x0000000082300000, 0x0000000082300000, 0x0000000082400000|  0%| F|  |TAMS 0x0000000082300000| PB 0x0000000082300000| Untracked 
|  36|0x0000000082400000, 0x0000000082400000, 0x0000000082500000|  0%| F|  |TAMS 0x0000000082400000| PB 0x0000000082400000| Untracked 
|  37|0x0000000082500000, 0x0000000082500000, 0x0000000082600000|  0%| F|  |TAMS 0x0000000082500000| PB 0x0000000082500000| Untracked 
|  38|0x0000000082600000, 0x0000000082600000, 0x0000000082700000|  0%| F|  |TAMS 0x0000000082600000| PB 0x0000000082600000| Untracked 
|  39|0x0000000082700000, 0x0000000082700000, 0x0000000082800000|  0%| F|  |TAMS 0x0000000082700000| PB 0x0000000082700000| Untracked 
|  40|0x0000000082800000, 0x0000000082800000, 0x0000000082900000|  0%| F|  |TAMS 0x0000000082800000| PB 0x0000000082800000| Untracked 
|  41|0x0000000082900000, 0x0000000082a00000, 0x0000000082a00000|100%| S|CS|TAMS 0x0000000082900000| PB 0x0000000082900000| Complete 
|  42|0x0000000082a00000, 0x0000000082b00000, 0x0000000082b00000|100%| S|CS|TAMS 0x0000000082a00000| PB 0x0000000082a00000| Complete 
|  43|0x0000000082b00000, 0x0000000082c00000, 0x0000000082c00000|100%| S|CS|TAMS 0x0000000082b00000| PB 0x0000000082b00000| Complete 
|  44|0x0000000082c00000, 0x0000000082d00000, 0x0000000082d00000|100%| S|CS|TAMS 0x0000000082c00000| PB 0x0000000082c00000| Complete 
|  45|0x0000000082d00000, 0x0000000082e00000, 0x0000000082e00000|100%| S|CS|TAMS 0x0000000082d00000| PB 0x0000000082d00000| Complete 
|  46|0x0000000082e00000, 0x0000000082f00000, 0x0000000082f00000|100%| S|CS|TAMS 0x0000000082e00000| PB 0x0000000082e00000| Complete 
|  47|0x0000000082f00000, 0x0000000083000000, 0x0000000083000000|100%| S|CS|TAMS 0x0000000082f00000| PB 0x0000000082f00000| Complete 
|  48|0x0000000083000000, 0x0000000083100000, 0x0000000083100000|100%| S|CS|TAMS 0x0000000083000000| PB 0x0000000083000000| Complete 
|  49|0x0000000083100000, 0x0000000083200000, 0x0000000083200000|100%| S|CS|TAMS 0x0000000083100000| PB 0x0000000083100000| Complete 
|  50|0x0000000083200000, 0x0000000083300000, 0x0000000083300000|100%| S|CS|TAMS 0x0000000083200000| PB 0x0000000083200000| Complete 
|  51|0x0000000083300000, 0x0000000083300000, 0x0000000083400000|  0%| F|  |TAMS 0x0000000083300000| PB 0x0000000083300000| Untracked 
|  52|0x0000000083400000, 0x0000000083400000, 0x0000000083500000|  0%| F|  |TAMS 0x0000000083400000| PB 0x0000000083400000| Untracked 
|  53|0x0000000083500000, 0x0000000083500000, 0x0000000083600000|  0%| F|  |TAMS 0x0000000083500000| PB 0x0000000083500000| Untracked 
|  54|0x0000000083600000, 0x0000000083600000, 0x0000000083700000|  0%| F|  |TAMS 0x0000000083600000| PB 0x0000000083600000| Untracked 
|  55|0x0000000083700000, 0x0000000083700000, 0x0000000083800000|  0%| F|  |TAMS 0x0000000083700000| PB 0x0000000083700000| Untracked 
|  56|0x0000000083800000, 0x0000000083800000, 0x0000000083900000|  0%| F|  |TAMS 0x0000000083800000| PB 0x0000000083800000| Untracked 
|  57|0x0000000083900000, 0x0000000083900000, 0x0000000083a00000|  0%| F|  |TAMS 0x0000000083900000| PB 0x0000000083900000| Untracked 
|  58|0x0000000083a00000, 0x0000000083a00000, 0x0000000083b00000|  0%| F|  |TAMS 0x0000000083a00000| PB 0x0000000083a00000| Untracked 
|  59|0x0000000083b00000, 0x0000000083b00000, 0x0000000083c00000|  0%| F|  |TAMS 0x0000000083b00000| PB 0x0000000083b00000| Untracked 
|  60|0x0000000083c00000, 0x0000000083c00000, 0x0000000083d00000|  0%| F|  |TAMS 0x0000000083c00000| PB 0x0000000083c00000| Untracked 
|  61|0x0000000083d00000, 0x0000000083d00000, 0x0000000083e00000|  0%| F|  |TAMS 0x0000000083d00000| PB 0x0000000083d00000| Untracked 
|  62|0x0000000083e00000, 0x0000000083e00000, 0x0000000083f00000|  0%| F|  |TAMS 0x0000000083e00000| PB 0x0000000083e00000| Untracked 
|  63|0x0000000083f00000, 0x0000000083f00000, 0x0000000084000000|  0%| F|  |TAMS 0x0000000083f00000| PB 0x0000000083f00000| Untracked 
|  64|0x0000000084000000, 0x0000000084000000, 0x0000000084100000|  0%| F|  |TAMS 0x0000000084000000| PB 0x0000000084000000| Untracked 
|  65|0x0000000084100000, 0x0000000084100000, 0x0000000084200000|  0%| F|  |TAMS 0x0000000084100000| PB 0x0000000084100000| Untracked 
|  66|0x0000000084200000, 0x0000000084200000, 0x0000000084300000|  0%| F|  |TAMS 0x0000000084200000| PB 0x0000000084200000| Untracked 
|  67|0x0000000084300000, 0x0000000084300000, 0x0000000084400000|  0%| F|  |TAMS 0x0000000084300000| PB 0x0000000084300000| Untracked 
|  68|0x0000000084400000, 0x0000000084400000, 0x0000000084500000|  0%| F|  |TAMS 0x0000000084400000| PB 0x0000000084400000| Untracked 
|  69|0x0000000084500000, 0x0000000084500000, 0x0000000084600000|  0%| F|  |TAMS 0x0000000084500000| PB 0x0000000084500000| Untracked 
|  70|0x0000000084600000, 0x0000000084600000, 0x0000000084700000|  0%| F|  |TAMS 0x0000000084600000| PB 0x0000000084600000| Untracked 
|  71|0x0000000084700000, 0x0000000084700000, 0x0000000084800000|  0%| F|  |TAMS 0x0000000084700000| PB 0x0000000084700000| Untracked 
|  72|0x0000000084800000, 0x0000000084800000, 0x0000000084900000|  0%| F|  |TAMS 0x0000000084800000| PB 0x0000000084800000| Untracked 
|  73|0x0000000084900000, 0x0000000084900000, 0x0000000084a00000|  0%| F|  |TAMS 0x0000000084900000| PB 0x0000000084900000| Untracked 
|  74|0x0000000084a00000, 0x0000000084a00000, 0x0000000084b00000|  0%| F|  |TAMS 0x0000000084a00000| PB 0x0000000084a00000| Untracked 
|  75|0x0000000084b00000, 0x0000000084b00000, 0x0000000084c00000|  0%| F|  |TAMS 0x0000000084b00000| PB 0x0000000084b00000| Untracked 
|  76|0x0000000084c00000, 0x0000000084c00000, 0x0000000084d00000|  0%| F|  |TAMS 0x0000000084c00000| PB 0x0000000084c00000| Untracked 
|  77|0x0000000084d00000, 0x0000000084d00000, 0x0000000084e00000|  0%| F|  |TAMS 0x0000000084d00000| PB 0x0000000084d00000| Untracked 
|  78|0x0000000084e00000, 0x0000000084e00000, 0x0000000084f00000|  0%| F|  |TAMS 0x0000000084e00000| PB 0x0000000084e00000| Untracked 
|  79|0x0000000084f00000, 0x0000000084f00000, 0x0000000085000000|  0%| F|  |TAMS 0x0000000084f00000| PB 0x0000000084f00000| Untracked 
|  80|0x0000000085000000, 0x0000000085000000, 0x0000000085100000|  0%| F|  |TAMS 0x0000000085000000| PB 0x0000000085000000| Untracked 
|  81|0x0000000085100000, 0x0000000085100000, 0x0000000085200000|  0%| F|  |TAMS 0x0000000085100000| PB 0x0000000085100000| Untracked 
|  82|0x0000000085200000, 0x0000000085200000, 0x0000000085300000|  0%| F|  |TAMS 0x0000000085200000| PB 0x0000000085200000| Untracked 
|  83|0x0000000085300000, 0x0000000085300000, 0x0000000085400000|  0%| F|  |TAMS 0x0000000085300000| PB 0x0000000085300000| Untracked 
|  84|0x0000000085400000, 0x0000000085400000, 0x0000000085500000|  0%| F|  |TAMS 0x0000000085400000| PB 0x0000000085400000| Untracked 
|  85|0x0000000085500000, 0x0000000085500000, 0x0000000085600000|  0%| F|  |TAMS 0x0000000085500000| PB 0x0000000085500000| Untracked 
|  86|0x0000000085600000, 0x0000000085600000, 0x0000000085700000|  0%| F|  |TAMS 0x0000000085600000| PB 0x0000000085600000| Untracked 
|  87|0x0000000085700000, 0x0000000085700000, 0x0000000085800000|  0%| F|  |TAMS 0x0000000085700000| PB 0x0000000085700000| Untracked 
|  88|0x0000000085800000, 0x0000000085800000, 0x0000000085900000|  0%| F|  |TAMS 0x0000000085800000| PB 0x0000000085800000| Untracked 
|  89|0x0000000085900000, 0x0000000085900000, 0x0000000085a00000|  0%| F|  |TAMS 0x0000000085900000| PB 0x0000000085900000| Untracked 
|  90|0x0000000085a00000, 0x0000000085a00000, 0x0000000085b00000|  0%| F|  |TAMS 0x0000000085a00000| PB 0x0000000085a00000| Untracked 
|  91|0x0000000085b00000, 0x0000000085b00000, 0x0000000085c00000|  0%| F|  |TAMS 0x0000000085b00000| PB 0x0000000085b00000| Untracked 
|  92|0x0000000085c00000, 0x0000000085c00000, 0x0000000085d00000|  0%| F|  |TAMS 0x0000000085c00000| PB 0x0000000085c00000| Untracked 
|  93|0x0000000085d00000, 0x0000000085d00000, 0x0000000085e00000|  0%| F|  |TAMS 0x0000000085d00000| PB 0x0000000085d00000| Untracked 
|  94|0x0000000085e00000, 0x0000000085e00000, 0x0000000085f00000|  0%| F|  |TAMS 0x0000000085e00000| PB 0x0000000085e00000| Untracked 
|  95|0x0000000085f00000, 0x0000000085f00000, 0x0000000086000000|  0%| F|  |TAMS 0x0000000085f00000| PB 0x0000000085f00000| Untracked 
|  96|0x0000000086000000, 0x0000000086000000, 0x0000000086100000|  0%| F|  |TAMS 0x0000000086000000| PB 0x0000000086000000| Untracked 
|  97|0x0000000086100000, 0x0000000086100000, 0x0000000086200000|  0%| F|  |TAMS 0x0000000086100000| PB 0x0000000086100000| Untracked 
|  98|0x0000000086200000, 0x0000000086200000, 0x0000000086300000|  0%| F|  |TAMS 0x0000000086200000| PB 0x0000000086200000| Untracked 
|  99|0x0000000086300000, 0x0000000086300000, 0x0000000086400000|  0%| F|  |TAMS 0x0000000086300000| PB 0x0000000086300000| Untracked 
| 100|0x0000000086400000, 0x0000000086400000, 0x0000000086500000|  0%| F|  |TAMS 0x0000000086400000| PB 0x0000000086400000| Untracked 
| 101|0x0000000086500000, 0x0000000086500000, 0x0000000086600000|  0%| F|  |TAMS 0x0000000086500000| PB 0x0000000086500000| Untracked 
| 102|0x0000000086600000, 0x0000000086600000, 0x0000000086700000|  0%| F|  |TAMS 0x0000000086600000| PB 0x0000000086600000| Untracked 
| 103|0x0000000086700000, 0x0000000086700000, 0x0000000086800000|  0%| F|  |TAMS 0x0000000086700000| PB 0x0000000086700000| Untracked 
| 104|0x0000000086800000, 0x0000000086800000, 0x0000000086900000|  0%| F|  |TAMS 0x0000000086800000| PB 0x0000000086800000| Untracked 
| 105|0x0000000086900000, 0x0000000086900000, 0x0000000086a00000|  0%| F|  |TAMS 0x0000000086900000| PB 0x0000000086900000| Untracked 
| 106|0x0000000086a00000, 0x0000000086a00000, 0x0000000086b00000|  0%| F|  |TAMS 0x0000000086a00000| PB 0x0000000086a00000| Untracked 
| 107|0x0000000086b00000, 0x0000000086b00000, 0x0000000086c00000|  0%| F|  |TAMS 0x0000000086b00000| PB 0x0000000086b00000| Untracked 
| 108|0x0000000086c00000, 0x0000000086c00000, 0x0000000086d00000|  0%| F|  |TAMS 0x0000000086c00000| PB 0x0000000086c00000| Untracked 
| 109|0x0000000086d00000, 0x0000000086d00000, 0x0000000086e00000|  0%| F|  |TAMS 0x0000000086d00000| PB 0x0000000086d00000| Untracked 
| 110|0x0000000086e00000, 0x0000000086e00000, 0x0000000086f00000|  0%| F|  |TAMS 0x0000000086e00000| PB 0x0000000086e00000| Untracked 
| 111|0x0000000086f00000, 0x0000000086f00000, 0x0000000087000000|  0%| F|  |TAMS 0x0000000086f00000| PB 0x0000000086f00000| Untracked 
| 112|0x0000000087000000, 0x0000000087000000, 0x0000000087100000|  0%| F|  |TAMS 0x0000000087000000| PB 0x0000000087000000| Untracked 
| 113|0x0000000087100000, 0x0000000087100000, 0x0000000087200000|  0%| F|  |TAMS 0x0000000087100000| PB 0x0000000087100000| Untracked 
| 114|0x0000000087200000, 0x0000000087200000, 0x0000000087300000|  0%| F|  |TAMS 0x0000000087200000| PB 0x0000000087200000| Untracked 
| 115|0x0000000087300000, 0x0000000087300000, 0x0000000087400000|  0%| F|  |TAMS 0x0000000087300000| PB 0x0000000087300000| Untracked 
| 116|0x0000000087400000, 0x0000000087400000, 0x0000000087500000|  0%| F|  |TAMS 0x0000000087400000| PB 0x0000000087400000| Untracked 
| 117|0x0000000087500000, 0x0000000087500000, 0x0000000087600000|  0%| F|  |TAMS 0x0000000087500000| PB 0x0000000087500000| Untracked 
| 118|0x0000000087600000, 0x0000000087600000, 0x0000000087700000|  0%| F|  |TAMS 0x0000000087600000| PB 0x0000000087600000| Untracked 
| 119|0x0000000087700000, 0x0000000087700000, 0x0000000087800000|  0%| F|  |TAMS 0x0000000087700000| PB 0x0000000087700000| Untracked 
| 120|0x0000000087800000, 0x0000000087800000, 0x0000000087900000|  0%| F|  |TAMS 0x0000000087800000| PB 0x0000000087800000| Untracked 
| 121|0x0000000087900000, 0x0000000087900000, 0x0000000087a00000|  0%| F|  |TAMS 0x0000000087900000| PB 0x0000000087900000| Untracked 
| 122|0x0000000087a00000, 0x0000000087b00000, 0x0000000087b00000|100%| E|  |TAMS 0x0000000087a00000| PB 0x0000000087a00000| Complete 
| 123|0x0000000087b00000, 0x0000000087c00000, 0x0000000087c00000|100%| E|CS|TAMS 0x0000000087b00000| PB 0x0000000087b00000| Complete 
| 124|0x0000000087c00000, 0x0000000087d00000, 0x0000000087d00000|100%| E|CS|TAMS 0x0000000087c00000| PB 0x0000000087c00000| Complete 
| 125|0x0000000087d00000, 0x0000000087e00000, 0x0000000087e00000|100%| E|CS|TAMS 0x0000000087d00000| PB 0x0000000087d00000| Complete 

Card table byte_map: [0x000001babc790000,0x000001babcb90000] _byte_map_base: 0x000001babc390000

Marking Bits: (CMBitMap*) 0x000001baa78ae660
 Bits: [0x000001babcb90000, 0x000001babeb90000)

Polling page: 0x000001baa7a90000

Metaspace:

Usage:
  Non-class:     14.27 MB used.
      Class:      2.43 MB used.
       Both:     16.70 MB used.

Virtual space:
  Non-class space:       64.00 MB reserved,      14.56 MB ( 23%) committed,  1 nodes.
      Class space:      416.00 MB reserved,       2.69 MB ( <1%) committed,  1 nodes.
             Both:      480.00 MB reserved,      17.25 MB (  4%) committed. 

Chunk freelists:
   Non-Class:  1.30 MB
       Class:  13.37 MB
        Both:  14.68 MB

MaxMetaspaceSize: 512.00 MB
CompressedClassSpaceSize: 416.00 MB
Initial GC threshold: 21.00 MB
Current GC threshold: 21.00 MB
CDS: on
 - commit_granule_bytes: 65536.
 - commit_granule_words: 8192.
 - virtual_space_node_default_size: 8388608.
 - enlarge_chunks_in_place: 1.
 - use_allocation_guard: 0.


Internal statistics:

num_allocs_failed_limit: 0.
num_arena_births: 696.
num_arena_deaths: 0.
num_vsnodes_births: 2.
num_vsnodes_deaths: 0.
num_space_committed: 276.
num_space_uncommitted: 0.
num_chunks_returned_to_freelist: 0.
num_chunks_taken_from_freelist: 1331.
num_chunk_merges: 0.
num_chunk_splits: 872.
num_chunks_enlarged: 579.
num_inconsistent_stats: 0.

CodeHeap 'non-profiled nmethods': size=120000Kb used=1340Kb max_used=1340Kb free=118659Kb
 bounds [0x000001bab4910000, 0x000001bab4b80000, 0x000001babbe40000]
CodeHeap 'profiled nmethods': size=120000Kb used=5343Kb max_used=5343Kb free=114656Kb
 bounds [0x000001baace40000, 0x000001baad380000, 0x000001bab4370000]
CodeHeap 'non-nmethods': size=5760Kb used=1408Kb max_used=1440Kb free=4351Kb
 bounds [0x000001bab4370000, 0x000001bab45e0000, 0x000001bab4910000]
CodeCache: size=245760Kb, used=8091Kb, max_used=8123Kb, free=237666Kb
 total_blobs=3283, nmethods=2714, adapters=473, full_count=0
Compilation: enabled, stopped_count=0, restarted_count=0

Compilation events (20 events):
Event: 3.155 Thread 0x000001bac1826b70 2699       3       java.util.LinkedList::unlink (91 bytes)
Event: 3.155 Thread 0x000001bac1826b70 nmethod 2699 0x000001baad36a610 code [0x000001baad36a7e0, 0x000001baad36aba8]
Event: 3.156 Thread 0x000001bac1826b70 2700       3       java.lang.reflect.Executable::getGenericParameterTypes (20 bytes)
Event: 3.157 Thread 0x000001bac1826b70 nmethod 2700 0x000001baad36ad10 code [0x000001baad36af20, 0x000001baad36b660]
Event: 3.157 Thread 0x000001bac1826b70 2701       3       org.gradle.internal.service.DefaultServiceMethodFactory::toServiceMethod (11 bytes)
Event: 3.157 Thread 0x000001bac1826b70 nmethod 2701 0x000001baad36b810 code [0x000001baad36b9c0, 0x000001baad36bb98]
Event: 3.157 Thread 0x000001bac1826b70 2702   !   3       org.gradle.internal.service.MethodHandleBasedServiceMethodFactory::toServiceMethod (51 bytes)
Event: 3.158 Thread 0x000001bac1826b70 nmethod 2702 0x000001baad36bc90 code [0x000001baad36bfe0, 0x000001baad36d450]
Event: 3.158 Thread 0x000001bac1826b70 2703       3       java.lang.reflect.Method::getGenericParameterTypes (5 bytes)
Event: 3.172 Thread 0x000001bac1826b70 nmethod 2703 0x000001baad36db10 code [0x000001baad36dd40, 0x000001baad36e5e8]
Event: 3.172 Thread 0x000001bac1826b70 2706       3       java.lang.ref.Reference::enqueueFromPending (19 bytes)
Event: 3.172 Thread 0x000001bac1826b70 nmethod 2706 0x000001baad36e810 code [0x000001baad36e9c0, 0x000001baad36ebd8]
Event: 3.172 Thread 0x000001bac1826b70 2707   !   3       java.lang.ref.NativeReferenceQueue::enqueue (20 bytes)
Event: 3.172 Thread 0x000001bac1826b70 nmethod 2707 0x000001baad36ec90 code [0x000001baad36ee40, 0x000001baad36f070]
Event: 3.172 Thread 0x000001bac1826b70 2708       3       java.lang.ref.ReferenceQueue::enqueue0 (98 bytes)
Event: 3.173 Thread 0x000001bac1826b70 nmethod 2708 0x000001baad36f190 code [0x000001baad36f380, 0x000001baad36f990]
Event: 3.173 Thread 0x000001bac1826b70 2709       3       java.lang.ref.NativeReferenceQueue::signal (8 bytes)
Event: 3.173 Thread 0x000001bac1826b70 nmethod 2709 0x000001baad36fa90 code [0x000001baad36fc40, 0x000001baad36fd80]
Event: 3.173 Thread 0x000001bac1826b70 2704       3       java.lang.reflect.Method::hasGenericInformation (13 bytes)
Event: 3.173 Thread 0x000001bac1826b70 nmethod 2704 0x000001baad36fe90 code [0x000001baad370040, 0x000001baad3701b8]

GC Heap History (6 events):
Event: 0.832 GC heap before
{Heap before GC invocations=0 (full 0):
 garbage-first heap   total 129024K, used 26624K [0x0000000080000000, 0x0000000100000000)
  region size 1024K, 23 young (23552K), 0 survivors (0K)
 Metaspace       used 3146K, committed 3264K, reserved 491520K
  class space    used 413K, committed 448K, reserved 425984K
}
Event: 0.839 GC heap after
{Heap after GC invocations=1 (full 0):
 garbage-first heap   total 129024K, used 10399K [0x0000000080000000, 0x0000000100000000)
  region size 1024K, 3 young (3072K), 3 survivors (3072K)
 Metaspace       used 3146K, committed 3264K, reserved 491520K
  class space    used 413K, committed 448K, reserved 425984K
}
Event: 1.466 GC heap before
{Heap before GC invocations=1 (full 0):
 garbage-first heap   total 129024K, used 40095K [0x0000000080000000, 0x0000000100000000)
  region size 1024K, 31 young (31744K), 3 survivors (3072K)
 Metaspace       used 4113K, committed 4352K, reserved 491520K
  class space    used 513K, committed 640K, reserved 425984K
}
Event: 1.477 GC heap after
{Heap after GC invocations=2 (full 0):
 garbage-first heap   total 129024K, used 13291K [0x0000000080000000, 0x0000000100000000)
  region size 1024K, 3 young (3072K), 3 survivors (3072K)
 Metaspace       used 4113K, committed 4352K, reserved 491520K
  class space    used 513K, committed 640K, reserved 425984K
}
Event: 3.159 GC heap before
{Heap before GC invocations=2 (full 0):
 garbage-first heap   total 129024K, used 85995K [0x0000000080000000, 0x0000000100000000)
  region size 1024K, 75 young (76800K), 3 survivors (3072K)
 Metaspace       used 16641K, committed 17152K, reserved 491520K
  class space    used 2405K, committed 2624K, reserved 425984K
}
Event: 3.170 GC heap after
{Heap after GC invocations=3 (full 0):
 garbage-first heap   total 129024K, used 21208K [0x0000000080000000, 0x0000000100000000)
  region size 1024K, 10 young (10240K), 10 survivors (10240K)
 Metaspace       used 16641K, committed 17152K, reserved 491520K
  class space    used 2405K, committed 2624K, reserved 425984K
}

Dll operation events (14 events):
Event: 0.011 Loaded shared library C:\Users\sande\.vscode\extensions\redhat.java-1.53.0-win32-x64\jre\21.0.10-win32-x86_64\bin\java.dll
Event: 0.065 Loaded shared library C:\Users\sande\.vscode\extensions\redhat.java-1.53.0-win32-x64\jre\21.0.10-win32-x86_64\bin\zip.dll
Event: 0.084 Loaded shared library C:\Users\sande\.vscode\extensions\redhat.java-1.53.0-win32-x64\jre\21.0.10-win32-x86_64\bin\instrument.dll
Event: 0.088 Loaded shared library C:\Users\sande\.vscode\extensions\redhat.java-1.53.0-win32-x64\jre\21.0.10-win32-x86_64\bin\net.dll
Event: 0.091 Loaded shared library C:\Users\sande\.vscode\extensions\redhat.java-1.53.0-win32-x64\jre\21.0.10-win32-x86_64\bin\nio.dll
Event: 0.095 Loaded shared library C:\Users\sande\.vscode\extensions\redhat.java-1.53.0-win32-x64\jre\21.0.10-win32-x86_64\bin\zip.dll
Event: 0.359 Loaded shared library C:\Users\sande\.vscode\extensions\redhat.java-1.53.0-win32-x64\jre\21.0.10-win32-x86_64\bin\jimage.dll
Event: 0.460 Loaded shared library C:\Users\sande\.vscode\extensions\redhat.java-1.53.0-win32-x64\jre\21.0.10-win32-x86_64\bin\verify.dll
Event: 0.674 Loaded shared library C:\Users\sande\.gradle\native\68d5fa5c4cc2d200863cafc0d521ce42e7d3e7ee720ec0a83991735586a16f82\windows-amd64\native-platform.dll
Event: 0.682 Loaded shared library C:\Users\sande\.gradle\native\e376f236ea51e6404a007f0833ffe2c6e607c4080706a723a18a27aeea778392\windows-amd64\native-platform-file-events.dll
Event: 1.853 Loaded shared library C:\Users\sande\.vscode\extensions\redhat.java-1.53.0-win32-x64\jre\21.0.10-win32-x86_64\bin\management.dll
Event: 1.857 Loaded shared library C:\Users\sande\.vscode\extensions\redhat.java-1.53.0-win32-x64\jre\21.0.10-win32-x86_64\bin\management_ext.dll
Event: 2.099 Loaded shared library C:\Users\sande\.vscode\extensions\redhat.java-1.53.0-win32-x64\jre\21.0.10-win32-x86_64\bin\extnet.dll
Event: 2.266 Loaded shared library C:\Users\sande\.vscode\extensions\redhat.java-1.53.0-win32-x64\jre\21.0.10-win32-x86_64\bin\sunmscapi.dll

Deoptimization events (20 events):
Event: 2.751 Thread 0x000001bae2bed860 DEOPT PACKING pc=0x000001bab49cd094 sp=0x0000006a03afca40
Event: 2.751 Thread 0x000001bae2bed860 DEOPT UNPACKING pc=0x000001bab43c4422 sp=0x0000006a03afc9f8 mode 2
Event: 2.827 Thread 0x000001bae2bed860 Uncommon trap: trap_request=0xffffff45 fr.pc=0x000001bab49a155c relative=0x00000000000007fc
Event: 2.827 Thread 0x000001bae2bed860 Uncommon trap: reason=unstable_if action=reinterpret pc=0x000001bab49a155c method=java.util.ArrayList.grow(I)[Ljava/lang/Object; @ 17 c2
Event: 2.827 Thread 0x000001bae2bed860 DEOPT PACKING pc=0x000001bab49a155c sp=0x0000006a03afd7c0
Event: 2.827 Thread 0x000001bae2bed860 DEOPT UNPACKING pc=0x000001bab43c4422 sp=0x0000006a03afd658 mode 2
Event: 2.861 Thread 0x000001bae2bed860 Uncommon trap: trap_request=0xffffff45 fr.pc=0x000001bab4938d58 relative=0x0000000000000d58
Event: 2.861 Thread 0x000001bae2bed860 Uncommon trap: reason=unstable_if action=reinterpret pc=0x000001bab4938d58 method=java.io.WinNTFileSystem.resolve(Ljava/lang/String;Ljava/lang/String;)Ljava/lang/String; @ 19 c2
Event: 2.861 Thread 0x000001bae2bed860 DEOPT PACKING pc=0x000001bab4938d58 sp=0x0000006a03afd510
Event: 2.861 Thread 0x000001bae2bed860 DEOPT UNPACKING pc=0x000001bab43c4422 sp=0x0000006a03afd4a8 mode 2
Event: 2.862 Thread 0x000001bae2bed860 Uncommon trap: trap_request=0xffffff45 fr.pc=0x000001bab498cea0 relative=0x00000000000006c0
Event: 2.862 Thread 0x000001bae2bed860 Uncommon trap: reason=unstable_if action=reinterpret pc=0x000001bab498cea0 method=java.io.File.getName()Ljava/lang/String; @ 16 c2
Event: 2.862 Thread 0x000001bae2bed860 DEOPT PACKING pc=0x000001bab498cea0 sp=0x0000006a03afd4c0
Event: 2.862 Thread 0x000001bae2bed860 DEOPT UNPACKING pc=0x000001bab43c4422 sp=0x0000006a03afd490 mode 2
Event: 2.907 Thread 0x000001bae2bed860 DEOPT PACKING pc=0x000001baad246061 sp=0x0000006a03afcd80
Event: 2.907 Thread 0x000001bae2bed860 DEOPT UNPACKING pc=0x000001bab43c4bc2 sp=0x0000006a03afc290 mode 0
Event: 3.046 Thread 0x000001bae2bed860 Uncommon trap: trap_request=0xffffff45 fr.pc=0x000001bab49f3780 relative=0x00000000000000c0
Event: 3.046 Thread 0x000001bae2bed860 Uncommon trap: reason=unstable_if action=reinterpret pc=0x000001bab49f3780 method=jdk.internal.misc.Unsafe.convEndian(ZI)I @ 4 c2
Event: 3.046 Thread 0x000001bae2bed860 DEOPT PACKING pc=0x000001bab49f3780 sp=0x0000006a03afb460
Event: 3.046 Thread 0x000001bae2bed860 DEOPT UNPACKING pc=0x000001bab43c4422 sp=0x0000006a03afb2f8 mode 2

Classes loaded (20 events):
Event: 3.046 Loading class sun/security/provider/ByteArrayAccess$LE
Event: 3.046 Loading class sun/security/provider/ByteArrayAccess$LE done
Event: 3.074 Loading class java/util/concurrent/Semaphore
Event: 3.074 Loading class java/util/concurrent/Semaphore done
Event: 3.076 Loading class java/nio/file/FileVisitOption
Event: 3.076 Loading class java/nio/file/FileVisitOption done
Event: 3.082 Loading class java/util/stream/ReduceOps$1
Event: 3.082 Loading class java/util/stream/ReduceOps$1 done
Event: 3.083 Loading class java/util/stream/ReduceOps$1ReducingSink
Event: 3.083 Loading class java/util/stream/ReduceOps$1ReducingSink done
Event: 3.095 Loading class java/io/ObjectOutputStream
Event: 3.095 Loading class java/io/ObjectOutput
Event: 3.095 Loading class java/io/ObjectOutput done
Event: 3.095 Loading class java/io/ObjectStreamConstants
Event: 3.096 Loading class java/io/ObjectStreamConstants done
Event: 3.096 Loading class java/io/ObjectOutputStream done
Event: 3.096 Loading class java/io/ObjectInputStream
Event: 3.097 Loading class java/io/ObjectInput
Event: 3.097 Loading class java/io/ObjectInput done
Event: 3.097 Loading class java/io/ObjectInputStream done

Classes unloaded (0 events):
No events

Classes redefined (0 events):
No events

Internal exceptions (20 events):
Event: 2.834 Thread 0x000001bae2bed860 Exception <a 'java/lang/NoSuchMethodError'{0x0000000084477490}: 'java.lang.Object java.lang.invoke.DirectMethodHandle$Holder.invokeVirtual(java.lang.Object, java.lang.Object, java.lang.Object, java.lang.Object, java.lang.Object, java.lang.Object, java.lang.Object, java.lang.Object, java.lang.Object)'> (0x0000000084477490) 
thrown [s\src\hotspot\share\interpreter\linkResolver.cpp, line 773]
Event: 2.857 Thread 0x000001bae2bed860 Exception <a 'java/lang/NoSuchMethodError'{0x00000000843940e0}: 'java.lang.Object java.lang.invoke.DirectMethodHandle$Holder.invokeVirtual(java.lang.Object, java.lang.Object, java.lang.Object, java.lang.Object, java.lang.Object, java.lang.Object, java.lang.Object, java.lang.Object, java.lang.Object, java.lang.Object)'> (0x00000000843940e0) 
thrown [s\src\hotspot\share\interpreter\linkResolver.cpp, line 773]
Event: 2.889 Thread 0x000001bae2bed860 Exception <a 'java/lang/NoSuchMethodError'{0x0000000084120e68}: 'java.lang.Object java.lang.invoke.DelegatingMethodHandle$Holder.reinvoke_L(java.lang.Object, java.lang.Object, java.lang.Object, java.lang.Object, java.lang.Object, java.lang.Object, java.lang.Object, java.lang.Object, java.lang.Object, java.lang.Object, java.lang.Object, java.lang.Object, java.lang.Object, java.lang.Object, java.lang.Object, java.lang.Object, java.lang.Object, java.lang.Object, java.lang.Object, java.lang.Object, java.lang.O
Event: 2.893 Thread 0x000001bae2bed860 Exception <a 'java/lang/NoSuchMethodError'{0x0000000084179e28}: 'java.lang.Object java.lang.invoke.DirectMethodHandle$Holder.invokeStatic(java.lang.Object, java.lang.Object, java.lang.Object, java.lang.Object, java.lang.Object, java.lang.Object, java.lang.Object, java.lang.Object, java.lang.Object, java.lang.Object, java.lang.Object, java.lang.Object, java.lang.Object, java.lang.Object, java.lang.Object)'> (0x0000000084179e28) 
thrown [s\src\hotspot\share\interpreter\linkResolver.cpp, line 773]
Event: 2.894 Thread 0x000001bae2bed860 Exception <a 'java/lang/NoSuchMethodError'{0x000000008419e808}: 'java.lang.Object java.lang.invoke.DirectMethodHandle$Holder.invokeStatic(java.lang.Object, java.lang.Object, java.lang.Object, java.lang.Object, java.lang.Object, java.lang.Object, java.lang.Object, java.lang.Object, java.lang.Object, java.lang.Object, java.lang.Object, java.lang.Object, java.lang.Object, java.lang.Object, java.lang.Object, java.lang.Object)'> (0x000000008419e808) 
thrown [s\src\hotspot\share\interpreter\linkResolver.cpp, lin
Event: 2.896 Thread 0x000001bae2bed860 Exception <a 'java/lang/NoSuchMethodError'{0x00000000841c60f0}: 'java.lang.Object java.lang.invoke.DirectMethodHandle$Holder.invokeStatic(java.lang.Object, java.lang.Object, java.lang.Object, java.lang.Object, java.lang.Object, java.lang.Object, java.lang.Object, java.lang.Object, java.lang.Object, java.lang.Object, java.lang.Object, java.lang.Object, java.lang.Object, java.lang.Object, java.lang.Object, java.lang.Object, java.lang.Object)'> (0x00000000841c60f0) 
thrown [s\src\hotspot\share\interpreter\lin
Event: 2.898 Thread 0x000001bae2bed860 Exception <a 'java/lang/NoSuchMethodError'{0x00000000841eece0}: 'java.lang.Object java.lang.invoke.DirectMethodHandle$Holder.invokeStatic(java.lang.Object, java.lang.Object, java.lang.Object, java.lang.Object, java.lang.Object, java.lang.Object, java.lang.Object, java.lang.Object, java.lang.Object, java.lang.Object, java.lang.Object, java.lang.Object, java.lang.Object, java.lang.Object, java.lang.Object, java.lang.Object, java.lang.Object, java.lang.Object)'> (0x00000000841eece0) 
thrown [s\src\hotspot\sha
Event: 2.901 Thread 0x000001bae2bed860 Exception <a 'java/lang/NoSuchMethodError'{0x0000000084019078}: 'java.lang.Object java.lang.invoke.DirectMethodHandle$Holder.invokeStatic(java.lang.Object, java.lang.Object, java.lang.Object, java.lang.Object, java.lang.Object, java.lang.Object, java.lang.Object, java.lang.Object, java.lang.Object, java.lang.Object, java.lang.Object, java.lang.Object, java.lang.Object, java.lang.Object, java.lang.Object, java.lang.Object, java.lang.Object, java.lang.Object, java.lang.Object)'> (0x0000000084019078) 
thrown 
Event: 2.902 Thread 0x000001bae2bed860 Exception <a 'java/lang/NoSuchMethodError'{0x00000000840443b8}: 'java.lang.Object java.lang.invoke.DirectMethodHandle$Holder.invokeStatic(java.lang.Object, java.lang.Object, java.lang.Object, java.lang.Object, java.lang.Object, java.lang.Object, java.lang.Object, java.lang.Object, java.lang.Object, java.lang.Object, java.lang.Object, java.lang.Object, java.lang.Object, java.lang.Object, java.lang.Object, java.lang.Object, java.lang.Object, java.lang.Object, java.lang.Object, java.lang.Object)'> (0x00000000
Event: 2.904 Thread 0x000001bae2bed860 Exception <a 'java/lang/NoSuchMethodError'{0x0000000084070830}: 'java.lang.Object java.lang.invoke.DirectMethodHandle$Holder.invokeStatic(java.lang.Object, java.lang.Object, java.lang.Object, java.lang.Object, java.lang.Object, java.lang.Object, java.lang.Object, java.lang.Object, java.lang.Object, java.lang.Object, java.lang.Object, java.lang.Object, java.lang.Object, java.lang.Object, java.lang.Object, java.lang.Object, java.lang.Object, java.lang.Object, java.lang.Object, java.lang.Object, java.lang.Obj
Event: 2.906 Thread 0x000001bae2bed860 Exception <a 'java/lang/NoSuchMethodError'{0x000000008409dd70}: 'java.lang.Object java.lang.invoke.DirectMethodHandle$Holder.invokeStatic(java.lang.Object, java.lang.Object, java.lang.Object, java.lang.Object, java.lang.Object, java.lang.Object, java.lang.Object, java.lang.Object, java.lang.Object, java.lang.Object, java.lang.Object, java.lang.Object, java.lang.Object, java.lang.Object, java.lang.Object, java.lang.Object, java.lang.Object, java.lang.Object, java.lang.Object, java.lang.Object, java.lang.Obj
Event: 2.908 Thread 0x000001bae2bed860 Exception <a 'java/lang/NoSuchMethodError'{0x00000000840d19e8}: 'java.lang.Object java.lang.invoke.DirectMethodHandle$Holder.invokeStatic(java.lang.Object, java.lang.Object, java.lang.Object, java.lang.Object, java.lang.Object, java.lang.Object, java.lang.Object, java.lang.Object, java.lang.Object, java.lang.Object, java.lang.Object, java.lang.Object, java.lang.Object, java.lang.Object, java.lang.Object, java.lang.Object, java.lang.Object, java.lang.Object, java.lang.Object, java.lang.Object, java.lang.Obj
Event: 2.909 Thread 0x000001bae2bed860 Exception <a 'java/lang/NoSuchMethodError'{0x0000000083f00758}: 'java.lang.Object java.lang.invoke.DirectMethodHandle$Holder.invokeStatic(java.lang.Object, java.lang.Object, java.lang.Object, java.lang.Object, java.lang.Object, java.lang.Object, java.lang.Object, java.lang.Object, java.lang.Object, java.lang.Object, java.lang.Object, java.lang.Object, java.lang.Object, java.lang.Object, java.lang.Object, java.lang.Object, java.lang.Object, java.lang.Object, java.lang.Object, java.lang.Object, java.lang.Obj
Event: 2.911 Thread 0x000001bae2bed860 Exception <a 'java/lang/NoSuchMethodError'{0x0000000083f30d98}: 'java.lang.Object java.lang.invoke.DirectMethodHandle$Holder.invokeStatic(java.lang.Object, java.lang.Object, java.lang.Object, java.lang.Object, java.lang.Object, java.lang.Object, java.lang.Object, java.lang.Object, java.lang.Object, java.lang.Object, java.lang.Object, java.lang.Object, java.lang.Object, java.lang.Object, java.lang.Object, java.lang.Object, java.lang.Object, java.lang.Object, java.lang.Object, java.lang.Object, java.lang.Obj
Event: 3.035 Thread 0x000001bae2bed860 Exception <a 'java/lang/IncompatibleClassChangeError'{0x00000000839e6670}: Found class java.lang.Object, but interface was expected> (0x00000000839e6670) 
thrown [s\src\hotspot\share\interpreter\linkResolver.cpp, line 840]
Event: 3.079 Thread 0x000001bae2bed860 Exception <a 'java/lang/NoSuchMethodError'{0x00000000837fa740}: 'int java.lang.invoke.DirectMethodHandle$Holder.invokeSpecialIFC(java.lang.Object, java.lang.Object, java.lang.Object, java.lang.Object)'> (0x00000000837fa740) 
thrown [s\src\hotspot\share\interpreter\linkResolver.cpp, line 773]
Event: 3.082 Thread 0x000001bae2bed860 Exception <a 'java/lang/NoSuchMethodError'{0x0000000083608598}: 'java.lang.Object java.lang.invoke.DirectMethodHandle$Holder.invokeInterface(java.lang.Object, java.lang.Object, java.lang.Object)'> (0x0000000083608598) 
thrown [s\src\hotspot\share\interpreter\linkResolver.cpp, line 773]
Event: 3.082 Thread 0x000001bae2bed860 Exception <a 'java/lang/IncompatibleClassChangeError'{0x000000008360bf00}: Found class java.lang.Object, but interface was expected> (0x000000008360bf00) 
thrown [s\src\hotspot\share\interpreter\linkResolver.cpp, line 840]
Event: 3.083 Thread 0x000001bae2bed860 Exception <a 'java/lang/NoSuchMethodError'{0x0000000083613298}: 'java.lang.Object java.lang.invoke.DirectMethodHandle$Holder.newInvokeSpecial(java.lang.Object, java.lang.Object, java.lang.Object, java.lang.Object, java.lang.Object, java.lang.Object, java.lang.Object, java.lang.Object, java.lang.Object, java.lang.Object, java.lang.Object)'> (0x0000000083613298) 
thrown [s\src\hotspot\share\interpreter\linkResolver.cpp, line 773]
Event: 3.123 Thread 0x000001bae2bed860 Exception <a 'java/lang/NoSuchMethodError'{0x00000000834067b0}: 'int java.lang.invoke.DirectMethodHandle$Holder.invokeStatic(java.lang.Object, java.lang.Object, java.lang.Object, java.lang.Object)'> (0x00000000834067b0) 
thrown [s\src\hotspot\share\interpreter\linkResolver.cpp, line 773]

ZGC Phase Switch (0 events):
No events

VM Operations (20 events):
Event: 2.052 Executing non-safepoint VM operation: HandshakeAllThreads (Deoptimize)
Event: 2.052 Executing non-safepoint VM operation: HandshakeAllThreads (Deoptimize) done
Event: 2.159 Executing safepoint VM operation: ICBufferFull
Event: 2.160 Executing safepoint VM operation: ICBufferFull done
Event: 2.180 Executing non-safepoint VM operation: HandshakeAllThreads (Deoptimize)
Event: 2.180 Executing non-safepoint VM operation: HandshakeAllThreads (Deoptimize) done
Event: 2.250 Executing non-safepoint VM operation: HandshakeAllThreads (Deoptimize)
Event: 2.250 Executing non-safepoint VM operation: HandshakeAllThreads (Deoptimize) done
Event: 2.587 Executing non-safepoint VM operation: HandshakeAllThreads (Deoptimize)
Event: 2.587 Executing non-safepoint VM operation: HandshakeAllThreads (Deoptimize) done
Event: 2.773 Executing non-safepoint VM operation: HandshakeAllThreads (Deoptimize)
Event: 2.773 Executing non-safepoint VM operation: HandshakeAllThreads (Deoptimize) done
Event: 2.871 Executing safepoint VM operation: ICBufferFull
Event: 2.871 Executing safepoint VM operation: ICBufferFull done
Event: 2.919 Executing non-safepoint VM operation: HandshakeAllThreads (Deoptimize)
Event: 2.919 Executing non-safepoint VM operation: HandshakeAllThreads (Deoptimize) done
Event: 2.919 Executing non-safepoint VM operation: HandshakeAllThreads (Deoptimize)
Event: 2.919 Executing non-safepoint VM operation: HandshakeAllThreads (Deoptimize) done
Event: 3.159 Executing safepoint VM operation: G1CollectForAllocation (G1 Evacuation Pause)
Event: 3.170 Executing safepoint VM operation: G1CollectForAllocation (G1 Evacuation Pause) done

Memory protections (0 events):
No events

Nmethod flushes (0 events):
No events

Events (20 events):
Event: 0.039 Thread 0x000001baa77e91b0 Thread added: 0x000001bac1821540
Event: 0.039 Thread 0x000001baa77e91b0 Thread added: 0x000001bac1826b70
Event: 0.085 Thread 0x000001baa77e91b0 Thread added: 0x000001bac1a0eff0
Event: 0.115 Thread 0x000001baa77e91b0 Thread added: 0x000001bac1a0e7d0
Event: 0.361 Thread 0x000001bac1826b70 Thread added: 0x000001bac1b25860
Event: 0.392 Thread 0x000001bac1826b70 Thread added: 0x000001bac1b23650
Event: 1.893 Thread 0x000001baa77e91b0 Thread added: 0x000001bae2581bb0
Event: 2.150 Thread 0x000001baa77e91b0 Thread added: 0x000001bae237c1b0
Event: 2.231 Thread 0x000001baa77e91b0 Thread added: 0x000001bae2453a20
Event: 2.287 Thread 0x000001bae237c1b0 Thread added: 0x000001bae26c40c0
Event: 2.289 Thread 0x000001bae26c40c0 Thread added: 0x000001bae1985120
Event: 2.321 Thread 0x000001bae26c40c0 Thread added: 0x000001bae296cd40
Event: 2.329 Thread 0x000001bae26c40c0 Thread added: 0x000001bae2bed860
Event: 2.340 Thread 0x000001bae2bed860 Thread added: 0x000001bae289d3f0
Event: 2.345 Thread 0x000001bae2bed860 Thread added: 0x000001bae289c6d0
Event: 2.349 Thread 0x000001bae2bed860 Thread added: 0x000001bae289cd60
Event: 2.560 Thread 0x000001bac1b23650 Thread exited: 0x000001bac1b23650
Event: 2.774 Thread 0x000001bae2bed860 Thread added: 0x000001bae289b9b0
Event: 2.787 Thread 0x000001bae2bed860 Thread added: 0x000001bae2899f70
Event: 3.064 Thread 0x000001bae2bed860 Thread added: 0x000001bae289a600


Dynamic libraries:
0x00007ff6e01a0000 - 0x00007ff6e01ae000 	C:\Users\sande\.vscode\extensions\redhat.java-1.53.0-win32-x64\jre\21.0.10-win32-x86_64\bin\java.exe
0x00007ffccb0c0000 - 0x00007ffccb327000 	C:\WINDOWS\SYSTEM32\ntdll.dll
0x00007ffcc8f60000 - 0x00007ffcc9029000 	C:\WINDOWS\System32\KERNEL32.DLL
0x00007ffcc85a0000 - 0x00007ffcc8991000 	C:\WINDOWS\System32\KERNELBASE.dll
0x00007ffcc79a0000 - 0x00007ffcc7aeb000 	C:\WINDOWS\System32\ucrtbase.dll
0x00007ffcc10d0000 - 0x00007ffcc10ee000 	C:\Users\sande\.vscode\extensions\redhat.java-1.53.0-win32-x64\jre\21.0.10-win32-x86_64\bin\VCRUNTIME140.dll
0x00007ffcc1430000 - 0x00007ffcc1448000 	C:\Users\sande\.vscode\extensions\redhat.java-1.53.0-win32-x64\jre\21.0.10-win32-x86_64\bin\jli.dll
0x00007ffcc91d0000 - 0x00007ffcc9395000 	C:\WINDOWS\System32\USER32.dll
0x00007ffcc83f0000 - 0x00007ffcc8417000 	C:\WINDOWS\System32\win32u.dll
0x00007ffcc6c30000 - 0x00007ffcc6ec3000 	C:\WINDOWS\WinSxS\amd64_microsoft.windows.common-controls_6595b64144ccf1df_6.0.26100.8037_none_3e092faae333b53b\COMCTL32.dll
0x00007ffcc9da0000 - 0x00007ffcc9dcb000 	C:\WINDOWS\System32\GDI32.dll
0x00007ffccafb0000 - 0x00007ffccb059000 	C:\WINDOWS\System32\msvcrt.dll
0x00007ffcc8a60000 - 0x00007ffcc8b8b000 	C:\WINDOWS\System32\gdi32full.dll
0x00007ffcc8d00000 - 0x00007ffcc8da3000 	C:\WINDOWS\System32\msvcp_win.dll
0x00007ffcc8f10000 - 0x00007ffcc8f41000 	C:\WINDOWS\System32\IMM32.DLL
0x00007ffcc3e10000 - 0x00007ffcc3e1c000 	C:\Users\sande\.vscode\extensions\redhat.java-1.53.0-win32-x64\jre\21.0.10-win32-x86_64\bin\vcruntime140_1.dll
0x00007ffc4b1a0000 - 0x00007ffc4b22d000 	C:\Users\sande\.vscode\extensions\redhat.java-1.53.0-win32-x64\jre\21.0.10-win32-x86_64\bin\msvcp140.dll
0x00007ffc06960000 - 0x00007ffc07701000 	C:\Users\sande\.vscode\extensions\redhat.java-1.53.0-win32-x64\jre\21.0.10-win32-x86_64\bin\server\jvm.dll
0x00007ffccad40000 - 0x00007ffccadfb000 	C:\WINDOWS\System32\ADVAPI32.dll
0x00007ffcc8e60000 - 0x00007ffcc8f07000 	C:\WINDOWS\System32\sechost.dll
0x00007ffcc90b0000 - 0x00007ffcc91c8000 	C:\WINDOWS\System32\RPCRT4.dll
0x00007ffcc9030000 - 0x00007ffcc90a4000 	C:\WINDOWS\System32\WS2_32.dll
0x00007ffcc7200000 - 0x00007ffcc725e000 	C:\WINDOWS\SYSTEM32\POWRPROF.dll
0x00007ffcb3ea0000 - 0x00007ffcb3ed5000 	C:\WINDOWS\SYSTEM32\WINMM.dll
0x00007ffcc0920000 - 0x00007ffcc092b000 	C:\WINDOWS\SYSTEM32\VERSION.dll
0x00007ffcc6f10000 - 0x00007ffcc6f24000 	C:\WINDOWS\SYSTEM32\UMPDC.dll
0x00007ffcc60a0000 - 0x00007ffcc60bb000 	C:\WINDOWS\SYSTEM32\kernel.appcore.dll
0x00007ffcc10c0000 - 0x00007ffcc10ca000 	C:\Users\sande\.vscode\extensions\redhat.java-1.53.0-win32-x64\jre\21.0.10-win32-x86_64\bin\jimage.dll
0x00007ffcc7270000 - 0x00007ffcc74b2000 	C:\WINDOWS\SYSTEM32\DBGHELP.DLL
0x00007ffcc96b0000 - 0x00007ffcc9a32000 	C:\WINDOWS\System32\combase.dll
0x00007ffcc9bc0000 - 0x00007ffcc9c97000 	C:\WINDOWS\System32\OLEAUT32.dll
0x00007ffcc70f0000 - 0x00007ffcc712b000 	C:\WINDOWS\SYSTEM32\dbgcore.DLL
0x00007ffcc8db0000 - 0x00007ffcc8e55000 	C:\WINDOWS\System32\bcryptPrimitives.dll
0x00007ffcc1ee0000 - 0x00007ffcc1eef000 	C:\Users\sande\.vscode\extensions\redhat.java-1.53.0-win32-x64\jre\21.0.10-win32-x86_64\bin\instrument.dll
0x00007ffc97180000 - 0x00007ffc971a0000 	C:\Users\sande\.vscode\extensions\redhat.java-1.53.0-win32-x64\jre\21.0.10-win32-x86_64\bin\java.dll
0x00007ffcca260000 - 0x00007ffcca9bf000 	C:\WINDOWS\System32\SHELL32.dll
0x00007ffcc8b90000 - 0x00007ffcc8cfa000 	C:\WINDOWS\System32\wintypes.dll
0x00007ffcc7af0000 - 0x00007ffcc8354000 	C:\WINDOWS\System32\windows.storage.dll
0x00007ffcc9ca0000 - 0x00007ffcc9d97000 	C:\WINDOWS\System32\SHCORE.dll
0x00007ffccae00000 - 0x00007ffccae67000 	C:\WINDOWS\System32\shlwapi.dll
0x00007ffcc78c0000 - 0x00007ffcc78e9000 	C:\WINDOWS\SYSTEM32\profapi.dll
0x00007ffc85600000 - 0x00007ffc85618000 	C:\Users\sande\.vscode\extensions\redhat.java-1.53.0-win32-x64\jre\21.0.10-win32-x86_64\bin\zip.dll
0x00007ffcb2ca0000 - 0x00007ffcb2cb0000 	C:\Users\sande\.vscode\extensions\redhat.java-1.53.0-win32-x64\jre\21.0.10-win32-x86_64\bin\net.dll
0x00007ffcc0160000 - 0x00007ffcc0287000 	C:\WINDOWS\SYSTEM32\WINHTTP.dll
0x00007ffcc65d0000 - 0x00007ffcc663b000 	C:\WINDOWS\system32\mswsock.dll
0x00007ffc74bb0000 - 0x00007ffc74bc6000 	C:\Users\sande\.vscode\extensions\redhat.java-1.53.0-win32-x64\jre\21.0.10-win32-x86_64\bin\nio.dll
0x00007ffcc1ed0000 - 0x00007ffcc1ee0000 	C:\Users\sande\.vscode\extensions\redhat.java-1.53.0-win32-x64\jre\21.0.10-win32-x86_64\bin\verify.dll
0x00007ffcc1e20000 - 0x00007ffcc1e47000 	C:\Users\sande\.gradle\native\68d5fa5c4cc2d200863cafc0d521ce42e7d3e7ee720ec0a83991735586a16f82\windows-amd64\native-platform.dll
0x00007ffcb2e80000 - 0x00007ffcb2fc4000 	C:\Users\sande\.gradle\native\e376f236ea51e6404a007f0833ffe2c6e607c4080706a723a18a27aeea778392\windows-amd64\native-platform-file-events.dll
0x00007ffc87b20000 - 0x00007ffc87b2a000 	C:\Users\sande\.vscode\extensions\redhat.java-1.53.0-win32-x64\jre\21.0.10-win32-x86_64\bin\management.dll
0x00007ffc87a80000 - 0x00007ffc87a8c000 	C:\Users\sande\.vscode\extensions\redhat.java-1.53.0-win32-x64\jre\21.0.10-win32-x86_64\bin\management_ext.dll
0x00007ffccaf70000 - 0x00007ffccaf78000 	C:\WINDOWS\System32\PSAPI.DLL
0x00007ffcc75e0000 - 0x00007ffcc75fb000 	C:\WINDOWS\SYSTEM32\CRYPTSP.dll
0x00007ffcc5fe0000 - 0x00007ffcc6019000 	C:\WINDOWS\system32\rsaenh.dll
0x00007ffcc6680000 - 0x00007ffcc66b2000 	C:\WINDOWS\SYSTEM32\USERENV.dll
0x00007ffcc7890000 - 0x00007ffcc78ba000 	C:\WINDOWS\SYSTEM32\bcrypt.dll
0x00007ffcc68b0000 - 0x00007ffcc68bc000 	C:\WINDOWS\SYSTEM32\CRYPTBASE.dll
0x00007ffcc58d0000 - 0x00007ffcc5903000 	C:\WINDOWS\SYSTEM32\IPHLPAPI.DLL
0x00007ffcc8f50000 - 0x00007ffcc8f5a000 	C:\WINDOWS\System32\NSI.dll
0x00007ffc7b980000 - 0x00007ffc7b989000 	C:\Users\sande\.vscode\extensions\redhat.java-1.53.0-win32-x64\jre\21.0.10-win32-x86_64\bin\extnet.dll
0x00007ffc81fa0000 - 0x00007ffc81fae000 	C:\Users\sande\.vscode\extensions\redhat.java-1.53.0-win32-x64\jre\21.0.10-win32-x86_64\bin\sunmscapi.dll
0x00007ffcc8420000 - 0x00007ffcc8597000 	C:\WINDOWS\System32\CRYPT32.dll
0x00007ffcc6af0000 - 0x00007ffcc6b20000 	C:\WINDOWS\SYSTEM32\ncrypt.dll
0x00007ffcc69e0000 - 0x00007ffcc6a1f000 	C:\WINDOWS\SYSTEM32\NTASN1.dll
0x00007ffcc1210000 - 0x00007ffcc1218000 	C:\WINDOWS\system32\wshunix.dll

JVMTI agents:
C:\Users\sande\.gradle\wrapper\dists\gradle-8.3-all\6en3ugtfdg5xnpx44z4qbwgas\gradle-8.3\lib\agents\gradle-instrumentation-agent-8.3.jar path:C:\Users\sande\.vscode\extensions\redhat.java-1.53.0-win32-x64\jre\21.0.10-win32-x86_64\bin\instrument.dll, loaded, initialized, instrumentlib options:none

dbghelp: loaded successfully - version: 4.0.5 - missing functions: none
symbol engine: initialized successfully - sym options: 0x614 - pdb path: .;C:\Users\sande\.vscode\extensions\redhat.java-1.53.0-win32-x64\jre\21.0.10-win32-x86_64\bin;C:\WINDOWS\SYSTEM32;C:\WINDOWS\WinSxS\amd64_microsoft.windows.common-controls_6595b64144ccf1df_6.0.26100.8037_none_3e092faae333b53b;C:\Users\sande\.vscode\extensions\redhat.java-1.53.0-win32-x64\jre\21.0.10-win32-x86_64\bin\server;C:\Users\sande\.gradle\native\68d5fa5c4cc2d200863cafc0d521ce42e7d3e7ee720ec0a83991735586a16f82\windows-amd64;C:\Users\sande\.gradle\native\e376f236ea51e6404a007f0833ffe2c6e607c4080706a723a18a27aeea778392\windows-amd64

VM Arguments:
jvm_args: -XX:MaxMetaspaceSize=512m --add-opens=java.base/java.util=ALL-UNNAMED --add-opens=java.base/java.lang=ALL-UNNAMED --add-opens=java.base/java.lang.invoke=ALL-UNNAMED --add-opens=java.prefs/java.util.prefs=ALL-UNNAMED --add-opens=java.base/java.nio.charset=ALL-UNNAMED --add-opens=java.base/java.net=ALL-UNNAMED --add-opens=java.base/java.util.concurrent.atomic=ALL-UNNAMED -Xmx2048m -Dfile.encoding=utf8 -Duser.country=IN -Duser.language=en -Duser.variant -javaagent:C:\Users\sande\.gradle\wrapper\dists\gradle-8.3-all\6en3ugtfdg5xnpx44z4qbwgas\gradle-8.3\lib\agents\gradle-instrumentation-agent-8.3.jar 
java_command: org.gradle.launcher.daemon.bootstrap.GradleDaemon 8.3
java_class_path (initial): C:\Users\sande\.gradle\wrapper\dists\gradle-8.3-all\6en3ugtfdg5xnpx44z4qbwgas\gradle-8.3\lib\gradle-launcher-8.3.jar
Launcher Type: SUN_STANDARD

[Global flags]
     intx CICompilerCount                          = 4                                         {product} {ergonomic}
   size_t CompressedClassSpaceSize                 = 436207616                                 {product} {ergonomic}
     uint ConcGCThreads                            = 3                                         {product} {ergonomic}
     uint G1ConcRefinementThreads                  = 10                                        {product} {ergonomic}
   size_t G1HeapRegionSize                         = 1048576                                   {product} {ergonomic}
    uintx GCDrainStackTargetSize                   = 64                                        {product} {ergonomic}
   size_t InitialHeapSize                          = 132120576                                 {product} {ergonomic}
   size_t MarkStackSize                            = 4194304                                   {product} {ergonomic}
   size_t MaxHeapSize                              = 2147483648                                {product} {command line}
   size_t MaxMetaspaceSize                         = 536870912                                 {product} {command line}
   size_t MaxNewSize                               = 1287651328                                {product} {ergonomic}
   size_t MinHeapDeltaBytes                        = 1048576                                   {product} {ergonomic}
   size_t MinHeapSize                              = 8388608                                   {product} {ergonomic}
    uintx NonNMethodCodeHeapSize                   = 5839372                                {pd product} {ergonomic}
    uintx NonProfiledCodeHeapSize                  = 122909434                              {pd product} {ergonomic}
    uintx ProfiledCodeHeapSize                     = 122909434                              {pd product} {ergonomic}
    uintx ReservedCodeCacheSize                    = 251658240                              {pd product} {ergonomic}
     bool SegmentedCodeCache                       = true                                      {product} {ergonomic}
   size_t SoftMaxHeapSize                          = 2147483648                             {manageable} {ergonomic}
     bool UseCompressedOops                        = true                           {product lp64_product} {ergonomic}
     bool UseG1GC                                  = true                                      {product} {ergonomic}
     bool UseLargePagesIndividualAllocation        = false                                  {pd product} {ergonomic}

Logging:
Log output configuration:
 #0: stdout all=warning uptime,level,tags foldmultilines=false
 #1: stderr all=off uptime,level,tags foldmultilines=false

Release file:
JAVA_VERSION="21.0.10" 
MODULES="java.base java.compiler java.datatransfer java.xml java.prefs java.desktop java.instrument java.logging java.management java.security.sasl java.naming java.rmi java.management.rmi java.net.http java.scripting java.security.jgss java.transaction.xa java.sql java.sql.rowset java.xml.crypto java.se java.smartcardio jdk.accessibility jdk.internal.jvmstat jdk.attach jdk.charsets jdk.internal.opt jdk.zipfs jdk.compiler jdk.crypto.ec jdk.crypto.cryptoki jdk.crypto.mscapi jdk.dynalink jdk.internal.ed jdk.editpad jdk.hotspot.agent jdk.httpserver jdk.internal.le jdk.internal.vm.ci jdk.internal.vm.compiler jdk.internal.vm.compiler.management jdk.jartool jdk.javadoc jdk.jcmd jdk.management jdk.management.agent jdk.jconsole jdk.jdeps jdk.jdwp.agent jdk.jdi jdk.jfr jdk.jshell jdk.jsobject jdk.jstatd jdk.localedata jdk.management.jfr jdk.naming.dns jdk.naming.rmi jdk.net jdk.nio.mapmode jdk.random jdk.sctp jdk.security.auth jdk.security.jgss jdk.unsupported jdk.unsupported.desktop jdk.xml.dom" 

Environment Variables:
PATH=C:\Program Files\Common Files\Oracle\Java\javapath;C:\Python313\Scripts\;C:\Python313\;C:\Program Files\Python312\Scripts\;C:\Program Files\Python312\;C:\Windows\system32;C:\Windows;C:\Windows\System32\Wbem;C:\Windows\System32\WindowsPowerShell\v1.0\;C:\Windows\System32\OpenSSH\;C:\Program Files (x86)\NVIDIA Corporation\PhysX\Common;C:\WINDOWS\system32;C:\WINDOWS;C:\WINDOWS\System32\Wbem;C:\WINDOWS\System32\WindowsPowerShell\v1.0\;C:\WINDOWS\System32\OpenSSH\;C:\Program Files\Git\bin;C:\Program Files\NVIDIA Corporation\NVIDIA NvDLISR;C:\Program Files\GTK3-Runtime Win64\bin;C:\Users\sande\Downloads\kotlin-compiler-1.9.22\kotlinc\bin;C:\Program Files\Azure Data Studio\bin;C:\Program Files\MySQL\MySQL Server 8.0\bin;C:\Users\sande\AppData\Local\Android\Sdk;C:\Users\sande\AppData\Local\Android\Sdk\platform-tools;C:\WINDOWS\system32;C:\WINDOWS;C:\WINDOWS\System32\Wbem;C:\WINDOWS\System32\WindowsPowerShell\v1.0\;C:\WINDOWS\System32\OpenSSH\;C:\ProgramData\chocolatey\bin;C:\Program Files\nodejs;C:\Users\sande\AppData\Local\nvm;C:\nvm4w\nodejs;C:\MinGW\bin;C:\Program Files\Go\bin;C:\Users\sande\Downloads\apache-maven-3.9.9\bin;C:\Program Files\PuTTY\;C:\Program Files\Docker\Docker\resources\bin;C:\Program Files\Java\jdk-17\bin;C:\Users\sande\AppData\Local\Android\Sdk\tools;C:\Program Files\MySQL\MySQL Shell 8.0\bin\;C:\Users\sande\AppData\Local\Microsoft\WindowsApps;C:\Program Files\JetBrains\IntelliJ IDEA Community Edition 2023.1.2\bin;;C:\Users\sande\AppData\Local\Programs\Microsoft VS Code\bin;C:\Users\sande\dart-sdk\bin;C:\Users\sande\Desktop\flutter_windows_3.16.5-stable\flutter\bin;C:\Program Files\Azure Data Studio\bin;C:\ProgramData\Microsoft\Windows\Start Menu\Programs\Python 3.12\Python 3.12 (64-bit).lnk;C:\Program Files\Python312\Scripts;C:\Mongosh\;C:\Users\sande\AppData\Local\nvm;C:\nvm4w\nodejs;C:\Users\sande\go\bin;C:\Program Files\JetBrains\IntelliJ IDEA 2024.3.5\bin;;C:\Program Files\Java\jdk-17\bin;C:\Program Files\Java\jdk-17\;C:\Users\sande\AppData\Local\Programs\Antigravity\bin
USERNAME=sande
OS=Windows_NT
PROCESSOR_IDENTIFIER=Intel64 Family 6 Model 165 Stepping 2, GenuineIntel
TMP=C:\Users\sande\AppData\Local\Temp
TEMP=C:\Users\sande\AppData\Local\Temp




Periodic native trim disabled

---------------  S Y S T E M  ---------------

OS:
 Windows 11 , 64 bit Build 26100 (10.0.26100.7920)
OS uptime: 0 days 2:30 hours
Hyper-V role detected

CPU: total 12 (initial active 12) (6 cores per cpu, 2 threads per core) family 6 model 165 stepping 2 microcode 0xf6, cx8, cmov, fxsr, ht, mmx, 3dnowpref, sse, sse2, sse3, ssse3, sse4.1, sse4.2, popcnt, lzcnt, tsc, tscinvbit, avx, avx2, aes, erms, clmul, bmi1, bmi2, adx, fma, vzeroupper, clflush, clflushopt, hv, rdtscp, f16c
Processor Information for the first 12 processors :
  Max Mhz: 2496, Current Mhz: 2496, Mhz Limit: 2496

Memory: 4k page, system-wide physical 8059M (467M free)
TotalPageFile size 32635M (AvailPageFile size 12M)
current process WorkingSet (physical memory assigned to process): 206M, peak: 206M
current process commit charge ("private bytes"): 284M, peak: 285M

vm_info: OpenJDK 64-Bit Server VM (21.0.10+7-LTS) for windows-amd64 JRE (21.0.10+7-LTS), built on 2026-01-20T00:00:00Z by "admin" with MS VC++ 17.12 (VS2022)

END.
