#
# There is insufficient memory for the Java Runtime Environment to continue.
# Native memory allocation (malloc) failed to allocate 1226256 bytes. Error detail: Chunk::new
# Possible reasons:
#   The system is out of physical RAM or swap space
#   This process is running with CompressedOops enabled, and the Java Heap may be blocking the growth of the native heap
# Possible solutions:
#   Reduce memory load on the system
#   Increase physical memory or swap space
#   Check if swap backing store is full
#   Decrease Java heap size (-Xmx/-Xms)
#   Decrease number of Java threads
#   Decrease Java thread stack sizes (-Xss)
#   Set larger code cache with -XX:ReservedCodeCacheSize=
#   JVM is running with Unscaled Compressed Oops mode in which the Java heap is
#     placed in the first 4GB address space. The Java Heap base address is the
#     maximum limit for the native heap growth. Please use -XX:HeapBaseMinAddress
#     to set the Java Heap base and to place the Java Heap above 4GB virtual address.
# This output file may be truncated or incomplete.
#
#  Out of Memory Error (arena.cpp:168), pid=27124, tid=20824
#
# JRE version: OpenJDK Runtime Environment Temurin-21.0.9+10 (21.0.9+10) (build 21.0.9+10-LTS)
# Java VM: OpenJDK 64-Bit Server VM Temurin-21.0.9+10 (21.0.9+10-LTS, mixed mode, sharing, tiered, compressed oops, compressed class ptrs, parallel gc, windows-amd64)
# No core dump will be written. Minidumps are not enabled by default on client versions of Windows
#

---------------  S U M M A R Y ------------

Command Line: --add-modules=ALL-SYSTEM --add-opens=java.base/java.util=ALL-UNNAMED --add-opens=java.base/java.lang=ALL-UNNAMED --add-opens=java.base/sun.nio.fs=ALL-UNNAMED -Declipse.application=org.eclipse.jdt.ls.core.id1 -Dosgi.bundles.defaultStartLevel=4 -Declipse.product=org.eclipse.jdt.ls.core.product -Djava.import.generatesMetadataFilesAtProjectRoot=false -DDetectVMInstallationsJob.disabled=true -Dfile.encoding=utf8 -XX:+UseParallelGC -XX:GCTimeRatio=4 -XX:AdaptiveSizePolicyWeight=90 -Dsun.zip.disableMemoryMapping=true -Xmx2G -Xms100m -Xlog:disable -javaagent:c:\Users\sande\.vscode\extensions\redhat.java-1.52.0-win32-x64\lombok\lombok-1.18.39-4050.jar -XX:+HeapDumpOnOutOfMemoryError -XX:HeapDumpPath=c:\Users\sande\AppData\Roaming\Code\User\workspaceStorage\be7ba368ab9cfb1cb7631f5b97bea9cb\redhat.java -Daether.dependencyCollector.impl=bf c:\Users\sande\.vscode\extensions\redhat.java-1.52.0-win32-x64\server\plugins\org.eclipse.equinox.launcher_1.7.100.v20251111-0406.jar -configuration c:\Users\sande\AppData\Roaming\Code\User\globalStorage\redhat.java\1.52.0\config_win -data c:\Users\sande\AppData\Roaming\Code\User\workspaceStorage\be7ba368ab9cfb1cb7631f5b97bea9cb\redhat.java\jdt_ws --pipe=\\.\pipe\lsp-7d4c91829919be17522c6d3baa802a95-sock

Host: Intel(R) Core(TM) i5-10500H CPU @ 2.50GHz, 12 cores, 7G,  Windows 11 , 64 bit Build 26100 (10.0.26100.7705)
Time: Mon Feb  9 21:28:35 2026 India Standard Time elapsed time: 47.024490 seconds (0d 0h 0m 47s)

---------------  T H R E A D  ---------------

Current thread (0x0000019fafed98c0):  JavaThread "C2 CompilerThread0" daemon [_thread_in_native, id=20824, stack(0x0000007256300000,0x0000007256400000) (1024K)]


Current CompileTask:
C2:47024 10144   !   4       org.eclipse.jdt.internal.compiler.classfmt.ClassFileReader::<init> (1968 bytes)

Stack: [0x0000007256300000,0x0000007256400000]
Native frames: (J=compiled Java code, j=interpreted, Vv=VM code, C=native code)
V  [jvm.dll+0x6d6e29]
V  [jvm.dll+0x8b4b76]
V  [jvm.dll+0x8b712e]
V  [jvm.dll+0x8b7813]
V  [jvm.dll+0x283d86]
V  [jvm.dll+0xc66ed]
V  [jvm.dll+0xc6c31]
V  [jvm.dll+0x2facee]
V  [jvm.dll+0x5fde44]
V  [jvm.dll+0x255557]
V  [jvm.dll+0x25591d]
V  [jvm.dll+0x24df40]
V  [jvm.dll+0x24b482]
V  [jvm.dll+0x1cb13e]
V  [jvm.dll+0x25b29d]
V  [jvm.dll+0x25982a]
V  [jvm.dll+0x3f7ea6]
V  [jvm.dll+0x85e9ad]
V  [jvm.dll+0x6d565d]
C  [ucrtbase.dll+0x37b0]
C  [KERNEL32.DLL+0x2e8d7]
C  [ntdll.dll+0x8c40c]


---------------  P R O C E S S  ---------------

Threads class SMR info:
_java_thread_list=0x000001a010fbe130, length=61, elements={
0x0000019fafe249e0, 0x0000019fafec43e0, 0x0000019fafec4fd0, 0x0000019fafec8390,
0x0000019fafec9260, 0x0000019fafecd220, 0x0000019fafed31f0, 0x0000019fafed98c0,
0x0000019fafede200, 0x000001a008deef20, 0x000001a008f09f20, 0x000001a00e9b6580,
0x000001a00e6cd700, 0x000001a00e585170, 0x000001a00e585ba0, 0x000001a00edc9bf0,
0x000001a00ed63f00, 0x000001a00f2204d0, 0x000001a00f221880, 0x000001a00f220b60,
0x000001a00f2232c0, 0x000001a00f223950, 0x000001a00f221f10, 0x000001a00f2225a0,
0x000001a00f412fd0, 0x000001a00f40fb50, 0x000001a00f4101e0, 0x000001a00f412940,
0x000001a00f410870, 0x000001a00f410f00, 0x000001a00f411590, 0x000001a00f411c20,
0x000001a00f4122b0, 0x000001a010a64b50, 0x000001a010a651e0, 0x000001a010a66c20,
0x000001a010a65870, 0x000001a010a63e30, 0x000001a010a65f00, 0x000001a010a66590,
0x000001a010a637a0, 0x000001a010a672b0, 0x000001a010a67940, 0x000001a010a644c0,
0x000001a010a6adc0, 0x000001a010a68cf0, 0x000001a010a69380, 0x000001a010a69a10,
0x000001a010a6a730, 0x000001a01a67f660, 0x000001a01a67dc20, 0x000001a01a67fcf0,
0x000001a01a67d590, 0x000001a01a67e2b0, 0x000001a01a67e940, 0x000001a01a67efd0,
0x000001a01a67c870, 0x000001a008d9e680, 0x000001a01a681730, 0x000001a01a682450,
0x000001a01a682ae0
}

Java Threads: ( => current thread )
  0x0000019fafe249e0 JavaThread "main"                              [_thread_blocked, id=27136, stack(0x0000007255900000,0x0000007255a00000) (1024K)]
  0x0000019fafec43e0 JavaThread "Reference Handler"          daemon [_thread_blocked, id=27516, stack(0x0000007255d00000,0x0000007255e00000) (1024K)]
  0x0000019fafec4fd0 JavaThread "Finalizer"                  daemon [_thread_blocked, id=27152, stack(0x0000007255e00000,0x0000007255f00000) (1024K)]
  0x0000019fafec8390 JavaThread "Signal Dispatcher"          daemon [_thread_blocked, id=27356, stack(0x0000007255f00000,0x0000007256000000) (1024K)]
  0x0000019fafec9260 JavaThread "Attach Listener"            daemon [_thread_blocked, id=25656, stack(0x0000007256000000,0x0000007256100000) (1024K)]
  0x0000019fafecd220 JavaThread "Service Thread"             daemon [_thread_blocked, id=27568, stack(0x0000007256100000,0x0000007256200000) (1024K)]
  0x0000019fafed31f0 JavaThread "Monitor Deflation Thread"   daemon [_thread_blocked, id=27472, stack(0x0000007256200000,0x0000007256300000) (1024K)]
=>0x0000019fafed98c0 JavaThread "C2 CompilerThread0"         daemon [_thread_in_native, id=20824, stack(0x0000007256300000,0x0000007256400000) (1024K)]
  0x0000019fafede200 JavaThread "C1 CompilerThread0"         daemon [_thread_blocked, id=11904, stack(0x0000007256400000,0x0000007256500000) (1024K)]
  0x000001a008deef20 JavaThread "Common-Cleaner"             daemon [_thread_blocked, id=16652, stack(0x0000007256600000,0x0000007256700000) (1024K)]
  0x000001a008f09f20 JavaThread "Notification Thread"        daemon [_thread_blocked, id=12844, stack(0x0000007256700000,0x0000007256800000) (1024K)]
  0x000001a00e9b6580 JavaThread "Active Thread: Equinox Container: b8b3262f-4967-4ad4-89b9-2b3a56635b46"        [_thread_blocked, id=26472, stack(0x0000007256f00000,0x0000007257000000) (1024K)]
  0x000001a00e6cd700 JavaThread "Refresh Thread: Equinox Container: b8b3262f-4967-4ad4-89b9-2b3a56635b46" daemon [_thread_blocked, id=26328, stack(0x0000007257100000,0x0000007257200000) (1024K)]
  0x000001a00e585170 JavaThread "Framework Event Dispatcher: Equinox Container: b8b3262f-4967-4ad4-89b9-2b3a56635b46" daemon [_thread_blocked, id=28640, stack(0x0000007257200000,0x0000007257300000) (1024K)]
  0x000001a00e585ba0 JavaThread "Start Level: Equinox Container: b8b3262f-4967-4ad4-89b9-2b3a56635b46" daemon [_thread_blocked, id=28608, stack(0x0000007257300000,0x0000007257400000) (1024K)]
  0x000001a00edc9bf0 JavaThread "Bundle File Closer"         daemon [_thread_blocked, id=25196, stack(0x0000007257600000,0x0000007257700000) (1024K)]
  0x000001a00ed63f00 JavaThread "SCR Component Actor"        daemon [_thread_blocked, id=13360, stack(0x0000007257700000,0x0000007257800000) (1024K)]
  0x000001a00f2204d0 JavaThread "Worker-JM"                         [_thread_blocked, id=15772, stack(0x0000007257800000,0x0000007257900000) (1024K)]
  0x000001a00f221880 JavaThread "JNA Cleaner"                daemon [_thread_blocked, id=7052, stack(0x0000007257900000,0x0000007257a00000) (1024K)]
  0x000001a00f220b60 JavaThread "Worker-0: Java indexing... "        [_thread_blocked, id=22268, stack(0x0000007257a00000,0x0000007257b00000) (1024K)]
  0x000001a00f2232c0 JavaThread "Worker-1: Refreshing workspace"        [_thread_blocked, id=25640, stack(0x0000007257b00000,0x0000007257c00000) (1024K)]
  0x000001a00f223950 JavaThread "Worker-2"                          [_thread_blocked, id=27888, stack(0x0000007257c00000,0x0000007257d00000) (1024K)]
  0x000001a00f221f10 JavaThread "Java indexing"              daemon [_thread_in_Java, id=27796, stack(0x0000007257d00000,0x0000007257e00000) (1024K)]
  0x000001a00f2225a0 JavaThread "Worker-3"                          [_thread_blocked, id=27760, stack(0x0000007258000000,0x0000007258100000) (1024K)]
  0x000001a00f412fd0 JavaThread "Worker-4"                          [_thread_blocked, id=25928, stack(0x0000007258100000,0x0000007258200000) (1024K)]
  0x000001a00f40fb50 JavaThread "Worker-5: Initialize Workspace"        [_thread_in_native, id=27264, stack(0x0000007258200000,0x0000007258300000) (1024K)]
  0x000001a00f4101e0 JavaThread "Worker-6: Synchronize Gradle projects with workspace"        [_thread_blocked, id=27632, stack(0x0000007258300000,0x0000007258400000) (1024K)]
  0x000001a00f412940 JavaThread "Thread-1"                   daemon [_thread_in_native, id=14064, stack(0x0000007258400000,0x0000007258500000) (1024K)]
  0x000001a00f410870 JavaThread "Thread-2"                   daemon [_thread_in_native, id=26388, stack(0x0000007258500000,0x0000007258600000) (1024K)]
  0x000001a00f410f00 JavaThread "Thread-3"                   daemon [_thread_in_native, id=27268, stack(0x0000007258600000,0x0000007258700000) (1024K)]
  0x000001a00f411590 JavaThread "Thread-4"                   daemon [_thread_in_native, id=25876, stack(0x0000007258700000,0x0000007258800000) (1024K)]
  0x000001a00f411c20 JavaThread "Thread-5"                   daemon [_thread_in_native, id=27716, stack(0x0000007258800000,0x0000007258900000) (1024K)]
  0x000001a00f4122b0 JavaThread "Thread-6"                   daemon [_thread_in_native, id=17992, stack(0x0000007258900000,0x0000007258a00000) (1024K)]
  0x000001a010a64b50 JavaThread "Thread-7"                   daemon [_thread_in_native, id=27976, stack(0x0000007258a00000,0x0000007258b00000) (1024K)]
  0x000001a010a651e0 JavaThread "Thread-8"                   daemon [_thread_in_native, id=27984, stack(0x0000007258b00000,0x0000007258c00000) (1024K)]
  0x000001a010a66c20 JavaThread "Thread-9"                   daemon [_thread_in_native, id=27980, stack(0x0000007258c00000,0x0000007258d00000) (1024K)]
  0x000001a010a65870 JavaThread "Thread-10"                  daemon [_thread_in_native, id=27672, stack(0x0000007258d00000,0x0000007258e00000) (1024K)]
  0x000001a010a63e30 JavaThread "Thread-11"                  daemon [_thread_in_native, id=27992, stack(0x0000007258e00000,0x0000007258f00000) (1024K)]
  0x000001a010a65f00 JavaThread "Thread-12"                  daemon [_thread_in_native, id=27244, stack(0x0000007258f00000,0x0000007259000000) (1024K)]
  0x000001a010a66590 JavaThread "Thread-13"                  daemon [_thread_in_native, id=26848, stack(0x0000007259000000,0x0000007259100000) (1024K)]
  0x000001a010a637a0 JavaThread "pool-2-thread-1"                   [_thread_blocked, id=27744, stack(0x0000007259100000,0x0000007259200000) (1024K)]
  0x000001a010a672b0 JavaThread "Timer-0"                           [_thread_blocked, id=27496, stack(0x0000007259200000,0x0000007259300000) (1024K)]
  0x000001a010a67940 JavaThread "Timer-1"                           [_thread_blocked, id=27600, stack(0x0000007259300000,0x0000007259400000) (1024K)]
  0x000001a010a644c0 JavaThread "WorkspaceEventsHandler"            [_thread_blocked, id=27812, stack(0x0000007259400000,0x0000007259500000) (1024K)]
  0x000001a010a6adc0 JavaThread "pool-1-thread-1"                   [_thread_blocked, id=27536, stack(0x0000007259500000,0x0000007259600000) (1024K)]
  0x000001a010a68cf0 JavaThread "ForkJoinPool.commonPool-worker-1" daemon [_thread_blocked, id=16688, stack(0x0000007259700000,0x0000007259800000) (1024K)]
  0x000001a010a69380 JavaThread "ForkJoinPool.commonPool-worker-2" daemon [_thread_blocked, id=25380, stack(0x0000007259800000,0x0000007259900000) (1024K)]
  0x000001a010a69a10 JavaThread "ForkJoinPool.commonPool-worker-3" daemon [_thread_blocked, id=24884, stack(0x0000007259900000,0x0000007259a00000) (1024K)]
  0x000001a010a6a730 JavaThread "Exec process"                      [_thread_blocked, id=7152, stack(0x0000007259a00000,0x0000007259b00000) (1024K)]
  0x000001a01a67f660 JavaThread "Exec process Thread 2"             [_thread_blocked, id=9884, stack(0x0000007259b00000,0x0000007259c00000) (1024K)]
  0x000001a01a67dc20 JavaThread "Exec process Thread 3"             [_thread_blocked, id=13592, stack(0x0000007259c00000,0x0000007259d00000) (1024K)]
  0x000001a01a67fcf0 JavaThread "Timer-2"                           [_thread_blocked, id=10764, stack(0x0000007259600000,0x0000007259700000) (1024K)]
  0x000001a01a67d590 JavaThread "Timer-3"                           [_thread_blocked, id=18100, stack(0x0000007259e00000,0x0000007259f00000) (1024K)]
  0x000001a01a67e2b0 JavaThread "Timer-4"                           [_thread_blocked, id=2336, stack(0x0000007259d00000,0x0000007259e00000) (1024K)]
  0x000001a01a67e940 JavaThread "Timer-5"                           [_thread_blocked, id=26684, stack(0x0000007259f00000,0x000000725a000000) (1024K)]
  0x000001a01a67efd0 JavaThread "Timer-6"                           [_thread_blocked, id=19984, stack(0x000000725a000000,0x000000725a100000) (1024K)]
  0x000001a01a67c870 JavaThread "Timer-7"                           [_thread_blocked, id=27200, stack(0x000000725a100000,0x000000725a200000) (1024K)]
  0x000001a008d9e680 JavaThread "C2 CompilerThread1"         daemon [_thread_in_native, id=11056, stack(0x0000007256500000,0x0000007256600000) (1024K)]
  0x000001a01a681730 JavaThread "Timer-8"                           [_thread_blocked, id=14384, stack(0x0000007256800000,0x0000007256900000) (1024K)]
  0x000001a01a682450 JavaThread "Timer-9"                           [_thread_blocked, id=8088, stack(0x000000725a200000,0x000000725a300000) (1024K)]
  0x000001a01a682ae0 JavaThread "Worker-7"                          [_thread_blocked, id=14360, stack(0x000000725a400000,0x000000725a500000) (1024K)]
Total: 61

Other Threads:
  0x0000019fadb0eb70 VMThread "VM Thread"                           [id=27412, stack(0x0000007255c00000,0x0000007255d00000) (1024K)]
  0x0000019fafcaca00 WatcherThread "VM Periodic Task Thread"        [id=27148, stack(0x0000007255b00000,0x0000007255c00000) (1024K)]
  0x0000019fafe42d10 WorkerThread "GC Thread#0"                     [id=27340, stack(0x0000007255a00000,0x0000007255b00000) (1024K)]
  0x000001a00e681130 WorkerThread "GC Thread#1"                     [id=8996, stack(0x0000007256900000,0x0000007256a00000) (1024K)]
  0x000001a00e3addd0 WorkerThread "GC Thread#2"                     [id=12652, stack(0x0000007256a00000,0x0000007256b00000) (1024K)]
  0x000001a00e3ae170 WorkerThread "GC Thread#3"                     [id=428, stack(0x0000007256b00000,0x0000007256c00000) (1024K)]
  0x000001a00e7f2040 WorkerThread "GC Thread#4"                     [id=26504, stack(0x0000007256c00000,0x0000007256d00000) (1024K)]
  0x000001a00e7f23e0 WorkerThread "GC Thread#5"                     [id=27880, stack(0x0000007256d00000,0x0000007256e00000) (1024K)]
  0x000001a00e7f2780 WorkerThread "GC Thread#6"                     [id=27684, stack(0x0000007256e00000,0x0000007256f00000) (1024K)]
  0x000001a00e56aab0 WorkerThread "GC Thread#7"                     [id=25748, stack(0x0000007257000000,0x0000007257100000) (1024K)]
  0x000001a00e6c6c90 WorkerThread "GC Thread#8"                     [id=17632, stack(0x0000007257400000,0x0000007257500000) (1024K)]
  0x000001a00e6c68f0 WorkerThread "GC Thread#9"                     [id=17528, stack(0x0000007257500000,0x0000007257600000) (1024K)]
Total: 12

Threads with active compile tasks:
C2 CompilerThread0  47055 10144   !   4       org.eclipse.jdt.internal.compiler.classfmt.ClassFileReader::<init> (1968 bytes)
C2 CompilerThread1  47055 10185       4       org.eclipse.jdt.internal.core.util.SimpleWordSet::rehash (72 bytes)
Total: 2

VM state: not at safepoint (normal execution)

VM Mutex/Monitor currently owned by a thread: None

Heap address: 0x0000000080000000, size: 2048 MB, Compressed Oops mode: 32-bit

CDS archive(s) mapped at: [0x0000019fc7000000-0x0000019fc7ba0000-0x0000019fc7ba0000), size 12189696, SharedBaseAddress: 0x0000019fc7000000, ArchiveRelocationMode: 1.
Compressed class space mapped at: 0x0000019fc8000000-0x000001a008000000, reserved size: 1073741824
Narrow klass base: 0x0000019fc7000000, Narrow klass shift: 0, Narrow klass range: 0x100000000

GC Precious Log:
 CardTable entry size: 512
 CPUs: 12 total, 12 available
 Memory: 8059M
 Large Page Support: Disabled
 NUMA Support: Disabled
 Compressed Oops: Enabled (32-bit)
 Alignments: Space 512K, Generation 512K, Heap 2M
 Heap Min Capacity: 100M
 Heap Initial Capacity: 100M
 Heap Max Capacity: 2G
 Pre-touch: Disabled
 Parallel Workers: 10

Heap:
 PSYoungGen      total 14848K, used 6654K [0x00000000d5580000, 0x00000000d6680000, 0x0000000100000000)
  eden space 13824K, 41% used [0x00000000d5580000,0x00000000d5b1fa18,0x00000000d6300000)
  from space 1024K, 87% used [0x00000000d6580000,0x00000000d6660000,0x00000000d6680000)
  to   space 1536K, 0% used [0x00000000d6380000,0x00000000d6380000,0x00000000d6500000)
 ParOldGen       total 89088K, used 88675K [0x0000000080000000, 0x0000000085700000, 0x00000000d5580000)
  object space 89088K, 99% used [0x0000000080000000,0x0000000085698e58,0x0000000085700000)
 Metaspace       used 67469K, committed 68928K, reserved 1114112K
  class space    used 8350K, committed 9024K, reserved 1048576K

Card table byte_map: [0x0000019faf7c0000,0x0000019fafbd0000] _byte_map_base: 0x0000019faf3c0000

Marking Bits: (ParMarkBitMap*) 0x00007ffb31132460
 Begin Bits: [0x0000019fc22d0000, 0x0000019fc42d0000)
 End Bits:   [0x0000019fc42d0000, 0x0000019fc62d0000)

Polling page: 0x0000019fadc60000

Metaspace:

Usage:
  Non-class:     57.73 MB used.
      Class:      8.15 MB used.
       Both:     65.89 MB used.

Virtual space:
  Non-class space:       64.00 MB reserved,      58.50 MB ( 91%) committed,  1 nodes.
      Class space:        1.00 GB reserved,       8.81 MB ( <1%) committed,  1 nodes.
             Both:        1.06 GB reserved,      67.31 MB (  6%) committed. 

Chunk freelists:
   Non-Class:  5.31 MB
       Class:  7.14 MB
        Both:  12.45 MB

MaxMetaspaceSize: unlimited
CompressedClassSpaceSize: 1.00 GB
Initial GC threshold: 21.00 MB
Current GC threshold: 97.31 MB
CDS: on
 - commit_granule_bytes: 65536.
 - commit_granule_words: 8192.
 - virtual_space_node_default_size: 8388608.
 - enlarge_chunks_in_place: 1.
 - use_allocation_guard: 0.


Internal statistics:

num_allocs_failed_limit: 11.
num_arena_births: 1278.
num_arena_deaths: 42.
num_vsnodes_births: 2.
num_vsnodes_deaths: 0.
num_space_committed: 1077.
num_space_uncommitted: 0.
num_chunks_returned_to_freelist: 65.
num_chunks_taken_from_freelist: 4539.
num_chunk_merges: 17.
num_chunk_splits: 2717.
num_chunks_enlarged: 1421.
num_inconsistent_stats: 0.

CodeHeap 'non-profiled nmethods': size=120000Kb used=7344Kb max_used=7344Kb free=112655Kb
 bounds [0x0000019fbaaf0000, 0x0000019fbb220000, 0x0000019fc2020000]
CodeHeap 'profiled nmethods': size=120000Kb used=18490Kb max_used=18490Kb free=101509Kb
 bounds [0x0000019fb3020000, 0x0000019fb4230000, 0x0000019fba550000]
CodeHeap 'non-nmethods': size=5760Kb used=1400Kb max_used=1502Kb free=4359Kb
 bounds [0x0000019fba550000, 0x0000019fba7c0000, 0x0000019fbaaf0000]
CodeCache: size=245760Kb, used=27234Kb, max_used=27336Kb, free=218523Kb
 total_blobs=10006, nmethods=9300, adapters=612, full_count=0
Compilation: enabled, stopped_count=0, restarted_count=0

Compilation events (20 events):
Event: 46.096 Thread 0x0000019fafede200 10194       2       org.eclipse.core.internal.dtree.NoDataDeltaNode::compareWithParent (48 bytes)
Event: 46.097 Thread 0x0000019fafede200 nmethod 10194 0x0000019fb4222790 code [0x0000019fb4222980, 0x0000019fb4222cf8]
Event: 46.097 Thread 0x0000019fafede200 10195       2       org.eclipse.core.internal.events.ResourceComparator::compareLocal (59 bytes)
Event: 46.097 Thread 0x0000019fafede200 nmethod 10195 0x0000019fb4222f10 code [0x0000019fb42230c0, 0x0000019fb42232c0]
Event: 46.097 Thread 0x0000019fafede200 10196   !   2       org.eclipse.jdt.internal.core.DeltaProcessor::findContainingPackageFragmentRoot (132 bytes)
Event: 46.098 Thread 0x0000019fafede200 nmethod 10196 0x0000019fb4223410 code [0x0000019fb4223660, 0x0000019fb4223b90]
Event: 46.098 Thread 0x0000019fafede200 10201   !   3       org.eclipse.jdt.internal.core.Openable::exists (119 bytes)
Event: 46.099 Thread 0x0000019fafede200 nmethod 10201 0x0000019fb4224010 code [0x0000019fb42243c0, 0x0000019fb4226060]
Event: 46.099 Thread 0x0000019fafede200 10199       3       org.eclipse.jdt.internal.core.JarPackageFragmentRoot::getUnderlyingResource (26 bytes)
Event: 46.099 Thread 0x0000019fafede200 nmethod 10199 0x0000019fb4226790 code [0x0000019fb4226a20, 0x0000019fb4227860]
Event: 46.099 Thread 0x0000019fafede200 10197       2       org.eclipse.jdt.internal.core.Openable::resource (28 bytes)
Event: 46.099 Thread 0x0000019fafede200 nmethod 10197 0x0000019fb4227c10 code [0x0000019fb4227e00, 0x0000019fb4228138]
Event: 46.099 Thread 0x0000019fafede200 10198  s    2       org.eclipse.jdt.internal.core.JavaModelManager$PerProjectInfo::getRootPathToResolvedEntries (15 bytes)
Event: 46.099 Thread 0x0000019fafede200 nmethod 10198 0x0000019fb4228310 code [0x0000019fb42284c0, 0x0000019fb4228708]
Event: 46.099 Thread 0x0000019fafede200 10200       2       org.eclipse.jdt.internal.core.JavaProject::getClasspathEntryFor (79 bytes)
Event: 46.100 Thread 0x0000019fafede200 nmethod 10200 0x0000019fb4228790 code [0x0000019fb42289a0, 0x0000019fb4228ec0]
Event: 46.100 Thread 0x0000019fafede200 10202       2       org.eclipse.jdt.internal.core.PackageFragmentRoot::validateExistence (33 bytes)
Event: 46.100 Thread 0x0000019fafede200 nmethod 10202 0x0000019fb4229290 code [0x0000019fb4229480, 0x0000019fb4229758]
Event: 46.100 Thread 0x0000019fafede200 10203   !   2       org.eclipse.jdt.internal.core.PackageFragmentRoot::validateOnClasspath (42 bytes)
Event: 46.100 Thread 0x0000019fafede200 nmethod 10203 0x0000019fb4229890 code [0x0000019fb4229a80, 0x0000019fb4229d48]

GC Heap History (20 events):
Event: 42.643 GC heap before
{Heap before GC invocations=105 (full 3):
 PSYoungGen      total 15360K, used 15216K [0x00000000d5580000, 0x00000000d6600000, 0x0000000100000000)
  eden space 13824K, 100% used [0x00000000d5580000,0x00000000d6300000,0x00000000d6300000)
  from space 1536K, 90% used [0x00000000d6300000,0x00000000d645c008,0x00000000d6480000)
  to   space 1536K, 0% used [0x00000000d6480000,0x00000000d6480000,0x00000000d6600000)
 ParOldGen       total 78336K, used 78268K [0x0000000080000000, 0x0000000084c80000, 0x00000000d5580000)
  object space 78336K, 99% used [0x0000000080000000,0x0000000084c6f230,0x0000000084c80000)
 Metaspace       used 67443K, committed 68928K, reserved 1114112K
  class space    used 8350K, committed 9024K, reserved 1048576K
}
Event: 42.646 GC heap after
{Heap after GC invocations=105 (full 3):
 PSYoungGen      total 15360K, used 1248K [0x00000000d5580000, 0x00000000d6600000, 0x0000000100000000)
  eden space 13824K, 0% used [0x00000000d5580000,0x00000000d5580000,0x00000000d6300000)
  from space 1536K, 81% used [0x00000000d6480000,0x00000000d65b8000,0x00000000d6600000)
  to   space 1536K, 0% used [0x00000000d6300000,0x00000000d6300000,0x00000000d6480000)
 ParOldGen       total 79872K, used 79540K [0x0000000080000000, 0x0000000084e00000, 0x00000000d5580000)
  object space 79872K, 99% used [0x0000000080000000,0x0000000084dad238,0x0000000084e00000)
 Metaspace       used 67443K, committed 68928K, reserved 1114112K
  class space    used 8350K, committed 9024K, reserved 1048576K
}
Event: 42.694 GC heap before
{Heap before GC invocations=106 (full 3):
 PSYoungGen      total 15360K, used 15072K [0x00000000d5580000, 0x00000000d6600000, 0x0000000100000000)
  eden space 13824K, 100% used [0x00000000d5580000,0x00000000d6300000,0x00000000d6300000)
  from space 1536K, 81% used [0x00000000d6480000,0x00000000d65b8000,0x00000000d6600000)
  to   space 1536K, 0% used [0x00000000d6300000,0x00000000d6300000,0x00000000d6480000)
 ParOldGen       total 79872K, used 79540K [0x0000000080000000, 0x0000000084e00000, 0x00000000d5580000)
  object space 79872K, 99% used [0x0000000080000000,0x0000000084dad238,0x0000000084e00000)
 Metaspace       used 67443K, committed 68928K, reserved 1114112K
  class space    used 8350K, committed 9024K, reserved 1048576K
}
Event: 42.696 GC heap after
{Heap after GC invocations=106 (full 3):
 PSYoungGen      total 15360K, used 1110K [0x00000000d5580000, 0x00000000d6600000, 0x0000000100000000)
  eden space 13824K, 0% used [0x00000000d5580000,0x00000000d5580000,0x00000000d6300000)
  from space 1536K, 72% used [0x00000000d6300000,0x00000000d6415810,0x00000000d6480000)
  to   space 1536K, 0% used [0x00000000d6480000,0x00000000d6480000,0x00000000d6600000)
 ParOldGen       total 80896K, used 80561K [0x0000000080000000, 0x0000000084f00000, 0x00000000d5580000)
  object space 80896K, 99% used [0x0000000080000000,0x0000000084eac440,0x0000000084f00000)
 Metaspace       used 67443K, committed 68928K, reserved 1114112K
  class space    used 8350K, committed 9024K, reserved 1048576K
}
Event: 42.743 GC heap before
{Heap before GC invocations=107 (full 3):
 PSYoungGen      total 15360K, used 14934K [0x00000000d5580000, 0x00000000d6600000, 0x0000000100000000)
  eden space 13824K, 100% used [0x00000000d5580000,0x00000000d6300000,0x00000000d6300000)
  from space 1536K, 72% used [0x00000000d6300000,0x00000000d6415810,0x00000000d6480000)
  to   space 1536K, 0% used [0x00000000d6480000,0x00000000d6480000,0x00000000d6600000)
 ParOldGen       total 80896K, used 80561K [0x0000000080000000, 0x0000000084f00000, 0x00000000d5580000)
  object space 80896K, 99% used [0x0000000080000000,0x0000000084eac440,0x0000000084f00000)
 Metaspace       used 67457K, committed 68928K, reserved 1114112K
  class space    used 8350K, committed 9024K, reserved 1048576K
}
Event: 42.745 GC heap after
{Heap after GC invocations=107 (full 3):
 PSYoungGen      total 15360K, used 1248K [0x00000000d5580000, 0x00000000d6600000, 0x0000000100000000)
  eden space 13824K, 0% used [0x00000000d5580000,0x00000000d5580000,0x00000000d6300000)
  from space 1536K, 81% used [0x00000000d6480000,0x00000000d65b8000,0x00000000d6600000)
  to   space 1536K, 0% used [0x00000000d6300000,0x00000000d6300000,0x00000000d6480000)
 ParOldGen       total 81920K, used 81535K [0x0000000080000000, 0x0000000085000000, 0x00000000d5580000)
  object space 81920K, 99% used [0x0000000080000000,0x0000000084f9fc50,0x0000000085000000)
 Metaspace       used 67457K, committed 68928K, reserved 1114112K
  class space    used 8350K, committed 9024K, reserved 1048576K
}
Event: 42.773 GC heap before
{Heap before GC invocations=108 (full 3):
 PSYoungGen      total 15360K, used 15072K [0x00000000d5580000, 0x00000000d6600000, 0x0000000100000000)
  eden space 13824K, 100% used [0x00000000d5580000,0x00000000d6300000,0x00000000d6300000)
  from space 1536K, 81% used [0x00000000d6480000,0x00000000d65b8000,0x00000000d6600000)
  to   space 1536K, 0% used [0x00000000d6300000,0x00000000d6300000,0x00000000d6480000)
 ParOldGen       total 81920K, used 81535K [0x0000000080000000, 0x0000000085000000, 0x00000000d5580000)
  object space 81920K, 99% used [0x0000000080000000,0x0000000084f9fc50,0x0000000085000000)
 Metaspace       used 67457K, committed 68928K, reserved 1114112K
  class space    used 8350K, committed 9024K, reserved 1048576K
}
Event: 42.775 GC heap after
{Heap after GC invocations=108 (full 3):
 PSYoungGen      total 15360K, used 1056K [0x00000000d5580000, 0x00000000d6600000, 0x0000000100000000)
  eden space 13824K, 0% used [0x00000000d5580000,0x00000000d5580000,0x00000000d6300000)
  from space 1536K, 68% used [0x00000000d6300000,0x00000000d6408000,0x00000000d6480000)
  to   space 1536K, 0% used [0x00000000d6480000,0x00000000d6480000,0x00000000d6600000)
 ParOldGen       total 82944K, used 82639K [0x0000000080000000, 0x0000000085100000, 0x00000000d5580000)
  object space 82944K, 99% used [0x0000000080000000,0x00000000850b3c50,0x0000000085100000)
 Metaspace       used 67457K, committed 68928K, reserved 1114112K
  class space    used 8350K, committed 9024K, reserved 1048576K
}
Event: 42.815 GC heap before
{Heap before GC invocations=109 (full 3):
 PSYoungGen      total 15360K, used 14880K [0x00000000d5580000, 0x00000000d6600000, 0x0000000100000000)
  eden space 13824K, 100% used [0x00000000d5580000,0x00000000d6300000,0x00000000d6300000)
  from space 1536K, 68% used [0x00000000d6300000,0x00000000d6408000,0x00000000d6480000)
  to   space 1536K, 0% used [0x00000000d6480000,0x00000000d6480000,0x00000000d6600000)
 ParOldGen       total 82944K, used 82639K [0x0000000080000000, 0x0000000085100000, 0x00000000d5580000)
  object space 82944K, 99% used [0x0000000080000000,0x00000000850b3c50,0x0000000085100000)
 Metaspace       used 67457K, committed 68928K, reserved 1114112K
  class space    used 8350K, committed 9024K, reserved 1048576K
}
Event: 42.816 GC heap after
{Heap after GC invocations=109 (full 3):
 PSYoungGen      total 15360K, used 1056K [0x00000000d5580000, 0x00000000d6600000, 0x0000000100000000)
  eden space 13824K, 0% used [0x00000000d5580000,0x00000000d5580000,0x00000000d6300000)
  from space 1536K, 68% used [0x00000000d6480000,0x00000000d6588000,0x00000000d6600000)
  to   space 1536K, 0% used [0x00000000d6300000,0x00000000d6300000,0x00000000d6480000)
 ParOldGen       total 83968K, used 83547K [0x0000000080000000, 0x0000000085200000, 0x00000000d5580000)
  object space 83968K, 99% used [0x0000000080000000,0x0000000085196e58,0x0000000085200000)
 Metaspace       used 67457K, committed 68928K, reserved 1114112K
  class space    used 8350K, committed 9024K, reserved 1048576K
}
Event: 42.860 GC heap before
{Heap before GC invocations=110 (full 3):
 PSYoungGen      total 15360K, used 14880K [0x00000000d5580000, 0x00000000d6600000, 0x0000000100000000)
  eden space 13824K, 100% used [0x00000000d5580000,0x00000000d6300000,0x00000000d6300000)
  from space 1536K, 68% used [0x00000000d6480000,0x00000000d6588000,0x00000000d6600000)
  to   space 1536K, 0% used [0x00000000d6300000,0x00000000d6300000,0x00000000d6480000)
 ParOldGen       total 83968K, used 83547K [0x0000000080000000, 0x0000000085200000, 0x00000000d5580000)
  object space 83968K, 99% used [0x0000000080000000,0x0000000085196e58,0x0000000085200000)
 Metaspace       used 67462K, committed 68928K, reserved 1114112K
  class space    used 8350K, committed 9024K, reserved 1048576K
}
Event: 42.861 GC heap after
{Heap after GC invocations=110 (full 3):
 PSYoungGen      total 15360K, used 1088K [0x00000000d5580000, 0x00000000d6600000, 0x0000000100000000)
  eden space 13824K, 0% used [0x00000000d5580000,0x00000000d5580000,0x00000000d6300000)
  from space 1536K, 70% used [0x00000000d6300000,0x00000000d6410000,0x00000000d6480000)
  to   space 1536K, 0% used [0x00000000d6480000,0x00000000d6480000,0x00000000d6600000)
 ParOldGen       total 84480K, used 84371K [0x0000000080000000, 0x0000000085280000, 0x00000000d5580000)
  object space 84480K, 99% used [0x0000000080000000,0x0000000085264e58,0x0000000085280000)
 Metaspace       used 67462K, committed 68928K, reserved 1114112K
  class space    used 8350K, committed 9024K, reserved 1048576K
}
Event: 42.898 GC heap before
{Heap before GC invocations=111 (full 3):
 PSYoungGen      total 15360K, used 14912K [0x00000000d5580000, 0x00000000d6600000, 0x0000000100000000)
  eden space 13824K, 100% used [0x00000000d5580000,0x00000000d6300000,0x00000000d6300000)
  from space 1536K, 70% used [0x00000000d6300000,0x00000000d6410000,0x00000000d6480000)
  to   space 1536K, 0% used [0x00000000d6480000,0x00000000d6480000,0x00000000d6600000)
 ParOldGen       total 84480K, used 84371K [0x0000000080000000, 0x0000000085280000, 0x00000000d5580000)
  object space 84480K, 99% used [0x0000000080000000,0x0000000085264e58,0x0000000085280000)
 Metaspace       used 67462K, committed 68928K, reserved 1114112K
  class space    used 8350K, committed 9024K, reserved 1048576K
}
Event: 42.900 GC heap after
{Heap after GC invocations=111 (full 3):
 PSYoungGen      total 15360K, used 1088K [0x00000000d5580000, 0x00000000d6600000, 0x0000000100000000)
  eden space 13824K, 0% used [0x00000000d5580000,0x00000000d5580000,0x00000000d6300000)
  from space 1536K, 70% used [0x00000000d6480000,0x00000000d6590000,0x00000000d6600000)
  to   space 1536K, 0% used [0x00000000d6300000,0x00000000d6300000,0x00000000d6480000)
 ParOldGen       total 85504K, used 85315K [0x0000000080000000, 0x0000000085380000, 0x00000000d5580000)
  object space 85504K, 99% used [0x0000000080000000,0x0000000085350e58,0x0000000085380000)
 Metaspace       used 67462K, committed 68928K, reserved 1114112K
  class space    used 8350K, committed 9024K, reserved 1048576K
}
Event: 43.912 GC heap before
{Heap before GC invocations=112 (full 3):
 PSYoungGen      total 15360K, used 14912K [0x00000000d5580000, 0x00000000d6600000, 0x0000000100000000)
  eden space 13824K, 100% used [0x00000000d5580000,0x00000000d6300000,0x00000000d6300000)
  from space 1536K, 70% used [0x00000000d6480000,0x00000000d6590000,0x00000000d6600000)
  to   space 1536K, 0% used [0x00000000d6300000,0x00000000d6300000,0x00000000d6480000)
 ParOldGen       total 85504K, used 85315K [0x0000000080000000, 0x0000000085380000, 0x00000000d5580000)
  object space 85504K, 99% used [0x0000000080000000,0x0000000085350e58,0x0000000085380000)
 Metaspace       used 67463K, committed 68928K, reserved 1114112K
  class space    used 8350K, committed 9024K, reserved 1048576K
}
Event: 43.914 GC heap after
{Heap after GC invocations=112 (full 3):
 PSYoungGen      total 14848K, used 832K [0x00000000d5580000, 0x00000000d6500000, 0x0000000100000000)
  eden space 13824K, 0% used [0x00000000d5580000,0x00000000d5580000,0x00000000d6300000)
  from space 1024K, 81% used [0x00000000d6300000,0x00000000d63d0000,0x00000000d6400000)
  to   space 1024K, 0% used [0x00000000d6400000,0x00000000d6400000,0x00000000d6500000)
 ParOldGen       total 86528K, used 86259K [0x0000000080000000, 0x0000000085480000, 0x00000000d5580000)
  object space 86528K, 99% used [0x0000000080000000,0x000000008543ce58,0x0000000085480000)
 Metaspace       used 67463K, committed 68928K, reserved 1114112K
  class space    used 8350K, committed 9024K, reserved 1048576K
}
Event: 43.958 GC heap before
{Heap before GC invocations=113 (full 3):
 PSYoungGen      total 14848K, used 14656K [0x00000000d5580000, 0x00000000d6500000, 0x0000000100000000)
  eden space 13824K, 100% used [0x00000000d5580000,0x00000000d6300000,0x00000000d6300000)
  from space 1024K, 81% used [0x00000000d6300000,0x00000000d63d0000,0x00000000d6400000)
  to   space 1024K, 0% used [0x00000000d6400000,0x00000000d6400000,0x00000000d6500000)
 ParOldGen       total 86528K, used 86259K [0x0000000080000000, 0x0000000085480000, 0x00000000d5580000)
  object space 86528K, 99% used [0x0000000080000000,0x000000008543ce58,0x0000000085480000)
 Metaspace       used 67463K, committed 68928K, reserved 1114112K
  class space    used 8350K, committed 9024K, reserved 1048576K
}
Event: 45.956 GC heap after
{Heap after GC invocations=113 (full 3):
 PSYoungGen      total 14848K, used 1024K [0x00000000d5580000, 0x00000000d6500000, 0x0000000100000000)
  eden space 13824K, 0% used [0x00000000d5580000,0x00000000d5580000,0x00000000d6300000)
  from space 1024K, 100% used [0x00000000d6400000,0x00000000d6500000,0x00000000d6500000)
  to   space 1024K, 0% used [0x00000000d6300000,0x00000000d6300000,0x00000000d6400000)
 ParOldGen       total 87040K, used 86947K [0x0000000080000000, 0x0000000085500000, 0x00000000d5580000)
  object space 87040K, 99% used [0x0000000080000000,0x00000000854e8e58,0x0000000085500000)
 Metaspace       used 67463K, committed 68928K, reserved 1114112K
  class space    used 8350K, committed 9024K, reserved 1048576K
}
Event: 46.002 GC heap before
{Heap before GC invocations=114 (full 3):
 PSYoungGen      total 14848K, used 14848K [0x00000000d5580000, 0x00000000d6500000, 0x0000000100000000)
  eden space 13824K, 100% used [0x00000000d5580000,0x00000000d6300000,0x00000000d6300000)
  from space 1024K, 100% used [0x00000000d6400000,0x00000000d6500000,0x00000000d6500000)
  to   space 1024K, 0% used [0x00000000d6300000,0x00000000d6300000,0x00000000d6400000)
 ParOldGen       total 87040K, used 86947K [0x0000000080000000, 0x0000000085500000, 0x00000000d5580000)
  object space 87040K, 99% used [0x0000000080000000,0x00000000854e8e58,0x0000000085500000)
 Metaspace       used 67463K, committed 68928K, reserved 1114112K
  class space    used 8350K, committed 9024K, reserved 1048576K
}
Event: 46.004 GC heap after
{Heap after GC invocations=114 (full 3):
 PSYoungGen      total 14848K, used 1024K [0x00000000d5580000, 0x00000000d6800000, 0x0000000100000000)
  eden space 13824K, 0% used [0x00000000d5580000,0x00000000d5580000,0x00000000d6300000)
  from space 1024K, 100% used [0x00000000d6300000,0x00000000d6400000,0x00000000d6400000)
  to   space 2560K, 0% used [0x00000000d6580000,0x00000000d6580000,0x00000000d6800000)
 ParOldGen       total 88064K, used 87875K [0x0000000080000000, 0x0000000085600000, 0x00000000d5580000)
  object space 88064K, 99% used [0x0000000080000000,0x00000000855d0e58,0x0000000085600000)
 Metaspace       used 67463K, committed 68928K, reserved 1114112K
  class space    used 8350K, committed 9024K, reserved 1048576K
}

Dll operation events (15 events):
Event: 0.011 Loaded shared library c:\Users\sande\.vscode\extensions\redhat.java-1.52.0-win32-x64\jre\21.0.9-win32-x86_64\bin\java.dll
Event: 0.085 Loaded shared library c:\Users\sande\.vscode\extensions\redhat.java-1.52.0-win32-x64\jre\21.0.9-win32-x86_64\bin\zip.dll
Event: 0.103 Loaded shared library C:\Users\sande\.vscode\extensions\redhat.java-1.52.0-win32-x64\jre\21.0.9-win32-x86_64\bin\instrument.dll
Event: 0.107 Loaded shared library C:\Users\sande\.vscode\extensions\redhat.java-1.52.0-win32-x64\jre\21.0.9-win32-x86_64\bin\net.dll
Event: 0.111 Loaded shared library C:\Users\sande\.vscode\extensions\redhat.java-1.52.0-win32-x64\jre\21.0.9-win32-x86_64\bin\nio.dll
Event: 0.116 Loaded shared library C:\Users\sande\.vscode\extensions\redhat.java-1.52.0-win32-x64\jre\21.0.9-win32-x86_64\bin\zip.dll
Event: 0.130 Loaded shared library C:\Users\sande\.vscode\extensions\redhat.java-1.52.0-win32-x64\jre\21.0.9-win32-x86_64\bin\jimage.dll
Event: 0.202 Loaded shared library c:\Users\sande\.vscode\extensions\redhat.java-1.52.0-win32-x64\jre\21.0.9-win32-x86_64\bin\verify.dll
Event: 1.275 Loaded shared library C:\Users\sande\AppData\Roaming\Code\User\globalStorage\redhat.java\1.52.0\config_win\org.eclipse.equinox.launcher\org.eclipse.equinox.launcher.win32.win32.x86_64_1.2.1500.v20260121-1430\eclipse_11919.dll
Event: 2.614 Loaded shared library C:\Users\sande\AppData\Local\Temp\jna-109203553\jna6450644428658781765.dll
Event: 5.593 Loaded shared library C:\Users\sande\.gradle\native\68d5fa5c4cc2d200863cafc0d521ce42e7d3e7ee720ec0a83991735586a16f82\windows-amd64\native-platform.dll
Event: 7.529 Loaded shared library C:\Users\sande\.vscode\extensions\redhat.java-1.52.0-win32-x64\jre\21.0.9-win32-x86_64\bin\management.dll
Event: 7.534 Loaded shared library C:\Users\sande\.vscode\extensions\redhat.java-1.52.0-win32-x64\jre\21.0.9-win32-x86_64\bin\management_ext.dll
Event: 11.457 Loaded shared library C:\Users\sande\.vscode\extensions\redhat.java-1.52.0-win32-x64\jre\21.0.9-win32-x86_64\bin\extnet.dll
Event: 11.514 Loaded shared library C:\Users\sande\.vscode\extensions\redhat.java-1.52.0-win32-x64\jre\21.0.9-win32-x86_64\bin\sunmscapi.dll

Deoptimization events (20 events):
Event: 43.930 Thread 0x000001a00f221f10 DEOPT PACKING pc=0x0000019fb4193003 sp=0x0000007257dff020
Event: 43.930 Thread 0x000001a00f221f10 DEOPT UNPACKING pc=0x0000019fba5a4242 sp=0x0000007257dfe588 mode 0
Event: 43.935 Thread 0x000001a00f221f10 DEOPT PACKING pc=0x0000019fb4193003 sp=0x0000007257dff020
Event: 43.935 Thread 0x000001a00f221f10 DEOPT UNPACKING pc=0x0000019fba5a4242 sp=0x0000007257dfe588 mode 0
Event: 43.941 Thread 0x000001a00f221f10 DEOPT PACKING pc=0x0000019fb4193003 sp=0x0000007257dff020
Event: 43.941 Thread 0x000001a00f221f10 DEOPT UNPACKING pc=0x0000019fba5a4242 sp=0x0000007257dfe588 mode 0
Event: 43.947 Thread 0x000001a00f221f10 DEOPT PACKING pc=0x0000019fb4193003 sp=0x0000007257dff020
Event: 43.947 Thread 0x000001a00f221f10 DEOPT UNPACKING pc=0x0000019fba5a4242 sp=0x0000007257dfe588 mode 0
Event: 43.952 Thread 0x000001a00f221f10 DEOPT PACKING pc=0x0000019fb4193003 sp=0x0000007257dff020
Event: 43.952 Thread 0x000001a00f221f10 DEOPT UNPACKING pc=0x0000019fba5a4242 sp=0x0000007257dfe588 mode 0
Event: 45.970 Thread 0x000001a00f221f10 DEOPT PACKING pc=0x0000019fb4193003 sp=0x0000007257dff020
Event: 45.970 Thread 0x000001a00f221f10 DEOPT UNPACKING pc=0x0000019fba5a4242 sp=0x0000007257dfe588 mode 0
Event: 46.009 Thread 0x000001a00f221f10 DEOPT PACKING pc=0x0000019fb4193003 sp=0x0000007257dff020
Event: 46.009 Thread 0x000001a00f221f10 DEOPT UNPACKING pc=0x0000019fba5a4242 sp=0x0000007257dfe588 mode 0
Event: 46.025 Thread 0x000001a00f221f10 DEOPT PACKING pc=0x0000019fb4193003 sp=0x0000007257dff020
Event: 46.025 Thread 0x000001a00f221f10 DEOPT UNPACKING pc=0x0000019fba5a4242 sp=0x0000007257dfe588 mode 0
Event: 46.097 Thread 0x000001a00f40fb50 Uncommon trap: trap_request=0xffffff45 fr.pc=0x0000019fbb05f50c relative=0x00000000000004cc
Event: 46.097 Thread 0x000001a00f40fb50 Uncommon trap: reason=unstable_if action=reinterpret pc=0x0000019fbb05f50c method=org.eclipse.jdt.internal.core.Openable.exists()Z @ 7 c2
Event: 46.097 Thread 0x000001a00f40fb50 DEOPT PACKING pc=0x0000019fbb05f50c sp=0x00000072582fd220
Event: 46.097 Thread 0x000001a00f40fb50 DEOPT UNPACKING pc=0x0000019fba5a3aa2 sp=0x00000072582fd1a8 mode 2

Classes loaded (20 events):
Event: 31.185 Loading class sun/util/resources/cldr/TimeZoneNames_en
Event: 31.187 Loading class sun/util/resources/cldr/TimeZoneNames_en done
Event: 31.188 Loading class sun/util/resources/cldr/TimeZoneNames_en_US
Event: 31.188 Loading class sun/util/resources/cldr/TimeZoneNames_en_US done
Event: 31.189 Loading class sun/util/cldr/CLDRBaseLocaleDataMetaInfo$TZCanonicalIDMapHolder
Event: 31.191 Loading class sun/util/cldr/CLDRBaseLocaleDataMetaInfo$TZCanonicalIDMapHolder done
Event: 31.192 Loading class sun/util/resources/TimeZoneNames
Event: 31.193 Loading class sun/util/resources/TimeZoneNames done
Event: 31.193 Loading class sun/util/resources/TimeZoneNames_en
Event: 31.194 Loading class sun/util/resources/TimeZoneNames_en done
Event: 39.479 Loading class java/io/ObjectInputStream$Caches
Event: 39.479 Loading class java/io/ObjectInputStream$Caches done
Event: 39.479 Loading class java/io/ObjectInputStream$Caches$1
Event: 39.480 Loading class java/io/ObjectInputStream$Caches$1 done
Event: 40.000 Loading class sun/reflect/generics/tree/IntSignature
Event: 40.000 Loading class sun/reflect/generics/tree/IntSignature done
Event: 40.437 Loading class java/util/Hashtable$KeySet
Event: 40.437 Loading class java/util/Hashtable$KeySet done
Event: 41.697 Loading class sun/nio/fs/WindowsFileCopy
Event: 41.698 Loading class sun/nio/fs/WindowsFileCopy done

Classes unloaded (20 events):
Event: 3.123 Thread 0x0000019fadb0eb70 Unloading class 0x0000019fc81a8800 'java/lang/invoke/LambdaForm$MH+0x0000019fc81a8800'
Event: 3.123 Thread 0x0000019fadb0eb70 Unloading class 0x0000019fc81a8400 'java/lang/invoke/LambdaForm$MH+0x0000019fc81a8400'
Event: 3.123 Thread 0x0000019fadb0eb70 Unloading class 0x0000019fc81a8000 'java/lang/invoke/LambdaForm$MH+0x0000019fc81a8000'
Event: 3.123 Thread 0x0000019fadb0eb70 Unloading class 0x0000019fc81a7c00 'java/lang/invoke/LambdaForm$BMH+0x0000019fc81a7c00'
Event: 3.123 Thread 0x0000019fadb0eb70 Unloading class 0x0000019fc81a7800 'java/lang/invoke/LambdaForm$DMH+0x0000019fc81a7800'
Event: 3.123 Thread 0x0000019fadb0eb70 Unloading class 0x0000019fc81a6400 'java/lang/invoke/LambdaForm$DMH+0x0000019fc81a6400'
Event: 4.467 Thread 0x0000019fadb0eb70 Unloading class 0x0000019fc8340400 'java/lang/invoke/LambdaForm$MH+0x0000019fc8340400'
Event: 4.467 Thread 0x0000019fadb0eb70 Unloading class 0x0000019fc833f800 'java/lang/invoke/LambdaForm$MH+0x0000019fc833f800'
Event: 4.467 Thread 0x0000019fadb0eb70 Unloading class 0x0000019fc833f400 'java/lang/invoke/LambdaForm$MH+0x0000019fc833f400'
Event: 4.467 Thread 0x0000019fadb0eb70 Unloading class 0x0000019fc833e800 'java/lang/invoke/LambdaForm$MH+0x0000019fc833e800'
Event: 4.467 Thread 0x0000019fadb0eb70 Unloading class 0x0000019fc833e400 'java/lang/invoke/LambdaForm$DMH+0x0000019fc833e400'
Event: 4.467 Thread 0x0000019fadb0eb70 Unloading class 0x0000019fc833d800 'java/lang/invoke/LambdaForm$MH+0x0000019fc833d800'
Event: 4.467 Thread 0x0000019fadb0eb70 Unloading class 0x0000019fc8339000 'java/lang/invoke/LambdaForm$MH+0x0000019fc8339000'
Event: 4.467 Thread 0x0000019fadb0eb70 Unloading class 0x0000019fc8338c00 'java/lang/invoke/LambdaForm$MH+0x0000019fc8338c00'
Event: 4.467 Thread 0x0000019fadb0eb70 Unloading class 0x0000019fc8338000 'java/lang/invoke/LambdaForm$MH+0x0000019fc8338000'
Event: 4.467 Thread 0x0000019fadb0eb70 Unloading class 0x0000019fc8333c00 'java/lang/invoke/LambdaForm$MH+0x0000019fc8333c00'
Event: 4.467 Thread 0x0000019fadb0eb70 Unloading class 0x0000019fc8333000 'java/lang/invoke/LambdaForm$MH+0x0000019fc8333000'
Event: 4.467 Thread 0x0000019fadb0eb70 Unloading class 0x0000019fc8332800 'java/lang/invoke/LambdaForm$MH+0x0000019fc8332800'
Event: 4.467 Thread 0x0000019fadb0eb70 Unloading class 0x0000019fc8332000 'java/lang/invoke/LambdaForm$MH+0x0000019fc8332000'
Event: 4.467 Thread 0x0000019fadb0eb70 Unloading class 0x0000019fc8331c00 'java/lang/invoke/LambdaForm$MH+0x0000019fc8331c00'

Classes redefined (0 events):
No events

Internal exceptions (20 events):
Event: 42.731 Thread 0x000001a00f40fb50 Exception <a 'sun/nio/fs/WindowsException'{0x00000000d5df9538}> (0x00000000d5df9538) 
thrown [s\src\hotspot\share\prims\jni.cpp, line 520]
Event: 42.731 Thread 0x000001a00f40fb50 Exception <a 'sun/nio/fs/WindowsException'{0x00000000d5dfa0c8}> (0x00000000d5dfa0c8) 
thrown [s\src\hotspot\share\prims\jni.cpp, line 520]
Event: 42.732 Thread 0x000001a00f40fb50 Exception <a 'sun/nio/fs/WindowsException'{0x00000000d5dfc120}> (0x00000000d5dfc120) 
thrown [s\src\hotspot\share\prims\jni.cpp, line 520]
Event: 42.732 Thread 0x000001a00f40fb50 Exception <a 'sun/nio/fs/WindowsException'{0x00000000d5dfccb0}> (0x00000000d5dfccb0) 
thrown [s\src\hotspot\share\prims\jni.cpp, line 520]
Event: 42.735 Thread 0x000001a00f40fb50 Exception <a 'sun/nio/fs/WindowsException'{0x00000000d5f0f7c8}> (0x00000000d5f0f7c8) 
thrown [s\src\hotspot\share\prims\jni.cpp, line 520]
Event: 42.735 Thread 0x000001a00f40fb50 Exception <a 'sun/nio/fs/WindowsException'{0x00000000d5f10358}> (0x00000000d5f10358) 
thrown [s\src\hotspot\share\prims\jni.cpp, line 520]
Event: 42.837 Thread 0x000001a00f40fb50 Exception <a 'sun/nio/fs/WindowsException'{0x00000000d5ce0120}> (0x00000000d5ce0120) 
thrown [s\src\hotspot\share\prims\jni.cpp, line 520]
Event: 42.837 Thread 0x000001a00f40fb50 Exception <a 'sun/nio/fs/WindowsException'{0x00000000d5ce0cb0}> (0x00000000d5ce0cb0) 
thrown [s\src\hotspot\share\prims\jni.cpp, line 520]
Event: 42.838 Thread 0x000001a00f40fb50 Exception <a 'sun/nio/fs/WindowsException'{0x00000000d5ce2da8}> (0x00000000d5ce2da8) 
thrown [s\src\hotspot\share\prims\jni.cpp, line 520]
Event: 42.838 Thread 0x000001a00f40fb50 Exception <a 'sun/nio/fs/WindowsException'{0x00000000d5ce3938}> (0x00000000d5ce3938) 
thrown [s\src\hotspot\share\prims\jni.cpp, line 520]
Event: 42.840 Thread 0x000001a00f40fb50 Exception <a 'sun/nio/fs/WindowsException'{0x00000000d5e2e560}> (0x00000000d5e2e560) 
thrown [s\src\hotspot\share\prims\jni.cpp, line 520]
Event: 42.841 Thread 0x000001a00f40fb50 Exception <a 'sun/nio/fs/WindowsException'{0x00000000d5e2f0f0}> (0x00000000d5e2f0f0) 
thrown [s\src\hotspot\share\prims\jni.cpp, line 520]
Event: 42.842 Thread 0x000001a00f40fb50 Exception <a 'sun/nio/fs/WindowsException'{0x00000000d5e31148}> (0x00000000d5e31148) 
thrown [s\src\hotspot\share\prims\jni.cpp, line 520]
Event: 42.842 Thread 0x000001a00f40fb50 Exception <a 'sun/nio/fs/WindowsException'{0x00000000d5e31cd8}> (0x00000000d5e31cd8) 
thrown [s\src\hotspot\share\prims\jni.cpp, line 520]
Event: 42.845 Thread 0x000001a00f40fb50 Exception <a 'sun/nio/fs/WindowsException'{0x00000000d5f04c78}> (0x00000000d5f04c78) 
thrown [s\src\hotspot\share\prims\jni.cpp, line 520]
Event: 42.845 Thread 0x000001a00f40fb50 Exception <a 'sun/nio/fs/WindowsException'{0x00000000d5f05808}> (0x00000000d5f05808) 
thrown [s\src\hotspot\share\prims\jni.cpp, line 520]
Event: 42.846 Thread 0x000001a00f40fb50 Exception <a 'sun/nio/fs/WindowsException'{0x00000000d5f07860}> (0x00000000d5f07860) 
thrown [s\src\hotspot\share\prims\jni.cpp, line 520]
Event: 42.846 Thread 0x000001a00f40fb50 Exception <a 'sun/nio/fs/WindowsException'{0x00000000d5f48d90}> (0x00000000d5f48d90) 
thrown [s\src\hotspot\share\prims\jni.cpp, line 520]
Event: 42.849 Thread 0x000001a00f40fb50 Exception <a 'sun/nio/fs/WindowsException'{0x00000000d5fdcd98}> (0x00000000d5fdcd98) 
thrown [s\src\hotspot\share\prims\jni.cpp, line 520]
Event: 42.849 Thread 0x000001a00f40fb50 Exception <a 'sun/nio/fs/WindowsException'{0x00000000d5fdd928}> (0x00000000d5fdd928) 
thrown [s\src\hotspot\share\prims\jni.cpp, line 520]

ZGC Phase Switch (0 events):
No events

VM Operations (20 events):
Event: 42.646 Executing VM operation: ParallelGCFailedAllocation (Allocation Failure) done
Event: 42.694 Executing VM operation: ParallelGCFailedAllocation (Allocation Failure)
Event: 42.696 Executing VM operation: ParallelGCFailedAllocation (Allocation Failure) done
Event: 42.743 Executing VM operation: ParallelGCFailedAllocation (Allocation Failure)
Event: 42.745 Executing VM operation: ParallelGCFailedAllocation (Allocation Failure) done
Event: 42.773 Executing VM operation: ParallelGCFailedAllocation (Allocation Failure)
Event: 42.775 Executing VM operation: ParallelGCFailedAllocation (Allocation Failure) done
Event: 42.815 Executing VM operation: ParallelGCFailedAllocation (Allocation Failure)
Event: 42.816 Executing VM operation: ParallelGCFailedAllocation (Allocation Failure) done
Event: 42.860 Executing VM operation: ParallelGCFailedAllocation (Allocation Failure)
Event: 42.861 Executing VM operation: ParallelGCFailedAllocation (Allocation Failure) done
Event: 42.898 Executing VM operation: ParallelGCFailedAllocation (Allocation Failure)
Event: 42.900 Executing VM operation: ParallelGCFailedAllocation (Allocation Failure) done
Event: 43.912 Executing VM operation: ParallelGCFailedAllocation (Allocation Failure)
Event: 43.915 Executing VM operation: ParallelGCFailedAllocation (Allocation Failure) done
Event: 43.958 Executing VM operation: ParallelGCFailedAllocation (Allocation Failure)
Event: 45.957 Executing VM operation: ParallelGCFailedAllocation (Allocation Failure) done
Event: 46.002 Executing VM operation: ParallelGCFailedAllocation (Allocation Failure)
Event: 46.004 Executing VM operation: ParallelGCFailedAllocation (Allocation Failure) done
Event: 47.005 Executing VM operation: Cleanup

Memory protections (0 events):
No events

Nmethod flushes (20 events):
Event: 9.274 Thread 0x0000019fadb0eb70 flushing  nmethod 0x0000019fb39ef790
Event: 9.274 Thread 0x0000019fadb0eb70 flushing  nmethod 0x0000019fb39efd90
Event: 9.274 Thread 0x0000019fadb0eb70 flushing  nmethod 0x0000019fb39f0610
Event: 9.274 Thread 0x0000019fadb0eb70 flushing  nmethod 0x0000019fb39f3b10
Event: 9.274 Thread 0x0000019fadb0eb70 flushing  nmethod 0x0000019fb39f4210
Event: 9.274 Thread 0x0000019fadb0eb70 flushing  nmethod 0x0000019fb39fd490
Event: 9.274 Thread 0x0000019fadb0eb70 flushing  nmethod 0x0000019fb3a12610
Event: 9.274 Thread 0x0000019fadb0eb70 flushing  nmethod 0x0000019fb3a16a10
Event: 9.274 Thread 0x0000019fadb0eb70 flushing  nmethod 0x0000019fb3a20510
Event: 9.274 Thread 0x0000019fadb0eb70 flushing  nmethod 0x0000019fb3a53b90
Event: 9.274 Thread 0x0000019fadb0eb70 flushing osr nmethod 0x0000019fb3a78110
Event: 9.274 Thread 0x0000019fadb0eb70 flushing  nmethod 0x0000019fb3a83810
Event: 9.274 Thread 0x0000019fadb0eb70 flushing  nmethod 0x0000019fb3a84990
Event: 9.274 Thread 0x0000019fadb0eb70 flushing  nmethod 0x0000019fb3a85690
Event: 9.274 Thread 0x0000019fadb0eb70 flushing  nmethod 0x0000019fb3a86910
Event: 9.274 Thread 0x0000019fadb0eb70 flushing  nmethod 0x0000019fb3a91e10
Event: 9.274 Thread 0x0000019fadb0eb70 flushing  nmethod 0x0000019fb3a93910
Event: 9.274 Thread 0x0000019fadb0eb70 flushing  nmethod 0x0000019fb3a9ef90
Event: 9.274 Thread 0x0000019fadb0eb70 flushing  nmethod 0x0000019fb3aa0f90
Event: 9.274 Thread 0x0000019fadb0eb70 flushing  nmethod 0x0000019fb3aa3110

Events (20 events):
Event: 20.642 Thread 0x0000019fafede200 Thread added: 0x000001a008da0890
Event: 22.332 Thread 0x000001a008d9ed50 Thread exited: 0x000001a008d9ed50
Event: 22.332 Thread 0x000001a008da0890 Thread exited: 0x000001a008da0890
Event: 31.098 Thread 0x0000019fafede200 Thread added: 0x000001a008da1630
Event: 31.841 Thread 0x000001a008da1630 Thread exited: 0x000001a008da1630
Event: 33.337 Thread 0x0000019fafede200 Thread added: 0x000001a008da1630
Event: 33.649 Thread 0x0000019fafed98c0 Thread added: 0x000001a008d9ed50
Event: 34.752 Thread 0x000001a008d9ed50 Thread exited: 0x000001a008d9ed50
Event: 34.752 Thread 0x000001a008da1630 Thread exited: 0x000001a008da1630
Event: 39.484 Thread 0x0000019fafede200 Thread added: 0x000001a008d9e680
Event: 39.989 Thread 0x000001a01a680a10 Thread exited: 0x000001a01a680a10
Event: 39.995 Thread 0x000001a01a683e90 Thread exited: 0x000001a01a683e90
Event: 39.996 Thread 0x000001a01a680380 Thread exited: 0x000001a01a680380
Event: 40.091 Thread 0x000001a00f40fb50 Thread added: 0x000001a01a681730
Event: 40.095 Thread 0x000001a00f40fb50 Thread added: 0x000001a01a682450
Event: 40.129 Thread 0x000001a01a682450 Thread exited: 0x000001a01a682450
Event: 40.134 Thread 0x000001a00f40fb50 Thread added: 0x000001a01a682450
Event: 40.138 Thread 0x000001a00f40fb50 Thread added: 0x000001a01a6810a0
Event: 40.159 Thread 0x000001a01a6810a0 Thread exited: 0x000001a01a6810a0
Event: 41.674 Thread 0x000001a00f223950 Thread added: 0x000001a01a682ae0


Dynamic libraries:
0x00007ff71a3b0000 - 0x00007ff71a3be000 	c:\Users\sande\.vscode\extensions\redhat.java-1.52.0-win32-x64\jre\21.0.9-win32-x86_64\bin\java.exe
0x00007ffbf35a0000 - 0x00007ffbf3808000 	C:\WINDOWS\SYSTEM32\ntdll.dll
0x00007ffbf21f0000 - 0x00007ffbf22b9000 	C:\WINDOWS\System32\KERNEL32.DLL
0x00007ffbf02a0000 - 0x00007ffbf0691000 	C:\WINDOWS\System32\KERNELBASE.dll
0x00007ffbefe80000 - 0x00007ffbeffcb000 	C:\WINDOWS\System32\ucrtbase.dll
0x00007ffb73280000 - 0x00007ffb73298000 	c:\Users\sande\.vscode\extensions\redhat.java-1.52.0-win32-x64\jre\21.0.9-win32-x86_64\bin\jli.dll
0x00007ffb74aa0000 - 0x00007ffb74abe000 	c:\Users\sande\.vscode\extensions\redhat.java-1.52.0-win32-x64\jre\21.0.9-win32-x86_64\bin\VCRUNTIME140.dll
0x00007ffbf3350000 - 0x00007ffbf3516000 	C:\WINDOWS\System32\USER32.dll
0x00007ffbd88b0000 - 0x00007ffbd8b43000 	C:\WINDOWS\WinSxS\amd64_microsoft.windows.common-controls_6595b64144ccf1df_6.0.26100.7705_none_3e06597ae3363b04\COMCTL32.dll
0x00007ffbf0100000 - 0x00007ffbf0127000 	C:\WINDOWS\System32\win32u.dll
0x00007ffbf26e0000 - 0x00007ffbf2789000 	C:\WINDOWS\System32\msvcrt.dll
0x00007ffbf1ff0000 - 0x00007ffbf201b000 	C:\WINDOWS\System32\GDI32.dll
0x00007ffbeffd0000 - 0x00007ffbf00fb000 	C:\WINDOWS\System32\gdi32full.dll
0x00007ffbf0130000 - 0x00007ffbf01d3000 	C:\WINDOWS\System32\msvcp_win.dll
0x00007ffbf3520000 - 0x00007ffbf3551000 	C:\WINDOWS\System32\IMM32.DLL
0x00007ffb86570000 - 0x00007ffb8657c000 	c:\Users\sande\.vscode\extensions\redhat.java-1.52.0-win32-x64\jre\21.0.9-win32-x86_64\bin\vcruntime140_1.dll
0x00007ffb31210000 - 0x00007ffb3129d000 	c:\Users\sande\.vscode\extensions\redhat.java-1.52.0-win32-x64\jre\21.0.9-win32-x86_64\bin\msvcp140.dll
0x00007ffb30470000 - 0x00007ffb31210000 	c:\Users\sande\.vscode\extensions\redhat.java-1.52.0-win32-x64\jre\21.0.9-win32-x86_64\bin\server\jvm.dll
0x00007ffbf2ee0000 - 0x00007ffbf2f94000 	C:\WINDOWS\System32\ADVAPI32.dll
0x00007ffbf1aa0000 - 0x00007ffbf1b46000 	C:\WINDOWS\System32\sechost.dll
0x00007ffbf31b0000 - 0x00007ffbf32c8000 	C:\WINDOWS\System32\RPCRT4.dll
0x00007ffbf2020000 - 0x00007ffbf2094000 	C:\WINDOWS\System32\WS2_32.dll
0x00007ffbeea80000 - 0x00007ffbeeade000 	C:\WINDOWS\SYSTEM32\POWRPROF.dll
0x00007ffbda4a0000 - 0x00007ffbda4d5000 	C:\WINDOWS\SYSTEM32\WINMM.dll
0x00007ffbe7f90000 - 0x00007ffbe7f9b000 	C:\WINDOWS\SYSTEM32\VERSION.dll
0x00007ffbeea60000 - 0x00007ffbeea74000 	C:\WINDOWS\SYSTEM32\UMPDC.dll
0x00007ffbeed50000 - 0x00007ffbeed6b000 	C:\WINDOWS\SYSTEM32\kernel.appcore.dll
0x00007ffb85de0000 - 0x00007ffb85dea000 	c:\Users\sande\.vscode\extensions\redhat.java-1.52.0-win32-x64\jre\21.0.9-win32-x86_64\bin\jimage.dll
0x00007ffbedc50000 - 0x00007ffbede92000 	C:\WINDOWS\SYSTEM32\DBGHELP.DLL
0x00007ffbf22d0000 - 0x00007ffbf2656000 	C:\WINDOWS\System32\combase.dll
0x00007ffbf2a10000 - 0x00007ffbf2ae7000 	C:\WINDOWS\System32\OLEAUT32.dll
0x00007ffbd6960000 - 0x00007ffbd699b000 	C:\WINDOWS\SYSTEM32\dbgcore.DLL
0x00007ffbf06a0000 - 0x00007ffbf0745000 	C:\WINDOWS\System32\bcryptPrimitives.dll
0x00007ffbea0a0000 - 0x00007ffbea0af000 	c:\Users\sande\.vscode\extensions\redhat.java-1.52.0-win32-x64\jre\21.0.9-win32-x86_64\bin\instrument.dll
0x00007ffb6fc00000 - 0x00007ffb6fc20000 	c:\Users\sande\.vscode\extensions\redhat.java-1.52.0-win32-x64\jre\21.0.9-win32-x86_64\bin\java.dll
0x00007ffbf1340000 - 0x00007ffbf1a91000 	C:\WINDOWS\System32\SHELL32.dll
0x00007ffbf11d0000 - 0x00007ffbf133a000 	C:\WINDOWS\System32\wintypes.dll
0x00007ffbf07e0000 - 0x00007ffbf1042000 	C:\WINDOWS\System32\windows.storage.dll
0x00007ffbf20f0000 - 0x00007ffbf21e6000 	C:\WINDOWS\System32\SHCORE.dll
0x00007ffbf2fa0000 - 0x00007ffbf3007000 	C:\WINDOWS\System32\shlwapi.dll
0x00007ffbefda0000 - 0x00007ffbefdc9000 	C:\WINDOWS\SYSTEM32\profapi.dll
0x00007ffb588d0000 - 0x00007ffb588e8000 	c:\Users\sande\.vscode\extensions\redhat.java-1.52.0-win32-x64\jre\21.0.9-win32-x86_64\bin\zip.dll
0x00007ffb701c0000 - 0x00007ffb701d0000 	C:\Users\sande\.vscode\extensions\redhat.java-1.52.0-win32-x64\jre\21.0.9-win32-x86_64\bin\net.dll
0x00007ffbe88d0000 - 0x00007ffbe89f7000 	C:\WINDOWS\SYSTEM32\WINHTTP.dll
0x00007ffbef2c0000 - 0x00007ffbef32b000 	C:\WINDOWS\system32\mswsock.dll
0x00007ffb357a0000 - 0x00007ffb357b6000 	C:\Users\sande\.vscode\extensions\redhat.java-1.52.0-win32-x64\jre\21.0.9-win32-x86_64\bin\nio.dll
0x00007ffbea090000 - 0x00007ffbea0a0000 	c:\Users\sande\.vscode\extensions\redhat.java-1.52.0-win32-x64\jre\21.0.9-win32-x86_64\bin\verify.dll
0x00007ffbc35c0000 - 0x00007ffbc3605000 	C:\Users\sande\AppData\Roaming\Code\User\globalStorage\redhat.java\1.52.0\config_win\org.eclipse.equinox.launcher\org.eclipse.equinox.launcher.win32.win32.x86_64_1.2.1500.v20260121-1430\eclipse_11919.dll
0x00007ffbf2c40000 - 0x00007ffbf2dd7000 	C:\WINDOWS\System32\ole32.dll
0x00007ffbef580000 - 0x00007ffbef59b000 	C:\WINDOWS\SYSTEM32\CRYPTSP.dll
0x00007ffbeecb0000 - 0x00007ffbeece9000 	C:\WINDOWS\system32\rsaenh.dll
0x00007ffbef370000 - 0x00007ffbef39b000 	C:\WINDOWS\SYSTEM32\USERENV.dll
0x00007ffbefd70000 - 0x00007ffbefd9a000 	C:\WINDOWS\SYSTEM32\bcrypt.dll
0x00007ffbef5a0000 - 0x00007ffbef5ac000 	C:\WINDOWS\SYSTEM32\CRYPTBASE.dll
0x00007ffbee740000 - 0x00007ffbee774000 	C:\WINDOWS\SYSTEM32\IPHLPAPI.DLL
0x00007ffbf2820000 - 0x00007ffbf282a000 	C:\WINDOWS\System32\NSI.dll
0x00007ffbac9c0000 - 0x00007ffbaca09000 	C:\Users\sande\AppData\Local\Temp\jna-109203553\jna6450644428658781765.dll
0x00007ffbf1b50000 - 0x00007ffbf1b58000 	C:\WINDOWS\System32\PSAPI.DLL
0x00007ffbe8b80000 - 0x00007ffbe8b9e000 	C:\WINDOWS\SYSTEM32\dhcpcsvc6.DLL
0x00007ffbe8860000 - 0x00007ffbe8883000 	C:\WINDOWS\SYSTEM32\dhcpcsvc.DLL
0x00007ffbbdf50000 - 0x00007ffbbdf77000 	C:\Users\sande\.gradle\native\68d5fa5c4cc2d200863cafc0d521ce42e7d3e7ee720ec0a83991735586a16f82\windows-amd64\native-platform.dll
0x00007ffb72800000 - 0x00007ffb7280a000 	C:\Users\sande\.vscode\extensions\redhat.java-1.52.0-win32-x64\jre\21.0.9-win32-x86_64\bin\management.dll
0x00007ffb727f0000 - 0x00007ffb727fc000 	C:\Users\sande\.vscode\extensions\redhat.java-1.52.0-win32-x64\jre\21.0.9-win32-x86_64\bin\management_ext.dll
0x00007ffb727d0000 - 0x00007ffb727d9000 	C:\Users\sande\.vscode\extensions\redhat.java-1.52.0-win32-x64\jre\21.0.9-win32-x86_64\bin\extnet.dll
0x00007ffb727e0000 - 0x00007ffb727ee000 	C:\Users\sande\.vscode\extensions\redhat.java-1.52.0-win32-x64\jre\21.0.9-win32-x86_64\bin\sunmscapi.dll
0x00007ffbf1050000 - 0x00007ffbf11c7000 	C:\WINDOWS\System32\CRYPT32.dll
0x00007ffbef7a0000 - 0x00007ffbef7d0000 	C:\WINDOWS\SYSTEM32\ncrypt.dll
0x00007ffbef750000 - 0x00007ffbef78f000 	C:\WINDOWS\SYSTEM32\NTASN1.dll
0x00007ffbcc3f0000 - 0x00007ffbcc3f8000 	C:\WINDOWS\system32\wshunix.dll

JVMTI agents:
c:\Users\sande\.vscode\extensions\redhat.java-1.52.0-win32-x64\lombok\lombok-1.18.39-4050.jar path:c:\Users\sande\.vscode\extensions\redhat.java-1.52.0-win32-x64\jre\21.0.9-win32-x86_64\bin\instrument.dll, loaded, initialized, instrumentlib options:none

dbghelp: loaded successfully - version: 4.0.5 - missing functions: none
symbol engine: initialized successfully - sym options: 0x614 - pdb path: .;c:\Users\sande\.vscode\extensions\redhat.java-1.52.0-win32-x64\jre\21.0.9-win32-x86_64\bin;C:\WINDOWS\SYSTEM32;C:\WINDOWS\WinSxS\amd64_microsoft.windows.common-controls_6595b64144ccf1df_6.0.26100.7705_none_3e06597ae3363b04;c:\Users\sande\.vscode\extensions\redhat.java-1.52.0-win32-x64\jre\21.0.9-win32-x86_64\bin\server;C:\Users\sande\AppData\Roaming\Code\User\globalStorage\redhat.java\1.52.0\config_win\org.eclipse.equinox.launcher\org.eclipse.equinox.launcher.win32.win32.x86_64_1.2.1500.v20260121-1430;C:\Users\sande\AppData\Local\Temp\jna-109203553;C:\Users\sande\.gradle\native\68d5fa5c4cc2d200863cafc0d521ce42e7d3e7ee720ec0a83991735586a16f82\windows-amd64

VM Arguments:
jvm_args: --add-modules=ALL-SYSTEM --add-opens=java.base/java.util=ALL-UNNAMED --add-opens=java.base/java.lang=ALL-UNNAMED --add-opens=java.base/sun.nio.fs=ALL-UNNAMED -Declipse.application=org.eclipse.jdt.ls.core.id1 -Dosgi.bundles.defaultStartLevel=4 -Declipse.product=org.eclipse.jdt.ls.core.product -Djava.import.generatesMetadataFilesAtProjectRoot=false -DDetectVMInstallationsJob.disabled=true -Dfile.encoding=utf8 -XX:+UseParallelGC -XX:GCTimeRatio=4 -XX:AdaptiveSizePolicyWeight=90 -Dsun.zip.disableMemoryMapping=true -Xmx2G -Xms100m -Xlog:disable -javaagent:c:\Users\sande\.vscode\extensions\redhat.java-1.52.0-win32-x64\lombok\lombok-1.18.39-4050.jar -XX:+HeapDumpOnOutOfMemoryError -XX:HeapDumpPath=c:\Users\sande\AppData\Roaming\Code\User\workspaceStorage\be7ba368ab9cfb1cb7631f5b97bea9cb\redhat.java -Daether.dependencyCollector.impl=bf 
java_command: c:\Users\sande\.vscode\extensions\redhat.java-1.52.0-win32-x64\server\plugins\org.eclipse.equinox.launcher_1.7.100.v20251111-0406.jar -configuration c:\Users\sande\AppData\Roaming\Code\User\globalStorage\redhat.java\1.52.0\config_win -data c:\Users\sande\AppData\Roaming\Code\User\workspaceStorage\be7ba368ab9cfb1cb7631f5b97bea9cb\redhat.java\jdt_ws --pipe=\\.\pipe\lsp-7d4c91829919be17522c6d3baa802a95-sock
java_class_path (initial): c:\Users\sande\.vscode\extensions\redhat.java-1.52.0-win32-x64\server\plugins\org.eclipse.equinox.launcher_1.7.100.v20251111-0406.jar
Launcher Type: SUN_STANDARD

[Global flags]
    uintx AdaptiveSizePolicyWeight                 = 90                                        {product} {command line}
     intx CICompilerCount                          = 4                                         {product} {ergonomic}
    uintx GCTimeRatio                              = 4                                         {product} {command line}
     bool HeapDumpOnOutOfMemoryError               = true                                   {manageable} {command line}
    ccstr HeapDumpPath                             = c:\Users\sande\AppData\Roaming\Code\User\workspaceStorage\be7ba368ab9cfb1cb7631f5b97bea9cb\redhat.java         {manageable} {command line}
   size_t InitialHeapSize                          = 104857600                                 {product} {command line}
   size_t MaxHeapSize                              = 2147483648                                {product} {command line}
   size_t MaxNewSize                               = 715653120                                 {product} {ergonomic}
   size_t MinHeapDeltaBytes                        = 524288                                    {product} {ergonomic}
   size_t MinHeapSize                              = 104857600                                 {product} {command line}
   size_t NewSize                                  = 34603008                                  {product} {ergonomic}
    uintx NonNMethodCodeHeapSize                   = 5839372                                {pd product} {ergonomic}
    uintx NonProfiledCodeHeapSize                  = 122909434                              {pd product} {ergonomic}
   size_t OldSize                                  = 70254592                                  {product} {ergonomic}
    uintx ProfiledCodeHeapSize                     = 122909434                              {pd product} {ergonomic}
    uintx ReservedCodeCacheSize                    = 251658240                              {pd product} {ergonomic}
     bool SegmentedCodeCache                       = true                                      {product} {ergonomic}
   size_t SoftMaxHeapSize                          = 2147483648                             {manageable} {ergonomic}
     bool UseCompressedOops                        = true                           {product lp64_product} {ergonomic}
     bool UseLargePagesIndividualAllocation        = false                                  {pd product} {ergonomic}
     bool UseParallelGC                            = true                                      {product} {command line}

Logging:
Log output configuration:
 #0: stdout all=off uptime,level,tags foldmultilines=false
 #1: stderr all=off uptime,level,tags foldmultilines=false

Release file:
JAVA_VERSION="21.0.9" 
MODULES="java.base java.compiler java.datatransfer java.xml java.prefs java.desktop java.instrument java.logging java.management java.security.sasl java.naming java.rmi java.management.rmi java.net.http java.scripting java.security.jgss java.transaction.xa java.sql java.sql.rowset java.xml.crypto java.se java.smartcardio jdk.accessibility jdk.internal.jvmstat jdk.attach jdk.charsets jdk.internal.opt jdk.zipfs jdk.compiler jdk.crypto.ec jdk.crypto.cryptoki jdk.crypto.mscapi jdk.dynalink jdk.internal.ed jdk.editpad jdk.hotspot.agent jdk.httpserver jdk.internal.le jdk.internal.vm.ci jdk.internal.vm.compiler jdk.internal.vm.compiler.management jdk.jartool jdk.javadoc jdk.jcmd jdk.management jdk.management.agent jdk.jconsole jdk.jdeps jdk.jdwp.agent jdk.jdi jdk.jfr jdk.jshell jdk.jsobject jdk.jstatd jdk.localedata jdk.management.jfr jdk.naming.dns jdk.naming.rmi jdk.net jdk.nio.mapmode jdk.random jdk.sctp jdk.security.auth jdk.security.jgss jdk.unsupported jdk.unsupported.desktop jdk.xml.dom" 

Environment Variables:
PATH=C:\Program Files\Common Files\Oracle\Java\javapath;C:\Python313\Scripts\;C:\Python313\;C:\Program Files\Python312\Scripts\;C:\Program Files\Python312\;C:\Windows\system32;C:\Windows;C:\Windows\System32\Wbem;C:\Windows\System32\WindowsPowerShell\v1.0\;C:\Windows\System32\OpenSSH\;C:\Program Files (x86)\NVIDIA Corporation\PhysX\Common;C:\WINDOWS\system32;C:\WINDOWS;C:\WINDOWS\System32\Wbem;C:\WINDOWS\System32\WindowsPowerShell\v1.0\;C:\WINDOWS\System32\OpenSSH\;C:\Program Files\Git\bin;C:\Program Files\NVIDIA Corporation\NVIDIA NvDLISR;C:\Program Files\GTK3-Runtime Win64\bin;C:\Users\sande\Downloads\kotlin-compiler-1.9.22\kotlinc\bin;C:\Program Files\Azure Data Studio\bin;C:\Program Files\MySQL\MySQL Server 8.0\bin;C:\Users\sande\AppData\Local\Android\Sdk;C:\Users\sande\AppData\Local\Android\Sdk\platform-tools;C:\WINDOWS\system32;C:\WINDOWS;C:\WINDOWS\System32\Wbem;C:\WINDOWS\System32\WindowsPowerShell\v1.0\;C:\WINDOWS\System32\OpenSSH\;C:\ProgramData\chocolatey\bin;C:\Program Files\nodejs;C:\Users\sande\AppData\Local\nvm;C:\nvm4w\nodejs;C:\MinGW\bin;C:\Program Files\Go\bin;C:\Users\sande\Downloads\apache-maven-3.9.9\bin;C:\Program Files\PuTTY\;C:\Program Files\Docker\Docker\resources\bin;C:\Program Files\Java\jdk-17\bin;C:\Users\sande\AppData\Local\Android\Sdk\tools;C:\Program Files\MySQL\MySQL Shell 8.0\bin\;C:\Users\sande\AppData\Local\Microsoft\WindowsApps;C:\Program Files\JetBrains\IntelliJ IDEA Community Edition 2023.1.2\bin;;C:\Users\sande\AppData\Local\Programs\Microsoft VS Code\bin;C:\Users\sande\dart-sdk\bin;C:\Users\sande\Desktop\flutter_windows_3.16.5-stable\flutter\bin;C:\Program Files\Azure Data Studio\bin;C:\ProgramData\Microsoft\Windows\Start Menu\Programs\Python 3.12\Python 3.12 (64-bit).lnk;C:\Program Files\Python312\Scripts;C:\Mongosh\;C:\Users\sande\AppData\Local\nvm;C:\nvm4w\nodejs;C:\Users\sande\go\bin;C:\Program Files\JetBrains\IntelliJ IDEA 2024.3.5\bin;;C:\Program Files\Java\jdk-17\bin;C:\Program Files\Java\jdk-17\;C:\Users\sande\AppData\Local\Programs\Antigravity\bin
USERNAME=sande
OS=Windows_NT
PROCESSOR_IDENTIFIER=Intel64 Family 6 Model 165 Stepping 2, GenuineIntel
TMP=C:\Users\sande\AppData\Local\Temp
TEMP=C:\Users\sande\AppData\Local\Temp




Periodic native trim disabled

---------------  S Y S T E M  ---------------

OS:
 Windows 11 , 64 bit Build 26100 (10.0.26100.7705)
OS uptime: 0 days 1:45 hours
Hyper-V role detected

CPU: total 12 (initial active 12) (6 cores per cpu, 2 threads per core) family 6 model 165 stepping 2 microcode 0xf6, cx8, cmov, fxsr, ht, mmx, 3dnowpref, sse, sse2, sse3, ssse3, sse4.1, sse4.2, popcnt, lzcnt, tsc, tscinvbit, avx, avx2, aes, erms, clmul, bmi1, bmi2, adx, fma, vzeroupper, clflush, clflushopt, hv, rdtscp, f16c
Processor Information for the first 12 processors :
  Max Mhz: 2496, Current Mhz: 2496, Mhz Limit: 2496

Memory: 4k page, system-wide physical 8059M (439M free)
TotalPageFile size 32635M (AvailPageFile size 15M)
current process WorkingSet (physical memory assigned to process): 343M, peak: 352M
current process commit charge ("private bytes"): 425M, peak: 437M

vm_info: OpenJDK 64-Bit Server VM (21.0.9+10-LTS) for windows-amd64 JRE (21.0.9+10-LTS), built on 2025-10-21T00:00:00Z by "admin" with unknown MS VC++:1942

END.
